[2024-03-14 17:45:51.450635] - [MainWindow] - [_logImportant] [log] [['####################################################################################################']]
[2024-03-14 17:45:51.765851] - [MainWindow] - [_logImportant] [log] [['######################################### Program Starting ##########################################']]
[2024-03-14 17:45:51.767852] - [MainWindow] - [_logImportant] [log] [['####################################################################################################']]
[2024-03-14 17:45:57.376864] - [AbstractManipulator] - [getCurrentPosition] [Warning] [['Abstract Methode']]
[2024-03-14 17:45:57.383867] - [AbstractManipulator] - [getCurrentPosition] [Warning] [['Abstract Methode']]
[2024-03-14 17:45:57.386868] - [AbstractManipulator] - [getCurrentPosition] [Warning] [['Abstract Methode']]
[2024-03-14 17:45:58.347147] - [MainWindow] - [togle] [log] [[[60.0, 90.0, 60.0, 90.0, 'pole 0']]]
[2024-03-14 17:46:10.179549] - [AbstractManipulator] - [close] [Warning] [['Abstract Methode']]
[2024-03-14 17:46:10.186396] - [AbstractManipulator] - [close] [Warning] [['Abstract Methode']]
[2024-03-14 17:46:10.188413] - [AbstractManipulator] - [close] [Warning] [['Abstract Methode']]
[2024-03-14 17:46:30.784490] - [MainWindow] - [_logImportant] [log] [['####################################################################################################']]
[2024-03-14 17:46:31.101378] - [MainWindow] - [_logImportant] [log] [['######################################### Program Starting ##########################################']]
[2024-03-14 17:46:31.103934] - [MainWindow] - [_logImportant] [log] [['####################################################################################################']]
[2024-03-14 17:46:36.667206] - [AbstractManipulator] - [getCurrentPosition] [Warning] [['Abstract Methode']]
[2024-03-14 17:46:36.672298] - [AbstractManipulator] - [getCurrentPosition] [Warning] [['Abstract Methode']]
[2024-03-14 17:46:36.675353] - [AbstractManipulator] - [getCurrentPosition] [Warning] [['Abstract Methode']]
[2024-03-14 17:46:37.261625] - [MainWindow] - [togle] [log] [[[60.0, 90.0, 60.0, 90.0, 'pole 0']]]
[2024-03-14 17:46:44.089845] - [AbstractManipulator] - [close] [Warning] [['Abstract Methode']]
[2024-03-14 17:46:44.092744] - [AbstractManipulator] - [close] [Warning] [['Abstract Methode']]
[2024-03-14 17:46:44.095204] - [AbstractManipulator] - [close] [Warning] [['Abstract Methode']]
[2024-03-14 17:47:27.376215] - [MainWindow] - [_logImportant] [log] [['####################################################################################################']]
[2024-03-14 17:47:27.692840] - [MainWindow] - [_logImportant] [log] [['######################################### Program Starting ##########################################']]
[2024-03-14 17:47:27.694693] - [MainWindow] - [_logImportant] [log] [['####################################################################################################']]
[2024-03-14 17:47:33.239860] - [AbstractManipulator] - [getCurrentPosition] [Warning] [['Abstract Methode']]
[2024-03-14 17:47:33.244889] - [AbstractManipulator] - [getCurrentPosition] [Warning] [['Abstract Methode']]
[2024-03-14 17:47:33.247918] - [AbstractManipulator] - [getCurrentPosition] [Warning] [['Abstract Methode']]
[2024-03-14 17:47:33.781335] - [MainWindow] - [togle] [log] [[[60.0, 90.0, 60.0, 90.0, 'pole 0']]]
[2024-03-14 17:47:42.944298] - [AbstractManipulator] - [close] [Warning] [['Abstract Methode']]
[2024-03-14 17:47:42.949808] - [AbstractManipulator] - [close] [Warning] [['Abstract Methode']]
[2024-03-14 17:47:42.952826] - [AbstractManipulator] - [close] [Warning] [['Abstract Methode']]
