[2024-10-17 14:30:55.507684] - [m] - [mainNoTryCahch] [log] [["res PyQt5.QtCore.QSize(1920, 1080) <class 'PyQt5.QtCore.QSize'>"]]
[2024-10-17 14:30:55.680333] - [MainWindow] - [_logImportant] [log] [['####################################################################################################']]
[2024-10-17 14:30:55.682334] - [MainWindow] - [_logImportant] [log] [['######################################### Program Starting ##########################################']]
[2024-10-17 14:30:55.683334] - [MainWindow] - [_logImportant] [log] [['####################################################################################################']]
[2024-10-17 14:30:57.410872] - [AbstractManipulator] - [getCurrentPosition] [Warning] [['Abstract Methode']]
[2024-10-17 14:30:57.415935] - [AbstractManipulator] - [getCurrentPosition] [Warning] [['Abstract Methode']]
[2024-10-17 14:30:57.417440] - [AbstractManipulator] - [getCurrentPosition] [Warning] [['Abstract Methode']]
[2024-10-17 14:30:57.908631] - [MainWindow] - [togle] [log] [[[60.0, 90.0, 60.0, 90.0, 'pole 0']]]
[2024-10-17 14:30:57.913822] - [MainWindow] - [createZoom] [log] [['readed zoom 3']]
[2024-10-17 14:31:01.179125] - [ROI] - [__init__] [log] [['x1 = 304, x2 = 499, y1 = 209, y2 = 329, manipulatotrX = 0, manipulatorY = 0, absolutePixelValue = [0, 0]']]
[2024-10-17 14:31:01.186726] - [ROI] - [calculateOffset] [log] [['wynik x=0, offset y=0']]
[2024-10-17 14:31:01.432459] - [ROI] - [resolveZeroPoint] [Warning] [['Zero Point was not set']]
[2024-10-17 14:31:01.435471] - [ROI] - [resolveZeroPoint] [Warning] [['Zero Point was not set']]
[2024-10-17 14:31:20.204431] - [AbstractManipulator] - [close] [Warning] [['Abstract Methode']]
[2024-10-17 15:15:01.720723] - [m] - [mainNoTryCahch] [log] [["res PyQt5.QtCore.QSize(1920, 1080) <class 'PyQt5.QtCore.QSize'>"]]
[2024-10-17 15:15:02.003953] - [MainWindow] - [_logImportant] [log] [['####################################################################################################']]
[2024-10-17 15:15:02.007467] - [MainWindow] - [_logImportant] [log] [['######################################### Program Starting ##########################################']]
[2024-10-17 15:15:02.010593] - [MainWindow] - [_logImportant] [log] [['####################################################################################################']]
[2024-10-17 15:15:04.201334] - [AbstractManipulator] - [getCurrentPosition] [Warning] [['Abstract Methode']]
[2024-10-17 15:15:04.212261] - [AbstractManipulator] - [getCurrentPosition] [Warning] [['Abstract Methode']]
[2024-10-17 15:15:04.219888] - [AbstractManipulator] - [getCurrentPosition] [Warning] [['Abstract Methode']]
[2024-10-17 15:15:04.816279] - [MainWindow] - [togle] [log] [[[60.0, 90.0, 60.0, 90.0, 'pole 0']]]
[2024-10-17 15:15:04.822567] - [MainWindow] - [createZoom] [log] [['readed zoom 3']]
[2024-10-17 15:15:46.348960] - [AbstractManipulator] - [close] [Warning] [['Abstract Methode']]
[2024-10-17 15:52:49.813486] - [m] - [mainNoTryCahch] [log] [["res PyQt5.QtCore.QSize(1920, 1080) <class 'PyQt5.QtCore.QSize'>"]]
[2024-10-17 15:52:49.957063] - [MainWindow] - [_logImportant] [log] [['####################################################################################################']]
[2024-10-17 15:52:49.958068] - [MainWindow] - [_logImportant] [log] [['######################################### Program Starting ##########################################']]
[2024-10-17 15:52:49.959147] - [MainWindow] - [_logImportant] [log] [['####################################################################################################']]
[2024-10-17 15:52:51.353992] - [AbstractManipulator] - [getCurrentPosition] [Warning] [['Abstract Methode']]
[2024-10-17 15:52:51.357473] - [AbstractManipulator] - [getCurrentPosition] [Warning] [['Abstract Methode']]
[2024-10-17 15:52:51.359763] - [AbstractManipulator] - [getCurrentPosition] [Warning] [['Abstract Methode']]
[2024-10-17 15:52:51.669187] - [MainWindow] - [togle] [log] [[[60.0, 90.0, 60.0, 90.0, 'pole 0']]]
[2024-10-17 15:52:51.671519] - [MainWindow] - [createZoom] [log] [['readed zoom 3']]
[2024-10-17 16:01:12.588677] - [AbstractManipulator] - [close] [Warning] [['Abstract Methode']]
