[2024-03-17 13:17:26.538711] - [MainWindow] - [_logImportant] [log] [['####################################################################################################']]
[2024-03-17 13:17:26.868872] - [MainWindow] - [_logImportant] [log] [['######################################### Program Starting ##########################################']]
[2024-03-17 13:17:26.870921] - [MainWindow] - [_logImportant] [log] [['####################################################################################################']]
[2024-03-17 13:17:32.551713] - [AbstractManipulator] - [getCurrentPosition] [Warning] [['Abstract Methode']]
[2024-03-17 13:17:32.559434] - [AbstractManipulator] - [getCurrentPosition] [Warning] [['Abstract Methode']]
[2024-03-17 13:17:32.562945] - [AbstractManipulator] - [getCurrentPosition] [Warning] [['Abstract Methode']]
[2024-03-17 13:17:33.196247] - [MainWindow] - [togle] [log] [[[60.0, 90.0, 60.0, 90.0, 'pole 0']]]
[2024-03-17 13:18:01.795337] - [AbstractManipulator] - [close] [Warning] [['Abstract Methode']]
[2024-03-17 13:18:01.799938] - [AbstractManipulator] - [close] [Warning] [['Abstract Methode']]
[2024-03-17 13:18:01.802489] - [AbstractManipulator] - [close] [Warning] [['Abstract Methode']]
[2024-03-17 13:18:22.710136] - [MainWindow] - [_logImportant] [log] [['####################################################################################################']]
[2024-03-17 13:18:23.047802] - [MainWindow] - [_logImportant] [log] [['######################################### Program Starting ##########################################']]
[2024-03-17 13:18:23.049830] - [MainWindow] - [_logImportant] [log] [['####################################################################################################']]
[2024-03-17 13:18:28.520353] - [AbstractManipulator] - [getCurrentPosition] [Warning] [['Abstract Methode']]
[2024-03-17 13:18:28.525416] - [AbstractManipulator] - [getCurrentPosition] [Warning] [['Abstract Methode']]
[2024-03-17 13:18:28.528488] - [AbstractManipulator] - [getCurrentPosition] [Warning] [['Abstract Methode']]
[2024-03-17 13:18:29.011113] - [MainWindow] - [togle] [log] [[[60.0, 90.0, 60.0, 90.0, 'pole 0']]]
[2024-03-17 13:18:38.649918] - [AbstractManipulator] - [close] [Warning] [['Abstract Methode']]
[2024-03-17 13:18:38.653893] - [AbstractManipulator] - [close] [Warning] [['Abstract Methode']]
[2024-03-17 13:18:38.656614] - [AbstractManipulator] - [close] [Warning] [['Abstract Methode']]
[2024-03-17 13:19:40.771751] - [MainWindow] - [_logImportant] [log] [['####################################################################################################']]
[2024-03-17 13:19:41.077524] - [MainWindow] - [_logImportant] [log] [['######################################### Program Starting ##########################################']]
[2024-03-17 13:19:41.079576] - [MainWindow] - [_logImportant] [log] [['####################################################################################################']]
[2024-03-17 13:19:46.589299] - [AbstractManipulator] - [getCurrentPosition] [Warning] [['Abstract Methode']]
[2024-03-17 13:19:46.594427] - [AbstractManipulator] - [getCurrentPosition] [Warning] [['Abstract Methode']]
[2024-03-17 13:19:46.598440] - [AbstractManipulator] - [getCurrentPosition] [Warning] [['Abstract Methode']]
[2024-03-17 13:19:47.076489] - [MainWindow] - [togle] [log] [[[60.0, 90.0, 60.0, 90.0, 'pole 0']]]
[2024-03-17 13:20:24.733977] - [AbstractManipulator] - [close] [Warning] [['Abstract Methode']]
[2024-03-17 13:20:24.737479] - [AbstractManipulator] - [close] [Warning] [['Abstract Methode']]
[2024-03-17 13:20:24.739575] - [AbstractManipulator] - [close] [Warning] [['Abstract Methode']]
[2024-03-17 13:20:29.875854] - [MainWindow] - [_logImportant] [log] [['####################################################################################################']]
[2024-03-17 13:20:30.156568] - [MainWindow] - [_logImportant] [log] [['######################################### Program Starting ##########################################']]
[2024-03-17 13:20:30.158568] - [MainWindow] - [_logImportant] [log] [['####################################################################################################']]
[2024-03-17 13:20:35.428590] - [AbstractManipulator] - [getCurrentPosition] [Warning] [['Abstract Methode']]
[2024-03-17 13:20:35.433338] - [AbstractManipulator] - [getCurrentPosition] [Warning] [['Abstract Methode']]
[2024-03-17 13:20:35.436354] - [AbstractManipulator] - [getCurrentPosition] [Warning] [['Abstract Methode']]
[2024-03-17 13:20:35.877246] - [MainWindow] - [togle] [log] [[[60.0, 90.0, 60.0, 90.0, 'pole 0']]]
