[2025-01-23 11:57:03.639809] - [m] - [mainNoTryCahch] [log] [["res PyQt5.QtCore.QSize(1920, 1080) <class 'PyQt5.QtCore.QSize'>"]]
[2025-01-23 11:57:03.788625] - [MainWindow] - [_logImportant] [log] [['####################################################################################################']]
[2025-01-23 11:57:03.790670] - [MainWindow] - [_logImportant] [log] [['######################################### Program Starting ##########################################']]
[2025-01-23 11:57:03.790670] - [MainWindow] - [_logImportant] [log] [['####################################################################################################']]
[2025-01-23 11:57:03.982625] - [Camera] - [__init__] [log] [['Connection to Camera from Produce 0:']]
[2025-01-23 11:57:03.988851] - [Camera] - [setVideoFormat] [log] [['ustawienie formatu Wideo res: None']]
[2025-01-23 11:57:04.036356] - [Camera] - [StartLive] [ERROR] [[IndexError('list index out of range')]]
[2025-01-23 11:57:04.038378] - [Camera] - [StartLive] [ERROR] [[['logError', 'StartLive', '__init__', '__init__', '__init__', '__init__', '__init__', '__init__', '__init__', '__init__', '__init__', 'mainNoTryCahch', 'main', '<module>']]]
[2025-01-23 11:57:04.040748] - [Camera] - [StartLive] [log] [['no window to close?']]
[2025-01-23 11:57:04.042103] - [Camera] - [__init__] [log] [[(0, 0, 0)]]
[2025-01-23 11:57:04.941987] - [Camera] - [__init__] [log] [[ValueError('NULL pointer access')]]
[2025-01-23 11:57:05.604763] - [ManipulatorInterfere] - [resolveManipulator] [log] [[FileNotFoundError("Could not find module 'C:\\Program Files\\PollsampleX\\Config\\Dlls\\ACSCL_x64.dll' (or one of its dependencies). Try using the full path with constructor syntax.")]]
[2025-01-23 11:57:05.608182] - [AbstractManipulator] - [getCurrentPosition] [Warning] [['Abstract Methode']]
[2025-01-23 11:57:05.695047] - [StandaManipulator] - [enter] [log] [['Device ID 1']]
[2025-01-23 11:57:07.803715] - [StandaManipulator] - [__testInfo] [log] [['Result: -4']]
[2025-01-23 11:57:09.920659] - [StandaManipulator] - [__init__] [ERROR] [['Error reading current position']]
[2025-01-23 11:57:09.922734] - [StandaManipulator] - [__init__] [ERROR] [[['logError', '__init__', 'resolveManipulator', '__init__', '__init__', '__init__', '__init__', '__init__', 'mainNoTryCahch', 'main', '<module>']]]
[2025-01-23 11:57:12.036415] - [StandaManipulator] - [__init__] [log] [['Standa Resived Position: -4']]
[2025-01-23 11:57:12.037414] - [StandaManipulator] - [__init__] [ERROR] [[FileNotFoundError(2, 'No such file or directory')]]
[2025-01-23 11:57:12.039490] - [StandaManipulator] - [__init__] [ERROR] [[['logError', '__init__', 'resolveManipulator', '__init__', '__init__', '__init__', '__init__', '__init__', 'mainNoTryCahch', 'main', '<module>']]]
[2025-01-23 11:57:17.235895] - [StandaManipulator] - [enter] [log] [['Device ID -1']]
[2025-01-23 11:57:17.238463] - [StandaManipulator] - [__testInfo] [log] [['Result: -1']]
[2025-01-23 11:57:17.239998] - [StandaManipulator] - [__init__] [ERROR] [['Error reading current position']]
[2025-01-23 11:57:17.241191] - [StandaManipulator] - [__init__] [ERROR] [[['logError', '__init__', 'resolveManipulator', '__init__', '__init__', '__init__', '__init__', '__init__', 'mainNoTryCahch', 'main', '<module>']]]
[2025-01-23 11:57:17.243083] - [StandaManipulator] - [__init__] [log] [['Standa Resived Position: -1']]
[2025-01-23 11:57:17.244854] - [StandaManipulator] - [__init__] [ERROR] [[FileNotFoundError(2, 'No such file or directory')]]
[2025-01-23 11:57:17.246860] - [StandaManipulator] - [__init__] [ERROR] [[['logError', '__init__', 'resolveManipulator', '__init__', '__init__', '__init__', '__init__', '__init__', 'mainNoTryCahch', 'main', '<module>']]]
[2025-01-23 11:57:17.252233] - [StandaManipulator] - [__goto] [log] [[0.0, 0, 0]]
[2025-01-23 11:57:26.822388] - [MainWindow] - [createZoom] [log] [['readed zoom 3']]
[2025-01-23 11:57:26.834772] - [MainWindow] - [__toggle] [log] [[[60.0, 90.0, 60.0, 90.0, 'pole 0']]]
[2025-01-23 11:57:45.156184] - [AbstractManipulator] - [close] [Warning] [['Abstract Methode']]
[2025-01-23 11:57:45.160267] - [simpleSaveFile] - [saveFile] [ERROR] [[Errno 13] Permission denied: 'C:\\Program Files\\PollsampleX\\Config\\StandaPosition_1.json']
[2025-01-23 11:57:45.163338] - [StandaManipulator] - [close] [log] [['Done Closing Standa']]
[2025-01-23 11:57:45.165336] - [saveZoomLocationJson] - [closeAction] [ERROR] [[Errno 13] Permission denied: 'C:\\Program Files\\PollsampleX\\Config\\ManipulatorFullConfig.json']
[2025-01-23 11:57:45.167854] - [simpleSaveFile] - [saveFile] [ERROR] [[Errno 13] Permission denied: 'C:\\Program Files\\PollsampleX\\Config\\StandaPosition_-1.json']
[2025-01-23 11:57:45.168872] - [StandaManipulator] - [close] [log] [['Done Closing Standa']]
