[2024-10-24 13:40:38.654966] - [m] - [mainNoTryCahch] [log] [["res PyQt5.QtCore.QSize(1920, 1080) <class 'PyQt5.QtCore.QSize'>"]]
[2024-10-24 13:40:38.822995] - [MainWindow] - [_logImportant] [log] [['####################################################################################################']]
[2024-10-24 13:40:38.823993] - [MainWindow] - [_logImportant] [log] [['######################################### Program Starting ##########################################']]
[2024-10-24 13:40:38.824994] - [MainWindow] - [_logImportant] [log] [['####################################################################################################']]
[2024-10-24 13:40:40.538964] - [AbstractManipulator] - [getCurrentPosition] [Warning] [['Abstract Methode']]
[2024-10-24 13:40:40.542473] - [AbstractManipulator] - [getCurrentPosition] [Warning] [['Abstract Methode']]
[2024-10-24 13:40:40.544474] - [AbstractManipulator] - [getCurrentPosition] [Warning] [['Abstract Methode']]
[2024-10-24 13:40:40.937341] - [MainWindow] - [togle] [log] [[[60.0, 90.0, 60.0, 90.0, 'pole 0']]]
[2024-10-24 13:40:40.939341] - [MainWindow] - [createZoom] [log] [['readed zoom 3']]
[2024-10-24 13:41:01.200840] - [FunWorker] - [run] [log] [['[THREAD FUN]  START removeSample']]
[2024-10-24 13:41:01.201848] - [FunWorker] - [run] [log] [['[THREAD FUN] END removeSample']]
[2024-10-24 13:41:12.560565] - [FunWorker] - [run] [log] [['[THREAD FUN]  START homeAxis']]
[2024-10-24 13:41:12.560565] - [AbstractManipulator] - [homeAxis] [Warning] [['Abstract Methode']]
[2024-10-24 13:41:12.562463] - [FunWorker] - [run] [log] [['[THREAD FUN] END homeAxis']]
[2024-10-24 13:41:46.820392] - [FunWorker] - [run] [log] [['[THREAD FUN]  START homeAxis']]
[2024-10-24 13:41:46.821401] - [AbstractManipulator] - [homeAxis] [Warning] [['Abstract Methode']]
[2024-10-24 13:41:46.822401] - [FunWorker] - [run] [log] [['[THREAD FUN] END homeAxis']]
[2024-10-24 13:41:48.004973] - [ROI] - [__init__] [log] [['x1 = 358, x2 = 548, y1 = 323, y2 = 427, manipulatotrX = 110, manipulatorY = 0, absolutePixelValue = [0, 0]']]
[2024-10-24 13:41:48.008002] - [ROI] - [calculateOffset] [log] [['wynik x=92400, offset y=0']]
[2024-10-24 13:41:48.246260] - [ROI] - [resolveZeroPoint] [Warning] [['Zero Point was not set']]
[2024-10-24 13:41:48.248067] - [ROI] - [resolveZeroPoint] [Warning] [['Zero Point was not set']]
[2024-10-24 13:41:57.953007] - [FunWorker] - [run] [log] [['[THREAD FUN]  START goToThreadFun']]
[2024-10-24 13:41:57.954027] - [FunWorker] - [run] [log] [['[THREAD FUN] END goToThreadFun']]
[2024-10-24 13:42:03.024101] - [FunWorker] - [run] [log] [['[THREAD FUN]  START removeSample']]
[2024-10-24 13:42:03.024101] - [FunWorker] - [run] [log] [['[THREAD FUN] END removeSample']]
[2024-10-24 13:42:05.849770] - [AbstractManipulator] - [close] [Warning] [['Abstract Methode']]
[2024-10-24 14:14:52.403068] - [m] - [mainNoTryCahch] [log] [["res PyQt5.QtCore.QSize(1920, 1080) <class 'PyQt5.QtCore.QSize'>"]]
[2024-10-24 14:14:52.553326] - [MainWindow] - [_logImportant] [log] [['####################################################################################################']]
[2024-10-24 14:14:52.554325] - [MainWindow] - [_logImportant] [log] [['######################################### Program Starting ##########################################']]
[2024-10-24 14:14:52.556178] - [MainWindow] - [_logImportant] [log] [['####################################################################################################']]
[2024-10-24 14:14:54.105927] - [AbstractManipulator] - [getCurrentPosition] [Warning] [['Abstract Methode']]
[2024-10-24 14:14:54.108942] - [AbstractManipulator] - [getCurrentPosition] [Warning] [['Abstract Methode']]
[2024-10-24 14:14:54.110950] - [AbstractManipulator] - [getCurrentPosition] [Warning] [['Abstract Methode']]
[2024-10-24 14:14:54.500602] - [MainWindow] - [togle] [log] [[[60.0, 90.0, 60.0, 90.0, 'pole 0']]]
[2024-10-24 14:14:54.505623] - [MainWindow] - [createZoom] [log] [['readed zoom 3']]
[2024-10-24 14:14:59.667567] - [FunWorker] - [run] [log] [['[THREAD FUN]  START zoomChangeAction']]
[2024-10-24 14:14:59.671789] - [AbstractManipulator] - [waitForTarget] [Warning] [['Abstract Methode']]
[2024-10-24 14:20:58.849963] - [m] - [mainNoTryCahch] [log] [["res PyQt5.QtCore.QSize(1920, 1080) <class 'PyQt5.QtCore.QSize'>"]]
[2024-10-24 14:20:59.090077] - [MainWindow] - [_logImportant] [log] [['####################################################################################################']]
[2024-10-24 14:20:59.093084] - [MainWindow] - [_logImportant] [log] [['######################################### Program Starting ##########################################']]
[2024-10-24 14:20:59.096087] - [MainWindow] - [_logImportant] [log] [['####################################################################################################']]
[2024-10-24 14:21:00.336644] - [AbstractManipulator] - [getCurrentPosition] [Warning] [['Abstract Methode']]
[2024-10-24 14:21:00.341151] - [AbstractManipulator] - [getCurrentPosition] [Warning] [['Abstract Methode']]
[2024-10-24 14:21:00.345155] - [AbstractManipulator] - [getCurrentPosition] [Warning] [['Abstract Methode']]
[2024-10-24 14:21:00.539685] - [MainWindow] - [togle] [log] [[[60.0, 90.0, 60.0, 90.0, 'pole 0']]]
[2024-10-24 14:21:00.543191] - [MainWindow] - [createZoom] [log] [['readed zoom 3']]
[2024-10-24 14:21:36.105534] - [m] - [mainNoTryCahch] [log] [["res PyQt5.QtCore.QSize(1920, 1080) <class 'PyQt5.QtCore.QSize'>"]]
[2024-10-24 14:21:36.316079] - [MainWindow] - [_logImportant] [log] [['####################################################################################################']]
[2024-10-24 14:21:36.319097] - [MainWindow] - [_logImportant] [log] [['######################################### Program Starting ##########################################']]
[2024-10-24 14:21:36.322152] - [MainWindow] - [_logImportant] [log] [['####################################################################################################']]
[2024-10-24 14:22:14.137978] - [m] - [mainNoTryCahch] [log] [["res PyQt5.QtCore.QSize(1920, 1080) <class 'PyQt5.QtCore.QSize'>"]]
[2024-10-24 14:22:14.364183] - [MainWindow] - [_logImportant] [log] [['####################################################################################################']]
[2024-10-24 14:22:14.366602] - [MainWindow] - [_logImportant] [log] [['######################################### Program Starting ##########################################']]
[2024-10-24 14:22:14.369604] - [MainWindow] - [_logImportant] [log] [['####################################################################################################']]
[2024-10-24 14:22:15.562271] - [AbstractManipulator] - [getCurrentPosition] [Warning] [['Abstract Methode']]
[2024-10-24 14:22:15.567271] - [AbstractManipulator] - [getCurrentPosition] [Warning] [['Abstract Methode']]
[2024-10-24 14:22:15.570866] - [AbstractManipulator] - [getCurrentPosition] [Warning] [['Abstract Methode']]
[2024-10-24 14:22:15.764200] - [MainWindow] - [togle] [log] [[[60.0, 90.0, 60.0, 90.0, 'pole 0']]]
[2024-10-24 14:22:15.768203] - [MainWindow] - [createZoom] [log] [['readed zoom 3']]
[2024-10-24 14:24:23.303831] - [m] - [mainNoTryCahch] [log] [["res PyQt5.QtCore.QSize(1920, 1080) <class 'PyQt5.QtCore.QSize'>"]]
[2024-10-24 14:24:23.526497] - [MainWindow] - [_logImportant] [log] [['####################################################################################################']]
[2024-10-24 14:24:23.529499] - [MainWindow] - [_logImportant] [log] [['######################################### Program Starting ##########################################']]
[2024-10-24 14:24:23.532499] - [MainWindow] - [_logImportant] [log] [['####################################################################################################']]
[2024-10-24 14:24:24.693254] - [AbstractManipulator] - [getCurrentPosition] [Warning] [['Abstract Methode']]
[2024-10-24 14:24:24.698731] - [AbstractManipulator] - [getCurrentPosition] [Warning] [['Abstract Methode']]
[2024-10-24 14:24:24.701955] - [AbstractManipulator] - [getCurrentPosition] [Warning] [['Abstract Methode']]
[2024-10-24 14:24:24.897938] - [MainWindow] - [togle] [log] [[[60.0, 90.0, 60.0, 90.0, 'pole 0']]]
[2024-10-24 14:24:24.901880] - [MainWindow] - [createZoom] [log] [['readed zoom 3']]
[2024-10-24 14:24:34.440839] - [AbstractManipulator] - [close] [Warning] [['Abstract Methode']]
[2024-10-24 16:04:14.380534] - [m] - [mainNoTryCahch] [log] [["res PyQt5.QtCore.QSize(1920, 1080) <class 'PyQt5.QtCore.QSize'>"]]
[2024-10-24 16:04:14.592009] - [MainWindow] - [_logImportant] [log] [['####################################################################################################']]
[2024-10-24 16:04:14.594528] - [MainWindow] - [_logImportant] [log] [['######################################### Program Starting ##########################################']]
[2024-10-24 16:04:14.597599] - [MainWindow] - [_logImportant] [log] [['####################################################################################################']]
[2024-10-24 16:04:16.005229] - [AbstractManipulator] - [getCurrentPosition] [Warning] [['Abstract Methode']]
[2024-10-24 16:04:16.010751] - [AbstractManipulator] - [getCurrentPosition] [Warning] [['Abstract Methode']]
[2024-10-24 16:04:16.013536] - [AbstractManipulator] - [getCurrentPosition] [Warning] [['Abstract Methode']]
[2024-10-24 16:04:16.223938] - [MainWindow] - [togle] [log] [[[60.0, 90.0, 60.0, 90.0, 'pole 0']]]
[2024-10-24 16:04:16.228443] - [MainWindow] - [createZoom] [log] [['readed zoom 3']]
[2024-10-24 16:04:24.056214] - [ROI] - [__init__] [log] [['x1 = 434, x2 = 801, y1 = 407, y2 = 240, manipulatotrX = 0, manipulatorY = 0, absolutePixelValue = [0, 0]']]
[2024-10-24 16:04:24.061261] - [ROI] - [calculateOffset] [log] [['wynik x=0, offset y=0']]
[2024-10-24 16:04:24.216648] - [ROI] - [resolveZeroPoint] [Warning] [['Zero Point was not set']]
[2024-10-24 16:04:24.220708] - [ROI] - [resolveZeroPoint] [Warning] [['Zero Point was not set']]
[2024-10-24 16:04:30.688289] - [ROI] - [__init__] [log] [['x1 = 951, x2 = 701, y1 = 568, y2 = 741, manipulatotrX = 0, manipulatorY = 0, absolutePixelValue = [0, 0]']]
[2024-10-24 16:04:30.693350] - [ROI] - [calculateOffset] [log] [['wynik x=0, offset y=0']]
[2024-10-24 16:04:30.841849] - [ROI] - [resolveZeroPoint] [Warning] [['Zero Point was not set']]
[2024-10-24 16:04:30.846600] - [ROI] - [resolveZeroPoint] [Warning] [['Zero Point was not set']]
[2024-10-24 16:04:35.177158] - [AbstractManipulator] - [close] [Warning] [['Abstract Methode']]
[2024-10-24 16:05:39.644984] - [m] - [mainNoTryCahch] [log] [["res PyQt5.QtCore.QSize(1920, 1080) <class 'PyQt5.QtCore.QSize'>"]]
[2024-10-24 16:05:39.792500] - [MainWindow] - [_logImportant] [log] [['####################################################################################################']]
[2024-10-24 16:05:39.794867] - [MainWindow] - [_logImportant] [log] [['######################################### Program Starting ##########################################']]
[2024-10-24 16:05:39.795892] - [MainWindow] - [_logImportant] [log] [['####################################################################################################']]
[2024-10-24 16:05:41.212034] - [AbstractManipulator] - [getCurrentPosition] [Warning] [['Abstract Methode']]
[2024-10-24 16:05:41.215732] - [AbstractManipulator] - [getCurrentPosition] [Warning] [['Abstract Methode']]
[2024-10-24 16:05:41.216735] - [AbstractManipulator] - [getCurrentPosition] [Warning] [['Abstract Methode']]
[2024-10-24 16:05:41.441275] - [MainWindow] - [togle] [log] [[[60.0, 90.0, 60.0, 90.0, 'pole 0']]]
[2024-10-24 16:05:41.444299] - [MainWindow] - [createZoom] [log] [['readed zoom 3']]
[2024-10-24 16:05:47.304792] - [ROI] - [__init__] [log] [['x1 = 553, x2 = 774, y1 = 358, y2 = 426, manipulatotrX = 0, manipulatorY = 0, absolutePixelValue = [0, 0]']]
[2024-10-24 16:05:47.306800] - [ROI] - [calculateOffset] [log] [['wynik x=0, offset y=0']]
[2024-10-24 16:05:47.453819] - [ROI] - [resolveZeroPoint] [Warning] [['Zero Point was not set']]
[2024-10-24 16:05:47.455783] - [ROI] - [resolveZeroPoint] [Warning] [['Zero Point was not set']]
[2024-10-24 16:05:51.611965] - [AbstractManipulator] - [close] [Warning] [['Abstract Methode']]
[2024-10-24 16:16:41.801672] - [m] - [mainNoTryCahch] [log] [["res PyQt5.QtCore.QSize(1920, 1080) <class 'PyQt5.QtCore.QSize'>"]]
[2024-10-24 16:16:42.025113] - [MainWindow] - [_logImportant] [log] [['####################################################################################################']]
[2024-10-24 16:16:42.029115] - [MainWindow] - [_logImportant] [log] [['######################################### Program Starting ##########################################']]
[2024-10-24 16:16:42.032270] - [MainWindow] - [_logImportant] [log] [['####################################################################################################']]
[2024-10-24 16:16:43.231255] - [AbstractManipulator] - [getCurrentPosition] [Warning] [['Abstract Methode']]
[2024-10-24 16:16:43.236610] - [AbstractManipulator] - [getCurrentPosition] [Warning] [['Abstract Methode']]
[2024-10-24 16:16:43.239616] - [AbstractManipulator] - [getCurrentPosition] [Warning] [['Abstract Methode']]
[2024-10-24 16:16:43.429507] - [MainWindow] - [togle] [log] [[[60.0, 90.0, 60.0, 90.0, 'pole 0']]]
[2024-10-24 16:16:43.433064] - [MainWindow] - [createZoom] [log] [['readed zoom 3']]
[2024-10-24 16:16:51.172633] - [ROI] - [__init__] [log] [['x1 = 446, x2 = 733, y1 = 452, y2 = 668, manipulatotrX = 0, manipulatorY = 0, absolutePixelValue = [0, 0]']]
[2024-10-24 16:16:51.178183] - [ROI] - [calculateOffset] [log] [['wynik x=0, offset y=0']]
[2024-10-24 16:16:51.324020] - [ROI] - [resolveZeroPoint] [Warning] [['Zero Point was not set']]
[2024-10-24 16:16:51.328023] - [ROI] - [resolveZeroPoint] [Warning] [['Zero Point was not set']]
[2024-10-24 16:16:56.973918] - [ROI] - [__init__] [log] [['x1 = 786, x2 = 1054, y1 = 335, y2 = 607, manipulatotrX = 0, manipulatorY = 0, absolutePixelValue = [0, 0]']]
[2024-10-24 16:16:56.979044] - [ROI] - [calculateOffset] [log] [['wynik x=0, offset y=0']]
[2024-10-24 16:16:57.188958] - [ROI] - [resolveZeroPoint] [Warning] [['Zero Point was not set']]
[2024-10-24 16:16:57.193959] - [ROI] - [resolveZeroPoint] [Warning] [['Zero Point was not set']]
[2024-10-24 16:20:41.209901] - [m] - [mainNoTryCahch] [log] [["res PyQt5.QtCore.QSize(1920, 1080) <class 'PyQt5.QtCore.QSize'>"]]
[2024-10-24 16:20:41.353591] - [MainWindow] - [_logImportant] [log] [['####################################################################################################']]
[2024-10-24 16:20:41.354592] - [MainWindow] - [_logImportant] [log] [['######################################### Program Starting ##########################################']]
[2024-10-24 16:20:41.355592] - [MainWindow] - [_logImportant] [log] [['####################################################################################################']]
[2024-10-24 16:20:42.514165] - [AbstractManipulator] - [getCurrentPosition] [Warning] [['Abstract Methode']]
[2024-10-24 16:20:42.517314] - [AbstractManipulator] - [getCurrentPosition] [Warning] [['Abstract Methode']]
[2024-10-24 16:20:42.518682] - [AbstractManipulator] - [getCurrentPosition] [Warning] [['Abstract Methode']]
[2024-10-24 16:20:42.710872] - [MainWindow] - [togle] [log] [[[60.0, 90.0, 60.0, 90.0, 'pole 0']]]
[2024-10-24 16:20:42.713868] - [MainWindow] - [createZoom] [log] [['readed zoom 3']]
[2024-10-24 16:20:59.133250] - [ROI] - [__init__] [log] [['x1 = 517, x2 = 903, y1 = 565, y2 = 312, manipulatotrX = 0, manipulatorY = 0, absolutePixelValue = [0, 0]']]
[2024-10-24 16:20:59.136283] - [ROI] - [calculateOffset] [log] [['wynik x=0, offset y=0']]
[2024-10-24 16:20:59.282178] - [ROI] - [resolveZeroPoint] [Warning] [['Zero Point was not set']]
[2024-10-24 16:20:59.284180] - [ROI] - [resolveZeroPoint] [Warning] [['Zero Point was not set']]
[2024-10-24 16:20:59.437741] - [QlabelRightClickMenu] - [__drawRectangleMarker] [log] [[<class 'Python.BackEnd.ROI.Main.ROI.ROI.ROI'>]]
[2024-10-24 16:20:59.586806] - [QlabelRightClickMenu] - [__drawRectangleMarker] [log] [[<class 'Python.BackEnd.ROI.Main.ROI.ROI.ROI'>]]
[2024-10-24 16:20:59.740502] - [QlabelRightClickMenu] - [__drawRectangleMarker] [log] [[<class 'Python.BackEnd.ROI.Main.ROI.ROI.ROI'>]]
[2024-10-24 16:20:59.888100] - [QlabelRightClickMenu] - [__drawRectangleMarker] [log] [[<class 'Python.BackEnd.ROI.Main.ROI.ROI.ROI'>]]
[2024-10-24 16:21:00.044085] - [QlabelRightClickMenu] - [__drawRectangleMarker] [log] [[<class 'Python.BackEnd.ROI.Main.ROI.ROI.ROI'>]]
[2024-10-24 16:21:00.196903] - [QlabelRightClickMenu] - [__drawRectangleMarker] [log] [[<class 'Python.BackEnd.ROI.Main.ROI.ROI.ROI'>]]
[2024-10-24 16:21:00.356769] - [QlabelRightClickMenu] - [__drawRectangleMarker] [log] [[<class 'Python.BackEnd.ROI.Main.ROI.ROI.ROI'>]]
[2024-10-24 16:21:00.512210] - [QlabelRightClickMenu] - [__drawRectangleMarker] [log] [[<class 'Python.BackEnd.ROI.Main.ROI.ROI.ROI'>]]
[2024-10-24 16:21:00.669780] - [QlabelRightClickMenu] - [__drawRectangleMarker] [log] [[<class 'Python.BackEnd.ROI.Main.ROI.ROI.ROI'>]]
[2024-10-24 16:21:00.824031] - [QlabelRightClickMenu] - [__drawRectangleMarker] [log] [[<class 'Python.BackEnd.ROI.Main.ROI.ROI.ROI'>]]
[2024-10-24 16:21:00.977454] - [QlabelRightClickMenu] - [__drawRectangleMarker] [log] [[<class 'Python.BackEnd.ROI.Main.ROI.ROI.ROI'>]]
[2024-10-24 16:21:01.126978] - [QlabelRightClickMenu] - [__drawRectangleMarker] [log] [[<class 'Python.BackEnd.ROI.Main.ROI.ROI.ROI'>]]
[2024-10-24 16:21:01.281631] - [QlabelRightClickMenu] - [__drawRectangleMarker] [log] [[<class 'Python.BackEnd.ROI.Main.ROI.ROI.ROI'>]]
[2024-10-24 16:21:01.435337] - [QlabelRightClickMenu] - [__drawRectangleMarker] [log] [[<class 'Python.BackEnd.ROI.Main.ROI.ROI.ROI'>]]
[2024-10-24 16:21:01.602283] - [QlabelRightClickMenu] - [__drawRectangleMarker] [log] [[<class 'Python.BackEnd.ROI.Main.ROI.ROI.ROI'>]]
[2024-10-24 16:21:01.782891] - [QlabelRightClickMenu] - [__drawRectangleMarker] [log] [[<class 'Python.BackEnd.ROI.Main.ROI.ROI.ROI'>]]
[2024-10-24 16:21:01.964127] - [QlabelRightClickMenu] - [__drawRectangleMarker] [log] [[<class 'Python.BackEnd.ROI.Main.ROI.ROI.ROI'>]]
[2024-10-24 16:21:02.129155] - [QlabelRightClickMenu] - [__drawRectangleMarker] [log] [[<class 'Python.BackEnd.ROI.Main.ROI.ROI.ROI'>]]
[2024-10-24 16:21:02.294713] - [QlabelRightClickMenu] - [__drawRectangleMarker] [log] [[<class 'Python.BackEnd.ROI.Main.ROI.ROI.ROI'>]]
[2024-10-24 16:21:02.462883] - [QlabelRightClickMenu] - [__drawRectangleMarker] [log] [[<class 'Python.BackEnd.ROI.Main.ROI.ROI.ROI'>]]
[2024-10-24 16:21:02.632601] - [QlabelRightClickMenu] - [__drawRectangleMarker] [log] [[<class 'Python.BackEnd.ROI.Main.ROI.ROI.ROI'>]]
[2024-10-24 16:21:02.795390] - [QlabelRightClickMenu] - [__drawRectangleMarker] [log] [[<class 'Python.BackEnd.ROI.Main.ROI.ROI.ROI'>]]
[2024-10-24 16:21:03.184095] - [QlabelRightClickMenu] - [__drawRectangleMarker] [log] [[<class 'Python.BackEnd.ROI.Main.ROI.ROI.ROI'>]]
[2024-10-24 16:21:03.369884] - [QlabelRightClickMenu] - [__drawRectangleMarker] [log] [[<class 'Python.BackEnd.ROI.Main.ROI.ROI.ROI'>]]
[2024-10-24 16:21:03.565054] - [QlabelRightClickMenu] - [__drawRectangleMarker] [log] [[<class 'Python.BackEnd.ROI.Main.ROI.ROI.ROI'>]]
[2024-10-24 16:21:03.744281] - [QlabelRightClickMenu] - [__drawRectangleMarker] [log] [[<class 'Python.BackEnd.ROI.Main.ROI.ROI.ROI'>]]
[2024-10-24 16:21:03.914558] - [QlabelRightClickMenu] - [__drawRectangleMarker] [log] [[<class 'Python.BackEnd.ROI.Main.ROI.ROI.ROI'>]]
[2024-10-24 16:21:04.084838] - [QlabelRightClickMenu] - [__drawRectangleMarker] [log] [[<class 'Python.BackEnd.ROI.Main.ROI.ROI.ROI'>]]
[2024-10-24 16:21:04.246213] - [QlabelRightClickMenu] - [__drawRectangleMarker] [log] [[<class 'Python.BackEnd.ROI.Main.ROI.ROI.ROI'>]]
[2024-10-24 16:21:04.401231] - [QlabelRightClickMenu] - [__drawRectangleMarker] [log] [[<class 'Python.BackEnd.ROI.Main.ROI.ROI.ROI'>]]
[2024-10-24 16:21:04.555780] - [QlabelRightClickMenu] - [__drawRectangleMarker] [log] [[<class 'Python.BackEnd.ROI.Main.ROI.ROI.ROI'>]]
[2024-10-24 16:21:04.722494] - [QlabelRightClickMenu] - [__drawRectangleMarker] [log] [[<class 'Python.BackEnd.ROI.Main.ROI.ROI.ROI'>]]
[2024-10-24 16:21:04.900731] - [QlabelRightClickMenu] - [__drawRectangleMarker] [log] [[<class 'Python.BackEnd.ROI.Main.ROI.ROI.ROI'>]]
[2024-10-24 16:21:05.087255] - [QlabelRightClickMenu] - [__drawRectangleMarker] [log] [[<class 'Python.BackEnd.ROI.Main.ROI.ROI.ROI'>]]
[2024-10-24 16:21:05.273105] - [QlabelRightClickMenu] - [__drawRectangleMarker] [log] [[<class 'Python.BackEnd.ROI.Main.ROI.ROI.ROI'>]]
[2024-10-24 16:21:05.520202] - [QlabelRightClickMenu] - [__drawRectangleMarker] [log] [[<class 'Python.BackEnd.ROI.Main.ROI.ROI.ROI'>]]
[2024-10-24 16:21:05.685761] - [QlabelRightClickMenu] - [__drawRectangleMarker] [log] [[<class 'Python.BackEnd.ROI.Main.ROI.ROI.ROI'>]]
[2024-10-24 16:21:05.836019] - [QlabelRightClickMenu] - [__drawRectangleMarker] [log] [[<class 'Python.BackEnd.ROI.Main.ROI.ROI.ROI'>]]
[2024-10-24 16:21:05.990218] - [QlabelRightClickMenu] - [__drawRectangleMarker] [log] [[<class 'Python.BackEnd.ROI.Main.ROI.ROI.ROI'>]]
[2024-10-24 16:21:06.143394] - [QlabelRightClickMenu] - [__drawRectangleMarker] [log] [[<class 'Python.BackEnd.ROI.Main.ROI.ROI.ROI'>]]
[2024-10-24 16:21:06.294786] - [QlabelRightClickMenu] - [__drawRectangleMarker] [log] [[<class 'Python.BackEnd.ROI.Main.ROI.ROI.ROI'>]]
[2024-10-24 16:21:06.449317] - [QlabelRightClickMenu] - [__drawRectangleMarker] [log] [[<class 'Python.BackEnd.ROI.Main.ROI.ROI.ROI'>]]
[2024-10-24 16:21:06.459026] - [AbstractManipulator] - [close] [Warning] [['Abstract Methode']]
[2024-10-24 16:21:57.462230] - [m] - [mainNoTryCahch] [log] [["res PyQt5.QtCore.QSize(1920, 1080) <class 'PyQt5.QtCore.QSize'>"]]
[2024-10-24 16:21:57.618955] - [MainWindow] - [_logImportant] [log] [['####################################################################################################']]
[2024-10-24 16:21:57.621197] - [MainWindow] - [_logImportant] [log] [['######################################### Program Starting ##########################################']]
[2024-10-24 16:21:57.622412] - [MainWindow] - [_logImportant] [log] [['####################################################################################################']]
[2024-10-24 16:21:58.965787] - [AbstractManipulator] - [getCurrentPosition] [Warning] [['Abstract Methode']]
[2024-10-24 16:21:58.968789] - [AbstractManipulator] - [getCurrentPosition] [Warning] [['Abstract Methode']]
[2024-10-24 16:21:58.970789] - [AbstractManipulator] - [getCurrentPosition] [Warning] [['Abstract Methode']]
[2024-10-24 16:21:59.192749] - [MainWindow] - [togle] [log] [[[60.0, 90.0, 60.0, 90.0, 'pole 0']]]
[2024-10-24 16:21:59.196513] - [MainWindow] - [createZoom] [log] [['readed zoom 3']]
[2024-10-24 16:22:06.134337] - [ROI] - [__init__] [log] [['x1 = 440, x2 = 832, y1 = 417, y2 = 292, manipulatotrX = 0, manipulatorY = 0, absolutePixelValue = [0, 0]']]
[2024-10-24 16:22:06.137932] - [ROI] - [calculateOffset] [log] [['wynik x=0, offset y=0']]
[2024-10-24 16:22:06.296604] - [ROI] - [resolveZeroPoint] [Warning] [['Zero Point was not set']]
[2024-10-24 16:22:06.298712] - [ROI] - [resolveZeroPoint] [Warning] [['Zero Point was not set']]
[2024-10-24 16:22:06.470139] - [QlabelRightClickMenu] - [__drawRectangleMarker] [log] [[<class 'Python.BackEnd.ROI.Main.ROI.ROI.ROI'>]]
[2024-10-24 16:22:06.622810] - [QlabelRightClickMenu] - [__drawRectangleMarker] [log] [[<class 'Python.BackEnd.ROI.Main.ROI.ROI.ROI'>]]
[2024-10-24 16:22:06.776343] - [QlabelRightClickMenu] - [__drawRectangleMarker] [log] [[<class 'Python.BackEnd.ROI.Main.ROI.ROI.ROI'>]]
[2024-10-24 16:22:06.929288] - [QlabelRightClickMenu] - [__drawRectangleMarker] [log] [[<class 'Python.BackEnd.ROI.Main.ROI.ROI.ROI'>]]
[2024-10-24 16:22:07.086142] - [QlabelRightClickMenu] - [__drawRectangleMarker] [log] [[<class 'Python.BackEnd.ROI.Main.ROI.ROI.ROI'>]]
[2024-10-24 16:22:07.237560] - [QlabelRightClickMenu] - [__drawRectangleMarker] [log] [[<class 'Python.BackEnd.ROI.Main.ROI.ROI.ROI'>]]
[2024-10-24 16:22:07.393167] - [QlabelRightClickMenu] - [__drawRectangleMarker] [log] [[<class 'Python.BackEnd.ROI.Main.ROI.ROI.ROI'>]]
[2024-10-24 16:22:07.549788] - [QlabelRightClickMenu] - [__drawRectangleMarker] [log] [[<class 'Python.BackEnd.ROI.Main.ROI.ROI.ROI'>]]
[2024-10-24 16:22:07.706708] - [QlabelRightClickMenu] - [__drawRectangleMarker] [log] [[<class 'Python.BackEnd.ROI.Main.ROI.ROI.ROI'>]]
[2024-10-24 16:22:07.858224] - [QlabelRightClickMenu] - [__drawRectangleMarker] [log] [[<class 'Python.BackEnd.ROI.Main.ROI.ROI.ROI'>]]
[2024-10-24 16:22:08.089360] - [QlabelRightClickMenu] - [__drawRectangleMarker] [log] [[<class 'Python.BackEnd.ROI.Main.ROI.ROI.ROI'>]]
[2024-10-24 16:22:08.254294] - [QlabelRightClickMenu] - [__drawRectangleMarker] [log] [[<class 'Python.BackEnd.ROI.Main.ROI.ROI.ROI'>]]
[2024-10-24 16:22:08.407859] - [QlabelRightClickMenu] - [__drawRectangleMarker] [log] [[<class 'Python.BackEnd.ROI.Main.ROI.ROI.ROI'>]]
[2024-10-24 16:22:08.561320] - [QlabelRightClickMenu] - [__drawRectangleMarker] [log] [[<class 'Python.BackEnd.ROI.Main.ROI.ROI.ROI'>]]
[2024-10-24 16:22:08.716644] - [QlabelRightClickMenu] - [__drawRectangleMarker] [log] [[<class 'Python.BackEnd.ROI.Main.ROI.ROI.ROI'>]]
[2024-10-24 16:22:08.866504] - [QlabelRightClickMenu] - [__drawRectangleMarker] [log] [[<class 'Python.BackEnd.ROI.Main.ROI.ROI.ROI'>]]
[2024-10-24 16:22:09.019406] - [QlabelRightClickMenu] - [__drawRectangleMarker] [log] [[<class 'Python.BackEnd.ROI.Main.ROI.ROI.ROI'>]]
[2024-10-24 16:22:09.028950] - [AbstractManipulator] - [close] [Warning] [['Abstract Methode']]
[2024-10-24 16:29:14.228382] - [m] - [mainNoTryCahch] [log] [["res PyQt5.QtCore.QSize(1920, 1080) <class 'PyQt5.QtCore.QSize'>"]]
[2024-10-24 16:29:14.378114] - [MainWindow] - [_logImportant] [log] [['####################################################################################################']]
[2024-10-24 16:29:14.379116] - [MainWindow] - [_logImportant] [log] [['######################################### Program Starting ##########################################']]
[2024-10-24 16:29:14.380116] - [MainWindow] - [_logImportant] [log] [['####################################################################################################']]
[2024-10-24 16:29:15.590024] - [AbstractManipulator] - [getCurrentPosition] [Warning] [['Abstract Methode']]
[2024-10-24 16:29:15.592531] - [AbstractManipulator] - [getCurrentPosition] [Warning] [['Abstract Methode']]
[2024-10-24 16:29:15.594532] - [AbstractManipulator] - [getCurrentPosition] [Warning] [['Abstract Methode']]
[2024-10-24 16:29:15.806902] - [MainWindow] - [togle] [log] [[[60.0, 90.0, 60.0, 90.0, 'pole 0']]]
[2024-10-24 16:29:15.808902] - [MainWindow] - [createZoom] [log] [['readed zoom 3']]
[2024-10-24 16:29:18.729939] - [AbstractManipulator] - [close] [Warning] [['Abstract Methode']]
[2024-10-24 16:29:29.336234] - [m] - [mainNoTryCahch] [log] [["res PyQt5.QtCore.QSize(1920, 1080) <class 'PyQt5.QtCore.QSize'>"]]
[2024-10-24 16:29:29.551183] - [MainWindow] - [_logImportant] [log] [['####################################################################################################']]
[2024-10-24 16:29:29.554184] - [MainWindow] - [_logImportant] [log] [['######################################### Program Starting ##########################################']]
[2024-10-24 16:29:29.556184] - [MainWindow] - [_logImportant] [log] [['####################################################################################################']]
[2024-10-24 16:29:30.700711] - [AbstractManipulator] - [getCurrentPosition] [Warning] [['Abstract Methode']]
[2024-10-24 16:29:30.705018] - [AbstractManipulator] - [getCurrentPosition] [Warning] [['Abstract Methode']]
[2024-10-24 16:29:30.708039] - [AbstractManipulator] - [getCurrentPosition] [Warning] [['Abstract Methode']]
[2024-10-24 16:29:30.896901] - [MainWindow] - [togle] [log] [[[60.0, 90.0, 60.0, 90.0, 'pole 0']]]
[2024-10-24 16:29:30.901480] - [MainWindow] - [createZoom] [log] [['readed zoom 3']]
[2024-10-24 16:29:34.505041] - [ROI] - [__init__] [log] [['x1 = 574, x2 = 1090, y1 = 443, y2 = 625, manipulatotrX = 0, manipulatorY = 0, absolutePixelValue = [0, 0]']]
[2024-10-24 16:29:34.510075] - [ROI] - [calculateOffset] [log] [['wynik x=0, offset y=0']]
[2024-10-24 16:29:34.661826] - [ROI] - [resolveZeroPoint] [Warning] [['Zero Point was not set']]
[2024-10-24 16:29:34.665952] - [ROI] - [resolveZeroPoint] [Warning] [['Zero Point was not set']]
[2024-10-24 16:29:34.819621] - [QlabelRightClickMenu] - [__drawRectangleMarker] [log] [[<class 'Python.BackEnd.ROI.Main.ROI.ROI.ROI'>]]
[2024-10-24 16:29:34.972073] - [QlabelRightClickMenu] - [__drawRectangleMarker] [log] [[<class 'Python.BackEnd.ROI.Main.ROI.ROI.ROI'>]]
[2024-10-24 16:29:35.127777] - [QlabelRightClickMenu] - [__drawRectangleMarker] [log] [[<class 'Python.BackEnd.ROI.Main.ROI.ROI.ROI'>]]
[2024-10-24 16:29:35.280691] - [QlabelRightClickMenu] - [__drawRectangleMarker] [log] [[<class 'Python.BackEnd.ROI.Main.ROI.ROI.ROI'>]]
[2024-10-24 16:29:35.436656] - [QlabelRightClickMenu] - [__drawRectangleMarker] [log] [[<class 'Python.BackEnd.ROI.Main.ROI.ROI.ROI'>]]
[2024-10-24 16:29:35.588753] - [QlabelRightClickMenu] - [__drawRectangleMarker] [log] [[<class 'Python.BackEnd.ROI.Main.ROI.ROI.ROI'>]]
[2024-10-24 16:29:35.743931] - [QlabelRightClickMenu] - [__drawRectangleMarker] [log] [[<class 'Python.BackEnd.ROI.Main.ROI.ROI.ROI'>]]
[2024-10-24 16:29:35.899049] - [QlabelRightClickMenu] - [__drawRectangleMarker] [log] [[<class 'Python.BackEnd.ROI.Main.ROI.ROI.ROI'>]]
[2024-10-24 16:29:36.054910] - [QlabelRightClickMenu] - [__drawRectangleMarker] [log] [[<class 'Python.BackEnd.ROI.Main.ROI.ROI.ROI'>]]
[2024-10-24 16:29:36.206128] - [QlabelRightClickMenu] - [__drawRectangleMarker] [log] [[<class 'Python.BackEnd.ROI.Main.ROI.ROI.ROI'>]]
[2024-10-24 16:29:36.379782] - [QlabelRightClickMenu] - [__drawRectangleMarker] [log] [[<class 'Python.BackEnd.ROI.Main.ROI.ROI.ROI'>]]
[2024-10-24 16:29:36.547417] - [QlabelRightClickMenu] - [__drawRectangleMarker] [log] [[<class 'Python.BackEnd.ROI.Main.ROI.ROI.ROI'>]]
[2024-10-24 16:29:36.700740] - [QlabelRightClickMenu] - [__drawRectangleMarker] [log] [[<class 'Python.BackEnd.ROI.Main.ROI.ROI.ROI'>]]
[2024-10-24 16:29:36.854739] - [QlabelRightClickMenu] - [__drawRectangleMarker] [log] [[<class 'Python.BackEnd.ROI.Main.ROI.ROI.ROI'>]]
[2024-10-24 16:29:37.010542] - [QlabelRightClickMenu] - [__drawRectangleMarker] [log] [[<class 'Python.BackEnd.ROI.Main.ROI.ROI.ROI'>]]
[2024-10-24 16:29:37.165500] - [QlabelRightClickMenu] - [__drawRectangleMarker] [log] [[<class 'Python.BackEnd.ROI.Main.ROI.ROI.ROI'>]]
[2024-10-24 16:29:37.320338] - [QlabelRightClickMenu] - [__drawRectangleMarker] [log] [[<class 'Python.BackEnd.ROI.Main.ROI.ROI.ROI'>]]
[2024-10-24 16:29:37.331211] - [AbstractManipulator] - [close] [Warning] [['Abstract Methode']]
[2024-10-24 16:32:18.988252] - [m] - [mainNoTryCahch] [log] [["res PyQt5.QtCore.QSize(1920, 1080) <class 'PyQt5.QtCore.QSize'>"]]
[2024-10-24 16:32:19.211438] - [MainWindow] - [_logImportant] [log] [['####################################################################################################']]
[2024-10-24 16:32:19.214438] - [MainWindow] - [_logImportant] [log] [['######################################### Program Starting ##########################################']]
[2024-10-24 16:32:19.217439] - [MainWindow] - [_logImportant] [log] [['####################################################################################################']]
[2024-10-24 16:32:20.638348] - [AbstractManipulator] - [getCurrentPosition] [Warning] [['Abstract Methode']]
[2024-10-24 16:32:20.643653] - [AbstractManipulator] - [getCurrentPosition] [Warning] [['Abstract Methode']]
[2024-10-24 16:32:20.647855] - [AbstractManipulator] - [getCurrentPosition] [Warning] [['Abstract Methode']]
[2024-10-24 16:32:20.852827] - [MainWindow] - [togle] [log] [[[60.0, 90.0, 60.0, 90.0, 'pole 0']]]
[2024-10-24 16:32:20.856695] - [MainWindow] - [createZoom] [log] [['readed zoom 3']]
[2024-10-24 16:32:24.225262] - [ROI] - [__init__] [log] [['x1 = 446, x2 = 688, y1 = 296, y2 = 530, manipulatotrX = 0, manipulatorY = 0, absolutePixelValue = [0, 0]']]
[2024-10-24 16:32:24.231360] - [ROI] - [calculateOffset] [log] [['wynik x=0, offset y=0']]
[2024-10-24 16:32:24.384315] - [ROI] - [resolveZeroPoint] [Warning] [['Zero Point was not set']]
[2024-10-24 16:32:24.389226] - [ROI] - [resolveZeroPoint] [Warning] [['Zero Point was not set']]
[2024-10-24 16:33:16.828492] - [QlabelRightClickMenu] - [__drawRectangleMarker] [log] [[<class 'Python.BackEnd.ROI.Main.ROI.ROI.ROI'>]]
[2024-10-24 16:33:47.222259] - [m] - [mainNoTryCahch] [log] [["res PyQt5.QtCore.QSize(1920, 1080) <class 'PyQt5.QtCore.QSize'>"]]
[2024-10-24 16:33:47.450238] - [MainWindow] - [_logImportant] [log] [['####################################################################################################']]
[2024-10-24 16:33:47.452857] - [MainWindow] - [_logImportant] [log] [['######################################### Program Starting ##########################################']]
[2024-10-24 16:33:47.454859] - [MainWindow] - [_logImportant] [log] [['####################################################################################################']]
[2024-10-24 16:33:48.842271] - [AbstractManipulator] - [getCurrentPosition] [Warning] [['Abstract Methode']]
[2024-10-24 16:33:48.848311] - [AbstractManipulator] - [getCurrentPosition] [Warning] [['Abstract Methode']]
[2024-10-24 16:33:48.851326] - [AbstractManipulator] - [getCurrentPosition] [Warning] [['Abstract Methode']]
[2024-10-24 16:33:49.070449] - [MainWindow] - [togle] [log] [[[60.0, 90.0, 60.0, 90.0, 'pole 0']]]
[2024-10-24 16:33:49.074450] - [MainWindow] - [createZoom] [log] [['readed zoom 3']]
[2024-10-24 16:37:11.574275] - [ROI] - [__init__] [log] [['x1 = 521, x2 = 1444, y1 = 328, y2 = 752, manipulatotrX = 0, manipulatorY = 0, absolutePixelValue = [0, 0]']]
[2024-10-24 16:37:11.579278] - [ROI] - [calculateOffset] [log] [['wynik x=0, offset y=0']]
[2024-10-24 16:37:11.739026] - [ROI] - [resolveZeroPoint] [Warning] [['Zero Point was not set']]
[2024-10-24 16:37:11.743618] - [ROI] - [resolveZeroPoint] [Warning] [['Zero Point was not set']]
[2024-10-24 16:37:11.907233] - [QlabelRightClickMenu] - [__drawRectangleMarker] [log] [[<class 'Python.BackEnd.ROI.Main.ROI.ROI.ROI'>]]
[2024-10-24 16:37:12.059068] - [QlabelRightClickMenu] - [__drawRectangleMarker] [log] [[<class 'Python.BackEnd.ROI.Main.ROI.ROI.ROI'>]]
[2024-10-24 16:37:12.209955] - [QlabelRightClickMenu] - [__drawRectangleMarker] [log] [[<class 'Python.BackEnd.ROI.Main.ROI.ROI.ROI'>]]
[2024-10-24 16:37:12.365228] - [QlabelRightClickMenu] - [__drawRectangleMarker] [log] [[<class 'Python.BackEnd.ROI.Main.ROI.ROI.ROI'>]]
[2024-10-24 16:37:12.518018] - [QlabelRightClickMenu] - [__drawRectangleMarker] [log] [[<class 'Python.BackEnd.ROI.Main.ROI.ROI.ROI'>]]
[2024-10-24 16:37:12.670314] - [QlabelRightClickMenu] - [__drawRectangleMarker] [log] [[<class 'Python.BackEnd.ROI.Main.ROI.ROI.ROI'>]]
[2024-10-24 16:37:12.826532] - [QlabelRightClickMenu] - [__drawRectangleMarker] [log] [[<class 'Python.BackEnd.ROI.Main.ROI.ROI.ROI'>]]
[2024-10-24 16:37:12.993751] - [QlabelRightClickMenu] - [__drawRectangleMarker] [log] [[<class 'Python.BackEnd.ROI.Main.ROI.ROI.ROI'>]]
[2024-10-24 16:37:13.165786] - [QlabelRightClickMenu] - [__drawRectangleMarker] [log] [[<class 'Python.BackEnd.ROI.Main.ROI.ROI.ROI'>]]
[2024-10-24 16:37:13.345155] - [QlabelRightClickMenu] - [__drawRectangleMarker] [log] [[<class 'Python.BackEnd.ROI.Main.ROI.ROI.ROI'>]]
[2024-10-24 16:37:13.511551] - [QlabelRightClickMenu] - [__drawRectangleMarker] [log] [[<class 'Python.BackEnd.ROI.Main.ROI.ROI.ROI'>]]
[2024-10-24 16:37:13.681944] - [QlabelRightClickMenu] - [__drawRectangleMarker] [log] [[<class 'Python.BackEnd.ROI.Main.ROI.ROI.ROI'>]]
[2024-10-24 16:37:13.843985] - [QlabelRightClickMenu] - [__drawRectangleMarker] [log] [[<class 'Python.BackEnd.ROI.Main.ROI.ROI.ROI'>]]
[2024-10-24 16:37:14.003269] - [QlabelRightClickMenu] - [__drawRectangleMarker] [log] [[<class 'Python.BackEnd.ROI.Main.ROI.ROI.ROI'>]]
[2024-10-24 16:37:14.158337] - [QlabelRightClickMenu] - [__drawRectangleMarker] [log] [[<class 'Python.BackEnd.ROI.Main.ROI.ROI.ROI'>]]
[2024-10-24 16:37:14.312387] - [QlabelRightClickMenu] - [__drawRectangleMarker] [log] [[<class 'Python.BackEnd.ROI.Main.ROI.ROI.ROI'>]]
[2024-10-24 16:37:14.463320] - [QlabelRightClickMenu] - [__drawRectangleMarker] [log] [[<class 'Python.BackEnd.ROI.Main.ROI.ROI.ROI'>]]
[2024-10-24 16:37:14.617046] - [QlabelRightClickMenu] - [__drawRectangleMarker] [log] [[<class 'Python.BackEnd.ROI.Main.ROI.ROI.ROI'>]]
[2024-10-24 16:37:14.771157] - [QlabelRightClickMenu] - [__drawRectangleMarker] [log] [[<class 'Python.BackEnd.ROI.Main.ROI.ROI.ROI'>]]
[2024-10-24 16:37:14.924808] - [QlabelRightClickMenu] - [__drawRectangleMarker] [log] [[<class 'Python.BackEnd.ROI.Main.ROI.ROI.ROI'>]]
[2024-10-24 16:37:15.079464] - [QlabelRightClickMenu] - [__drawRectangleMarker] [log] [[<class 'Python.BackEnd.ROI.Main.ROI.ROI.ROI'>]]
[2024-10-24 16:37:15.239723] - [QlabelRightClickMenu] - [__drawRectangleMarker] [log] [[<class 'Python.BackEnd.ROI.Main.ROI.ROI.ROI'>]]
[2024-10-24 16:37:15.397131] - [QlabelRightClickMenu] - [__drawRectangleMarker] [log] [[<class 'Python.BackEnd.ROI.Main.ROI.ROI.ROI'>]]
[2024-10-24 16:37:15.551770] - [QlabelRightClickMenu] - [__drawRectangleMarker] [log] [[<class 'Python.BackEnd.ROI.Main.ROI.ROI.ROI'>]]
[2024-10-24 16:37:15.708012] - [QlabelRightClickMenu] - [__drawRectangleMarker] [log] [[<class 'Python.BackEnd.ROI.Main.ROI.ROI.ROI'>]]
[2024-10-24 16:37:15.861186] - [QlabelRightClickMenu] - [__drawRectangleMarker] [log] [[<class 'Python.BackEnd.ROI.Main.ROI.ROI.ROI'>]]
[2024-10-24 16:37:16.017167] - [QlabelRightClickMenu] - [__drawRectangleMarker] [log] [[<class 'Python.BackEnd.ROI.Main.ROI.ROI.ROI'>]]
[2024-10-24 16:37:16.173236] - [QlabelRightClickMenu] - [__drawRectangleMarker] [log] [[<class 'Python.BackEnd.ROI.Main.ROI.ROI.ROI'>]]
[2024-10-24 16:37:16.324966] - [QlabelRightClickMenu] - [__drawRectangleMarker] [log] [[<class 'Python.BackEnd.ROI.Main.ROI.ROI.ROI'>]]
[2024-10-24 16:37:16.481808] - [QlabelRightClickMenu] - [__drawRectangleMarker] [log] [[<class 'Python.BackEnd.ROI.Main.ROI.ROI.ROI'>]]
[2024-10-24 16:37:16.636592] - [QlabelRightClickMenu] - [__drawRectangleMarker] [log] [[<class 'Python.BackEnd.ROI.Main.ROI.ROI.ROI'>]]
[2024-10-24 16:37:16.790333] - [QlabelRightClickMenu] - [__drawRectangleMarker] [log] [[<class 'Python.BackEnd.ROI.Main.ROI.ROI.ROI'>]]
[2024-10-24 16:37:16.947881] - [QlabelRightClickMenu] - [__drawRectangleMarker] [log] [[<class 'Python.BackEnd.ROI.Main.ROI.ROI.ROI'>]]
[2024-10-24 16:37:17.098772] - [QlabelRightClickMenu] - [__drawRectangleMarker] [log] [[<class 'Python.BackEnd.ROI.Main.ROI.ROI.ROI'>]]
[2024-10-24 16:37:17.261073] - [QlabelRightClickMenu] - [__drawRectangleMarker] [log] [[<class 'Python.BackEnd.ROI.Main.ROI.ROI.ROI'>]]
[2024-10-24 16:37:17.426158] - [QlabelRightClickMenu] - [__drawRectangleMarker] [log] [[<class 'Python.BackEnd.ROI.Main.ROI.ROI.ROI'>]]
[2024-10-24 16:37:17.581675] - [QlabelRightClickMenu] - [__drawRectangleMarker] [log] [[<class 'Python.BackEnd.ROI.Main.ROI.ROI.ROI'>]]
[2024-10-24 16:37:17.737375] - [QlabelRightClickMenu] - [__drawRectangleMarker] [log] [[<class 'Python.BackEnd.ROI.Main.ROI.ROI.ROI'>]]
[2024-10-24 16:37:17.889316] - [QlabelRightClickMenu] - [__drawRectangleMarker] [log] [[<class 'Python.BackEnd.ROI.Main.ROI.ROI.ROI'>]]
[2024-10-24 16:37:18.049202] - [QlabelRightClickMenu] - [__drawRectangleMarker] [log] [[<class 'Python.BackEnd.ROI.Main.ROI.ROI.ROI'>]]
[2024-10-24 16:37:18.208198] - [QlabelRightClickMenu] - [__drawRectangleMarker] [log] [[<class 'Python.BackEnd.ROI.Main.ROI.ROI.ROI'>]]
[2024-10-24 16:37:18.367675] - [QlabelRightClickMenu] - [__drawRectangleMarker] [log] [[<class 'Python.BackEnd.ROI.Main.ROI.ROI.ROI'>]]
[2024-10-24 16:37:18.524753] - [QlabelRightClickMenu] - [__drawRectangleMarker] [log] [[<class 'Python.BackEnd.ROI.Main.ROI.ROI.ROI'>]]
[2024-10-24 16:37:18.684988] - [QlabelRightClickMenu] - [__drawRectangleMarker] [log] [[<class 'Python.BackEnd.ROI.Main.ROI.ROI.ROI'>]]
[2024-10-24 16:37:18.837947] - [QlabelRightClickMenu] - [__drawRectangleMarker] [log] [[<class 'Python.BackEnd.ROI.Main.ROI.ROI.ROI'>]]
[2024-10-24 16:37:18.992640] - [QlabelRightClickMenu] - [__drawRectangleMarker] [log] [[<class 'Python.BackEnd.ROI.Main.ROI.ROI.ROI'>]]
[2024-10-24 16:37:19.150654] - [QlabelRightClickMenu] - [__drawRectangleMarker] [log] [[<class 'Python.BackEnd.ROI.Main.ROI.ROI.ROI'>]]
[2024-10-24 16:37:19.303883] - [QlabelRightClickMenu] - [__drawRectangleMarker] [log] [[<class 'Python.BackEnd.ROI.Main.ROI.ROI.ROI'>]]
[2024-10-24 16:37:19.459323] - [QlabelRightClickMenu] - [__drawRectangleMarker] [log] [[<class 'Python.BackEnd.ROI.Main.ROI.ROI.ROI'>]]
[2024-10-24 16:37:19.620311] - [QlabelRightClickMenu] - [__drawRectangleMarker] [log] [[<class 'Python.BackEnd.ROI.Main.ROI.ROI.ROI'>]]
[2024-10-24 16:37:19.775458] - [QlabelRightClickMenu] - [__drawRectangleMarker] [log] [[<class 'Python.BackEnd.ROI.Main.ROI.ROI.ROI'>]]
[2024-10-24 16:37:19.937710] - [QlabelRightClickMenu] - [__drawRectangleMarker] [log] [[<class 'Python.BackEnd.ROI.Main.ROI.ROI.ROI'>]]
[2024-10-24 16:37:20.098329] - [QlabelRightClickMenu] - [__drawRectangleMarker] [log] [[<class 'Python.BackEnd.ROI.Main.ROI.ROI.ROI'>]]
[2024-10-24 16:37:20.258215] - [QlabelRightClickMenu] - [__drawRectangleMarker] [log] [[<class 'Python.BackEnd.ROI.Main.ROI.ROI.ROI'>]]
[2024-10-24 16:37:20.415879] - [QlabelRightClickMenu] - [__drawRectangleMarker] [log] [[<class 'Python.BackEnd.ROI.Main.ROI.ROI.ROI'>]]
[2024-10-24 16:37:20.579289] - [QlabelRightClickMenu] - [__drawRectangleMarker] [log] [[<class 'Python.BackEnd.ROI.Main.ROI.ROI.ROI'>]]
[2024-10-24 16:37:20.751649] - [QlabelRightClickMenu] - [__drawRectangleMarker] [log] [[<class 'Python.BackEnd.ROI.Main.ROI.ROI.ROI'>]]
[2024-10-24 16:37:20.940995] - [QlabelRightClickMenu] - [__drawRectangleMarker] [log] [[<class 'Python.BackEnd.ROI.Main.ROI.ROI.ROI'>]]
[2024-10-24 16:37:21.149513] - [QlabelRightClickMenu] - [__drawRectangleMarker] [log] [[<class 'Python.BackEnd.ROI.Main.ROI.ROI.ROI'>]]
[2024-10-24 16:37:21.360603] - [QlabelRightClickMenu] - [__drawRectangleMarker] [log] [[<class 'Python.BackEnd.ROI.Main.ROI.ROI.ROI'>]]
[2024-10-24 16:37:21.552056] - [QlabelRightClickMenu] - [__drawRectangleMarker] [log] [[<class 'Python.BackEnd.ROI.Main.ROI.ROI.ROI'>]]
[2024-10-24 16:37:21.712143] - [QlabelRightClickMenu] - [__drawRectangleMarker] [log] [[<class 'Python.BackEnd.ROI.Main.ROI.ROI.ROI'>]]
[2024-10-24 16:37:21.866245] - [QlabelRightClickMenu] - [__drawRectangleMarker] [log] [[<class 'Python.BackEnd.ROI.Main.ROI.ROI.ROI'>]]
[2024-10-24 16:37:22.022533] - [QlabelRightClickMenu] - [__drawRectangleMarker] [log] [[<class 'Python.BackEnd.ROI.Main.ROI.ROI.ROI'>]]
[2024-10-24 16:37:22.184617] - [QlabelRightClickMenu] - [__drawRectangleMarker] [log] [[<class 'Python.BackEnd.ROI.Main.ROI.ROI.ROI'>]]
[2024-10-24 16:37:22.344882] - [QlabelRightClickMenu] - [__drawRectangleMarker] [log] [[<class 'Python.BackEnd.ROI.Main.ROI.ROI.ROI'>]]
[2024-10-24 16:37:22.499954] - [QlabelRightClickMenu] - [__drawRectangleMarker] [log] [[<class 'Python.BackEnd.ROI.Main.ROI.ROI.ROI'>]]
[2024-10-24 16:37:22.657070] - [QlabelRightClickMenu] - [__drawRectangleMarker] [log] [[<class 'Python.BackEnd.ROI.Main.ROI.ROI.ROI'>]]
[2024-10-24 16:37:22.816314] - [QlabelRightClickMenu] - [__drawRectangleMarker] [log] [[<class 'Python.BackEnd.ROI.Main.ROI.ROI.ROI'>]]
[2024-10-24 16:37:22.969878] - [QlabelRightClickMenu] - [__drawRectangleMarker] [log] [[<class 'Python.BackEnd.ROI.Main.ROI.ROI.ROI'>]]
[2024-10-24 16:37:23.127291] - [QlabelRightClickMenu] - [__drawRectangleMarker] [log] [[<class 'Python.BackEnd.ROI.Main.ROI.ROI.ROI'>]]
[2024-10-24 16:37:23.282426] - [QlabelRightClickMenu] - [__drawRectangleMarker] [log] [[<class 'Python.BackEnd.ROI.Main.ROI.ROI.ROI'>]]
[2024-10-24 16:37:23.442674] - [QlabelRightClickMenu] - [__drawRectangleMarker] [log] [[<class 'Python.BackEnd.ROI.Main.ROI.ROI.ROI'>]]
[2024-10-24 16:37:23.602258] - [QlabelRightClickMenu] - [__drawRectangleMarker] [log] [[<class 'Python.BackEnd.ROI.Main.ROI.ROI.ROI'>]]
[2024-10-24 16:37:23.763953] - [QlabelRightClickMenu] - [__drawRectangleMarker] [log] [[<class 'Python.BackEnd.ROI.Main.ROI.ROI.ROI'>]]
[2024-10-24 16:37:23.921622] - [QlabelRightClickMenu] - [__drawRectangleMarker] [log] [[<class 'Python.BackEnd.ROI.Main.ROI.ROI.ROI'>]]
[2024-10-24 16:37:24.071967] - [QlabelRightClickMenu] - [__drawRectangleMarker] [log] [[<class 'Python.BackEnd.ROI.Main.ROI.ROI.ROI'>]]
[2024-10-24 16:37:24.226294] - [QlabelRightClickMenu] - [__drawRectangleMarker] [log] [[<class 'Python.BackEnd.ROI.Main.ROI.ROI.ROI'>]]
[2024-10-24 16:37:24.386124] - [QlabelRightClickMenu] - [__drawRectangleMarker] [log] [[<class 'Python.BackEnd.ROI.Main.ROI.ROI.ROI'>]]
[2024-10-24 16:37:24.544174] - [QlabelRightClickMenu] - [__drawRectangleMarker] [log] [[<class 'Python.BackEnd.ROI.Main.ROI.ROI.ROI'>]]
[2024-10-24 16:37:24.701766] - [QlabelRightClickMenu] - [__drawRectangleMarker] [log] [[<class 'Python.BackEnd.ROI.Main.ROI.ROI.ROI'>]]
[2024-10-24 16:37:24.860272] - [QlabelRightClickMenu] - [__drawRectangleMarker] [log] [[<class 'Python.BackEnd.ROI.Main.ROI.ROI.ROI'>]]
[2024-10-24 16:37:25.030771] - [QlabelRightClickMenu] - [__drawRectangleMarker] [log] [[<class 'Python.BackEnd.ROI.Main.ROI.ROI.ROI'>]]
[2024-10-24 16:37:25.196810] - [QlabelRightClickMenu] - [__drawRectangleMarker] [log] [[<class 'Python.BackEnd.ROI.Main.ROI.ROI.ROI'>]]
[2024-10-24 16:37:25.358931] - [QlabelRightClickMenu] - [__drawRectangleMarker] [log] [[<class 'Python.BackEnd.ROI.Main.ROI.ROI.ROI'>]]
[2024-10-24 16:37:25.519100] - [QlabelRightClickMenu] - [__drawRectangleMarker] [log] [[<class 'Python.BackEnd.ROI.Main.ROI.ROI.ROI'>]]
[2024-10-24 16:37:25.683377] - [QlabelRightClickMenu] - [__drawRectangleMarker] [log] [[<class 'Python.BackEnd.ROI.Main.ROI.ROI.ROI'>]]
[2024-10-24 16:37:25.837200] - [QlabelRightClickMenu] - [__drawRectangleMarker] [log] [[<class 'Python.BackEnd.ROI.Main.ROI.ROI.ROI'>]]
[2024-10-24 16:37:25.994311] - [QlabelRightClickMenu] - [__drawRectangleMarker] [log] [[<class 'Python.BackEnd.ROI.Main.ROI.ROI.ROI'>]]
[2024-10-24 16:37:26.146281] - [QlabelRightClickMenu] - [__drawRectangleMarker] [log] [[<class 'Python.BackEnd.ROI.Main.ROI.ROI.ROI'>]]
[2024-10-24 16:37:26.297308] - [QlabelRightClickMenu] - [__drawRectangleMarker] [log] [[<class 'Python.BackEnd.ROI.Main.ROI.ROI.ROI'>]]
[2024-10-24 16:37:26.452422] - [QlabelRightClickMenu] - [__drawRectangleMarker] [log] [[<class 'Python.BackEnd.ROI.Main.ROI.ROI.ROI'>]]
[2024-10-24 16:37:26.612100] - [QlabelRightClickMenu] - [__drawRectangleMarker] [log] [[<class 'Python.BackEnd.ROI.Main.ROI.ROI.ROI'>]]
[2024-10-24 16:37:26.770869] - [QlabelRightClickMenu] - [__drawRectangleMarker] [log] [[<class 'Python.BackEnd.ROI.Main.ROI.ROI.ROI'>]]
[2024-10-24 16:37:26.929686] - [QlabelRightClickMenu] - [__drawRectangleMarker] [log] [[<class 'Python.BackEnd.ROI.Main.ROI.ROI.ROI'>]]
[2024-10-24 16:37:27.090009] - [QlabelRightClickMenu] - [__drawRectangleMarker] [log] [[<class 'Python.BackEnd.ROI.Main.ROI.ROI.ROI'>]]
[2024-10-24 16:37:27.251588] - [QlabelRightClickMenu] - [__drawRectangleMarker] [log] [[<class 'Python.BackEnd.ROI.Main.ROI.ROI.ROI'>]]
[2024-10-24 16:37:27.406825] - [QlabelRightClickMenu] - [__drawRectangleMarker] [log] [[<class 'Python.BackEnd.ROI.Main.ROI.ROI.ROI'>]]
[2024-10-24 16:37:27.559690] - [QlabelRightClickMenu] - [__drawRectangleMarker] [log] [[<class 'Python.BackEnd.ROI.Main.ROI.ROI.ROI'>]]
[2024-10-24 16:37:27.717307] - [QlabelRightClickMenu] - [__drawRectangleMarker] [log] [[<class 'Python.BackEnd.ROI.Main.ROI.ROI.ROI'>]]
[2024-10-24 16:37:27.873862] - [QlabelRightClickMenu] - [__drawRectangleMarker] [log] [[<class 'Python.BackEnd.ROI.Main.ROI.ROI.ROI'>]]
[2024-10-24 16:37:28.034035] - [QlabelRightClickMenu] - [__drawRectangleMarker] [log] [[<class 'Python.BackEnd.ROI.Main.ROI.ROI.ROI'>]]
[2024-10-24 16:37:28.191976] - [QlabelRightClickMenu] - [__drawRectangleMarker] [log] [[<class 'Python.BackEnd.ROI.Main.ROI.ROI.ROI'>]]
[2024-10-24 16:37:28.347057] - [QlabelRightClickMenu] - [__drawRectangleMarker] [log] [[<class 'Python.BackEnd.ROI.Main.ROI.ROI.ROI'>]]
[2024-10-24 16:37:28.501327] - [QlabelRightClickMenu] - [__drawRectangleMarker] [log] [[<class 'Python.BackEnd.ROI.Main.ROI.ROI.ROI'>]]
[2024-10-24 16:37:28.663295] - [QlabelRightClickMenu] - [__drawRectangleMarker] [log] [[<class 'Python.BackEnd.ROI.Main.ROI.ROI.ROI'>]]
[2024-10-24 16:37:28.819458] - [QlabelRightClickMenu] - [__drawRectangleMarker] [log] [[<class 'Python.BackEnd.ROI.Main.ROI.ROI.ROI'>]]
[2024-10-24 16:37:28.975416] - [QlabelRightClickMenu] - [__drawRectangleMarker] [log] [[<class 'Python.BackEnd.ROI.Main.ROI.ROI.ROI'>]]
[2024-10-24 16:37:29.130627] - [QlabelRightClickMenu] - [__drawRectangleMarker] [log] [[<class 'Python.BackEnd.ROI.Main.ROI.ROI.ROI'>]]
[2024-10-24 16:37:29.283288] - [QlabelRightClickMenu] - [__drawRectangleMarker] [log] [[<class 'Python.BackEnd.ROI.Main.ROI.ROI.ROI'>]]
[2024-10-24 16:37:29.439178] - [QlabelRightClickMenu] - [__drawRectangleMarker] [log] [[<class 'Python.BackEnd.ROI.Main.ROI.ROI.ROI'>]]
[2024-10-24 16:37:29.594675] - [QlabelRightClickMenu] - [__drawRectangleMarker] [log] [[<class 'Python.BackEnd.ROI.Main.ROI.ROI.ROI'>]]
[2024-10-24 16:37:29.747402] - [QlabelRightClickMenu] - [__drawRectangleMarker] [log] [[<class 'Python.BackEnd.ROI.Main.ROI.ROI.ROI'>]]
[2024-10-24 16:37:29.908272] - [QlabelRightClickMenu] - [__drawRectangleMarker] [log] [[<class 'Python.BackEnd.ROI.Main.ROI.ROI.ROI'>]]
[2024-10-24 16:37:30.071622] - [QlabelRightClickMenu] - [__drawRectangleMarker] [log] [[<class 'Python.BackEnd.ROI.Main.ROI.ROI.ROI'>]]
[2024-10-24 16:37:30.230048] - [QlabelRightClickMenu] - [__drawRectangleMarker] [log] [[<class 'Python.BackEnd.ROI.Main.ROI.ROI.ROI'>]]
[2024-10-24 16:37:30.392830] - [QlabelRightClickMenu] - [__drawRectangleMarker] [log] [[<class 'Python.BackEnd.ROI.Main.ROI.ROI.ROI'>]]
[2024-10-24 16:37:30.558627] - [QlabelRightClickMenu] - [__drawRectangleMarker] [log] [[<class 'Python.BackEnd.ROI.Main.ROI.ROI.ROI'>]]
[2024-10-24 16:37:30.720968] - [QlabelRightClickMenu] - [__drawRectangleMarker] [log] [[<class 'Python.BackEnd.ROI.Main.ROI.ROI.ROI'>]]
[2024-10-24 16:37:30.881579] - [QlabelRightClickMenu] - [__drawRectangleMarker] [log] [[<class 'Python.BackEnd.ROI.Main.ROI.ROI.ROI'>]]
[2024-10-24 16:37:31.039925] - [QlabelRightClickMenu] - [__drawRectangleMarker] [log] [[<class 'Python.BackEnd.ROI.Main.ROI.ROI.ROI'>]]
[2024-10-24 16:37:31.200154] - [QlabelRightClickMenu] - [__drawRectangleMarker] [log] [[<class 'Python.BackEnd.ROI.Main.ROI.ROI.ROI'>]]
[2024-10-24 16:37:31.368416] - [QlabelRightClickMenu] - [__drawRectangleMarker] [log] [[<class 'Python.BackEnd.ROI.Main.ROI.ROI.ROI'>]]
[2024-10-24 16:37:31.522078] - [QlabelRightClickMenu] - [__drawRectangleMarker] [log] [[<class 'Python.BackEnd.ROI.Main.ROI.ROI.ROI'>]]
[2024-10-24 16:37:31.694073] - [QlabelRightClickMenu] - [__drawRectangleMarker] [log] [[<class 'Python.BackEnd.ROI.Main.ROI.ROI.ROI'>]]
[2024-10-24 16:37:31.859724] - [QlabelRightClickMenu] - [__drawRectangleMarker] [log] [[<class 'Python.BackEnd.ROI.Main.ROI.ROI.ROI'>]]
[2024-10-24 16:37:32.027125] - [QlabelRightClickMenu] - [__drawRectangleMarker] [log] [[<class 'Python.BackEnd.ROI.Main.ROI.ROI.ROI'>]]
[2024-10-24 16:37:32.195988] - [QlabelRightClickMenu] - [__drawRectangleMarker] [log] [[<class 'Python.BackEnd.ROI.Main.ROI.ROI.ROI'>]]
[2024-10-24 16:37:32.364595] - [QlabelRightClickMenu] - [__drawRectangleMarker] [log] [[<class 'Python.BackEnd.ROI.Main.ROI.ROI.ROI'>]]
[2024-10-24 16:37:32.528000] - [QlabelRightClickMenu] - [__drawRectangleMarker] [log] [[<class 'Python.BackEnd.ROI.Main.ROI.ROI.ROI'>]]
[2024-10-24 16:37:32.703005] - [QlabelRightClickMenu] - [__drawRectangleMarker] [log] [[<class 'Python.BackEnd.ROI.Main.ROI.ROI.ROI'>]]
[2024-10-24 16:37:32.865894] - [QlabelRightClickMenu] - [__drawRectangleMarker] [log] [[<class 'Python.BackEnd.ROI.Main.ROI.ROI.ROI'>]]
[2024-10-24 16:37:33.024926] - [QlabelRightClickMenu] - [__drawRectangleMarker] [log] [[<class 'Python.BackEnd.ROI.Main.ROI.ROI.ROI'>]]
[2024-10-24 16:37:33.193262] - [QlabelRightClickMenu] - [__drawRectangleMarker] [log] [[<class 'Python.BackEnd.ROI.Main.ROI.ROI.ROI'>]]
[2024-10-24 16:37:33.360518] - [QlabelRightClickMenu] - [__drawRectangleMarker] [log] [[<class 'Python.BackEnd.ROI.Main.ROI.ROI.ROI'>]]
[2024-10-24 16:37:33.529140] - [QlabelRightClickMenu] - [__drawRectangleMarker] [log] [[<class 'Python.BackEnd.ROI.Main.ROI.ROI.ROI'>]]
[2024-10-24 16:37:33.700004] - [QlabelRightClickMenu] - [__drawRectangleMarker] [log] [[<class 'Python.BackEnd.ROI.Main.ROI.ROI.ROI'>]]
[2024-10-24 16:37:33.880627] - [QlabelRightClickMenu] - [__drawRectangleMarker] [log] [[<class 'Python.BackEnd.ROI.Main.ROI.ROI.ROI'>]]
[2024-10-24 16:37:34.053563] - [QlabelRightClickMenu] - [__drawRectangleMarker] [log] [[<class 'Python.BackEnd.ROI.Main.ROI.ROI.ROI'>]]
[2024-10-24 16:37:34.222235] - [QlabelRightClickMenu] - [__drawRectangleMarker] [log] [[<class 'Python.BackEnd.ROI.Main.ROI.ROI.ROI'>]]
[2024-10-24 16:37:34.383148] - [QlabelRightClickMenu] - [__drawRectangleMarker] [log] [[<class 'Python.BackEnd.ROI.Main.ROI.ROI.ROI'>]]
[2024-10-24 16:37:34.540783] - [QlabelRightClickMenu] - [__drawRectangleMarker] [log] [[<class 'Python.BackEnd.ROI.Main.ROI.ROI.ROI'>]]
[2024-10-24 16:37:34.699331] - [QlabelRightClickMenu] - [__drawRectangleMarker] [log] [[<class 'Python.BackEnd.ROI.Main.ROI.ROI.ROI'>]]
[2024-10-24 16:37:34.853449] - [QlabelRightClickMenu] - [__drawRectangleMarker] [log] [[<class 'Python.BackEnd.ROI.Main.ROI.ROI.ROI'>]]
[2024-10-24 16:37:35.007062] - [QlabelRightClickMenu] - [__drawRectangleMarker] [log] [[<class 'Python.BackEnd.ROI.Main.ROI.ROI.ROI'>]]
[2024-10-24 16:37:35.160671] - [QlabelRightClickMenu] - [__drawRectangleMarker] [log] [[<class 'Python.BackEnd.ROI.Main.ROI.ROI.ROI'>]]
[2024-10-24 16:37:35.313506] - [QlabelRightClickMenu] - [__drawRectangleMarker] [log] [[<class 'Python.BackEnd.ROI.Main.ROI.ROI.ROI'>]]
[2024-10-24 16:37:35.465401] - [QlabelRightClickMenu] - [__drawRectangleMarker] [log] [[<class 'Python.BackEnd.ROI.Main.ROI.ROI.ROI'>]]
[2024-10-24 16:37:35.625405] - [QlabelRightClickMenu] - [__drawRectangleMarker] [log] [[<class 'Python.BackEnd.ROI.Main.ROI.ROI.ROI'>]]
[2024-10-24 16:37:35.783494] - [QlabelRightClickMenu] - [__drawRectangleMarker] [log] [[<class 'Python.BackEnd.ROI.Main.ROI.ROI.ROI'>]]
[2024-10-24 16:37:35.946058] - [QlabelRightClickMenu] - [__drawRectangleMarker] [log] [[<class 'Python.BackEnd.ROI.Main.ROI.ROI.ROI'>]]
[2024-10-24 16:37:36.106289] - [QlabelRightClickMenu] - [__drawRectangleMarker] [log] [[<class 'Python.BackEnd.ROI.Main.ROI.ROI.ROI'>]]
[2024-10-24 16:37:36.267754] - [QlabelRightClickMenu] - [__drawRectangleMarker] [log] [[<class 'Python.BackEnd.ROI.Main.ROI.ROI.ROI'>]]
[2024-10-24 16:37:36.422335] - [QlabelRightClickMenu] - [__drawRectangleMarker] [log] [[<class 'Python.BackEnd.ROI.Main.ROI.ROI.ROI'>]]
[2024-10-24 16:37:36.577213] - [QlabelRightClickMenu] - [__drawRectangleMarker] [log] [[<class 'Python.BackEnd.ROI.Main.ROI.ROI.ROI'>]]
[2024-10-24 16:39:47.967621] - [m] - [mainNoTryCahch] [log] [["res PyQt5.QtCore.QSize(1920, 1080) <class 'PyQt5.QtCore.QSize'>"]]
[2024-10-24 16:39:48.189116] - [MainWindow] - [_logImportant] [log] [['####################################################################################################']]
[2024-10-24 16:39:48.192117] - [MainWindow] - [_logImportant] [log] [['######################################### Program Starting ##########################################']]
[2024-10-24 16:39:48.195148] - [MainWindow] - [_logImportant] [log] [['####################################################################################################']]
[2024-10-24 16:39:49.324604] - [AbstractManipulator] - [getCurrentPosition] [Warning] [['Abstract Methode']]
[2024-10-24 16:39:49.329607] - [AbstractManipulator] - [getCurrentPosition] [Warning] [['Abstract Methode']]
[2024-10-24 16:39:49.332607] - [AbstractManipulator] - [getCurrentPosition] [Warning] [['Abstract Methode']]
[2024-10-24 16:39:49.529603] - [MainWindow] - [togle] [log] [[[60.0, 90.0, 60.0, 90.0, 'pole 0']]]
[2024-10-24 16:39:49.533605] - [MainWindow] - [createZoom] [log] [['readed zoom 3']]
[2024-10-24 16:40:58.945924] - [ROI] - [__init__] [log] [['x1 = 455, x2 = 1610, y1 = 324, y2 = 784, manipulatotrX = 0, manipulatorY = 0, absolutePixelValue = [0, 0]']]
[2024-10-24 16:40:58.951927] - [ROI] - [calculateOffset] [log] [['wynik x=0, offset y=0']]
[2024-10-24 16:40:59.125770] - [ROI] - [resolveZeroPoint] [Warning] [['Zero Point was not set']]
[2024-10-24 16:40:59.129777] - [ROI] - [resolveZeroPoint] [Warning] [['Zero Point was not set']]
[2024-10-24 16:40:59.307200] - [QlabelRightClickMenu] - [__drawRectangleMarker] [log] [[<class 'Python.BackEnd.ROI.Main.ROI.ROI.ROI'>]]
[2024-10-24 16:40:59.483562] - [QlabelRightClickMenu] - [__drawRectangleMarker] [log] [[<class 'Python.BackEnd.ROI.Main.ROI.ROI.ROI'>]]
[2024-10-24 16:40:59.653544] - [QlabelRightClickMenu] - [__drawRectangleMarker] [log] [[<class 'Python.BackEnd.ROI.Main.ROI.ROI.ROI'>]]
[2024-10-24 16:40:59.830029] - [QlabelRightClickMenu] - [__drawRectangleMarker] [log] [[<class 'Python.BackEnd.ROI.Main.ROI.ROI.ROI'>]]
[2024-10-24 16:41:00.004961] - [QlabelRightClickMenu] - [__drawRectangleMarker] [log] [[<class 'Python.BackEnd.ROI.Main.ROI.ROI.ROI'>]]
[2024-10-24 16:41:00.182342] - [QlabelRightClickMenu] - [__drawRectangleMarker] [log] [[<class 'Python.BackEnd.ROI.Main.ROI.ROI.ROI'>]]
[2024-10-24 16:41:00.372453] - [QlabelRightClickMenu] - [__drawRectangleMarker] [log] [[<class 'Python.BackEnd.ROI.Main.ROI.ROI.ROI'>]]
[2024-10-24 16:41:00.566415] - [QlabelRightClickMenu] - [__drawRectangleMarker] [log] [[<class 'Python.BackEnd.ROI.Main.ROI.ROI.ROI'>]]
[2024-10-24 16:41:00.750351] - [QlabelRightClickMenu] - [__drawRectangleMarker] [log] [[<class 'Python.BackEnd.ROI.Main.ROI.ROI.ROI'>]]
[2024-10-24 16:41:00.934270] - [QlabelRightClickMenu] - [__drawRectangleMarker] [log] [[<class 'Python.BackEnd.ROI.Main.ROI.ROI.ROI'>]]
[2024-10-24 16:41:01.120725] - [QlabelRightClickMenu] - [__drawRectangleMarker] [log] [[<class 'Python.BackEnd.ROI.Main.ROI.ROI.ROI'>]]
[2024-10-24 16:41:01.306933] - [QlabelRightClickMenu] - [__drawRectangleMarker] [log] [[<class 'Python.BackEnd.ROI.Main.ROI.ROI.ROI'>]]
[2024-10-24 16:41:01.490145] - [QlabelRightClickMenu] - [__drawRectangleMarker] [log] [[<class 'Python.BackEnd.ROI.Main.ROI.ROI.ROI'>]]
[2024-10-24 16:41:01.684957] - [QlabelRightClickMenu] - [__drawRectangleMarker] [log] [[<class 'Python.BackEnd.ROI.Main.ROI.ROI.ROI'>]]
[2024-10-24 16:41:01.867594] - [QlabelRightClickMenu] - [__drawRectangleMarker] [log] [[<class 'Python.BackEnd.ROI.Main.ROI.ROI.ROI'>]]
[2024-10-24 16:41:02.048515] - [QlabelRightClickMenu] - [__drawRectangleMarker] [log] [[<class 'Python.BackEnd.ROI.Main.ROI.ROI.ROI'>]]
[2024-10-24 16:41:02.240850] - [QlabelRightClickMenu] - [__drawRectangleMarker] [log] [[<class 'Python.BackEnd.ROI.Main.ROI.ROI.ROI'>]]
[2024-10-24 16:41:02.415848] - [QlabelRightClickMenu] - [__drawRectangleMarker] [log] [[<class 'Python.BackEnd.ROI.Main.ROI.ROI.ROI'>]]
[2024-10-24 16:41:02.604530] - [QlabelRightClickMenu] - [__drawRectangleMarker] [log] [[<class 'Python.BackEnd.ROI.Main.ROI.ROI.ROI'>]]
[2024-10-24 16:41:02.790634] - [QlabelRightClickMenu] - [__drawRectangleMarker] [log] [[<class 'Python.BackEnd.ROI.Main.ROI.ROI.ROI'>]]
[2024-10-24 16:41:02.970254] - [QlabelRightClickMenu] - [__drawRectangleMarker] [log] [[<class 'Python.BackEnd.ROI.Main.ROI.ROI.ROI'>]]
[2024-10-24 16:41:03.154785] - [QlabelRightClickMenu] - [__drawRectangleMarker] [log] [[<class 'Python.BackEnd.ROI.Main.ROI.ROI.ROI'>]]
[2024-10-24 16:41:03.343671] - [QlabelRightClickMenu] - [__drawRectangleMarker] [log] [[<class 'Python.BackEnd.ROI.Main.ROI.ROI.ROI'>]]
[2024-10-24 16:41:03.535983] - [QlabelRightClickMenu] - [__drawRectangleMarker] [log] [[<class 'Python.BackEnd.ROI.Main.ROI.ROI.ROI'>]]
[2024-10-24 16:41:03.716523] - [QlabelRightClickMenu] - [__drawRectangleMarker] [log] [[<class 'Python.BackEnd.ROI.Main.ROI.ROI.ROI'>]]
[2024-10-24 16:41:03.905023] - [QlabelRightClickMenu] - [__drawRectangleMarker] [log] [[<class 'Python.BackEnd.ROI.Main.ROI.ROI.ROI'>]]
[2024-10-24 16:41:04.097011] - [QlabelRightClickMenu] - [__drawRectangleMarker] [log] [[<class 'Python.BackEnd.ROI.Main.ROI.ROI.ROI'>]]
[2024-10-24 16:41:04.283567] - [QlabelRightClickMenu] - [__drawRectangleMarker] [log] [[<class 'Python.BackEnd.ROI.Main.ROI.ROI.ROI'>]]
[2024-10-24 16:41:04.491131] - [QlabelRightClickMenu] - [__drawRectangleMarker] [log] [[<class 'Python.BackEnd.ROI.Main.ROI.ROI.ROI'>]]
[2024-10-24 16:41:04.693386] - [QlabelRightClickMenu] - [__drawRectangleMarker] [log] [[<class 'Python.BackEnd.ROI.Main.ROI.ROI.ROI'>]]
[2024-10-24 16:41:04.884231] - [QlabelRightClickMenu] - [__drawRectangleMarker] [log] [[<class 'Python.BackEnd.ROI.Main.ROI.ROI.ROI'>]]
[2024-10-24 16:41:05.062181] - [QlabelRightClickMenu] - [__drawRectangleMarker] [log] [[<class 'Python.BackEnd.ROI.Main.ROI.ROI.ROI'>]]
[2024-10-24 16:41:05.240426] - [QlabelRightClickMenu] - [__drawRectangleMarker] [log] [[<class 'Python.BackEnd.ROI.Main.ROI.ROI.ROI'>]]
[2024-10-24 16:41:05.433026] - [QlabelRightClickMenu] - [__drawRectangleMarker] [log] [[<class 'Python.BackEnd.ROI.Main.ROI.ROI.ROI'>]]
[2024-10-24 16:41:05.630889] - [QlabelRightClickMenu] - [__drawRectangleMarker] [log] [[<class 'Python.BackEnd.ROI.Main.ROI.ROI.ROI'>]]
[2024-10-24 16:41:05.820397] - [QlabelRightClickMenu] - [__drawRectangleMarker] [log] [[<class 'Python.BackEnd.ROI.Main.ROI.ROI.ROI'>]]
[2024-10-24 16:41:06.015854] - [QlabelRightClickMenu] - [__drawRectangleMarker] [log] [[<class 'Python.BackEnd.ROI.Main.ROI.ROI.ROI'>]]
[2024-10-24 16:41:06.194033] - [QlabelRightClickMenu] - [__drawRectangleMarker] [log] [[<class 'Python.BackEnd.ROI.Main.ROI.ROI.ROI'>]]
[2024-10-24 16:41:06.376667] - [QlabelRightClickMenu] - [__drawRectangleMarker] [log] [[<class 'Python.BackEnd.ROI.Main.ROI.ROI.ROI'>]]
[2024-10-24 16:41:06.579618] - [QlabelRightClickMenu] - [__drawRectangleMarker] [log] [[<class 'Python.BackEnd.ROI.Main.ROI.ROI.ROI'>]]
[2024-10-24 16:41:06.765747] - [QlabelRightClickMenu] - [__drawRectangleMarker] [log] [[<class 'Python.BackEnd.ROI.Main.ROI.ROI.ROI'>]]
[2024-10-24 16:41:07.013265] - [QlabelRightClickMenu] - [__drawRectangleMarker] [log] [[<class 'Python.BackEnd.ROI.Main.ROI.ROI.ROI'>]]
[2024-10-24 16:41:07.202768] - [QlabelRightClickMenu] - [__drawRectangleMarker] [log] [[<class 'Python.BackEnd.ROI.Main.ROI.ROI.ROI'>]]
[2024-10-24 16:41:07.398620] - [QlabelRightClickMenu] - [__drawRectangleMarker] [log] [[<class 'Python.BackEnd.ROI.Main.ROI.ROI.ROI'>]]
[2024-10-24 16:41:07.589201] - [QlabelRightClickMenu] - [__drawRectangleMarker] [log] [[<class 'Python.BackEnd.ROI.Main.ROI.ROI.ROI'>]]
[2024-10-24 16:41:07.776822] - [QlabelRightClickMenu] - [__drawRectangleMarker] [log] [[<class 'Python.BackEnd.ROI.Main.ROI.ROI.ROI'>]]
[2024-10-24 16:41:07.956074] - [QlabelRightClickMenu] - [__drawRectangleMarker] [log] [[<class 'Python.BackEnd.ROI.Main.ROI.ROI.ROI'>]]
[2024-10-24 16:41:08.136843] - [QlabelRightClickMenu] - [__drawRectangleMarker] [log] [[<class 'Python.BackEnd.ROI.Main.ROI.ROI.ROI'>]]
[2024-10-24 16:41:08.314741] - [QlabelRightClickMenu] - [__drawRectangleMarker] [log] [[<class 'Python.BackEnd.ROI.Main.ROI.ROI.ROI'>]]
[2024-10-24 16:41:08.498772] - [QlabelRightClickMenu] - [__drawRectangleMarker] [log] [[<class 'Python.BackEnd.ROI.Main.ROI.ROI.ROI'>]]
[2024-10-24 16:41:08.698681] - [QlabelRightClickMenu] - [__drawRectangleMarker] [log] [[<class 'Python.BackEnd.ROI.Main.ROI.ROI.ROI'>]]
[2024-10-24 16:41:08.889308] - [QlabelRightClickMenu] - [__drawRectangleMarker] [log] [[<class 'Python.BackEnd.ROI.Main.ROI.ROI.ROI'>]]
[2024-10-24 16:41:09.078132] - [QlabelRightClickMenu] - [__drawRectangleMarker] [log] [[<class 'Python.BackEnd.ROI.Main.ROI.ROI.ROI'>]]
[2024-10-24 16:41:09.256373] - [QlabelRightClickMenu] - [__drawRectangleMarker] [log] [[<class 'Python.BackEnd.ROI.Main.ROI.ROI.ROI'>]]
[2024-10-24 16:41:09.437773] - [QlabelRightClickMenu] - [__drawRectangleMarker] [log] [[<class 'Python.BackEnd.ROI.Main.ROI.ROI.ROI'>]]
[2024-10-24 16:41:09.620621] - [QlabelRightClickMenu] - [__drawRectangleMarker] [log] [[<class 'Python.BackEnd.ROI.Main.ROI.ROI.ROI'>]]
[2024-10-24 16:41:09.813683] - [QlabelRightClickMenu] - [__drawRectangleMarker] [log] [[<class 'Python.BackEnd.ROI.Main.ROI.ROI.ROI'>]]
[2024-10-24 16:41:10.000956] - [QlabelRightClickMenu] - [__drawRectangleMarker] [log] [[<class 'Python.BackEnd.ROI.Main.ROI.ROI.ROI'>]]
[2024-10-24 16:41:10.188121] - [QlabelRightClickMenu] - [__drawRectangleMarker] [log] [[<class 'Python.BackEnd.ROI.Main.ROI.ROI.ROI'>]]
[2024-10-24 16:41:10.383891] - [QlabelRightClickMenu] - [__drawRectangleMarker] [log] [[<class 'Python.BackEnd.ROI.Main.ROI.ROI.ROI'>]]
[2024-10-24 16:41:10.566141] - [QlabelRightClickMenu] - [__drawRectangleMarker] [log] [[<class 'Python.BackEnd.ROI.Main.ROI.ROI.ROI'>]]
[2024-10-24 16:41:10.759826] - [QlabelRightClickMenu] - [__drawRectangleMarker] [log] [[<class 'Python.BackEnd.ROI.Main.ROI.ROI.ROI'>]]
[2024-10-24 16:41:10.945272] - [QlabelRightClickMenu] - [__drawRectangleMarker] [log] [[<class 'Python.BackEnd.ROI.Main.ROI.ROI.ROI'>]]
[2024-10-24 16:41:11.125442] - [QlabelRightClickMenu] - [__drawRectangleMarker] [log] [[<class 'Python.BackEnd.ROI.Main.ROI.ROI.ROI'>]]
[2024-10-24 16:41:11.304525] - [QlabelRightClickMenu] - [__drawRectangleMarker] [log] [[<class 'Python.BackEnd.ROI.Main.ROI.ROI.ROI'>]]
[2024-10-24 16:41:11.495211] - [QlabelRightClickMenu] - [__drawRectangleMarker] [log] [[<class 'Python.BackEnd.ROI.Main.ROI.ROI.ROI'>]]
[2024-10-24 16:41:11.698523] - [QlabelRightClickMenu] - [__drawRectangleMarker] [log] [[<class 'Python.BackEnd.ROI.Main.ROI.ROI.ROI'>]]
[2024-10-24 16:41:11.891010] - [QlabelRightClickMenu] - [__drawRectangleMarker] [log] [[<class 'Python.BackEnd.ROI.Main.ROI.ROI.ROI'>]]
[2024-10-24 16:41:12.087658] - [QlabelRightClickMenu] - [__drawRectangleMarker] [log] [[<class 'Python.BackEnd.ROI.Main.ROI.ROI.ROI'>]]
[2024-10-24 16:41:12.274464] - [QlabelRightClickMenu] - [__drawRectangleMarker] [log] [[<class 'Python.BackEnd.ROI.Main.ROI.ROI.ROI'>]]
[2024-10-24 16:41:12.465621] - [QlabelRightClickMenu] - [__drawRectangleMarker] [log] [[<class 'Python.BackEnd.ROI.Main.ROI.ROI.ROI'>]]
[2024-10-24 16:41:12.671537] - [QlabelRightClickMenu] - [__drawRectangleMarker] [log] [[<class 'Python.BackEnd.ROI.Main.ROI.ROI.ROI'>]]
[2024-10-24 16:41:12.871546] - [QlabelRightClickMenu] - [__drawRectangleMarker] [log] [[<class 'Python.BackEnd.ROI.Main.ROI.ROI.ROI'>]]
[2024-10-24 16:41:13.068144] - [QlabelRightClickMenu] - [__drawRectangleMarker] [log] [[<class 'Python.BackEnd.ROI.Main.ROI.ROI.ROI'>]]
[2024-10-24 16:41:13.270163] - [QlabelRightClickMenu] - [__drawRectangleMarker] [log] [[<class 'Python.BackEnd.ROI.Main.ROI.ROI.ROI'>]]
[2024-10-24 16:41:13.468401] - [QlabelRightClickMenu] - [__drawRectangleMarker] [log] [[<class 'Python.BackEnd.ROI.Main.ROI.ROI.ROI'>]]
[2024-10-24 16:41:13.667226] - [QlabelRightClickMenu] - [__drawRectangleMarker] [log] [[<class 'Python.BackEnd.ROI.Main.ROI.ROI.ROI'>]]
[2024-10-24 16:41:13.867200] - [QlabelRightClickMenu] - [__drawRectangleMarker] [log] [[<class 'Python.BackEnd.ROI.Main.ROI.ROI.ROI'>]]
[2024-10-24 16:41:14.074794] - [QlabelRightClickMenu] - [__drawRectangleMarker] [log] [[<class 'Python.BackEnd.ROI.Main.ROI.ROI.ROI'>]]
[2024-10-24 16:41:14.266955] - [QlabelRightClickMenu] - [__drawRectangleMarker] [log] [[<class 'Python.BackEnd.ROI.Main.ROI.ROI.ROI'>]]
[2024-10-24 16:41:14.449517] - [QlabelRightClickMenu] - [__drawRectangleMarker] [log] [[<class 'Python.BackEnd.ROI.Main.ROI.ROI.ROI'>]]
[2024-10-24 16:41:14.637193] - [QlabelRightClickMenu] - [__drawRectangleMarker] [log] [[<class 'Python.BackEnd.ROI.Main.ROI.ROI.ROI'>]]
[2024-10-24 16:41:14.828075] - [QlabelRightClickMenu] - [__drawRectangleMarker] [log] [[<class 'Python.BackEnd.ROI.Main.ROI.ROI.ROI'>]]
[2024-10-24 16:41:15.005218] - [QlabelRightClickMenu] - [__drawRectangleMarker] [log] [[<class 'Python.BackEnd.ROI.Main.ROI.ROI.ROI'>]]
[2024-10-24 16:41:15.192113] - [QlabelRightClickMenu] - [__drawRectangleMarker] [log] [[<class 'Python.BackEnd.ROI.Main.ROI.ROI.ROI'>]]
[2024-10-24 16:41:15.379714] - [QlabelRightClickMenu] - [__drawRectangleMarker] [log] [[<class 'Python.BackEnd.ROI.Main.ROI.ROI.ROI'>]]
[2024-10-24 16:41:15.560640] - [QlabelRightClickMenu] - [__drawRectangleMarker] [log] [[<class 'Python.BackEnd.ROI.Main.ROI.ROI.ROI'>]]
[2024-10-24 16:41:15.747166] - [QlabelRightClickMenu] - [__drawRectangleMarker] [log] [[<class 'Python.BackEnd.ROI.Main.ROI.ROI.ROI'>]]
[2024-10-24 16:41:15.929634] - [QlabelRightClickMenu] - [__drawRectangleMarker] [log] [[<class 'Python.BackEnd.ROI.Main.ROI.ROI.ROI'>]]
[2024-10-24 16:41:16.115085] - [QlabelRightClickMenu] - [__drawRectangleMarker] [log] [[<class 'Python.BackEnd.ROI.Main.ROI.ROI.ROI'>]]
[2024-10-24 16:41:16.299477] - [QlabelRightClickMenu] - [__drawRectangleMarker] [log] [[<class 'Python.BackEnd.ROI.Main.ROI.ROI.ROI'>]]
[2024-10-24 16:41:16.475893] - [QlabelRightClickMenu] - [__drawRectangleMarker] [log] [[<class 'Python.BackEnd.ROI.Main.ROI.ROI.ROI'>]]
[2024-10-24 16:41:16.671301] - [QlabelRightClickMenu] - [__drawRectangleMarker] [log] [[<class 'Python.BackEnd.ROI.Main.ROI.ROI.ROI'>]]
[2024-10-24 16:41:16.855308] - [QlabelRightClickMenu] - [__drawRectangleMarker] [log] [[<class 'Python.BackEnd.ROI.Main.ROI.ROI.ROI'>]]
[2024-10-24 16:41:17.040764] - [QlabelRightClickMenu] - [__drawRectangleMarker] [log] [[<class 'Python.BackEnd.ROI.Main.ROI.ROI.ROI'>]]
[2024-10-24 16:41:17.226516] - [QlabelRightClickMenu] - [__drawRectangleMarker] [log] [[<class 'Python.BackEnd.ROI.Main.ROI.ROI.ROI'>]]
[2024-10-24 16:41:17.415742] - [QlabelRightClickMenu] - [__drawRectangleMarker] [log] [[<class 'Python.BackEnd.ROI.Main.ROI.ROI.ROI'>]]
[2024-10-24 16:41:17.607774] - [QlabelRightClickMenu] - [__drawRectangleMarker] [log] [[<class 'Python.BackEnd.ROI.Main.ROI.ROI.ROI'>]]
[2024-10-24 16:41:17.792477] - [QlabelRightClickMenu] - [__drawRectangleMarker] [log] [[<class 'Python.BackEnd.ROI.Main.ROI.ROI.ROI'>]]
[2024-10-24 16:41:17.969771] - [QlabelRightClickMenu] - [__drawRectangleMarker] [log] [[<class 'Python.BackEnd.ROI.Main.ROI.ROI.ROI'>]]
[2024-10-24 16:41:18.158383] - [QlabelRightClickMenu] - [__drawRectangleMarker] [log] [[<class 'Python.BackEnd.ROI.Main.ROI.ROI.ROI'>]]
[2024-10-24 16:41:18.355880] - [QlabelRightClickMenu] - [__drawRectangleMarker] [log] [[<class 'Python.BackEnd.ROI.Main.ROI.ROI.ROI'>]]
[2024-10-24 16:41:18.549533] - [QlabelRightClickMenu] - [__drawRectangleMarker] [log] [[<class 'Python.BackEnd.ROI.Main.ROI.ROI.ROI'>]]
[2024-10-24 16:41:18.750499] - [QlabelRightClickMenu] - [__drawRectangleMarker] [log] [[<class 'Python.BackEnd.ROI.Main.ROI.ROI.ROI'>]]
[2024-10-24 16:41:18.952752] - [QlabelRightClickMenu] - [__drawRectangleMarker] [log] [[<class 'Python.BackEnd.ROI.Main.ROI.ROI.ROI'>]]
[2024-10-24 16:41:19.134215] - [QlabelRightClickMenu] - [__drawRectangleMarker] [log] [[<class 'Python.BackEnd.ROI.Main.ROI.ROI.ROI'>]]
[2024-10-24 16:41:19.317162] - [QlabelRightClickMenu] - [__drawRectangleMarker] [log] [[<class 'Python.BackEnd.ROI.Main.ROI.ROI.ROI'>]]
[2024-10-24 16:41:19.500764] - [QlabelRightClickMenu] - [__drawRectangleMarker] [log] [[<class 'Python.BackEnd.ROI.Main.ROI.ROI.ROI'>]]
[2024-10-24 16:41:19.683038] - [QlabelRightClickMenu] - [__drawRectangleMarker] [log] [[<class 'Python.BackEnd.ROI.Main.ROI.ROI.ROI'>]]
[2024-10-24 16:41:19.878115] - [QlabelRightClickMenu] - [__drawRectangleMarker] [log] [[<class 'Python.BackEnd.ROI.Main.ROI.ROI.ROI'>]]
[2024-10-24 16:41:20.055991] - [QlabelRightClickMenu] - [__drawRectangleMarker] [log] [[<class 'Python.BackEnd.ROI.Main.ROI.ROI.ROI'>]]
[2024-10-24 16:41:20.232430] - [QlabelRightClickMenu] - [__drawRectangleMarker] [log] [[<class 'Python.BackEnd.ROI.Main.ROI.ROI.ROI'>]]
[2024-10-24 16:41:20.437401] - [QlabelRightClickMenu] - [__drawRectangleMarker] [log] [[<class 'Python.BackEnd.ROI.Main.ROI.ROI.ROI'>]]
[2024-10-24 16:41:20.616416] - [QlabelRightClickMenu] - [__drawRectangleMarker] [log] [[<class 'Python.BackEnd.ROI.Main.ROI.ROI.ROI'>]]
[2024-10-24 16:41:20.774567] - [QlabelRightClickMenu] - [__drawRectangleMarker] [log] [[<class 'Python.BackEnd.ROI.Main.ROI.ROI.ROI'>]]
[2024-10-24 16:41:20.931908] - [QlabelRightClickMenu] - [__drawRectangleMarker] [log] [[<class 'Python.BackEnd.ROI.Main.ROI.ROI.ROI'>]]
[2024-10-24 16:41:21.085400] - [QlabelRightClickMenu] - [__drawRectangleMarker] [log] [[<class 'Python.BackEnd.ROI.Main.ROI.ROI.ROI'>]]
[2024-10-24 16:41:21.235582] - [QlabelRightClickMenu] - [__drawRectangleMarker] [log] [[<class 'Python.BackEnd.ROI.Main.ROI.ROI.ROI'>]]
[2024-10-24 16:41:21.390973] - [QlabelRightClickMenu] - [__drawRectangleMarker] [log] [[<class 'Python.BackEnd.ROI.Main.ROI.ROI.ROI'>]]
[2024-10-24 16:41:21.543398] - [QlabelRightClickMenu] - [__drawRectangleMarker] [log] [[<class 'Python.BackEnd.ROI.Main.ROI.ROI.ROI'>]]
[2024-10-24 16:41:21.696701] - [QlabelRightClickMenu] - [__drawRectangleMarker] [log] [[<class 'Python.BackEnd.ROI.Main.ROI.ROI.ROI'>]]
[2024-10-24 16:41:21.861032] - [QlabelRightClickMenu] - [__drawRectangleMarker] [log] [[<class 'Python.BackEnd.ROI.Main.ROI.ROI.ROI'>]]
[2024-10-24 16:41:22.012291] - [QlabelRightClickMenu] - [__drawRectangleMarker] [log] [[<class 'Python.BackEnd.ROI.Main.ROI.ROI.ROI'>]]
[2024-10-24 16:41:22.166103] - [QlabelRightClickMenu] - [__drawRectangleMarker] [log] [[<class 'Python.BackEnd.ROI.Main.ROI.ROI.ROI'>]]
[2024-10-24 16:41:22.320851] - [QlabelRightClickMenu] - [__drawRectangleMarker] [log] [[<class 'Python.BackEnd.ROI.Main.ROI.ROI.ROI'>]]
[2024-10-24 16:41:22.476844] - [QlabelRightClickMenu] - [__drawRectangleMarker] [log] [[<class 'Python.BackEnd.ROI.Main.ROI.ROI.ROI'>]]
[2024-10-24 16:41:22.630462] - [QlabelRightClickMenu] - [__drawRectangleMarker] [log] [[<class 'Python.BackEnd.ROI.Main.ROI.ROI.ROI'>]]
[2024-10-24 16:41:22.784219] - [QlabelRightClickMenu] - [__drawRectangleMarker] [log] [[<class 'Python.BackEnd.ROI.Main.ROI.ROI.ROI'>]]
[2024-10-24 16:41:22.939258] - [QlabelRightClickMenu] - [__drawRectangleMarker] [log] [[<class 'Python.BackEnd.ROI.Main.ROI.ROI.ROI'>]]
[2024-10-24 16:41:23.091633] - [QlabelRightClickMenu] - [__drawRectangleMarker] [log] [[<class 'Python.BackEnd.ROI.Main.ROI.ROI.ROI'>]]
[2024-10-24 16:41:23.245136] - [QlabelRightClickMenu] - [__drawRectangleMarker] [log] [[<class 'Python.BackEnd.ROI.Main.ROI.ROI.ROI'>]]
[2024-10-24 16:41:23.398790] - [QlabelRightClickMenu] - [__drawRectangleMarker] [log] [[<class 'Python.BackEnd.ROI.Main.ROI.ROI.ROI'>]]
[2024-10-24 16:41:23.553708] - [QlabelRightClickMenu] - [__drawRectangleMarker] [log] [[<class 'Python.BackEnd.ROI.Main.ROI.ROI.ROI'>]]
[2024-10-24 16:41:23.709487] - [QlabelRightClickMenu] - [__drawRectangleMarker] [log] [[<class 'Python.BackEnd.ROI.Main.ROI.ROI.ROI'>]]
[2024-10-24 16:41:23.864531] - [QlabelRightClickMenu] - [__drawRectangleMarker] [log] [[<class 'Python.BackEnd.ROI.Main.ROI.ROI.ROI'>]]
[2024-10-24 16:41:24.021763] - [QlabelRightClickMenu] - [__drawRectangleMarker] [log] [[<class 'Python.BackEnd.ROI.Main.ROI.ROI.ROI'>]]
[2024-10-24 16:41:24.176107] - [QlabelRightClickMenu] - [__drawRectangleMarker] [log] [[<class 'Python.BackEnd.ROI.Main.ROI.ROI.ROI'>]]
[2024-10-24 16:41:24.327613] - [QlabelRightClickMenu] - [__drawRectangleMarker] [log] [[<class 'Python.BackEnd.ROI.Main.ROI.ROI.ROI'>]]
[2024-10-24 16:41:24.481688] - [QlabelRightClickMenu] - [__drawRectangleMarker] [log] [[<class 'Python.BackEnd.ROI.Main.ROI.ROI.ROI'>]]
[2024-10-24 16:41:24.636842] - [QlabelRightClickMenu] - [__drawRectangleMarker] [log] [[<class 'Python.BackEnd.ROI.Main.ROI.ROI.ROI'>]]
[2024-10-24 16:41:24.789303] - [QlabelRightClickMenu] - [__drawRectangleMarker] [log] [[<class 'Python.BackEnd.ROI.Main.ROI.ROI.ROI'>]]
[2024-10-24 16:41:24.945088] - [QlabelRightClickMenu] - [__drawRectangleMarker] [log] [[<class 'Python.BackEnd.ROI.Main.ROI.ROI.ROI'>]]
[2024-10-24 16:41:25.098469] - [QlabelRightClickMenu] - [__drawRectangleMarker] [log] [[<class 'Python.BackEnd.ROI.Main.ROI.ROI.ROI'>]]
[2024-10-24 16:41:25.250835] - [QlabelRightClickMenu] - [__drawRectangleMarker] [log] [[<class 'Python.BackEnd.ROI.Main.ROI.ROI.ROI'>]]
[2024-10-24 16:41:25.407575] - [QlabelRightClickMenu] - [__drawRectangleMarker] [log] [[<class 'Python.BackEnd.ROI.Main.ROI.ROI.ROI'>]]
[2024-10-24 16:41:25.558199] - [QlabelRightClickMenu] - [__drawRectangleMarker] [log] [[<class 'Python.BackEnd.ROI.Main.ROI.ROI.ROI'>]]
[2024-10-24 16:41:25.712074] - [QlabelRightClickMenu] - [__drawRectangleMarker] [log] [[<class 'Python.BackEnd.ROI.Main.ROI.ROI.ROI'>]]
[2024-10-24 16:41:25.864914] - [QlabelRightClickMenu] - [__drawRectangleMarker] [log] [[<class 'Python.BackEnd.ROI.Main.ROI.ROI.ROI'>]]
[2024-10-24 16:41:26.020067] - [QlabelRightClickMenu] - [__drawRectangleMarker] [log] [[<class 'Python.BackEnd.ROI.Main.ROI.ROI.ROI'>]]
[2024-10-24 16:41:26.172295] - [QlabelRightClickMenu] - [__drawRectangleMarker] [log] [[<class 'Python.BackEnd.ROI.Main.ROI.ROI.ROI'>]]
[2024-10-24 16:41:26.325267] - [QlabelRightClickMenu] - [__drawRectangleMarker] [log] [[<class 'Python.BackEnd.ROI.Main.ROI.ROI.ROI'>]]
[2024-10-24 16:41:26.481814] - [QlabelRightClickMenu] - [__drawRectangleMarker] [log] [[<class 'Python.BackEnd.ROI.Main.ROI.ROI.ROI'>]]
[2024-10-24 16:41:26.635633] - [QlabelRightClickMenu] - [__drawRectangleMarker] [log] [[<class 'Python.BackEnd.ROI.Main.ROI.ROI.ROI'>]]
[2024-10-24 16:41:26.789531] - [QlabelRightClickMenu] - [__drawRectangleMarker] [log] [[<class 'Python.BackEnd.ROI.Main.ROI.ROI.ROI'>]]
[2024-10-24 16:41:26.946661] - [QlabelRightClickMenu] - [__drawRectangleMarker] [log] [[<class 'Python.BackEnd.ROI.Main.ROI.ROI.ROI'>]]
[2024-10-24 16:41:27.099658] - [QlabelRightClickMenu] - [__drawRectangleMarker] [log] [[<class 'Python.BackEnd.ROI.Main.ROI.ROI.ROI'>]]
[2024-10-24 16:41:27.251892] - [QlabelRightClickMenu] - [__drawRectangleMarker] [log] [[<class 'Python.BackEnd.ROI.Main.ROI.ROI.ROI'>]]
[2024-10-24 16:41:27.403717] - [QlabelRightClickMenu] - [__drawRectangleMarker] [log] [[<class 'Python.BackEnd.ROI.Main.ROI.ROI.ROI'>]]
[2024-10-24 16:41:27.557279] - [QlabelRightClickMenu] - [__drawRectangleMarker] [log] [[<class 'Python.BackEnd.ROI.Main.ROI.ROI.ROI'>]]
[2024-10-24 16:41:27.720825] - [QlabelRightClickMenu] - [__drawRectangleMarker] [log] [[<class 'Python.BackEnd.ROI.Main.ROI.ROI.ROI'>]]
[2024-10-24 16:41:27.874950] - [QlabelRightClickMenu] - [__drawRectangleMarker] [log] [[<class 'Python.BackEnd.ROI.Main.ROI.ROI.ROI'>]]
[2024-10-24 16:41:28.028154] - [QlabelRightClickMenu] - [__drawRectangleMarker] [log] [[<class 'Python.BackEnd.ROI.Main.ROI.ROI.ROI'>]]
[2024-10-24 16:41:28.181251] - [QlabelRightClickMenu] - [__drawRectangleMarker] [log] [[<class 'Python.BackEnd.ROI.Main.ROI.ROI.ROI'>]]
[2024-10-24 16:41:28.332132] - [QlabelRightClickMenu] - [__drawRectangleMarker] [log] [[<class 'Python.BackEnd.ROI.Main.ROI.ROI.ROI'>]]
[2024-10-24 16:41:28.487243] - [QlabelRightClickMenu] - [__drawRectangleMarker] [log] [[<class 'Python.BackEnd.ROI.Main.ROI.ROI.ROI'>]]
[2024-10-24 16:41:28.651576] - [QlabelRightClickMenu] - [__drawRectangleMarker] [log] [[<class 'Python.BackEnd.ROI.Main.ROI.ROI.ROI'>]]
[2024-10-24 16:41:28.837352] - [QlabelRightClickMenu] - [__drawRectangleMarker] [log] [[<class 'Python.BackEnd.ROI.Main.ROI.ROI.ROI'>]]
[2024-10-24 16:41:29.000449] - [QlabelRightClickMenu] - [__drawRectangleMarker] [log] [[<class 'Python.BackEnd.ROI.Main.ROI.ROI.ROI'>]]
[2024-10-24 16:41:29.157476] - [QlabelRightClickMenu] - [__drawRectangleMarker] [log] [[<class 'Python.BackEnd.ROI.Main.ROI.ROI.ROI'>]]
[2024-10-24 16:41:29.313649] - [QlabelRightClickMenu] - [__drawRectangleMarker] [log] [[<class 'Python.BackEnd.ROI.Main.ROI.ROI.ROI'>]]
[2024-10-24 16:41:29.466653] - [QlabelRightClickMenu] - [__drawRectangleMarker] [log] [[<class 'Python.BackEnd.ROI.Main.ROI.ROI.ROI'>]]
[2024-10-24 16:41:29.620958] - [QlabelRightClickMenu] - [__drawRectangleMarker] [log] [[<class 'Python.BackEnd.ROI.Main.ROI.ROI.ROI'>]]
[2024-10-24 16:41:29.773707] - [QlabelRightClickMenu] - [__drawRectangleMarker] [log] [[<class 'Python.BackEnd.ROI.Main.ROI.ROI.ROI'>]]
[2024-10-24 16:41:29.926028] - [QlabelRightClickMenu] - [__drawRectangleMarker] [log] [[<class 'Python.BackEnd.ROI.Main.ROI.ROI.ROI'>]]
[2024-10-24 16:41:30.087892] - [QlabelRightClickMenu] - [__drawRectangleMarker] [log] [[<class 'Python.BackEnd.ROI.Main.ROI.ROI.ROI'>]]
[2024-10-24 16:41:30.240652] - [QlabelRightClickMenu] - [__drawRectangleMarker] [log] [[<class 'Python.BackEnd.ROI.Main.ROI.ROI.ROI'>]]
[2024-10-24 16:41:30.393036] - [QlabelRightClickMenu] - [__drawRectangleMarker] [log] [[<class 'Python.BackEnd.ROI.Main.ROI.ROI.ROI'>]]
[2024-10-24 16:41:30.545124] - [QlabelRightClickMenu] - [__drawRectangleMarker] [log] [[<class 'Python.BackEnd.ROI.Main.ROI.ROI.ROI'>]]
[2024-10-24 16:41:30.700063] - [QlabelRightClickMenu] - [__drawRectangleMarker] [log] [[<class 'Python.BackEnd.ROI.Main.ROI.ROI.ROI'>]]
[2024-10-24 16:41:30.853306] - [QlabelRightClickMenu] - [__drawRectangleMarker] [log] [[<class 'Python.BackEnd.ROI.Main.ROI.ROI.ROI'>]]
[2024-10-24 16:41:31.004196] - [QlabelRightClickMenu] - [__drawRectangleMarker] [log] [[<class 'Python.BackEnd.ROI.Main.ROI.ROI.ROI'>]]
[2024-10-24 16:41:31.159231] - [QlabelRightClickMenu] - [__drawRectangleMarker] [log] [[<class 'Python.BackEnd.ROI.Main.ROI.ROI.ROI'>]]
[2024-10-24 16:41:31.311196] - [QlabelRightClickMenu] - [__drawRectangleMarker] [log] [[<class 'Python.BackEnd.ROI.Main.ROI.ROI.ROI'>]]
[2024-10-24 16:41:31.462916] - [QlabelRightClickMenu] - [__drawRectangleMarker] [log] [[<class 'Python.BackEnd.ROI.Main.ROI.ROI.ROI'>]]
[2024-10-24 16:41:31.618871] - [QlabelRightClickMenu] - [__drawRectangleMarker] [log] [[<class 'Python.BackEnd.ROI.Main.ROI.ROI.ROI'>]]
[2024-10-24 16:41:31.775174] - [QlabelRightClickMenu] - [__drawRectangleMarker] [log] [[<class 'Python.BackEnd.ROI.Main.ROI.ROI.ROI'>]]
[2024-10-24 16:41:31.926984] - [QlabelRightClickMenu] - [__drawRectangleMarker] [log] [[<class 'Python.BackEnd.ROI.Main.ROI.ROI.ROI'>]]
[2024-10-24 16:41:32.081220] - [QlabelRightClickMenu] - [__drawRectangleMarker] [log] [[<class 'Python.BackEnd.ROI.Main.ROI.ROI.ROI'>]]
[2024-10-24 16:41:32.236063] - [QlabelRightClickMenu] - [__drawRectangleMarker] [log] [[<class 'Python.BackEnd.ROI.Main.ROI.ROI.ROI'>]]
[2024-10-24 16:41:32.389022] - [QlabelRightClickMenu] - [__drawRectangleMarker] [log] [[<class 'Python.BackEnd.ROI.Main.ROI.ROI.ROI'>]]
[2024-10-24 16:41:32.541506] - [QlabelRightClickMenu] - [__drawRectangleMarker] [log] [[<class 'Python.BackEnd.ROI.Main.ROI.ROI.ROI'>]]
[2024-10-24 16:41:32.696106] - [QlabelRightClickMenu] - [__drawRectangleMarker] [log] [[<class 'Python.BackEnd.ROI.Main.ROI.ROI.ROI'>]]
[2024-10-24 16:41:32.849002] - [QlabelRightClickMenu] - [__drawRectangleMarker] [log] [[<class 'Python.BackEnd.ROI.Main.ROI.ROI.ROI'>]]
[2024-10-24 16:41:33.000152] - [QlabelRightClickMenu] - [__drawRectangleMarker] [log] [[<class 'Python.BackEnd.ROI.Main.ROI.ROI.ROI'>]]
[2024-10-24 16:41:33.156908] - [QlabelRightClickMenu] - [__drawRectangleMarker] [log] [[<class 'Python.BackEnd.ROI.Main.ROI.ROI.ROI'>]]
[2024-10-24 16:41:33.310291] - [QlabelRightClickMenu] - [__drawRectangleMarker] [log] [[<class 'Python.BackEnd.ROI.Main.ROI.ROI.ROI'>]]
[2024-10-24 16:41:33.461057] - [QlabelRightClickMenu] - [__drawRectangleMarker] [log] [[<class 'Python.BackEnd.ROI.Main.ROI.ROI.ROI'>]]
[2024-10-24 16:41:33.613671] - [QlabelRightClickMenu] - [__drawRectangleMarker] [log] [[<class 'Python.BackEnd.ROI.Main.ROI.ROI.ROI'>]]
[2024-10-24 16:41:33.775709] - [QlabelRightClickMenu] - [__drawRectangleMarker] [log] [[<class 'Python.BackEnd.ROI.Main.ROI.ROI.ROI'>]]
[2024-10-24 16:41:33.931050] - [QlabelRightClickMenu] - [__drawRectangleMarker] [log] [[<class 'Python.BackEnd.ROI.Main.ROI.ROI.ROI'>]]
[2024-10-24 16:41:34.088508] - [QlabelRightClickMenu] - [__drawRectangleMarker] [log] [[<class 'Python.BackEnd.ROI.Main.ROI.ROI.ROI'>]]
[2024-10-24 16:41:34.243099] - [QlabelRightClickMenu] - [__drawRectangleMarker] [log] [[<class 'Python.BackEnd.ROI.Main.ROI.ROI.ROI'>]]
[2024-10-24 16:41:34.395466] - [QlabelRightClickMenu] - [__drawRectangleMarker] [log] [[<class 'Python.BackEnd.ROI.Main.ROI.ROI.ROI'>]]
[2024-10-24 16:41:34.551053] - [QlabelRightClickMenu] - [__drawRectangleMarker] [log] [[<class 'Python.BackEnd.ROI.Main.ROI.ROI.ROI'>]]
[2024-10-24 16:41:34.707914] - [QlabelRightClickMenu] - [__drawRectangleMarker] [log] [[<class 'Python.BackEnd.ROI.Main.ROI.ROI.ROI'>]]
[2024-10-24 16:41:34.861840] - [QlabelRightClickMenu] - [__drawRectangleMarker] [log] [[<class 'Python.BackEnd.ROI.Main.ROI.ROI.ROI'>]]
[2024-10-24 16:41:35.023185] - [QlabelRightClickMenu] - [__drawRectangleMarker] [log] [[<class 'Python.BackEnd.ROI.Main.ROI.ROI.ROI'>]]
[2024-10-24 16:41:35.179687] - [QlabelRightClickMenu] - [__drawRectangleMarker] [log] [[<class 'Python.BackEnd.ROI.Main.ROI.ROI.ROI'>]]
[2024-10-24 16:41:35.333885] - [QlabelRightClickMenu] - [__drawRectangleMarker] [log] [[<class 'Python.BackEnd.ROI.Main.ROI.ROI.ROI'>]]
[2024-10-24 16:41:35.493937] - [QlabelRightClickMenu] - [__drawRectangleMarker] [log] [[<class 'Python.BackEnd.ROI.Main.ROI.ROI.ROI'>]]
[2024-10-24 16:41:35.661774] - [QlabelRightClickMenu] - [__drawRectangleMarker] [log] [[<class 'Python.BackEnd.ROI.Main.ROI.ROI.ROI'>]]
[2024-10-24 16:41:35.820653] - [QlabelRightClickMenu] - [__drawRectangleMarker] [log] [[<class 'Python.BackEnd.ROI.Main.ROI.ROI.ROI'>]]
[2024-10-24 16:41:35.975056] - [QlabelRightClickMenu] - [__drawRectangleMarker] [log] [[<class 'Python.BackEnd.ROI.Main.ROI.ROI.ROI'>]]
[2024-10-24 16:41:36.127059] - [QlabelRightClickMenu] - [__drawRectangleMarker] [log] [[<class 'Python.BackEnd.ROI.Main.ROI.ROI.ROI'>]]
[2024-10-24 16:41:36.282694] - [QlabelRightClickMenu] - [__drawRectangleMarker] [log] [[<class 'Python.BackEnd.ROI.Main.ROI.ROI.ROI'>]]
[2024-10-24 16:41:36.434523] - [QlabelRightClickMenu] - [__drawRectangleMarker] [log] [[<class 'Python.BackEnd.ROI.Main.ROI.ROI.ROI'>]]
[2024-10-24 16:41:36.588927] - [QlabelRightClickMenu] - [__drawRectangleMarker] [log] [[<class 'Python.BackEnd.ROI.Main.ROI.ROI.ROI'>]]
[2024-10-24 16:41:36.741784] - [QlabelRightClickMenu] - [__drawRectangleMarker] [log] [[<class 'Python.BackEnd.ROI.Main.ROI.ROI.ROI'>]]
[2024-10-24 16:41:36.896490] - [QlabelRightClickMenu] - [__drawRectangleMarker] [log] [[<class 'Python.BackEnd.ROI.Main.ROI.ROI.ROI'>]]
[2024-10-24 16:41:37.049992] - [QlabelRightClickMenu] - [__drawRectangleMarker] [log] [[<class 'Python.BackEnd.ROI.Main.ROI.ROI.ROI'>]]
[2024-10-24 16:41:37.206614] - [QlabelRightClickMenu] - [__drawRectangleMarker] [log] [[<class 'Python.BackEnd.ROI.Main.ROI.ROI.ROI'>]]
[2024-10-24 16:41:37.368237] - [QlabelRightClickMenu] - [__drawRectangleMarker] [log] [[<class 'Python.BackEnd.ROI.Main.ROI.ROI.ROI'>]]
[2024-10-24 16:41:37.546302] - [QlabelRightClickMenu] - [__drawRectangleMarker] [log] [[<class 'Python.BackEnd.ROI.Main.ROI.ROI.ROI'>]]
[2024-10-24 16:41:37.715476] - [QlabelRightClickMenu] - [__drawRectangleMarker] [log] [[<class 'Python.BackEnd.ROI.Main.ROI.ROI.ROI'>]]
[2024-10-24 16:41:37.869255] - [QlabelRightClickMenu] - [__drawRectangleMarker] [log] [[<class 'Python.BackEnd.ROI.Main.ROI.ROI.ROI'>]]
[2024-10-24 16:41:38.100265] - [QlabelRightClickMenu] - [__drawRectangleMarker] [log] [[<class 'Python.BackEnd.ROI.Main.ROI.ROI.ROI'>]]
[2024-10-24 16:41:38.262657] - [QlabelRightClickMenu] - [__drawRectangleMarker] [log] [[<class 'Python.BackEnd.ROI.Main.ROI.ROI.ROI'>]]
[2024-10-24 16:41:38.428580] - [QlabelRightClickMenu] - [__drawRectangleMarker] [log] [[<class 'Python.BackEnd.ROI.Main.ROI.ROI.ROI'>]]
[2024-10-24 16:41:38.596437] - [QlabelRightClickMenu] - [__drawRectangleMarker] [log] [[<class 'Python.BackEnd.ROI.Main.ROI.ROI.ROI'>]]
[2024-10-24 16:41:38.608406] - [AbstractManipulator] - [close] [Warning] [['Abstract Methode']]
