[2024-01-26 17:02:13.712995] - [MainWindow] - [_logImportant] [log] [['####################################################################################################']]
[2024-01-26 17:02:14.034052] - [MainWindow] - [_logImportant] [log] [['######################################### Program Starting ##########################################']]
[2024-01-26 17:02:14.035703] - [MainWindow] - [_logImportant] [log] [['####################################################################################################']]
[2024-01-26 17:02:19.715078] - [m] - [main] [ERROR] [[FileNotFoundError("Could not find module 'C:\\Program Files\\PollsampleX\\Config\\Dlls\\ACSCL_x64.dll' (or one of its dependencies). Try using the full path with constructor syntax.")]]
[2024-01-26 17:02:19.718123] - [m] - [main] [ERROR] [[['logError', 'main', '<module>']]]
[2024-01-26 17:02:19.719201] - [m] - [main] [Warning] [['ERROR During program runing trying to save ROI list']]
[2024-01-26 17:02:19.720203] - [m] - [trySavingRoiList] [Warning] [['ERROR During program runing unable to save ROI list']]
[2024-01-26 17:02:55.610079] - [MainWindow] - [_logImportant] [log] [['####################################################################################################']]
[2024-01-26 17:02:55.954040] - [MainWindow] - [_logImportant] [log] [['######################################### Program Starting ##########################################']]
[2024-01-26 17:02:55.955584] - [MainWindow] - [_logImportant] [log] [['####################################################################################################']]
[2024-01-26 17:03:01.498420] - [AbstractManipulator] - [getCurrentPosition] [Warning] [['Abstract Methode']]
[2024-01-26 17:03:01.503493] - [AbstractManipulator] - [getCurrentPosition] [Warning] [['Abstract Methode']]
[2024-01-26 17:03:01.506680] - [AbstractManipulator] - [getCurrentPosition] [Warning] [['Abstract Methode']]
[2024-01-26 17:03:01.519112] - [m] - [main] [ERROR] [[FileNotFoundError(2, 'No such file or directory')]]
[2024-01-26 17:03:01.521116] - [m] - [main] [ERROR] [[['logError', 'main', '<module>']]]
[2024-01-26 17:03:01.522636] - [m] - [main] [Warning] [['ERROR During program runing trying to save ROI list']]
[2024-01-26 17:03:01.523636] - [m] - [trySavingRoiList] [Warning] [['ERROR During program runing unable to save ROI list']]
[2024-01-26 17:08:49.273555] - [MainWindow] - [_logImportant] [log] [['####################################################################################################']]
[2024-01-26 17:08:49.544420] - [MainWindow] - [_logImportant] [log] [['######################################### Program Starting ##########################################']]
[2024-01-26 17:08:49.547621] - [MainWindow] - [_logImportant] [log] [['####################################################################################################']]
[2024-01-26 17:08:54.803740] - [AbstractManipulator] - [getCurrentPosition] [Warning] [['Abstract Methode']]
[2024-01-26 17:08:54.808439] - [AbstractManipulator] - [getCurrentPosition] [Warning] [['Abstract Methode']]
[2024-01-26 17:08:54.811547] - [AbstractManipulator] - [getCurrentPosition] [Warning] [['Abstract Methode']]
[2024-01-26 17:08:54.816057] - [m] - [main] [ERROR] [[FileNotFoundError(2, 'No such file or directory')]]
[2024-01-26 17:08:54.818057] - [m] - [main] [ERROR] [[['logError', 'main', '<module>']]]
[2024-01-26 17:08:54.819058] - [m] - [main] [Warning] [['ERROR During program runing trying to save ROI list']]
[2024-01-26 17:08:54.820057] - [m] - [trySavingRoiList] [Warning] [['ERROR During program runing unable to save ROI list']]
[2024-01-26 17:09:03.802554] - [MainWindow] - [_logImportant] [log] [['####################################################################################################']]
[2024-01-26 17:09:04.229104] - [MainWindow] - [_logImportant] [log] [['######################################### Program Starting ##########################################']]
[2024-01-26 17:09:04.237156] - [MainWindow] - [_logImportant] [log] [['####################################################################################################']]
[2024-01-26 17:09:09.428851] - [AbstractManipulator] - [getCurrentPosition] [Warning] [['Abstract Methode']]
[2024-01-26 17:09:09.435857] - [AbstractManipulator] - [getCurrentPosition] [Warning] [['Abstract Methode']]
[2024-01-26 17:09:09.443861] - [AbstractManipulator] - [getCurrentPosition] [Warning] [['Abstract Methode']]
[2024-01-26 17:09:09.459864] - [m] - [main] [ERROR] [[FileNotFoundError(2, 'No such file or directory')]]
[2024-01-26 17:09:09.467864] - [m] - [main] [ERROR] [[['logError', 'main', '<module>', 'execfile', '_exec', 'run', 'main', '<module>']]]
[2024-01-26 17:09:09.467864] - [m] - [main] [Warning] [['ERROR During program runing trying to save ROI list']]
[2024-01-26 17:09:09.475865] - [m] - [trySavingRoiList] [Warning] [['ERROR During program runing unable to save ROI list']]
[2024-01-26 17:11:45.876009] - [MainWindow] - [_logImportant] [log] [['####################################################################################################']]
[2024-01-26 17:11:46.172730] - [MainWindow] - [_logImportant] [log] [['######################################### Program Starting ##########################################']]
[2024-01-26 17:11:46.174360] - [MainWindow] - [_logImportant] [log] [['####################################################################################################']]
[2024-01-26 17:11:51.643490] - [AbstractManipulator] - [getCurrentPosition] [Warning] [['Abstract Methode']]
[2024-01-26 17:11:51.648076] - [AbstractManipulator] - [getCurrentPosition] [Warning] [['Abstract Methode']]
[2024-01-26 17:11:51.652159] - [AbstractManipulator] - [getCurrentPosition] [Warning] [['Abstract Methode']]
[2024-01-26 17:11:53.524583] - [MainWindow] - [togle] [log] [[[60.0, 90.0, 60.0, 90.0, 'pole 0']]]
[2024-01-26 17:11:59.826222] - [AbstractManipulator] - [close] [Warning] [['Abstract Methode']]
[2024-01-26 17:11:59.830222] - [AbstractManipulator] - [close] [Warning] [['Abstract Methode']]
[2024-01-26 17:11:59.834224] - [AbstractManipulator] - [close] [Warning] [['Abstract Methode']]
[2024-01-26 17:12:29.115297] - [MainWindow] - [_logImportant] [log] [['####################################################################################################']]
[2024-01-26 17:12:29.563517] - [MainWindow] - [_logImportant] [log] [['######################################### Program Starting ##########################################']]
[2024-01-26 17:12:29.565279] - [MainWindow] - [_logImportant] [log] [['####################################################################################################']]
[2024-01-26 17:12:35.048164] - [AbstractManipulator] - [getCurrentPosition] [Warning] [['Abstract Methode']]
[2024-01-26 17:12:35.054689] - [AbstractManipulator] - [getCurrentPosition] [Warning] [['Abstract Methode']]
[2024-01-26 17:12:35.064029] - [AbstractManipulator] - [getCurrentPosition] [Warning] [['Abstract Methode']]
[2024-01-26 17:12:36.190865] - [ManipulatorInterfere] - [autoFokus] [log] [[ message: Optimization terminated successfully.
 success: True
  status: 1
     fun: -59155311320.56461
       x: [ 1.000e+00]
    nfev: 4
   maxcv: 0.0]]
[2024-01-26 17:12:36.744790] - [MainWindow] - [togle] [log] [[[60.0, 90.0, 60.0, 90.0, 'pole 0']]]
[2024-01-26 17:12:42.283096] - [AbstractManipulator] - [close] [Warning] [['Abstract Methode']]
[2024-01-26 17:12:42.290341] - [AbstractManipulator] - [close] [Warning] [['Abstract Methode']]
[2024-01-26 17:12:42.297494] - [AbstractManipulator] - [close] [Warning] [['Abstract Methode']]
[2024-01-26 17:15:51.741124] - [MainWindow] - [_logImportant] [log] [['####################################################################################################']]
[2024-01-26 17:15:52.191505] - [MainWindow] - [_logImportant] [log] [['######################################### Program Starting ##########################################']]
[2024-01-26 17:15:52.201173] - [MainWindow] - [_logImportant] [log] [['####################################################################################################']]
[2024-01-26 17:15:57.643863] - [AbstractManipulator] - [getCurrentPosition] [Warning] [['Abstract Methode']]
[2024-01-26 17:15:57.654374] - [AbstractManipulator] - [getCurrentPosition] [Warning] [['Abstract Methode']]
[2024-01-26 17:15:57.662695] - [AbstractManipulator] - [getCurrentPosition] [Warning] [['Abstract Methode']]
[2024-01-26 17:15:58.809637] - [ManipulatorInterfere] - [autoFokus] [log] [['Optimization terminated successfully.']]
[2024-01-26 17:15:59.351172] - [MainWindow] - [togle] [log] [[[60.0, 90.0, 60.0, 90.0, 'pole 0']]]
[2024-01-26 17:16:04.866658] - [AbstractManipulator] - [close] [Warning] [['Abstract Methode']]
[2024-01-26 17:16:04.878375] - [AbstractManipulator] - [close] [Warning] [['Abstract Methode']]
[2024-01-26 17:16:04.885628] - [AbstractManipulator] - [close] [Warning] [['Abstract Methode']]
[2024-01-26 17:17:11.004099] - [MainWindow] - [_logImportant] [log] [['####################################################################################################']]
[2024-01-26 17:17:11.271739] - [MainWindow] - [_logImportant] [log] [['######################################### Program Starting ##########################################']]
[2024-01-26 17:17:11.273549] - [MainWindow] - [_logImportant] [log] [['####################################################################################################']]
[2024-01-26 17:17:16.574150] - [AbstractManipulator] - [getCurrentPosition] [Warning] [['Abstract Methode']]
[2024-01-26 17:17:16.578953] - [AbstractManipulator] - [getCurrentPosition] [Warning] [['Abstract Methode']]
[2024-01-26 17:17:16.582017] - [AbstractManipulator] - [getCurrentPosition] [Warning] [['Abstract Methode']]
[2024-01-26 17:17:17.711922] - [ManipulatorInterfere] - [autoFokus] [log] [['Optimization terminated successfully.']]
[2024-01-26 17:17:18.223904] - [MainWindow] - [togle] [log] [[[60.0, 90.0, 60.0, 90.0, 'pole 0']]]
[2024-01-26 17:17:23.286086] - [AbstractManipulator] - [close] [Warning] [['Abstract Methode']]
[2024-01-26 17:17:23.289743] - [AbstractManipulator] - [close] [Warning] [['Abstract Methode']]
[2024-01-26 17:17:23.293086] - [AbstractManipulator] - [close] [Warning] [['Abstract Methode']]
[2024-01-26 17:24:43.622601] - [MainWindow] - [_logImportant] [log] [['####################################################################################################']]
[2024-01-26 17:24:44.069020] - [MainWindow] - [_logImportant] [log] [['######################################### Program Starting ##########################################']]
[2024-01-26 17:24:44.072292] - [MainWindow] - [_logImportant] [log] [['####################################################################################################']]
[2024-01-26 17:24:44.099773] - [m] - [main] [ERROR] [[AttributeError("'MainWindow' object has no attribute 'manipulatorInterferes'")]]
[2024-01-26 17:24:44.108466] - [m] - [main] [ERROR] [[['logError', 'main', '<module>', 'execfile', '_exec', 'run', 'main', '<module>']]]
[2024-01-26 17:24:44.108466] - [m] - [main] [Warning] [['ERROR During program runing trying to save ROI list']]
[2024-01-26 17:24:44.118768] - [m] - [trySavingRoiList] [Warning] [['ERROR During program runing unable to save ROI list']]
[2024-01-26 17:25:03.453915] - [MainWindow] - [_logImportant] [log] [['####################################################################################################']]
[2024-01-26 17:25:03.896899] - [MainWindow] - [_logImportant] [log] [['######################################### Program Starting ##########################################']]
[2024-01-26 17:25:03.904900] - [MainWindow] - [_logImportant] [log] [['####################################################################################################']]
[2024-01-26 17:25:03.921679] - [m] - [main] [ERROR] [[AttributeError("'NoneType' object has no attribute 'autoFokus'")]]
[2024-01-26 17:25:03.929473] - [m] - [main] [ERROR] [[['logError', 'main', '<module>', 'execfile', '_exec', 'run', 'main', '<module>']]]
[2024-01-26 17:25:03.937762] - [m] - [main] [Warning] [['ERROR During program runing trying to save ROI list']]
[2024-01-26 17:25:03.937762] - [m] - [trySavingRoiList] [Warning] [['ERROR During program runing unable to save ROI list']]
[2024-01-26 17:25:49.417253] - [MainWindow] - [_logImportant] [log] [['####################################################################################################']]
[2024-01-26 17:25:49.867583] - [MainWindow] - [_logImportant] [log] [['######################################### Program Starting ##########################################']]
[2024-01-26 17:25:49.877604] - [MainWindow] - [_logImportant] [log] [['####################################################################################################']]
[2024-01-26 17:25:55.380899] - [AbstractManipulator] - [getCurrentPosition] [Warning] [['Abstract Methode']]
[2024-01-26 17:25:55.394419] - [AbstractManipulator] - [getCurrentPosition] [Warning] [['Abstract Methode']]
[2024-01-26 17:25:55.402454] - [AbstractManipulator] - [getCurrentPosition] [Warning] [['Abstract Methode']]
[2024-01-26 17:25:56.564227] - [ManipulatorInterfere] - [autoFokus] [log] [['Optimization terminated successfully.']]
[2024-01-26 17:25:57.105058] - [MainWindow] - [togle] [log] [[[60.0, 90.0, 60.0, 90.0, 'pole 0']]]
[2024-01-26 17:26:03.288058] - [ManipulatorInterfere] - [autoFokus] [log] [['Optimization terminated successfully.']]
[2024-01-26 17:26:10.237218] - [AbstractManipulator] - [close] [Warning] [['Abstract Methode']]
[2024-01-26 17:26:10.246220] - [AbstractManipulator] - [close] [Warning] [['Abstract Methode']]
[2024-01-26 17:26:10.254222] - [AbstractManipulator] - [close] [Warning] [['Abstract Methode']]
[2024-01-26 17:43:33.476057] - [MainWindow] - [_logImportant] [log] [['####################################################################################################']]
[2024-01-26 17:43:33.918207] - [MainWindow] - [_logImportant] [log] [['######################################### Program Starting ##########################################']]
[2024-01-26 17:43:33.923523] - [MainWindow] - [_logImportant] [log] [['####################################################################################################']]
[2024-01-26 17:43:39.402619] - [AbstractManipulator] - [getCurrentPosition] [Warning] [['Abstract Methode']]
[2024-01-26 17:43:39.412300] - [AbstractManipulator] - [getCurrentPosition] [Warning] [['Abstract Methode']]
[2024-01-26 17:43:39.420579] - [AbstractManipulator] - [getCurrentPosition] [Warning] [['Abstract Methode']]
[2024-01-26 17:43:40.547799] - [ManipulatorInterfere] - [autoFokus] [log] [['Optimization terminated successfully.']]
[2024-01-26 17:43:41.088946] - [MainWindow] - [togle] [log] [[[60.0, 90.0, 60.0, 90.0, 'pole 0']]]
[2024-01-26 17:43:44.931307] - [MapWindow] - [__workFilledMovementMap] [log] [['cameraX: 1920 offsetx: 297.0']]
[2024-01-26 17:43:44.939326] - [MapWindow] - [__workFilledMovementMap] [log] [['cameraY: 1080 offsety: 245.0']]
[2024-01-26 17:43:44.947327] - [MapWindow] - [__workFilledMovementMap] [log] [['krok po Y 4.408163265306122 krok po X 6.4646464646464645']]
[2024-01-26 17:43:44.955335] - [MapWindow] - [__workFilledMovementMap] [log] [["Fild Params [60.0, 90.0, 60.0, 90.0, 'pole 0']"]]
[2024-01-26 17:43:44.963329] - [MapWindow] - [__workFilledMovementMap] [log] [['Movement Map:']]
[2024-01-26 17:43:44.971329] - [MapWindow] - [__workFilledMovementMap] [log] [[[[(60.0, 60.0), (60.0, 66.46464646464646), (60.0, 72.92929292929293), (60.0, 79.39393939393939), (60.0, 85.85858585858585), (60.0, 92.32323232323232)], [(64.40816326530611, 60.0), (64.40816326530611, 66.46464646464646), (64.40816326530611, 72.92929292929293), (64.40816326530611, 79.39393939393939), (64.40816326530611, 85.85858585858585), (64.40816326530611, 92.32323232323232)], [(68.81632653061223, 60.0), (68.81632653061223, 66.46464646464646), (68.81632653061223, 72.92929292929293), (68.81632653061223, 79.39393939393939), (68.81632653061223, 85.85858585858585), (68.81632653061223, 92.32323232323232)], [(73.22448979591834, 60.0), (73.22448979591834, 66.46464646464646), (73.22448979591834, 72.92929292929293), (73.22448979591834, 79.39393939393939), (73.22448979591834, 85.85858585858585), (73.22448979591834, 92.32323232323232)], [(77.63265306122446, 60.0), (77.63265306122446, 66.46464646464646), (77.63265306122446, 72.92929292929293), (77.63265306122446, 79.39393939393939), (77.63265306122446, 85.85858585858585), (77.63265306122446, 92.32323232323232)], [(82.04081632653057, 60.0), (82.04081632653057, 66.46464646464646), (82.04081632653057, 72.92929292929293), (82.04081632653057, 79.39393939393939), (82.04081632653057, 85.85858585858585), (82.04081632653057, 92.32323232323232)], [(86.44897959183669, 60.0), (86.44897959183669, 66.46464646464646), (86.44897959183669, 72.92929292929293), (86.44897959183669, 79.39393939393939), (86.44897959183669, 85.85858585858585), (86.44897959183669, 92.32323232323232)], [(90.8571428571428, 60.0), (90.8571428571428, 66.46464646464646), (90.8571428571428, 72.92929292929293), (90.8571428571428, 79.39393939393939), (90.8571428571428, 85.85858585858585), (90.8571428571428, 92.32323232323232)]]]]
[2024-01-26 17:43:44.979330] - [MapWindow] - [__mapScalle] [log] [['work filld size in mm [30.0, 30.0]']]
[2024-01-26 17:43:44.979330] - [MapWindow] - [__mapScalle] [log] [['real map size in mm [36.464646464646464, 34.40816326530612]']]
[2024-01-26 17:43:44.987856] - [MapWindow] - [__mapScalle] [log] [['real map size in px [10830.0, 8430.0]']]
[2024-01-26 17:43:44.995880] - [MapWindow] - [__mapScalle] [log] [['scala: 6.635375784803417']]
[2024-01-26 17:43:45.003881] - [MapWindow] - [__mapScalle] [log] [['scaled map size in px [1632, 1270]']]
[2024-01-26 17:43:45.011882] - [MapWindow] - [__init__] [log] [['scaledCameraFrameSize [289, 162]']]
[2024-01-26 17:43:45.051887] - [FunWorker] - [run] [log] [['[THREAD FUN]  START isMapReadi']]
[2024-01-26 17:43:45.051887] - [FunWorkerAsync] - [run] [log] [['[THREAD FUN] - [FunWorker] START mapCreate']]
[2024-01-26 17:43:46.161969] - [MapWindow] - [moveManipulator] [log] [['x: 60.0']]
[2024-01-26 17:43:47.425379] - [MapWindow] - [moveManipulator] [log] [['y: 60.0']]
[2024-01-26 17:43:48.042771] - [AbstractManipulator] - [waitForTarget] [Warning] [['Abstract Methode']]
[2024-01-26 17:43:48.706601] - [MapWindow] - [mapCreate] [log] [['[0, 0], (7, 5)']]
[2024-01-26 17:43:49.442957] - [MapWindow] - [addFrame] [log] [['Mozaik Fragment shape (162, 289, 3)']]
[2024-01-26 17:43:49.655912] - [MapWindow] - [addFrame] [log] [['photo shape (162, 289, 3)']]
[2024-01-26 17:43:49.944639] - [MapWindow] - [moveManipulator] [log] [['x: 66.46464646464646']]
[2024-01-26 17:43:50.087328] - [MapWindow] - [moveManipulator] [log] [['y: 60.0']]
[2024-01-26 17:43:50.368977] - [AbstractManipulator] - [waitForTarget] [Warning] [['Abstract Methode']]
[2024-01-26 17:43:50.377978] - [MapWindow] - [mapCreate] [log] [['[0, 1], (7, 5)']]
[2024-01-26 17:43:50.934306] - [MapWindow] - [addFrame] [log] [['Mozaik Fragment shape (162, 289, 3)']]
[2024-01-26 17:43:51.215087] - [MapWindow] - [addFrame] [log] [['photo shape (162, 289, 3)']]
[2024-01-26 17:43:51.458729] - [MapWindow] - [moveManipulator] [log] [['x: 72.92929292929293']]
[2024-01-26 17:43:52.215863] - [MapWindow] - [moveManipulator] [log] [['y: 60.0']]
[2024-01-26 17:43:53.113597] - [AbstractManipulator] - [waitForTarget] [Warning] [['Abstract Methode']]
[2024-01-26 17:43:53.844643] - [MapWindow] - [mapCreate] [log] [['[0, 2], (7, 5)']]
[2024-01-26 17:43:54.726377] - [MapWindow] - [addFrame] [log] [['Mozaik Fragment shape (162, 289, 3)']]
[2024-01-26 17:43:55.605889] - [MapWindow] - [addFrame] [log] [['photo shape (162, 289, 3)']]
[2024-01-26 17:43:55.614219] - [MapWindow] - [moveManipulator] [log] [['x: 79.39393939393939']]
[2024-01-26 17:43:55.942819] - [MapWindow] - [moveManipulator] [log] [['y: 60.0']]
[2024-01-26 17:43:56.739988] - [AbstractManipulator] - [waitForTarget] [Warning] [['Abstract Methode']]
[2024-01-26 17:43:57.696587] - [MapWindow] - [mapCreate] [log] [['[0, 3], (7, 5)']]
[2024-01-26 17:43:59.218751] - [MapWindow] - [addFrame] [log] [['Mozaik Fragment shape (162, 289, 3)']]
[2024-01-26 17:43:59.571562] - [MapWindow] - [addFrame] [log] [['photo shape (162, 289, 3)']]
[2024-01-26 17:43:59.976234] - [MapWindow] - [moveManipulator] [log] [['x: 85.85858585858585']]
[2024-01-26 17:44:00.498140] - [MapWindow] - [moveManipulator] [log] [['y: 60.0']]
[2024-01-26 17:44:00.755108] - [AbstractManipulator] - [waitForTarget] [Warning] [['Abstract Methode']]
[2024-01-26 17:44:01.006460] - [MapWindow] - [mapCreate] [log] [['[0, 4], (7, 5)']]
[2024-01-26 17:44:02.386397] - [MapWindow] - [addFrame] [log] [['Mozaik Fragment shape (162, 114, 3)']]
[2024-01-26 17:44:03.280355] - [MapWindow] - [addFrame] [log] [['photo shape (162, 289, 3)']]
[2024-01-26 17:44:03.393716] - [MapWindow] - [addFrame] [log] [['Frame need chopping']]
[2024-01-26 17:44:03.720088] - [MapWindow] - [addFrame] [log] [['Decoded frame size 162, 114, 3']]
[2024-01-26 17:44:04.464555] - [MapWindow] - [addFrame] [log] [['Mozaik Fragment shape (162, 114, 3)']]
[2024-01-26 17:44:05.036739] - [MapWindow] - [addFrame] [log] [['photo shape (162, 114, 3)']]
[2024-01-26 17:44:05.045006] - [MapWindow] - [moveManipulator] [log] [['x: 92.32323232323232']]
[2024-01-26 17:44:05.503724] - [MapWindow] - [moveManipulator] [log] [['y: 60.0']]
[2024-01-26 17:44:06.283532] - [AbstractManipulator] - [waitForTarget] [Warning] [['Abstract Methode']]
[2024-01-26 17:44:07.217008] - [MapWindow] - [mapCreate] [log] [['[0, 5], (7, 5)']]
[2024-01-26 17:44:08.357325] - [MapWindow] - [addFrame] [log] [['Mozaik Fragment shape (162, 0, 3)']]
[2024-01-26 17:44:08.815094] - [MapWindow] - [addFrame] [log] [['photo shape (162, 289, 3)']]
[2024-01-26 17:44:09.257943] - [MapWindow] - [addFrame] [log] [[NoPlaceToAddFreame('[WARNING] - No place to add frame')]]
[2024-01-26 17:44:09.265945] - [MapWindow] - [moveManipulator] [log] [['x: 92.32323232323232']]
[2024-01-26 17:44:09.873218] - [MapWindow] - [moveManipulator] [log] [['y: 64.40816326530611']]
[2024-01-26 17:44:10.612575] - [AbstractManipulator] - [waitForTarget] [Warning] [['Abstract Methode']]
[2024-01-26 17:44:11.544399] - [MapWindow] - [mapCreate] [log] [['[1, 5], (7, 5)']]
[2024-01-26 17:44:12.463103] - [MapWindow] - [addFrame] [log] [['Mozaik Fragment shape (162, 0, 3)']]
[2024-01-26 17:44:12.719777] - [MapWindow] - [addFrame] [log] [['photo shape (162, 289, 3)']]
[2024-01-26 17:44:13.558786] - [MapWindow] - [addFrame] [log] [[NoPlaceToAddFreame('[WARNING] - No place to add frame')]]
[2024-01-26 17:44:13.958651] - [MapWindow] - [moveManipulator] [log] [['x: 85.85858585858585']]
[2024-01-26 17:44:14.424568] - [MapWindow] - [moveManipulator] [log] [['y: 64.40816326530611']]
[2024-01-26 17:44:15.011389] - [AbstractManipulator] - [waitForTarget] [Warning] [['Abstract Methode']]
[2024-01-26 17:44:15.836071] - [MapWindow] - [mapCreate] [log] [['[1, 4], (7, 5)']]
[2024-01-26 17:44:16.853350] - [MapWindow] - [addFrame] [log] [['Mozaik Fragment shape (162, 114, 3)']]
[2024-01-26 17:44:17.598736] - [MapWindow] - [addFrame] [log] [['photo shape (162, 289, 3)']]
[2024-01-26 17:44:18.361147] - [MapWindow] - [addFrame] [log] [['Frame need chopping']]
[2024-01-26 17:44:18.441293] - [MapWindow] - [addFrame] [log] [['Decoded frame size 162, 114, 3']]
[2024-01-26 17:44:19.147390] - [MapWindow] - [addFrame] [log] [['Mozaik Fragment shape (162, 114, 3)']]
[2024-01-26 17:44:19.251730] - [MapWindow] - [addFrame] [log] [['photo shape (162, 114, 3)']]
[2024-01-26 17:44:20.044822] - [MapWindow] - [moveManipulator] [log] [['x: 79.39393939393939']]
[2024-01-26 17:44:20.084850] - [MapWindow] - [moveManipulator] [log] [['y: 64.40816326530611']]
[2024-01-26 17:44:20.881857] - [AbstractManipulator] - [waitForTarget] [Warning] [['Abstract Methode']]
[2024-01-26 17:44:21.825089] - [MapWindow] - [mapCreate] [log] [['[1, 3], (7, 5)']]
[2024-01-26 17:44:23.392180] - [MapWindow] - [addFrame] [log] [['Mozaik Fragment shape (162, 289, 3)']]
[2024-01-26 17:44:23.915716] - [MapWindow] - [addFrame] [log] [['photo shape (162, 289, 3)']]
[2024-01-26 17:44:24.465689] - [MapWindow] - [moveManipulator] [log] [['x: 72.92929292929293']]
[2024-01-26 17:44:25.271752] - [MapWindow] - [moveManipulator] [log] [['y: 64.40816326530611']]
[2024-01-26 17:44:26.132250] - [AbstractManipulator] - [waitForTarget] [Warning] [['Abstract Methode']]
[2024-01-26 17:44:27.042844] - [MapWindow] - [mapCreate] [log] [['[1, 2], (7, 5)']]
[2024-01-26 17:44:27.892183] - [MapWindow] - [addFrame] [log] [['Mozaik Fragment shape (162, 289, 3)']]
[2024-01-26 17:44:28.673316] - [MapWindow] - [addFrame] [log] [['photo shape (162, 289, 3)']]
[2024-01-26 17:44:28.865536] - [MapWindow] - [moveManipulator] [log] [['x: 66.46464646464646']]
[2024-01-26 17:44:28.929542] - [MapWindow] - [moveManipulator] [log] [['y: 64.40816326530611']]
[2024-01-26 17:44:29.750991] - [AbstractManipulator] - [waitForTarget] [Warning] [['Abstract Methode']]
[2024-01-26 17:44:30.345978] - [MapWindow] - [mapCreate] [log] [['[1, 1], (7, 5)']]
[2024-01-26 17:44:31.448541] - [MapWindow] - [addFrame] [log] [['Mozaik Fragment shape (162, 289, 3)']]
[2024-01-26 17:44:32.137481] - [MapWindow] - [addFrame] [log] [['photo shape (162, 289, 3)']]
[2024-01-26 17:44:33.026741] - [MapWindow] - [moveManipulator] [log] [['x: 60.0']]
[2024-01-26 17:44:33.772970] - [MapWindow] - [moveManipulator] [log] [['y: 64.40816326530611']]
[2024-01-26 17:44:33.836978] - [AbstractManipulator] - [waitForTarget] [Warning] [['Abstract Methode']]
[2024-01-26 17:44:34.881273] - [MapWindow] - [mapCreate] [log] [['[1, 0], (7, 5)']]
[2024-01-26 17:44:34.977499] - [MapWindow] - [saveMapToFile] [log] [['']]
[2024-01-26 17:44:35.680503] - [AbstractManipulator] - [stop] [Warning] [['Abstract Methode']]
[2024-01-26 17:44:36.402876] - [MapWindow] - [addFrame] [log] [['Mozaik Fragment shape (162, 289, 3)']]
[2024-01-26 17:44:37.304400] - [MapWindow] - [addFrame] [log] [['photo shape (162, 289, 3)']]
[2024-01-26 17:44:37.602222] - [MapWindow] - [moveManipulator] [log] [['x: 60.0']]
[2024-01-26 17:44:37.953319] - [MapWindow] - [moveManipulator] [log] [['y: 68.81632653061223']]
[2024-01-26 17:44:38.626219] - [AbstractManipulator] - [waitForTarget] [Warning] [['Abstract Methode']]
[2024-01-26 17:44:39.080392] - [MapWindow] - [mapCreate] [log] [['[2, 0], (7, 5)']]
[2024-01-26 17:44:40.781407] - [MapWindow] - [addFrame] [log] [['Mozaik Fragment shape (162, 289, 3)']]
[2024-01-26 17:44:41.677283] - [MapWindow] - [addFrame] [log] [['photo shape (162, 289, 3)']]
[2024-01-26 17:44:42.627439] - [MapWindow] - [moveManipulator] [log] [['x: 66.46464646464646']]
[2024-01-26 17:44:42.716957] - [MapWindow] - [moveManipulator] [log] [['y: 68.81632653061223']]
[2024-01-26 17:44:43.254646] - [AbstractManipulator] - [waitForTarget] [Warning] [['Abstract Methode']]
[2024-01-26 17:44:43.433149] - [MapWindow] - [mapCreate] [log] [['[2, 1], (7, 5)']]
[2024-01-26 17:44:44.947702] - [MapWindow] - [addFrame] [log] [['Mozaik Fragment shape (162, 289, 3)']]
[2024-01-26 17:44:45.220920] - [MapWindow] - [addFrame] [log] [['photo shape (162, 289, 3)']]
[2024-01-26 17:44:45.739823] - [MapWindow] - [moveManipulator] [log] [['x: 72.92929292929293']]
[2024-01-26 17:44:46.118307] - [MapWindow] - [moveManipulator] [log] [['y: 68.81632653061223']]
[2024-01-26 17:44:46.547251] - [AbstractManipulator] - [waitForTarget] [Warning] [['Abstract Methode']]
[2024-01-26 17:44:46.939017] - [MapWindow] - [mapCreate] [log] [['[2, 2], (7, 5)']]
[2024-01-26 17:44:48.073629] - [MapWindow] - [addFrame] [log] [['Mozaik Fragment shape (162, 289, 3)']]
[2024-01-26 17:44:48.667158] - [MapWindow] - [addFrame] [log] [['photo shape (162, 289, 3)']]
[2024-01-26 17:44:48.875704] - [MapWindow] - [moveManipulator] [log] [['x: 79.39393939393939']]
[2024-01-26 17:44:49.376684] - [MapWindow] - [moveManipulator] [log] [['y: 68.81632653061223']]
[2024-01-26 17:44:50.233193] - [AbstractManipulator] - [waitForTarget] [Warning] [['Abstract Methode']]
[2024-01-26 17:44:50.468394] - [MapWindow] - [mapCreate] [log] [['[2, 3], (7, 5)']]
[2024-01-26 17:44:51.868298] - [MapWindow] - [addFrame] [log] [['Mozaik Fragment shape (162, 289, 3)']]
[2024-01-26 17:44:52.695076] - [MapWindow] - [addFrame] [log] [['photo shape (162, 289, 3)']]
[2024-01-26 17:44:53.231326] - [MapWindow] - [moveManipulator] [log] [['x: 85.85858585858585']]
[2024-01-26 17:44:53.239330] - [MapWindow] - [moveManipulator] [log] [['y: 68.81632653061223']]
[2024-01-26 17:44:53.751694] - [AbstractManipulator] - [waitForTarget] [Warning] [['Abstract Methode']]
[2024-01-26 17:44:54.441247] - [MapWindow] - [mapCreate] [log] [['[2, 4], (7, 5)']]
[2024-01-26 17:44:55.722596] - [MapWindow] - [addFrame] [log] [['Mozaik Fragment shape (162, 114, 3)']]
[2024-01-26 17:44:56.504505] - [MapWindow] - [addFrame] [log] [['photo shape (162, 289, 3)']]
[2024-01-26 17:44:56.968029] - [MapWindow] - [addFrame] [log] [['Frame need chopping']]
[2024-01-26 17:44:57.305096] - [MapWindow] - [addFrame] [log] [['Decoded frame size 162, 114, 3']]
[2024-01-26 17:44:57.845306] - [MapWindow] - [addFrame] [log] [['Mozaik Fragment shape (162, 114, 3)']]
[2024-01-26 17:44:58.562521] - [MapWindow] - [addFrame] [log] [['photo shape (162, 114, 3)']]
[2024-01-26 17:44:58.699115] - [MapWindow] - [moveManipulator] [log] [['x: 92.32323232323232']]
[2024-01-26 17:44:59.504298] - [MapWindow] - [moveManipulator] [log] [['y: 68.81632653061223']]
[2024-01-26 17:45:00.019965] - [AbstractManipulator] - [waitForTarget] [Warning] [['Abstract Methode']]
[2024-01-26 17:45:00.606685] - [MapWindow] - [mapCreate] [log] [['[2, 5], (7, 5)']]
[2024-01-26 17:45:01.576820] - [MapWindow] - [addFrame] [log] [['Mozaik Fragment shape (162, 0, 3)']]
[2024-01-26 17:45:01.926831] - [MapWindow] - [addFrame] [log] [['photo shape (162, 289, 3)']]
[2024-01-26 17:45:02.240160] - [MapWindow] - [addFrame] [log] [[NoPlaceToAddFreame('[WARNING] - No place to add frame')]]
[2024-01-26 17:45:03.070221] - [MapWindow] - [moveManipulator] [log] [['x: 92.32323232323232']]
[2024-01-26 17:45:03.552058] - [MapWindow] - [moveManipulator] [log] [['y: 73.22448979591834']]
[2024-01-26 17:45:04.290806] - [AbstractManipulator] - [waitForTarget] [Warning] [['Abstract Methode']]
[2024-01-26 17:45:04.699078] - [MapWindow] - [mapCreate] [log] [['[3, 5], (7, 5)']]
[2024-01-26 17:45:05.651472] - [MapWindow] - [addFrame] [log] [['Mozaik Fragment shape (162, 0, 3)']]
[2024-01-26 17:45:06.128936] - [MapWindow] - [addFrame] [log] [['photo shape (162, 289, 3)']]
[2024-01-26 17:45:06.515246] - [MapWindow] - [addFrame] [log] [[NoPlaceToAddFreame('[WARNING] - No place to add frame')]]
[2024-01-26 17:45:06.762767] - [MapWindow] - [moveManipulator] [log] [['x: 85.85858585858585']]
[2024-01-26 17:45:07.052888] - [MapWindow] - [moveManipulator] [log] [['y: 73.22448979591834']]
[2024-01-26 17:45:07.885561] - [AbstractManipulator] - [waitForTarget] [Warning] [['Abstract Methode']]
[2024-01-26 17:45:08.489853] - [MapWindow] - [mapCreate] [log] [['[3, 4], (7, 5)']]
[2024-01-26 17:45:10.105074] - [MapWindow] - [addFrame] [log] [['Mozaik Fragment shape (162, 114, 3)']]
[2024-01-26 17:45:10.942135] - [MapWindow] - [addFrame] [log] [['photo shape (162, 289, 3)']]
[2024-01-26 17:45:11.811985] - [MapWindow] - [addFrame] [log] [['Frame need chopping']]
[2024-01-26 17:45:12.471935] - [MapWindow] - [addFrame] [log] [['Decoded frame size 162, 114, 3']]
[2024-01-26 17:45:12.861657] - [MapWindow] - [addFrame] [log] [['Mozaik Fragment shape (162, 114, 3)']]
[2024-01-26 17:45:13.678647] - [MapWindow] - [addFrame] [log] [['photo shape (162, 114, 3)']]
[2024-01-26 17:45:14.502283] - [MapWindow] - [moveManipulator] [log] [['x: 79.39393939393939']]
[2024-01-26 17:45:14.921870] - [MapWindow] - [moveManipulator] [log] [['y: 73.22448979591834']]
[2024-01-26 17:45:14.932455] - [AbstractManipulator] - [waitForTarget] [Warning] [['Abstract Methode']]
[2024-01-26 17:45:15.075983] - [MapWindow] - [mapCreate] [log] [['[3, 3], (7, 5)']]
[2024-01-26 17:45:16.589460] - [MapWindow] - [addFrame] [log] [['Mozaik Fragment shape (162, 289, 3)']]
[2024-01-26 17:45:17.402353] - [MapWindow] - [addFrame] [log] [['photo shape (162, 289, 3)']]
[2024-01-26 17:45:18.221515] - [MapWindow] - [moveManipulator] [log] [['x: 72.92929292929293']]
[2024-01-26 17:45:19.094952] - [MapWindow] - [moveManipulator] [log] [['y: 73.22448979591834']]
[2024-01-26 17:45:19.832943] - [AbstractManipulator] - [waitForTarget] [Warning] [['Abstract Methode']]
[2024-01-26 17:45:19.937941] - [MapWindow] - [mapCreate] [log] [['[3, 2], (7, 5)']]
[2024-01-26 17:45:21.571191] - [MapWindow] - [addFrame] [log] [['Mozaik Fragment shape (162, 289, 3)']]
[2024-01-26 17:45:22.373701] - [MapWindow] - [addFrame] [log] [['photo shape (162, 289, 3)']]
[2024-01-26 17:45:22.622462] - [MapWindow] - [moveManipulator] [log] [['x: 66.46464646464646']]
[2024-01-26 17:45:23.428146] - [MapWindow] - [moveManipulator] [log] [['y: 73.22448979591834']]
[2024-01-26 17:45:24.068638] - [AbstractManipulator] - [waitForTarget] [Warning] [['Abstract Methode']]
[2024-01-26 17:45:24.076625] - [MapWindow] - [mapCreate] [log] [['[3, 1], (7, 5)']]
[2024-01-26 17:45:25.402554] - [MapWindow] - [addFrame] [log] [['Mozaik Fragment shape (162, 289, 3)']]
[2024-01-26 17:45:25.692036] - [MapWindow] - [addFrame] [log] [['photo shape (162, 289, 3)']]
[2024-01-26 17:45:25.700299] - [MapWindow] - [moveManipulator] [log] [['x: 60.0']]
[2024-01-26 17:45:25.854662] - [MapWindow] - [moveManipulator] [log] [['y: 73.22448979591834']]
[2024-01-26 17:45:26.527010] - [AbstractManipulator] - [waitForTarget] [Warning] [['Abstract Methode']]
[2024-01-26 17:45:27.079362] - [MapWindow] - [mapCreate] [log] [['[3, 0], (7, 5)']]
[2024-01-26 17:45:28.087387] - [MapWindow] - [addFrame] [log] [['Mozaik Fragment shape (162, 289, 3)']]
[2024-01-26 17:45:28.831324] - [MapWindow] - [addFrame] [log] [['photo shape (162, 289, 3)']]
[2024-01-26 17:45:29.136652] - [MapWindow] - [moveManipulator] [log] [['x: 60.0']]
[2024-01-26 17:45:29.566729] - [MapWindow] - [moveManipulator] [log] [['y: 77.63265306122446']]
[2024-01-26 17:45:30.494886] - [AbstractManipulator] - [waitForTarget] [Warning] [['Abstract Methode']]
[2024-01-26 17:45:30.817299] - [MapWindow] - [mapCreate] [log] [['[4, 0], (7, 5)']]
[2024-01-26 17:45:31.744220] - [MapWindow] - [addFrame] [log] [['Mozaik Fragment shape (162, 289, 3)']]
[2024-01-26 17:45:32.452322] - [MapWindow] - [addFrame] [log] [['photo shape (162, 289, 3)']]
[2024-01-26 17:45:33.320942] - [MapWindow] - [moveManipulator] [log] [['x: 66.46464646464646']]
[2024-01-26 17:45:33.377778] - [MapWindow] - [moveManipulator] [log] [['y: 77.63265306122446']]
[2024-01-26 17:45:34.063606] - [AbstractManipulator] - [waitForTarget] [Warning] [['Abstract Methode']]
[2024-01-26 17:45:34.925464] - [MapWindow] - [mapCreate] [log] [['[4, 1], (7, 5)']]
[2024-01-26 17:45:36.544055] - [MapWindow] - [addFrame] [log] [['Mozaik Fragment shape (162, 289, 3)']]
[2024-01-26 17:45:37.341360] - [MapWindow] - [addFrame] [log] [['photo shape (162, 289, 3)']]
[2024-01-26 17:45:38.202579] - [MapWindow] - [moveManipulator] [log] [['x: 72.92929292929293']]
[2024-01-26 17:45:38.466706] - [MapWindow] - [moveManipulator] [log] [['y: 77.63265306122446']]
[2024-01-26 17:45:39.054751] - [AbstractManipulator] - [waitForTarget] [Warning] [['Abstract Methode']]
[2024-01-26 17:45:39.265235] - [MapWindow] - [mapCreate] [log] [['[4, 2], (7, 5)']]
[2024-01-26 17:45:40.441331] - [MapWindow] - [addFrame] [log] [['Mozaik Fragment shape (162, 289, 3)']]
[2024-01-26 17:45:41.268888] - [MapWindow] - [addFrame] [log] [['photo shape (162, 289, 3)']]
[2024-01-26 17:45:42.268561] - [MapWindow] - [moveManipulator] [log] [['x: 79.39393939393939']]
[2024-01-26 17:45:43.032587] - [MapWindow] - [moveManipulator] [log] [['y: 77.63265306122446']]
[2024-01-26 17:45:43.858720] - [AbstractManipulator] - [waitForTarget] [Warning] [['Abstract Methode']]
[2024-01-26 17:45:44.467222] - [MapWindow] - [mapCreate] [log] [['[4, 3], (7, 5)']]
[2024-01-26 17:45:45.229498] - [MapWindow] - [addFrame] [log] [['Mozaik Fragment shape (162, 289, 3)']]
[2024-01-26 17:45:45.596207] - [MapWindow] - [addFrame] [log] [['photo shape (162, 289, 3)']]
[2024-01-26 17:45:46.330644] - [MapWindow] - [moveManipulator] [log] [['x: 85.85858585858585']]
[2024-01-26 17:45:47.130419] - [MapWindow] - [moveManipulator] [log] [['y: 77.63265306122446']]
[2024-01-26 17:45:47.363443] - [AbstractManipulator] - [waitForTarget] [Warning] [['Abstract Methode']]
[2024-01-26 17:45:47.943078] - [MapWindow] - [mapCreate] [log] [['[4, 4], (7, 5)']]
[2024-01-26 17:45:48.809591] - [MapWindow] - [addFrame] [log] [['Mozaik Fragment shape (162, 114, 3)']]
[2024-01-26 17:45:49.058140] - [MapWindow] - [addFrame] [log] [['photo shape (162, 289, 3)']]
[2024-01-26 17:45:49.066397] - [MapWindow] - [addFrame] [log] [['Frame need chopping']]
[2024-01-26 17:45:49.837872] - [MapWindow] - [addFrame] [log] [['Decoded frame size 162, 114, 3']]
[2024-01-26 17:45:50.031126] - [MapWindow] - [addFrame] [log] [['Mozaik Fragment shape (162, 114, 3)']]
[2024-01-26 17:45:50.239163] - [MapWindow] - [addFrame] [log] [['photo shape (162, 114, 3)']]
[2024-01-26 17:45:50.602389] - [MapWindow] - [moveManipulator] [log] [['x: 92.32323232323232']]
[2024-01-26 17:45:51.409424] - [MapWindow] - [moveManipulator] [log] [['y: 77.63265306122446']]
[2024-01-26 17:45:52.189911] - [AbstractManipulator] - [waitForTarget] [Warning] [['Abstract Methode']]
[2024-01-26 17:45:52.999011] - [MapWindow] - [mapCreate] [log] [['[4, 5], (7, 5)']]
[2024-01-26 17:45:54.169285] - [MapWindow] - [addFrame] [log] [['Mozaik Fragment shape (162, 0, 3)']]
[2024-01-26 17:45:54.718276] - [MapWindow] - [addFrame] [log] [['photo shape (162, 289, 3)']]
[2024-01-26 17:45:55.128980] - [MapWindow] - [addFrame] [log] [[NoPlaceToAddFreame('[WARNING] - No place to add frame')]]
[2024-01-26 17:45:55.137005] - [MapWindow] - [moveManipulator] [log] [['x: 92.32323232323232']]
[2024-01-26 17:45:55.563586] - [MapWindow] - [moveManipulator] [log] [['y: 82.04081632653057']]
[2024-01-26 17:45:55.959947] - [AbstractManipulator] - [waitForTarget] [Warning] [['Abstract Methode']]
[2024-01-26 17:45:56.428342] - [MapWindow] - [mapCreate] [log] [['[5, 5], (7, 5)']]
[2024-01-26 17:45:57.785376] - [MapWindow] - [addFrame] [log] [['Mozaik Fragment shape (162, 0, 3)']]
[2024-01-26 17:45:58.577600] - [MapWindow] - [addFrame] [log] [['photo shape (162, 289, 3)']]
[2024-01-26 17:45:58.585770] - [MapWindow] - [addFrame] [log] [[NoPlaceToAddFreame('[WARNING] - No place to add frame')]]
[2024-01-26 17:45:58.818435] - [MapWindow] - [moveManipulator] [log] [['x: 85.85858585858585']]
[2024-01-26 17:45:59.608900] - [MapWindow] - [moveManipulator] [log] [['y: 82.04081632653057']]
[2024-01-26 17:46:00.062032] - [AbstractManipulator] - [waitForTarget] [Warning] [['Abstract Methode']]
[2024-01-26 17:46:00.279846] - [MapWindow] - [mapCreate] [log] [['[5, 4], (7, 5)']]
[2024-01-26 17:46:01.322971] - [MapWindow] - [addFrame] [log] [['Mozaik Fragment shape (162, 114, 3)']]
[2024-01-26 17:46:02.023336] - [MapWindow] - [addFrame] [log] [['photo shape (162, 289, 3)']]
[2024-01-26 17:46:02.313938] - [MapWindow] - [addFrame] [log] [['Frame need chopping']]
[2024-01-26 17:46:02.979628] - [MapWindow] - [addFrame] [log] [['Decoded frame size 162, 114, 3']]
[2024-01-26 17:46:03.811543] - [MapWindow] - [addFrame] [log] [['Mozaik Fragment shape (162, 114, 3)']]
[2024-01-26 17:46:04.691908] - [MapWindow] - [addFrame] [log] [['photo shape (162, 114, 3)']]
[2024-01-26 17:46:05.567391] - [MapWindow] - [moveManipulator] [log] [['x: 79.39393939393939']]
[2024-01-26 17:46:06.014319] - [MapWindow] - [moveManipulator] [log] [['y: 82.04081632653057']]
[2024-01-26 17:46:06.399771] - [AbstractManipulator] - [waitForTarget] [Warning] [['Abstract Methode']]
[2024-01-26 17:46:06.817016] - [MapWindow] - [mapCreate] [log] [['[5, 3], (7, 5)']]
[2024-01-26 17:46:08.473261] - [MapWindow] - [addFrame] [log] [['Mozaik Fragment shape (162, 289, 3)']]
[2024-01-26 17:46:09.229177] - [MapWindow] - [addFrame] [log] [['photo shape (162, 289, 3)']]
[2024-01-26 17:46:09.802539] - [MapWindow] - [moveManipulator] [log] [['x: 72.92929292929293']]
[2024-01-26 17:46:09.810797] - [MapWindow] - [moveManipulator] [log] [['y: 82.04081632653057']]
[2024-01-26 17:46:10.277991] - [AbstractManipulator] - [waitForTarget] [Warning] [['Abstract Methode']]
[2024-01-26 17:46:11.127057] - [MapWindow] - [mapCreate] [log] [['[5, 2], (7, 5)']]
[2024-01-26 17:46:12.667561] - [MapWindow] - [addFrame] [log] [['Mozaik Fragment shape (162, 289, 3)']]
[2024-01-26 17:46:13.447803] - [MapWindow] - [addFrame] [log] [['photo shape (162, 289, 3)']]
[2024-01-26 17:46:14.334463] - [MapWindow] - [moveManipulator] [log] [['x: 66.46464646464646']]
[2024-01-26 17:46:14.487036] - [MapWindow] - [moveManipulator] [log] [['y: 82.04081632653057']]
[2024-01-26 17:46:15.045574] - [AbstractManipulator] - [waitForTarget] [Warning] [['Abstract Methode']]
[2024-01-26 17:46:15.272423] - [MapWindow] - [mapCreate] [log] [['[5, 1], (7, 5)']]
[2024-01-26 17:46:16.891458] - [MapWindow] - [addFrame] [log] [['Mozaik Fragment shape (162, 289, 3)']]
[2024-01-26 17:46:17.655382] - [MapWindow] - [addFrame] [log] [['photo shape (162, 289, 3)']]
[2024-01-26 17:46:18.104691] - [MapWindow] - [moveManipulator] [log] [['x: 60.0']]
[2024-01-26 17:46:18.964363] - [MapWindow] - [moveManipulator] [log] [['y: 82.04081632653057']]
[2024-01-26 17:46:19.070463] - [AbstractManipulator] - [waitForTarget] [Warning] [['Abstract Methode']]
[2024-01-26 17:46:19.847007] - [MapWindow] - [mapCreate] [log] [['[5, 0], (7, 5)']]
[2024-01-26 17:46:20.884922] - [MapWindow] - [addFrame] [log] [['Mozaik Fragment shape (162, 289, 3)']]
[2024-01-26 17:46:21.179710] - [MapWindow] - [addFrame] [log] [['photo shape (162, 289, 3)']]
[2024-01-26 17:46:21.208462] - [AbstractManipulator] - [close] [Warning] [['Abstract Methode']]
[2024-01-26 17:46:21.438130] - [MapWindow] - [moveManipulator] [log] [['x: 60.0']]
[2024-01-26 17:46:21.565388] - [AbstractManipulator] - [close] [Warning] [['Abstract Methode']]
[2024-01-26 17:46:21.686240] - [MapWindow] - [moveManipulator] [log] [['y: 86.44897959183669']]
[2024-01-26 17:46:21.868926] - [AbstractManipulator] - [close] [Warning] [['Abstract Methode']]
[2024-01-26 17:46:21.929940] - [AbstractManipulator] - [waitForTarget] [Warning] [['Abstract Methode']]
[2024-01-26 17:46:22.186536] - [MapWindow] - [mapCreate] [log] [['[6, 0], (7, 5)']]
