[2024-02-28 14:52:10.441299] - [MainWindow] - [_logImportant] [log] [['####################################################################################################']]
[2024-02-28 14:52:10.896780] - [MainWindow] - [_logImportant] [log] [['######################################### Program Starting ##########################################']]
[2024-02-28 14:52:10.903645] - [MainWindow] - [_logImportant] [log] [['####################################################################################################']]
[2024-02-28 14:52:16.349988] - [AbstractManipulator] - [getCurrentPosition] [Warning] [['Abstract Methode']]
[2024-02-28 14:52:16.362817] - [AbstractManipulator] - [getCurrentPosition] [Warning] [['Abstract Methode']]
[2024-02-28 14:52:16.370913] - [AbstractManipulator] - [getCurrentPosition] [Warning] [['Abstract Methode']]
[2024-02-28 14:52:17.542402] - [ManipulatorInterfere] - [autoFokus] [log] [['Optimization terminated successfully.']]
[2024-02-28 14:52:18.030096] - [MainWindow] - [togle] [log] [[[60.0, 90.0, 60.0, 90.0, 'pole 0']]]
[2024-02-28 14:54:47.294257] - [ROI] - [__init__] [log] [['x1 = 345, x2 = 575, y1 = 497, y2 = 660, manipulatotrX = 0, manipulatorY = 0, absolutePixelValue = [0, 0]']]
[2024-02-28 14:54:47.303276] - [ROI] - [calculateOffset] [log] [['wynik x=0, offset y=0']]
[2024-02-28 14:54:48.528164] - [ROI] - [__init__] [log] [['x1 = 438, x2 = 568, y1 = 555, y2 = 641, manipulatotrX = 0, manipulatorY = 0, absolutePixelValue = [0, 0]']]
[2024-02-28 14:54:48.535172] - [ROI] - [calculateOffset] [log] [['wynik x=0, offset y=0']]
[2024-02-28 14:55:50.195443] - [AbstractManipulator] - [close] [Warning] [['Abstract Methode']]
[2024-02-28 14:55:50.204771] - [AbstractManipulator] - [close] [Warning] [['Abstract Methode']]
[2024-02-28 14:55:50.210942] - [AbstractManipulator] - [close] [Warning] [['Abstract Methode']]
[2024-02-28 15:01:01.240761] - [MainWindow] - [_logImportant] [log] [['####################################################################################################']]
[2024-02-28 15:01:01.501355] - [MainWindow] - [_logImportant] [log] [['######################################### Program Starting ##########################################']]
[2024-02-28 15:01:01.503355] - [MainWindow] - [_logImportant] [log] [['####################################################################################################']]
[2024-02-28 15:01:06.888178] - [AbstractManipulator] - [getCurrentPosition] [Warning] [['Abstract Methode']]
[2024-02-28 15:01:06.895522] - [AbstractManipulator] - [getCurrentPosition] [Warning] [['Abstract Methode']]
[2024-02-28 15:01:06.898542] - [AbstractManipulator] - [getCurrentPosition] [Warning] [['Abstract Methode']]
[2024-02-28 15:01:08.043327] - [ManipulatorInterfere] - [autoFokus] [log] [['Optimization terminated successfully.']]
[2024-02-28 15:01:08.543160] - [MainWindow] - [togle] [log] [[[60.0, 90.0, 60.0, 90.0, 'pole 0']]]
[2024-02-28 15:01:09.997957] - [ROI] - [__init__] [log] [['x1 = 626, x2 = 745, y1 = 386, y2 = 423, manipulatotrX = 0, manipulatorY = 0, absolutePixelValue = [0, 0]']]
[2024-02-28 15:01:10.001958] - [ROI] - [calculateOffset] [log] [['wynik x=0, offset y=0']]
[2024-02-28 15:01:26.672591] - [SaveRoiList] - [save] [log] [['C:/Users/Zenbook/Desktop/test.json']]
[2024-02-28 15:05:56.879482] - [MainWindow] - [_logImportant] [log] [['####################################################################################################']]
[2024-02-28 15:05:57.309188] - [MainWindow] - [_logImportant] [log] [['######################################### Program Starting ##########################################']]
[2024-02-28 15:05:57.314703] - [MainWindow] - [_logImportant] [log] [['####################################################################################################']]
[2024-02-28 15:06:02.592306] - [AbstractManipulator] - [getCurrentPosition] [Warning] [['Abstract Methode']]
[2024-02-28 15:06:02.602310] - [AbstractManipulator] - [getCurrentPosition] [Warning] [['Abstract Methode']]
[2024-02-28 15:06:02.610312] - [AbstractManipulator] - [getCurrentPosition] [Warning] [['Abstract Methode']]
[2024-02-28 15:06:03.741685] - [ManipulatorInterfere] - [autoFokus] [log] [['Optimization terminated successfully.']]
[2024-02-28 15:06:04.220075] - [MainWindow] - [togle] [log] [[[60.0, 90.0, 60.0, 90.0, 'pole 0']]]
[2024-02-28 15:06:05.903080] - [ROI] - [__init__] [log] [['x1 = 671, x2 = 801, y1 = 384, y2 = 481, manipulatotrX = 0, manipulatorY = 0, absolutePixelValue = [0, 0]']]
[2024-02-28 15:06:05.911139] - [ROI] - [calculateOffset] [log] [['wynik x=0, offset y=0']]
[2024-02-28 15:06:26.337179] - [SaveRoiList] - [save] [log] [['C:/Users/Zenbook/Desktop/test.json']]
[2024-02-28 15:07:54.340341] - [MainWindow] - [_logImportant] [log] [['####################################################################################################']]
[2024-02-28 15:07:54.608115] - [MainWindow] - [_logImportant] [log] [['######################################### Program Starting ##########################################']]
[2024-02-28 15:07:54.610192] - [MainWindow] - [_logImportant] [log] [['####################################################################################################']]
[2024-02-28 15:07:59.912855] - [AbstractManipulator] - [getCurrentPosition] [Warning] [['Abstract Methode']]
[2024-02-28 15:07:59.917941] - [AbstractManipulator] - [getCurrentPosition] [Warning] [['Abstract Methode']]
[2024-02-28 15:07:59.920231] - [AbstractManipulator] - [getCurrentPosition] [Warning] [['Abstract Methode']]
[2024-02-28 15:08:01.054193] - [ManipulatorInterfere] - [autoFokus] [log] [['Optimization terminated successfully.']]
[2024-02-28 15:08:01.546496] - [MainWindow] - [togle] [log] [[[60.0, 90.0, 60.0, 90.0, 'pole 0']]]
[2024-02-28 15:08:12.243609] - [ROI] - [__init__] [log] [['x1 = 508, x2 = 817, y1 = 329, y2 = 488, manipulatotrX = 0, manipulatorY = 0, absolutePixelValue = [0, 0]']]
[2024-02-28 15:08:12.246633] - [ROI] - [calculateOffset] [log] [['wynik x=0, offset y=0']]
[2024-02-28 15:08:31.334074] - [SaveRoiList] - [save] [log] [['C:/Users/Zenbook/Desktop/t.json']]
