[2024-03-29 16:55:21.990823] - [MainWindow] - [_logImportant] [log] [['####################################################################################################']]
[2024-03-29 16:55:22.321667] - [MainWindow] - [_logImportant] [log] [['######################################### Program Starting ##########################################']]
[2024-03-29 16:55:22.324759] - [MainWindow] - [_logImportant] [log] [['####################################################################################################']]
[2024-03-29 16:55:28.089260] - [AbstractManipulator] - [getCurrentPosition] [Warning] [['Abstract Methode']]
[2024-03-29 16:55:28.096517] - [AbstractManipulator] - [getCurrentPosition] [Warning] [['Abstract Methode']]
[2024-03-29 16:55:28.100110] - [AbstractManipulator] - [getCurrentPosition] [Warning] [['Abstract Methode']]
[2024-03-29 16:55:29.202838] - [MainWindow] - [togle] [log] [[[60.0, 90.0, 60.0, 90.0, 'pole 0']]]
[2024-03-29 16:55:57.171456] - [AbstractManipulator] - [close] [Warning] [['Abstract Methode']]
[2024-03-29 16:55:57.174456] - [AbstractManipulator] - [close] [Warning] [['Abstract Methode']]
[2024-03-29 16:55:57.177459] - [AbstractManipulator] - [close] [Warning] [['Abstract Methode']]
[2024-03-29 16:58:26.042232] - [MainWindow] - [_logImportant] [log] [['####################################################################################################']]
[2024-03-29 16:58:26.326558] - [MainWindow] - [_logImportant] [log] [['######################################### Program Starting ##########################################']]
[2024-03-29 16:58:26.328691] - [MainWindow] - [_logImportant] [log] [['####################################################################################################']]
[2024-03-29 16:58:31.577047] - [AbstractManipulator] - [getCurrentPosition] [Warning] [['Abstract Methode']]
[2024-03-29 16:58:31.582301] - [AbstractManipulator] - [getCurrentPosition] [Warning] [['Abstract Methode']]
[2024-03-29 16:58:31.584956] - [AbstractManipulator] - [getCurrentPosition] [Warning] [['Abstract Methode']]
[2024-03-29 16:58:32.073606] - [MainWindow] - [togle] [log] [[[60.0, 90.0, 60.0, 90.0, 'pole 0']]]
[2024-03-29 17:01:10.904406] - [MainWindow] - [_logImportant] [log] [['####################################################################################################']]
[2024-03-29 17:01:11.187111] - [MainWindow] - [_logImportant] [log] [['######################################### Program Starting ##########################################']]
[2024-03-29 17:01:11.188833] - [MainWindow] - [_logImportant] [log] [['####################################################################################################']]
[2024-03-29 17:01:11.191340] - [m] - [main] [ERROR] [[AttributeError("'MainWindow' object has no attribute 'menu'")]]
[2024-03-29 17:01:11.193378] - [m] - [main] [ERROR] [[['logError', 'main', '<module>']]]
[2024-03-29 17:01:11.194383] - [m] - [main] [Warning] [['ERROR During program runing trying to save ROI list']]
[2024-03-29 17:01:11.195892] - [m] - [trySavingRoiList] [Warning] [['ERROR During program runing unable to save ROI list']]
[2024-03-29 17:02:59.407894] - [MainWindow] - [_logImportant] [log] [['####################################################################################################']]
[2024-03-29 17:02:59.684726] - [MainWindow] - [_logImportant] [log] [['######################################### Program Starting ##########################################']]
[2024-03-29 17:02:59.687087] - [MainWindow] - [_logImportant] [log] [['####################################################################################################']]
[2024-03-29 17:02:59.688860] - [m] - [main] [ERROR] [[AttributeError("'MainWindow' object has no attribute 'menu'")]]
[2024-03-29 17:02:59.690358] - [m] - [main] [ERROR] [[['logError', 'main', '<module>']]]
[2024-03-29 17:02:59.692286] - [m] - [main] [Warning] [['ERROR During program runing trying to save ROI list']]
[2024-03-29 17:02:59.693449] - [m] - [trySavingRoiList] [Warning] [['ERROR During program runing unable to save ROI list']]
[2024-03-29 17:04:12.619461] - [MainWindow] - [_logImportant] [log] [['####################################################################################################']]
[2024-03-29 17:04:12.907981] - [MainWindow] - [_logImportant] [log] [['######################################### Program Starting ##########################################']]
[2024-03-29 17:04:12.909930] - [MainWindow] - [_logImportant] [log] [['####################################################################################################']]
[2024-03-29 17:04:18.203771] - [AbstractManipulator] - [getCurrentPosition] [Warning] [['Abstract Methode']]
[2024-03-29 17:04:18.208926] - [AbstractManipulator] - [getCurrentPosition] [Warning] [['Abstract Methode']]
[2024-03-29 17:04:18.211926] - [AbstractManipulator] - [getCurrentPosition] [Warning] [['Abstract Methode']]
[2024-03-29 17:04:18.708552] - [MainWindow] - [togle] [log] [[[60.0, 90.0, 60.0, 90.0, 'pole 0']]]
[2024-03-29 17:04:18.711554] - [m] - [main] [ERROR] [[AttributeError("'MainWindow' object has no attribute '_MainWindowZoom__createAction'")]]
[2024-03-29 17:04:18.712553] - [m] - [main] [ERROR] [[['logError', 'main', '<module>']]]
[2024-03-29 17:04:18.714636] - [m] - [main] [Warning] [['ERROR During program runing trying to save ROI list']]
[2024-03-29 17:04:18.715923] - [m] - [trySavingRoiList] [Warning] [['ERROR During program runing unable to save ROI list']]
[2024-03-29 17:06:32.264858] - [MainWindow] - [_logImportant] [log] [['####################################################################################################']]
[2024-03-29 17:06:32.551523] - [MainWindow] - [_logImportant] [log] [['######################################### Program Starting ##########################################']]
[2024-03-29 17:06:32.554133] - [MainWindow] - [_logImportant] [log] [['####################################################################################################']]
[2024-03-29 17:06:37.928669] - [AbstractManipulator] - [getCurrentPosition] [Warning] [['Abstract Methode']]
[2024-03-29 17:06:37.934736] - [AbstractManipulator] - [getCurrentPosition] [Warning] [['Abstract Methode']]
[2024-03-29 17:06:37.937825] - [AbstractManipulator] - [getCurrentPosition] [Warning] [['Abstract Methode']]
[2024-03-29 17:06:38.425188] - [MainWindow] - [togle] [log] [[[60.0, 90.0, 60.0, 90.0, 'pole 0']]]
[2024-03-29 17:12:17.877798] - [MainWindow] - [_logImportant] [log] [['####################################################################################################']]
[2024-03-29 17:12:18.353391] - [MainWindow] - [_logImportant] [log] [['######################################### Program Starting ##########################################']]
[2024-03-29 17:12:18.353391] - [MainWindow] - [_logImportant] [log] [['####################################################################################################']]
[2024-03-29 17:12:23.639451] - [AbstractManipulator] - [getCurrentPosition] [Warning] [['Abstract Methode']]
[2024-03-29 17:12:23.655077] - [AbstractManipulator] - [getCurrentPosition] [Warning] [['Abstract Methode']]
[2024-03-29 17:12:23.671127] - [AbstractManipulator] - [getCurrentPosition] [Warning] [['Abstract Methode']]
[2024-03-29 17:12:24.165467] - [MainWindow] - [togle] [log] [[[60.0, 90.0, 60.0, 90.0, 'pole 0']]]
[2024-03-29 17:13:58.371474] - [MainWindow] - [_logImportant] [log] [['####################################################################################################']]
[2024-03-29 17:13:58.646017] - [MainWindow] - [_logImportant] [log] [['######################################### Program Starting ##########################################']]
[2024-03-29 17:13:58.648647] - [MainWindow] - [_logImportant] [log] [['####################################################################################################']]
[2024-03-29 17:14:03.908551] - [AbstractManipulator] - [getCurrentPosition] [Warning] [['Abstract Methode']]
[2024-03-29 17:14:03.912639] - [AbstractManipulator] - [getCurrentPosition] [Warning] [['Abstract Methode']]
[2024-03-29 17:14:03.916269] - [AbstractManipulator] - [getCurrentPosition] [Warning] [['Abstract Methode']]
[2024-03-29 17:14:04.409073] - [MainWindow] - [togle] [log] [[[60.0, 90.0, 60.0, 90.0, 'pole 0']]]
[2024-03-29 17:14:16.228666] - [MainWindow] - [_logImportant] [log] [['####################################################################################################']]
[2024-03-29 17:14:16.648488] - [MainWindow] - [_logImportant] [log] [['######################################### Program Starting ##########################################']]
[2024-03-29 17:14:16.648488] - [MainWindow] - [_logImportant] [log] [['####################################################################################################']]
[2024-03-29 17:14:21.968117] - [AbstractManipulator] - [getCurrentPosition] [Warning] [['Abstract Methode']]
[2024-03-29 17:14:21.983964] - [AbstractManipulator] - [getCurrentPosition] [Warning] [['Abstract Methode']]
[2024-03-29 17:14:21.983964] - [AbstractManipulator] - [getCurrentPosition] [Warning] [['Abstract Methode']]
[2024-03-29 17:14:22.480210] - [MainWindow] - [togle] [log] [[[60.0, 90.0, 60.0, 90.0, 'pole 0']]]
[2024-03-29 17:17:00.650021] - [MainWindow] - [_logImportant] [log] [['####################################################################################################']]
[2024-03-29 17:17:01.074842] - [MainWindow] - [_logImportant] [log] [['######################################### Program Starting ##########################################']]
[2024-03-29 17:17:01.074842] - [MainWindow] - [_logImportant] [log] [['####################################################################################################']]
[2024-03-29 17:17:06.429095] - [AbstractManipulator] - [getCurrentPosition] [Warning] [['Abstract Methode']]
[2024-03-29 17:17:06.435621] - [AbstractManipulator] - [getCurrentPosition] [Warning] [['Abstract Methode']]
[2024-03-29 17:17:06.445145] - [AbstractManipulator] - [getCurrentPosition] [Warning] [['Abstract Methode']]
[2024-03-29 17:17:06.950150] - [MainWindow] - [togle] [log] [[[60.0, 90.0, 60.0, 90.0, 'pole 0']]]
[2024-03-29 17:18:43.023274] - [MainWindow] - [_logImportant] [log] [['####################################################################################################']]
[2024-03-29 17:18:43.449397] - [MainWindow] - [_logImportant] [log] [['######################################### Program Starting ##########################################']]
[2024-03-29 17:18:43.465028] - [MainWindow] - [_logImportant] [log] [['####################################################################################################']]
[2024-03-29 17:18:48.832085] - [AbstractManipulator] - [getCurrentPosition] [Warning] [['Abstract Methode']]
[2024-03-29 17:18:48.839598] - [AbstractManipulator] - [getCurrentPosition] [Warning] [['Abstract Methode']]
[2024-03-29 17:18:48.839598] - [AbstractManipulator] - [getCurrentPosition] [Warning] [['Abstract Methode']]
[2024-03-29 17:18:49.367750] - [MainWindow] - [togle] [log] [[[60.0, 90.0, 60.0, 90.0, 'pole 0']]]
[2024-03-29 17:18:52.747815] - [AbstractManipulator] - [waitForTarget] [Warning] [['Abstract Methode']]
[2024-03-29 17:18:52.823591] - [AbstractManipulator] - [waitForTarget] [Warning] [['Abstract Methode']]
[2024-03-29 17:19:17.123840] - [MainWindow] - [_logImportant] [log] [['####################################################################################################']]
[2024-03-29 17:19:17.541435] - [MainWindow] - [_logImportant] [log] [['######################################### Program Starting ##########################################']]
[2024-03-29 17:19:17.546587] - [MainWindow] - [_logImportant] [log] [['####################################################################################################']]
[2024-03-29 17:19:22.844527] - [AbstractManipulator] - [getCurrentPosition] [Warning] [['Abstract Methode']]
[2024-03-29 17:19:22.853035] - [AbstractManipulator] - [getCurrentPosition] [Warning] [['Abstract Methode']]
[2024-03-29 17:19:22.860550] - [AbstractManipulator] - [getCurrentPosition] [Warning] [['Abstract Methode']]
[2024-03-29 17:19:23.362032] - [MainWindow] - [togle] [log] [[[60.0, 90.0, 60.0, 90.0, 'pole 0']]]
[2024-03-29 17:19:26.487640] - [AbstractManipulator] - [waitForTarget] [Warning] [['Abstract Methode']]
[2024-03-29 17:19:26.493644] - [AbstractManipulator] - [waitForTarget] [Warning] [['Abstract Methode']]
[2024-03-29 22:04:20.309601] - [MainWindow] - [_logImportant] [log] [['####################################################################################################']]
[2024-03-29 22:04:20.675154] - [MainWindow] - [_logImportant] [log] [['######################################### Program Starting ##########################################']]
[2024-03-29 22:04:20.677297] - [MainWindow] - [_logImportant] [log] [['####################################################################################################']]
[2024-03-29 22:04:27.255444] - [AbstractManipulator] - [getCurrentPosition] [Warning] [['Abstract Methode']]
[2024-03-29 22:04:27.264447] - [AbstractManipulator] - [getCurrentPosition] [Warning] [['Abstract Methode']]
[2024-03-29 22:04:27.268054] - [AbstractManipulator] - [getCurrentPosition] [Warning] [['Abstract Methode']]
[2024-03-29 22:04:27.900958] - [MainWindow] - [togle] [log] [[[60.0, 90.0, 60.0, 90.0, 'pole 0']]]
[2024-03-29 22:04:33.077519] - [AbstractManipulator] - [waitForTarget] [Warning] [['Abstract Methode']]
[2024-03-29 22:04:33.163322] - [AbstractManipulator] - [waitForTarget] [Warning] [['Abstract Methode']]
[2024-03-29 22:04:49.505939] - [MainWindow] - [_logImportant] [log] [['####################################################################################################']]
[2024-03-29 22:04:49.972768] - [MainWindow] - [_logImportant] [log] [['######################################### Program Starting ##########################################']]
[2024-03-29 22:04:49.978115] - [MainWindow] - [_logImportant] [log] [['####################################################################################################']]
[2024-03-29 22:04:55.787578] - [AbstractManipulator] - [getCurrentPosition] [Warning] [['Abstract Methode']]
[2024-03-29 22:04:55.787578] - [AbstractManipulator] - [getCurrentPosition] [Warning] [['Abstract Methode']]
[2024-03-29 22:04:55.803214] - [AbstractManipulator] - [getCurrentPosition] [Warning] [['Abstract Methode']]
[2024-03-29 22:04:56.425157] - [MainWindow] - [togle] [log] [[[60.0, 90.0, 60.0, 90.0, 'pole 0']]]
[2024-03-29 22:05:01.175186] - [AbstractManipulator] - [waitForTarget] [Warning] [['Abstract Methode']]
[2024-03-29 22:05:01.186192] - [AbstractManipulator] - [waitForTarget] [Warning] [['Abstract Methode']]
[2024-03-29 22:05:40.166634] - [MainWindow] - [_logImportant] [log] [['####################################################################################################']]
[2024-03-29 22:05:40.593172] - [MainWindow] - [_logImportant] [log] [['######################################### Program Starting ##########################################']]
[2024-03-29 22:05:40.593172] - [MainWindow] - [_logImportant] [log] [['####################################################################################################']]
[2024-03-29 22:05:46.627150] - [AbstractManipulator] - [getCurrentPosition] [Warning] [['Abstract Methode']]
[2024-03-29 22:05:46.641661] - [AbstractManipulator] - [getCurrentPosition] [Warning] [['Abstract Methode']]
[2024-03-29 22:05:46.641661] - [AbstractManipulator] - [getCurrentPosition] [Warning] [['Abstract Methode']]
[2024-03-29 22:05:47.231287] - [MainWindow] - [togle] [log] [[[60.0, 90.0, 60.0, 90.0, 'pole 0']]]
[2024-03-29 22:05:52.982997] - [AbstractManipulator] - [waitForTarget] [Warning] [['Abstract Methode']]
[2024-03-29 22:05:52.998268] - [AbstractManipulator] - [waitForTarget] [Warning] [['Abstract Methode']]
[2024-03-29 22:05:57.564361] - [AbstractManipulator] - [waitForTarget] [Warning] [['Abstract Methode']]
[2024-03-29 22:05:57.564361] - [AbstractManipulator] - [waitForTarget] [Warning] [['Abstract Methode']]
[2024-03-29 22:06:19.207679] - [AbstractManipulator] - [close] [Warning] [['Abstract Methode']]
[2024-03-29 22:06:19.215568] - [AbstractManipulator] - [close] [Warning] [['Abstract Methode']]
[2024-03-29 22:06:19.222808] - [AbstractManipulator] - [close] [Warning] [['Abstract Methode']]
[2024-03-29 22:13:21.735422] - [MainWindow] - [_logImportant] [log] [['####################################################################################################']]
[2024-03-29 22:13:22.026158] - [MainWindow] - [_logImportant] [log] [['######################################### Program Starting ##########################################']]
[2024-03-29 22:13:22.028380] - [MainWindow] - [_logImportant] [log] [['####################################################################################################']]
[2024-03-29 22:13:27.583264] - [AbstractManipulator] - [getCurrentPosition] [Warning] [['Abstract Methode']]
[2024-03-29 22:13:27.587412] - [AbstractManipulator] - [getCurrentPosition] [Warning] [['Abstract Methode']]
[2024-03-29 22:13:27.590180] - [AbstractManipulator] - [getCurrentPosition] [Warning] [['Abstract Methode']]
[2024-03-29 22:13:28.161640] - [MainWindow] - [togle] [log] [[[60.0, 90.0, 60.0, 90.0, 'pole 0']]]
[2024-03-29 22:13:28.179445] - [m] - [main] [ERROR] [[AttributeError("'QMenuBar' object has no attribute 'addWidget'")]]
[2024-03-29 22:13:28.181502] - [m] - [main] [ERROR] [[['logError', 'main', '<module>']]]
[2024-03-29 22:13:28.182501] - [m] - [main] [Warning] [['ERROR During program runing trying to save ROI list']]
[2024-03-29 22:13:28.183502] - [m] - [trySavingRoiList] [Warning] [['ERROR During program runing unable to save ROI list']]
[2024-03-29 22:13:34.120444] - [MainWindow] - [_logImportant] [log] [['####################################################################################################']]
[2024-03-29 22:13:34.534669] - [MainWindow] - [_logImportant] [log] [['######################################### Program Starting ##########################################']]
[2024-03-29 22:13:34.534669] - [MainWindow] - [_logImportant] [log] [['####################################################################################################']]
[2024-03-29 22:13:40.504927] - [AbstractManipulator] - [getCurrentPosition] [Warning] [['Abstract Methode']]
[2024-03-29 22:13:40.520300] - [AbstractManipulator] - [getCurrentPosition] [Warning] [['Abstract Methode']]
[2024-03-29 22:13:40.520300] - [AbstractManipulator] - [getCurrentPosition] [Warning] [['Abstract Methode']]
[2024-03-29 22:13:41.091054] - [MainWindow] - [togle] [log] [[[60.0, 90.0, 60.0, 90.0, 'pole 0']]]
[2024-03-29 22:13:41.091054] - [m] - [main] [ERROR] [[AttributeError("'QMenuBar' object has no attribute 'addWidget'")]]
[2024-03-29 22:13:41.106680] - [m] - [main] [ERROR] [[['logError', 'main', '<module>', 'execfile', '_exec', 'run', 'main', '<module>']]]
[2024-03-29 22:13:41.106680] - [m] - [main] [Warning] [['ERROR During program runing trying to save ROI list']]
[2024-03-29 22:13:41.106680] - [m] - [trySavingRoiList] [Warning] [['ERROR During program runing unable to save ROI list']]
[2024-03-29 22:15:27.827253] - [MainWindow] - [_logImportant] [log] [['####################################################################################################']]
[2024-03-29 22:15:28.255181] - [MainWindow] - [_logImportant] [log] [['######################################### Program Starting ##########################################']]
[2024-03-29 22:15:28.257511] - [MainWindow] - [_logImportant] [log] [['####################################################################################################']]
[2024-03-29 22:15:34.283092] - [AbstractManipulator] - [getCurrentPosition] [Warning] [['Abstract Methode']]
[2024-03-29 22:15:34.298774] - [AbstractManipulator] - [getCurrentPosition] [Warning] [['Abstract Methode']]
[2024-03-29 22:15:34.298774] - [AbstractManipulator] - [getCurrentPosition] [Warning] [['Abstract Methode']]
[2024-03-29 22:15:34.871479] - [MainWindow] - [togle] [log] [[[60.0, 90.0, 60.0, 90.0, 'pole 0']]]
[2024-03-29 22:15:34.887177] - [m] - [main] [ERROR] [[AttributeError("'QMenuBar' object has no attribute 'addWidget'")]]
[2024-03-29 22:15:34.887177] - [m] - [main] [ERROR] [[['logError', 'main', '<module>', 'execfile', '_exec', 'run', 'main', '<module>']]]
[2024-03-29 22:15:34.902804] - [m] - [main] [Warning] [['ERROR During program runing trying to save ROI list']]
[2024-03-29 22:15:34.902804] - [m] - [trySavingRoiList] [Warning] [['ERROR During program runing unable to save ROI list']]
[2024-03-29 22:19:11.884545] - [MainWindow] - [_logImportant] [log] [['####################################################################################################']]
[2024-03-29 22:19:12.162178] - [MainWindow] - [_logImportant] [log] [['######################################### Program Starting ##########################################']]
[2024-03-29 22:19:12.164737] - [MainWindow] - [_logImportant] [log] [['####################################################################################################']]
[2024-03-29 22:19:17.912045] - [AbstractManipulator] - [getCurrentPosition] [Warning] [['Abstract Methode']]
[2024-03-29 22:19:17.917667] - [AbstractManipulator] - [getCurrentPosition] [Warning] [['Abstract Methode']]
[2024-03-29 22:19:17.920348] - [AbstractManipulator] - [getCurrentPosition] [Warning] [['Abstract Methode']]
[2024-03-29 22:19:18.490851] - [MainWindow] - [togle] [log] [[[60.0, 90.0, 60.0, 90.0, 'pole 0']]]
[2024-03-29 22:19:18.506491] - [m] - [main] [ERROR] [[TypeError("index 0 has type 'float' but 'str' is expected")]]
[2024-03-29 22:19:18.508739] - [m] - [main] [ERROR] [[['logError', 'main', '<module>']]]
[2024-03-29 22:19:18.509739] - [m] - [main] [Warning] [['ERROR During program runing trying to save ROI list']]
[2024-03-29 22:19:18.511740] - [m] - [trySavingRoiList] [Warning] [['ERROR During program runing unable to save ROI list']]
[2024-03-29 22:19:44.790385] - [MainWindow] - [_logImportant] [log] [['####################################################################################################']]
[2024-03-29 22:19:45.069010] - [MainWindow] - [_logImportant] [log] [['######################################### Program Starting ##########################################']]
[2024-03-29 22:19:45.071424] - [MainWindow] - [_logImportant] [log] [['####################################################################################################']]
[2024-03-29 22:19:50.545031] - [AbstractManipulator] - [getCurrentPosition] [Warning] [['Abstract Methode']]
[2024-03-29 22:19:50.549544] - [AbstractManipulator] - [getCurrentPosition] [Warning] [['Abstract Methode']]
[2024-03-29 22:19:50.553118] - [AbstractManipulator] - [getCurrentPosition] [Warning] [['Abstract Methode']]
[2024-03-29 22:19:51.113061] - [MainWindow] - [togle] [log] [[[60.0, 90.0, 60.0, 90.0, 'pole 0']]]
[2024-03-29 22:20:00.587029] - [AbstractManipulator] - [close] [Warning] [['Abstract Methode']]
[2024-03-29 22:20:00.591909] - [AbstractManipulator] - [close] [Warning] [['Abstract Methode']]
[2024-03-29 22:20:00.594751] - [AbstractManipulator] - [close] [Warning] [['Abstract Methode']]
[2024-03-29 22:23:50.413653] - [MainWindow] - [_logImportant] [log] [['####################################################################################################']]
[2024-03-29 22:23:50.716576] - [MainWindow] - [_logImportant] [log] [['######################################### Program Starting ##########################################']]
[2024-03-29 22:23:50.718389] - [MainWindow] - [_logImportant] [log] [['####################################################################################################']]
[2024-03-29 22:23:56.788112] - [AbstractManipulator] - [getCurrentPosition] [Warning] [['Abstract Methode']]
[2024-03-29 22:23:56.794070] - [AbstractManipulator] - [getCurrentPosition] [Warning] [['Abstract Methode']]
[2024-03-29 22:23:56.798490] - [AbstractManipulator] - [getCurrentPosition] [Warning] [['Abstract Methode']]
[2024-03-29 22:23:57.433702] - [MainWindow] - [togle] [log] [[[60.0, 90.0, 60.0, 90.0, 'pole 0']]]
[2024-03-29 22:24:33.996175] - [MainWindow] - [_logImportant] [log] [['####################################################################################################']]
[2024-03-29 22:24:34.281228] - [MainWindow] - [_logImportant] [log] [['######################################### Program Starting ##########################################']]
[2024-03-29 22:24:34.283229] - [MainWindow] - [_logImportant] [log] [['####################################################################################################']]
[2024-03-29 22:24:39.909069] - [AbstractManipulator] - [getCurrentPosition] [Warning] [['Abstract Methode']]
[2024-03-29 22:24:39.913634] - [AbstractManipulator] - [getCurrentPosition] [Warning] [['Abstract Methode']]
[2024-03-29 22:24:39.917322] - [AbstractManipulator] - [getCurrentPosition] [Warning] [['Abstract Methode']]
[2024-03-29 22:24:40.511365] - [MainWindow] - [togle] [log] [[[60.0, 90.0, 60.0, 90.0, 'pole 0']]]
[2024-03-29 22:24:44.058129] - [AbstractManipulator] - [waitForTarget] [Warning] [['Abstract Methode']]
[2024-03-29 22:24:44.064141] - [AbstractManipulator] - [waitForTarget] [Warning] [['Abstract Methode']]
[2024-03-29 22:24:47.819598] - [AbstractManipulator] - [waitForTarget] [Warning] [['Abstract Methode']]
[2024-03-29 22:24:47.823599] - [AbstractManipulator] - [waitForTarget] [Warning] [['Abstract Methode']]
[2024-03-29 22:24:50.573771] - [AbstractManipulator] - [close] [Warning] [['Abstract Methode']]
[2024-03-29 22:24:50.577795] - [AbstractManipulator] - [close] [Warning] [['Abstract Methode']]
[2024-03-29 22:24:50.579795] - [AbstractManipulator] - [close] [Warning] [['Abstract Methode']]
[2024-03-29 22:25:25.480199] - [MainWindow] - [_logImportant] [log] [['####################################################################################################']]
[2024-03-29 22:25:25.905475] - [MainWindow] - [_logImportant] [log] [['######################################### Program Starting ##########################################']]
[2024-03-29 22:25:25.909001] - [MainWindow] - [_logImportant] [log] [['####################################################################################################']]
[2024-03-29 22:25:32.130239] - [AbstractManipulator] - [getCurrentPosition] [Warning] [['Abstract Methode']]
[2024-03-29 22:25:32.130239] - [AbstractManipulator] - [getCurrentPosition] [Warning] [['Abstract Methode']]
[2024-03-29 22:25:32.145883] - [AbstractManipulator] - [getCurrentPosition] [Warning] [['Abstract Methode']]
[2024-03-29 22:25:32.711676] - [MainWindow] - [togle] [log] [[[60.0, 90.0, 60.0, 90.0, 'pole 0']]]
[2024-03-29 22:25:37.419035] - [AbstractManipulator] - [waitForTarget] [Warning] [['Abstract Methode']]
[2024-03-29 22:25:37.430118] - [AbstractManipulator] - [waitForTarget] [Warning] [['Abstract Methode']]
[2024-03-29 22:25:40.664412] - [AbstractManipulator] - [close] [Warning] [['Abstract Methode']]
[2024-03-29 22:25:40.672357] - [AbstractManipulator] - [close] [Warning] [['Abstract Methode']]
[2024-03-29 22:25:40.679604] - [AbstractManipulator] - [close] [Warning] [['Abstract Methode']]
[2024-03-29 22:26:39.066218] - [MainWindow] - [_logImportant] [log] [['####################################################################################################']]
[2024-03-29 22:26:39.482980] - [MainWindow] - [_logImportant] [log] [['######################################### Program Starting ##########################################']]
[2024-03-29 22:26:39.489714] - [MainWindow] - [_logImportant] [log] [['####################################################################################################']]
[2024-03-29 22:26:45.883262] - [AbstractManipulator] - [getCurrentPosition] [Warning] [['Abstract Methode']]
[2024-03-29 22:26:45.898891] - [AbstractManipulator] - [getCurrentPosition] [Warning] [['Abstract Methode']]
[2024-03-29 22:26:45.903971] - [AbstractManipulator] - [getCurrentPosition] [Warning] [['Abstract Methode']]
[2024-03-29 22:26:46.470608] - [MainWindow] - [togle] [log] [[[60.0, 90.0, 60.0, 90.0, 'pole 0']]]
[2024-03-29 22:26:52.314192] - [AbstractManipulator] - [waitForTarget] [Warning] [['Abstract Methode']]
[2024-03-29 22:26:52.325656] - [AbstractManipulator] - [waitForTarget] [Warning] [['Abstract Methode']]
[2024-03-29 22:26:56.609159] - [AbstractManipulator] - [close] [Warning] [['Abstract Methode']]
[2024-03-29 22:26:56.618624] - [AbstractManipulator] - [close] [Warning] [['Abstract Methode']]
[2024-03-29 22:26:56.625637] - [AbstractManipulator] - [close] [Warning] [['Abstract Methode']]
[2024-03-29 22:38:11.375899] - [MainWindow] - [_logImportant] [log] [['####################################################################################################']]
[2024-03-29 22:38:11.663395] - [MainWindow] - [_logImportant] [log] [['######################################### Program Starting ##########################################']]
[2024-03-29 22:38:11.665459] - [MainWindow] - [_logImportant] [log] [['####################################################################################################']]
[2024-03-29 22:38:17.357202] - [AbstractManipulator] - [getCurrentPosition] [Warning] [['Abstract Methode']]
[2024-03-29 22:38:17.362609] - [AbstractManipulator] - [getCurrentPosition] [Warning] [['Abstract Methode']]
[2024-03-29 22:38:17.365629] - [AbstractManipulator] - [getCurrentPosition] [Warning] [['Abstract Methode']]
[2024-03-29 22:38:17.943056] - [MainWindow] - [togle] [log] [[[60.0, 90.0, 60.0, 90.0, 'pole 0']]]
[2024-03-29 22:38:26.076025] - [AbstractManipulator] - [close] [Warning] [['Abstract Methode']]
[2024-03-29 22:38:26.080149] - [AbstractManipulator] - [close] [Warning] [['Abstract Methode']]
[2024-03-29 22:38:26.083508] - [AbstractManipulator] - [close] [Warning] [['Abstract Methode']]
[2024-03-29 22:38:32.662474] - [MainWindow] - [_logImportant] [log] [['####################################################################################################']]
[2024-03-29 22:38:32.941351] - [MainWindow] - [_logImportant] [log] [['######################################### Program Starting ##########################################']]
[2024-03-29 22:38:32.944654] - [MainWindow] - [_logImportant] [log] [['####################################################################################################']]
[2024-03-29 22:38:38.603853] - [AbstractManipulator] - [getCurrentPosition] [Warning] [['Abstract Methode']]
[2024-03-29 22:38:38.608964] - [AbstractManipulator] - [getCurrentPosition] [Warning] [['Abstract Methode']]
[2024-03-29 22:38:38.612701] - [AbstractManipulator] - [getCurrentPosition] [Warning] [['Abstract Methode']]
[2024-03-29 22:38:39.172420] - [MainWindow] - [togle] [log] [[[60.0, 90.0, 60.0, 90.0, 'pole 0']]]
[2024-03-29 22:38:46.544080] - [AbstractManipulator] - [close] [Warning] [['Abstract Methode']]
[2024-03-29 22:38:46.549213] - [AbstractManipulator] - [close] [Warning] [['Abstract Methode']]
[2024-03-29 22:38:46.552224] - [AbstractManipulator] - [close] [Warning] [['Abstract Methode']]
[2024-03-29 22:44:26.757897] - [MainWindow] - [_logImportant] [log] [['####################################################################################################']]
[2024-03-29 22:44:27.179110] - [MainWindow] - [_logImportant] [log] [['######################################### Program Starting ##########################################']]
[2024-03-29 22:44:27.179110] - [MainWindow] - [_logImportant] [log] [['####################################################################################################']]
[2024-03-29 22:44:33.109309] - [AbstractManipulator] - [getCurrentPosition] [Warning] [['Abstract Methode']]
[2024-03-29 22:44:33.123840] - [AbstractManipulator] - [getCurrentPosition] [Warning] [['Abstract Methode']]
[2024-03-29 22:44:33.123840] - [AbstractManipulator] - [getCurrentPosition] [Warning] [['Abstract Methode']]
[2024-03-29 22:44:33.700730] - [MainWindow] - [togle] [log] [[[60.0, 90.0, 60.0, 90.0, 'pole 0']]]
[2024-03-29 22:44:33.724171] - [m] - [main] [ERROR] [[TypeError("setValue(self, val: float): argument 1 has unexpected type 'ManipulatorInterfere'")]]
[2024-03-29 22:44:33.733507] - [m] - [main] [ERROR] [[['logError', 'main', '<module>', 'execfile', '_exec', 'run', 'main', '<module>']]]
[2024-03-29 22:44:33.733507] - [m] - [main] [Warning] [['ERROR During program runing trying to save ROI list']]
[2024-03-29 22:44:33.739893] - [m] - [trySavingRoiList] [Warning] [['ERROR During program runing unable to save ROI list']]
[2024-03-29 22:44:51.489522] - [MainWindow] - [_logImportant] [log] [['####################################################################################################']]
[2024-03-29 22:44:51.783205] - [MainWindow] - [_logImportant] [log] [['######################################### Program Starting ##########################################']]
[2024-03-29 22:44:51.784942] - [MainWindow] - [_logImportant] [log] [['####################################################################################################']]
[2024-03-29 22:44:57.175255] - [AbstractManipulator] - [getCurrentPosition] [Warning] [['Abstract Methode']]
[2024-03-29 22:44:57.181422] - [AbstractManipulator] - [getCurrentPosition] [Warning] [['Abstract Methode']]
[2024-03-29 22:44:57.185412] - [AbstractManipulator] - [getCurrentPosition] [Warning] [['Abstract Methode']]
[2024-03-29 22:44:57.747156] - [MainWindow] - [togle] [log] [[[60.0, 90.0, 60.0, 90.0, 'pole 0']]]
[2024-03-29 22:45:05.817166] - [AbstractManipulator] - [close] [Warning] [['Abstract Methode']]
[2024-03-29 22:45:05.823046] - [AbstractManipulator] - [close] [Warning] [['Abstract Methode']]
[2024-03-29 22:45:05.826689] - [AbstractManipulator] - [close] [Warning] [['Abstract Methode']]
[2024-03-29 22:45:27.454985] - [MainWindow] - [_logImportant] [log] [['####################################################################################################']]
[2024-03-29 22:45:27.736479] - [MainWindow] - [_logImportant] [log] [['######################################### Program Starting ##########################################']]
[2024-03-29 22:45:27.738913] - [MainWindow] - [_logImportant] [log] [['####################################################################################################']]
[2024-03-29 22:45:33.265016] - [AbstractManipulator] - [getCurrentPosition] [Warning] [['Abstract Methode']]
[2024-03-29 22:45:33.270249] - [AbstractManipulator] - [getCurrentPosition] [Warning] [['Abstract Methode']]
[2024-03-29 22:45:33.273138] - [AbstractManipulator] - [getCurrentPosition] [Warning] [['Abstract Methode']]
[2024-03-29 22:45:33.833549] - [MainWindow] - [togle] [log] [[[60.0, 90.0, 60.0, 90.0, 'pole 0']]]
[2024-03-29 22:45:49.938394] - [AbstractManipulator] - [stop] [Warning] [['Abstract Methode']]
[2024-03-29 22:45:49.948705] - [SetStepSizeDialog] - [cancelPressed] [ERROR] [[AttributeError("'ManipulatorInterfere' object has no attribute 'manipulatorInterferes'")]]
[2024-03-29 22:45:49.951253] - [SetStepSizeDialog] - [cancelPressed] [ERROR] [[['logError', 'cancelPressed', '__setStepSize', 'mainNoTryCahch', 'main', '<module>']]]
[2024-03-29 22:45:53.724232] - [AbstractManipulator] - [close] [Warning] [['Abstract Methode']]
[2024-03-29 22:45:53.728833] - [AbstractManipulator] - [close] [Warning] [['Abstract Methode']]
[2024-03-29 22:45:53.731982] - [AbstractManipulator] - [close] [Warning] [['Abstract Methode']]
[2024-03-29 22:49:19.639056] - [MainWindow] - [_logImportant] [log] [['####################################################################################################']]
[2024-03-29 22:49:19.915253] - [MainWindow] - [_logImportant] [log] [['######################################### Program Starting ##########################################']]
[2024-03-29 22:49:19.917752] - [MainWindow] - [_logImportant] [log] [['####################################################################################################']]
[2024-03-29 22:49:25.579067] - [AbstractManipulator] - [getCurrentPosition] [Warning] [['Abstract Methode']]
[2024-03-29 22:49:25.584196] - [AbstractManipulator] - [getCurrentPosition] [Warning] [['Abstract Methode']]
[2024-03-29 22:49:25.587198] - [AbstractManipulator] - [getCurrentPosition] [Warning] [['Abstract Methode']]
[2024-03-29 22:49:26.145712] - [MainWindow] - [togle] [log] [[[60.0, 90.0, 60.0, 90.0, 'pole 0']]]
[2024-03-29 22:49:50.716844] - [AbstractManipulator] - [close] [Warning] [['Abstract Methode']]
[2024-03-29 22:49:50.722251] - [AbstractManipulator] - [close] [Warning] [['Abstract Methode']]
[2024-03-29 22:49:50.726317] - [AbstractManipulator] - [close] [Warning] [['Abstract Methode']]
[2024-03-29 22:54:31.979503] - [MainWindow] - [_logImportant] [log] [['####################################################################################################']]
[2024-03-29 22:54:32.245921] - [MainWindow] - [_logImportant] [log] [['######################################### Program Starting ##########################################']]
[2024-03-29 22:54:32.245921] - [MainWindow] - [_logImportant] [log] [['####################################################################################################']]
[2024-03-29 22:54:37.841434] - [AbstractManipulator] - [getCurrentPosition] [Warning] [['Abstract Methode']]
[2024-03-29 22:54:37.846550] - [AbstractManipulator] - [getCurrentPosition] [Warning] [['Abstract Methode']]
[2024-03-29 22:54:37.849309] - [AbstractManipulator] - [getCurrentPosition] [Warning] [['Abstract Methode']]
[2024-03-29 22:54:38.407115] - [MainWindow] - [togle] [log] [[[60.0, 90.0, 60.0, 90.0, 'pole 0']]]
[2024-03-29 22:54:54.555323] - [AbstractManipulator] - [close] [Warning] [['Abstract Methode']]
[2024-03-29 22:54:54.560422] - [AbstractManipulator] - [close] [Warning] [['Abstract Methode']]
[2024-03-29 22:54:54.563423] - [AbstractManipulator] - [close] [Warning] [['Abstract Methode']]
[2024-03-29 22:58:57.626400] - [MainWindow] - [_logImportant] [log] [['####################################################################################################']]
[2024-03-29 22:58:57.920877] - [MainWindow] - [_logImportant] [log] [['######################################### Program Starting ##########################################']]
[2024-03-29 22:58:57.922979] - [MainWindow] - [_logImportant] [log] [['####################################################################################################']]
[2024-03-29 22:59:03.337381] - [AbstractManipulator] - [getCurrentPosition] [Warning] [['Abstract Methode']]
[2024-03-29 22:59:03.344415] - [AbstractManipulator] - [getCurrentPosition] [Warning] [['Abstract Methode']]
[2024-03-29 22:59:03.347533] - [AbstractManipulator] - [getCurrentPosition] [Warning] [['Abstract Methode']]
[2024-03-29 22:59:03.938375] - [MainWindow] - [togle] [log] [[[60.0, 90.0, 60.0, 90.0, 'pole 0']]]
[2024-03-29 23:00:04.730682] - [MainWindow] - [_logImportant] [log] [['####################################################################################################']]
[2024-03-29 23:00:04.997140] - [MainWindow] - [_logImportant] [log] [['######################################### Program Starting ##########################################']]
[2024-03-29 23:00:04.999140] - [MainWindow] - [_logImportant] [log] [['####################################################################################################']]
[2024-03-29 23:00:10.392673] - [AbstractManipulator] - [getCurrentPosition] [Warning] [['Abstract Methode']]
[2024-03-29 23:00:10.398278] - [AbstractManipulator] - [getCurrentPosition] [Warning] [['Abstract Methode']]
[2024-03-29 23:00:10.401491] - [AbstractManipulator] - [getCurrentPosition] [Warning] [['Abstract Methode']]
[2024-03-29 23:00:10.960556] - [MainWindow] - [togle] [log] [[[60.0, 90.0, 60.0, 90.0, 'pole 0']]]
[2024-03-29 23:01:02.377213] - [MainWindow] - [_logImportant] [log] [['####################################################################################################']]
[2024-03-29 23:01:02.652391] - [MainWindow] - [_logImportant] [log] [['######################################### Program Starting ##########################################']]
[2024-03-29 23:01:02.654392] - [MainWindow] - [_logImportant] [log] [['####################################################################################################']]
[2024-03-29 23:01:08.074663] - [AbstractManipulator] - [getCurrentPosition] [Warning] [['Abstract Methode']]
[2024-03-29 23:01:08.080349] - [AbstractManipulator] - [getCurrentPosition] [Warning] [['Abstract Methode']]
[2024-03-29 23:01:08.083409] - [AbstractManipulator] - [getCurrentPosition] [Warning] [['Abstract Methode']]
[2024-03-29 23:01:08.699688] - [MainWindow] - [togle] [log] [[[60.0, 90.0, 60.0, 90.0, 'pole 0']]]
[2024-03-29 23:01:16.503156] - [AbstractManipulator] - [close] [Warning] [['Abstract Methode']]
[2024-03-29 23:01:16.507187] - [AbstractManipulator] - [close] [Warning] [['Abstract Methode']]
[2024-03-29 23:01:16.509523] - [AbstractManipulator] - [close] [Warning] [['Abstract Methode']]
[2024-03-29 23:01:27.764530] - [MainWindow] - [_logImportant] [log] [['####################################################################################################']]
[2024-03-29 23:01:28.063950] - [MainWindow] - [_logImportant] [log] [['######################################### Program Starting ##########################################']]
[2024-03-29 23:01:28.065423] - [MainWindow] - [_logImportant] [log] [['####################################################################################################']]
[2024-03-29 23:01:33.382593] - [AbstractManipulator] - [getCurrentPosition] [Warning] [['Abstract Methode']]
[2024-03-29 23:01:33.387739] - [AbstractManipulator] - [getCurrentPosition] [Warning] [['Abstract Methode']]
[2024-03-29 23:01:33.390788] - [AbstractManipulator] - [getCurrentPosition] [Warning] [['Abstract Methode']]
[2024-03-29 23:01:33.957060] - [MainWindow] - [togle] [log] [[[60.0, 90.0, 60.0, 90.0, 'pole 0']]]
[2024-03-29 23:01:47.595858] - [AbstractManipulator] - [stop] [Warning] [['Abstract Methode']]
[2024-03-29 23:01:47.598860] - [SetStepSizeDialog] - [cancelPressed] [ERROR] [[AttributeError("'ManipulatorInterfere' object has no attribute 'manipulatorInterferes'")]]
[2024-03-29 23:01:47.601982] - [SetStepSizeDialog] - [cancelPressed] [ERROR] [[['logError', 'cancelPressed', '__setStepSize', 'mainNoTryCahch', 'main', '<module>']]]
[2024-03-29 23:01:50.580714] - [AbstractManipulator] - [close] [Warning] [['Abstract Methode']]
[2024-03-29 23:01:50.583777] - [AbstractManipulator] - [close] [Warning] [['Abstract Methode']]
[2024-03-29 23:01:50.586826] - [AbstractManipulator] - [close] [Warning] [['Abstract Methode']]
