[2025-01-03 10:30:30.667806] - [m] - [mainNoTryCahch] [log] [["res PyQt5.QtCore.QSize(1920, 1080) <class 'PyQt5.QtCore.QSize'>"]]
[2025-01-03 10:30:30.846711] - [MainWindow] - [_logImportant] [log] [['####################################################################################################']]
[2025-01-03 10:30:30.847727] - [MainWindow] - [_logImportant] [log] [['######################################### Program Starting ##########################################']]
[2025-01-03 10:30:30.849227] - [MainWindow] - [_logImportant] [log] [['####################################################################################################']]
[2025-01-03 10:30:31.176897] - [Camera] - [__init__] [log] [['Connection to Camera from Produce 0:']]
[2025-01-03 10:30:31.182902] - [Camera] - [setVideoFormat] [log] [['ustawienie formatu Wideo res: None']]
[2025-01-03 10:30:31.210938] - [Camera] - [StartLive] [ERROR] [[IndexError('list index out of range')]]
[2025-01-03 10:30:31.214937] - [Camera] - [StartLive] [ERROR] [[['logError', 'StartLive', '__init__', '__init__', '__init__', '__init__', '__init__', '__init__', '__init__', '__init__', '__init__', '__init__', 'mainNoTryCahch', 'main', '<module>']]]
[2025-01-03 10:30:31.216937] - [Camera] - [StartLive] [log] [['no window to close?']]
[2025-01-03 10:30:31.218939] - [Camera] - [__init__] [log] [[(0, 0, 0)]]
[2025-01-03 10:30:32.378041] - [Camera] - [__init__] [log] [[ValueError('NULL pointer access')]]
[2025-01-03 10:30:33.701087] - [ManipulatorInterfere] - [resolveManipulator] [log] [[FileNotFoundError("Could not find module 'C:\\Program Files\\PollsampleX\\Config\\Dlls\\ACSCL_x64.dll' (or one of its dependencies). Try using the full path with constructor syntax.")]]
[2025-01-03 10:30:33.707726] - [AbstractManipulator] - [getCurrentPosition] [Warning] [['Abstract Methode']]
[2025-01-03 10:30:33.895584] - [StandaManipulator] - [enter] [log] [['Device ID 1']]
[2025-01-03 10:30:36.004789] - [StandaManipulator] - [__testInfo] [log] [['Result: -4']]
[2025-01-03 10:30:38.117568] - [StandaManipulator] - [__init__] [ERROR] [['Error reading current position']]
[2025-01-03 10:30:38.120604] - [StandaManipulator] - [__init__] [ERROR] [[['logError', '__init__', 'resolveManipulator', '__init__', '__init__', '__init__', '__init__', '__init__', '__init__', 'mainNoTryCahch', 'main', '<module>']]]
[2025-01-03 10:30:40.232328] - [StandaManipulator] - [__init__] [log] [['Standa Resived Position: -4']]
[2025-01-03 10:30:40.234567] - [StandaManipulator] - [__init__] [ERROR] [[FileNotFoundError(2, 'No such file or directory')]]
[2025-01-03 10:30:40.239304] - [StandaManipulator] - [__init__] [ERROR] [[['logError', '__init__', 'resolveManipulator', '__init__', '__init__', '__init__', '__init__', '__init__', '__init__', 'mainNoTryCahch', 'main', '<module>']]]
[2025-01-03 10:30:42.055145] - [StandaManipulator] - [enter] [log] [['Device ID 2']]
[2025-01-03 10:30:49.198207] - [StandaManipulator] - [__testInfo] [log] [['Result: -4']]
[2025-01-03 10:30:56.258642] - [StandaManipulator] - [__init__] [ERROR] [['Error reading current position']]
[2025-01-03 10:30:56.262763] - [StandaManipulator] - [__init__] [ERROR] [[['logError', '__init__', 'resolveManipulator', '__init__', '__init__', '__init__', '__init__', '__init__', '__init__', 'mainNoTryCahch', 'main', '<module>']]]
[2025-01-03 10:31:03.402903] - [StandaManipulator] - [__init__] [log] [['Standa Resived Position: -4']]
[2025-01-03 10:31:03.412468] - [StandaManipulator] - [__init__] [ERROR] [[FileNotFoundError(2, 'No such file or directory')]]
[2025-01-03 10:31:03.425943] - [StandaManipulator] - [__init__] [ERROR] [[['logError', '__init__', 'resolveManipulator', '__init__', '__init__', '__init__', '__init__', '__init__', '__init__', 'mainNoTryCahch', 'main', '<module>']]]
[2025-01-03 10:31:03.439609] - [StandaManipulator] - [__goto] [log] [[0.0, 0, 0]]
[2025-01-03 10:31:13.004072] - [MainWindow] - [togle] [log] [[[60.0, 90.0, 60.0, 90.0, 'pole 0']]]
[2025-01-03 10:31:13.011661] - [MainWindow] - [createZoom] [log] [['readed zoom 3']]
[2025-01-03 10:37:39.415349] - [AbstractManipulator] - [close] [Warning] [['Abstract Methode']]
