[2024-10-31 13:20:08.857695] - [m] - [mainNoTryCahch] [log] [["res PyQt5.QtCore.QSize(1920, 1080) <class 'PyQt5.QtCore.QSize'>"]]
[2024-10-31 13:20:09.000549] - [MainWindow] - [_logImportant] [log] [['####################################################################################################']]
[2024-10-31 13:20:09.001549] - [MainWindow] - [_logImportant] [log] [['######################################### Program Starting ##########################################']]
[2024-10-31 13:20:09.002549] - [MainWindow] - [_logImportant] [log] [['####################################################################################################']]
[2024-10-31 13:20:10.681410] - [AbstractManipulator] - [getCurrentPosition] [Warning] [['Abstract Methode']]
[2024-10-31 13:20:10.686331] - [AbstractManipulator] - [getCurrentPosition] [Warning] [['Abstract Methode']]
[2024-10-31 13:20:10.687332] - [AbstractManipulator] - [getCurrentPosition] [Warning] [['Abstract Methode']]
[2024-10-31 13:20:11.179702] - [MainWindow] - [togle] [log] [[[60.0, 90.0, 60.0, 90.0, 'pole 0']]]
[2024-10-31 13:20:11.183932] - [MainWindow] - [createZoom] [log] [['readed zoom 3']]
[2024-10-31 13:20:25.127594] - [LoadRoiList] - [load] [log] [['C:/Users/Zenbook/Desktop/e.zip']]
[2024-10-31 13:20:25.131225] - [LoadRoiList] - [load] [log] [['Dictionary from JSON:', {'1': {'Pixell Values': {'x0': 680, 'y0': 290}, 'mm Values': {'x0': 0.8095238095238095, 'y0': 0.34523809523809523}, 'sample mm Values': {'x0': 0.8095238095238095, 'y0': 0.34523809523809523}, 'zero Point Present': False, 'zoom': '3', 'name': 1, 'center Pixell': {'x': 680, 'y': 290}, 'center mm': {'x': 0.8095238095238095, 'y': 0.34523809523809523}, 'sample center mm': {'x': 0.8095238095238095, 'y': 0.34523809523809523}}, '2': {'Pixell Values': {'x0': 931, 'y0': 431}, 'mm Values': {'x0': 1.1083333333333334, 'y0': 0.513095238095238}, 'sample mm Values': {'x0': 1.1083333333333334, 'y0': 0.513095238095238}, 'zero Point Present': False, 'zoom': '3', 'name': '1', 'center Pixell': {'x': 931, 'y': 431}, 'center mm': {'x': 1.1083333333333334, 'y': 0.513095238095238}, 'sample center mm': {'x': 1.1083333333333334, 'y': 0.513095238095238}}}]]
[2024-10-31 13:20:36.946811] - [m] - [mainNoTryCahch] [log] [["res PyQt5.QtCore.QSize(1920, 1080) <class 'PyQt5.QtCore.QSize'>"]]
[2024-10-31 13:20:37.166378] - [MainWindow] - [_logImportant] [log] [['####################################################################################################']]
[2024-10-31 13:20:37.168379] - [MainWindow] - [_logImportant] [log] [['######################################### Program Starting ##########################################']]
[2024-10-31 13:20:37.170379] - [MainWindow] - [_logImportant] [log] [['####################################################################################################']]
[2024-10-31 13:20:38.473445] - [AbstractManipulator] - [getCurrentPosition] [Warning] [['Abstract Methode']]
[2024-10-31 13:20:38.477447] - [AbstractManipulator] - [getCurrentPosition] [Warning] [['Abstract Methode']]
[2024-10-31 13:20:38.481448] - [AbstractManipulator] - [getCurrentPosition] [Warning] [['Abstract Methode']]
[2024-10-31 13:20:38.706272] - [MainWindow] - [togle] [log] [[[60.0, 90.0, 60.0, 90.0, 'pole 0']]]
[2024-10-31 13:20:38.710273] - [MainWindow] - [createZoom] [log] [['readed zoom 3']]
[2024-10-31 13:20:55.014509] - [LoadRoiList] - [load] [log] [['File loading interrupted by user no file was selected to load']]
[2024-10-31 13:20:57.001910] - [AbstractManipulator] - [close] [Warning] [['Abstract Methode']]
[2024-10-31 13:22:09.500112] - [m] - [mainNoTryCahch] [log] [["res PyQt5.QtCore.QSize(1920, 1080) <class 'PyQt5.QtCore.QSize'>"]]
[2024-10-31 13:22:09.717241] - [MainWindow] - [_logImportant] [log] [['####################################################################################################']]
[2024-10-31 13:22:09.720242] - [MainWindow] - [_logImportant] [log] [['######################################### Program Starting ##########################################']]
[2024-10-31 13:22:09.723243] - [MainWindow] - [_logImportant] [log] [['####################################################################################################']]
[2024-10-31 13:22:11.088458] - [AbstractManipulator] - [getCurrentPosition] [Warning] [['Abstract Methode']]
[2024-10-31 13:22:11.093458] - [AbstractManipulator] - [getCurrentPosition] [Warning] [['Abstract Methode']]
[2024-10-31 13:22:11.097459] - [AbstractManipulator] - [getCurrentPosition] [Warning] [['Abstract Methode']]
[2024-10-31 13:22:11.329371] - [MainWindow] - [togle] [log] [[[60.0, 90.0, 60.0, 90.0, 'pole 0']]]
[2024-10-31 13:22:11.333372] - [MainWindow] - [createZoom] [log] [['readed zoom 3']]
[2024-10-31 13:22:23.418927] - [LoadRoiList] - [load] [log] [['C:/Users/Zenbook/Desktop/e.zip']]
[2024-10-31 13:22:23.425229] - [LoadRoiList] - [load] [log] [['Dictionary from JSON:', {'1': {'Pixell Values': {'x0': 680, 'y0': 290}, 'mm Values': {'x0': 0.8095238095238095, 'y0': 0.34523809523809523}, 'sample mm Values': {'x0': 0.8095238095238095, 'y0': 0.34523809523809523}, 'zero Point Present': False, 'zoom': '3', 'name': 1, 'center Pixell': {'x': 680, 'y': 290}, 'center mm': {'x': 0.8095238095238095, 'y': 0.34523809523809523}, 'sample center mm': {'x': 0.8095238095238095, 'y': 0.34523809523809523}}, '2': {'Pixell Values': {'x0': 931, 'y0': 431}, 'mm Values': {'x0': 1.1083333333333334, 'y0': 0.513095238095238}, 'sample mm Values': {'x0': 1.1083333333333334, 'y0': 0.513095238095238}, 'zero Point Present': False, 'zoom': '3', 'name': '1', 'center Pixell': {'x': 931, 'y': 431}, 'center mm': {'x': 1.1083333333333334, 'y': 0.513095238095238}, 'sample center mm': {'x': 1.1083333333333334, 'y': 0.513095238095238}}}]]
[2024-10-31 13:22:23.455369] - [Point] - [__init__] [log] [['x1 = 680,  y1 = 290']]
[2024-10-31 13:22:23.462942] - [Point] - [calculateOffset] [log] [['wynik x=0, offset y=0']]
[2024-10-31 13:22:23.467945] - [Point] - [resolveZeroPoint] [Warning] [['Zero Point was not set']]
[2024-10-31 13:22:23.472336] - [Point] - [resolveZeroPoint] [Warning] [['Zero Point was not set']]
[2024-10-31 13:22:23.497784] - [Point] - [__init__] [log] [['x1 = 931,  y1 = 431']]
[2024-10-31 13:22:23.503395] - [Point] - [calculateOffset] [log] [['wynik x=0, offset y=0']]
[2024-10-31 13:22:23.507440] - [Point] - [resolveZeroPoint] [Warning] [['Zero Point was not set']]
[2024-10-31 13:22:23.511471] - [Point] - [resolveZeroPoint] [Warning] [['Zero Point was not set']]
[2024-10-31 13:22:32.448579] - [ROI] - [__init__] [log] [['x1 = 391, x2 = 794, y1 = 576, y2 = 333, manipulatotrX = 0, manipulatorY = 0, absolutePixelValue = [0, 0]']]
[2024-10-31 13:22:32.460388] - [ROI] - [calculateOffset] [log] [['wynik x=0, offset y=0']]
[2024-10-31 13:22:32.608395] - [ROI] - [resolveZeroPoint] [Warning] [['Zero Point was not set']]
[2024-10-31 13:22:32.611930] - [ROI] - [resolveZeroPoint] [Warning] [['Zero Point was not set']]
[2024-10-31 13:22:42.492718] - [Line] - [__init__] [log] [['x1 = 1024, x2 = 962, y1 = 262, y2 = 536, manipulatotrX = 0, manipulatorY = 0, absolutePixelValue = [0, 0]']]
[2024-10-31 13:22:42.504357] - [Line] - [calculateOffset] [log] [['wynik x=0, offset y=0']]
[2024-10-31 13:22:42.651497] - [Line] - [resolveZeroPoint] [Warning] [['Zero Point was not set']]
[2024-10-31 13:22:42.655501] - [Line] - [resolveZeroPoint] [Warning] [['Zero Point was not set']]
[2024-10-31 13:22:50.708332] - [Point] - [resolveZeroPoint] [Warning] [['Zero Point was not set']]
[2024-10-31 13:22:50.713550] - [Point] - [resolveZeroPoint] [Warning] [['Zero Point was not set']]
[2024-10-31 13:22:50.717928] - [ROI] - [resolveZeroPoint] [Warning] [['Zero Point was not set']]
[2024-10-31 13:22:50.721335] - [Line] - [resolveZeroPoint] [Warning] [['Zero Point was not set']]
[2024-10-31 13:22:59.277748] - [SaveRoiList] - [save] [log] [['folder path: C:/Users/Zenbook/Desktop/New.zip']]
[2024-10-31 13:23:23.254918] - [m] - [mainNoTryCahch] [log] [["res PyQt5.QtCore.QSize(1920, 1080) <class 'PyQt5.QtCore.QSize'>"]]
[2024-10-31 13:23:23.467472] - [MainWindow] - [_logImportant] [log] [['####################################################################################################']]
[2024-10-31 13:23:23.470472] - [MainWindow] - [_logImportant] [log] [['######################################### Program Starting ##########################################']]
[2024-10-31 13:23:23.472472] - [MainWindow] - [_logImportant] [log] [['####################################################################################################']]
[2024-10-31 13:23:24.845207] - [AbstractManipulator] - [getCurrentPosition] [Warning] [['Abstract Methode']]
[2024-10-31 13:23:24.850286] - [AbstractManipulator] - [getCurrentPosition] [Warning] [['Abstract Methode']]
[2024-10-31 13:23:24.853793] - [AbstractManipulator] - [getCurrentPosition] [Warning] [['Abstract Methode']]
[2024-10-31 13:23:25.089644] - [MainWindow] - [togle] [log] [[[60.0, 90.0, 60.0, 90.0, 'pole 0']]]
[2024-10-31 13:23:25.093151] - [MainWindow] - [createZoom] [log] [['readed zoom 3']]
[2024-10-31 13:23:38.146367] - [LoadRoiList] - [load] [log] [['C:/Users/Zenbook/Desktop/New.zip']]
[2024-10-31 13:23:38.152617] - [LoadRoiList] - [load] [log] [['Dictionary from JSON:', {'1': {'Pixell Values': {'x0': 680, 'y0': 290}, 'mm Values': {'x0': 0.8095238095238095, 'y0': 0.34523809523809523}, 'sample mm Values': {'x0': 0.8095238095238095, 'y0': 0.34523809523809523}, 'zero Point Present': False, 'zoom': '3', 'name': 1, 'Type': 'Point', 'center Pixell': {'x': 680, 'y': 290}, 'center mm': {'x': 0.8095238095238095, 'y': 0.34523809523809523}, 'sample center mm': {'x': 0.8095238095238095, 'y': 0.34523809523809523}}, '2': {'Pixell Values': {'x0': 931, 'y0': 431}, 'mm Values': {'x0': 1.1083333333333334, 'y0': 0.513095238095238}, 'sample mm Values': {'x0': 1.1083333333333334, 'y0': 0.513095238095238}, 'zero Point Present': False, 'zoom': '3', 'name': '1', 'Type': 'Point', 'center Pixell': {'x': 931, 'y': 431}, 'center mm': {'x': 1.1083333333333334, 'y': 0.513095238095238}, 'sample center mm': {'x': 1.1083333333333334, 'y': 0.513095238095238}}, '3': {'Pixell Values': {'x0': 391, 'x1': 794, 'y0': 333, 'y1': 576}, 'mm Values': {'x0': 0.4654761904761905, 'x1': 0.9452380952380952, 'y0': 0.3964285714285714, 'y1': 0.6857142857142857}, 'sample mm Values': {'x0': 0.4654761904761905, 'x1': 0.9452380952380952, 'y0': 0.3964285714285714, 'y1': 0.6857142857142857}, 'zero Point Present': False, 'zoom': '3', 'scatter': False, 'name': 3, 'Type': 'ROI', 'center Pixell': {'x': 592, 'y': 454}, 'center mm': {'x': 0.7047619047619048, 'y': 0.5404761904761904}, 'sample center mm': {'x': 0.7047619047619048, 'y': 0.5404761904761904}}, '4': {'Pixell Values': {'x0': 1024, 'x1': 962, 'y0': 262, 'y1': 536}, 'mm Values': {'x0': 1.2190476190476192, 'x1': 1.1452380952380952, 'y0': 0.3119047619047619, 'y1': 0.638095238095238}, 'sample mm Values': {'x0': 1.2190476190476192, 'x1': 1.1452380952380952, 'y0': 0.3119047619047619, 'y1': 0.638095238095238}, 'zero Point Present': False, 'zoom': '3', 'name': 4, 'Type': 'Line', 'center Pixell': {'x': 993, 'y': 399}, 'center mm': {'x': 1.1821428571428572, 'y': 0.475}, 'sample center mm': {'x': 1.1821428571428572, 'y': 0.475}}}]]
[2024-10-31 13:23:38.183034] - [Point] - [__init__] [log] [['x1 = 680,  y1 = 290']]
[2024-10-31 13:23:38.189423] - [Point] - [calculateOffset] [log] [['wynik x=0, offset y=0']]
[2024-10-31 13:23:38.192462] - [Point] - [resolveZeroPoint] [Warning] [['Zero Point was not set']]
[2024-10-31 13:23:38.196493] - [Point] - [resolveZeroPoint] [Warning] [['Zero Point was not set']]
[2024-10-31 13:23:38.221635] - [Point] - [__init__] [log] [['x1 = 931,  y1 = 431']]
[2024-10-31 13:23:38.226696] - [Point] - [calculateOffset] [log] [['wynik x=0, offset y=0']]
[2024-10-31 13:23:38.229697] - [Point] - [resolveZeroPoint] [Warning] [['Zero Point was not set']]
[2024-10-31 13:23:38.233697] - [Point] - [resolveZeroPoint] [Warning] [['Zero Point was not set']]
[2024-10-31 13:23:38.259939] - [ROI] - [__init__] [log] [['x1 = 391, x2 = 794, y1 = 333, y2 = 576, manipulatotrX = 0, manipulatorY = 0, absolutePixelValue = [0, 0]']]
[2024-10-31 13:23:38.263951] - [ROI] - [calculateOffset] [log] [['wynik x=0, offset y=0']]
[2024-10-31 13:23:38.267952] - [ROI] - [resolveZeroPoint] [Warning] [['Zero Point was not set']]
[2024-10-31 13:23:38.271980] - [ROI] - [resolveZeroPoint] [Warning] [['Zero Point was not set']]
[2024-10-31 13:23:38.295912] - [Line] - [__init__] [log] [['x1 = 1024, x2 = 962, y1 = 262, y2 = 536, manipulatotrX = 0, manipulatorY = 0, absolutePixelValue = [0, 0]']]
[2024-10-31 13:23:38.300515] - [Line] - [calculateOffset] [log] [['wynik x=0, offset y=0']]
[2024-10-31 13:23:38.303527] - [Line] - [resolveZeroPoint] [Warning] [['Zero Point was not set']]
[2024-10-31 13:23:38.307546] - [Line] - [resolveZeroPoint] [Warning] [['Zero Point was not set']]
[2024-10-31 13:23:42.129331] - [AbstractManipulator] - [close] [Warning] [['Abstract Methode']]
[2024-10-31 13:38:35.814657] - [m] - [mainNoTryCahch] [log] [["res PyQt5.QtCore.QSize(1920, 1080) <class 'PyQt5.QtCore.QSize'>"]]
[2024-10-31 13:38:36.247030] - [MainWindow] - [_logImportant] [log] [['####################################################################################################']]
[2024-10-31 13:38:36.251858] - [MainWindow] - [_logImportant] [log] [['######################################### Program Starting ##########################################']]
[2024-10-31 13:38:36.254978] - [MainWindow] - [_logImportant] [log] [['####################################################################################################']]
[2024-10-31 13:38:37.819320] - [AbstractManipulator] - [getCurrentPosition] [Warning] [['Abstract Methode']]
[2024-10-31 13:38:37.825359] - [AbstractManipulator] - [getCurrentPosition] [Warning] [['Abstract Methode']]
[2024-10-31 13:38:37.829393] - [AbstractManipulator] - [getCurrentPosition] [Warning] [['Abstract Methode']]
[2024-10-31 13:38:38.099880] - [MainWindow] - [togle] [log] [[[60.0, 90.0, 60.0, 90.0, 'pole 0']]]
[2024-10-31 13:38:38.104618] - [MainWindow] - [createZoom] [log] [['readed zoom 3']]
[2024-10-31 13:38:43.660919] - [ROI] - [__init__] [log] [['x1 = 550, x2 = 786, y1 = 334, y2 = 484, manipulatotrX = 0, manipulatorY = 0, absolutePixelValue = [0, 0]']]
[2024-10-31 13:38:43.664951] - [ROI] - [calculateOffset] [log] [['wynik x=0, offset y=0']]
[2024-10-31 13:38:43.816090] - [ROI] - [resolveZeroPoint] [Warning] [['Zero Point was not set']]
[2024-10-31 13:38:43.820241] - [ROI] - [resolveZeroPoint] [Warning] [['Zero Point was not set']]
[2024-10-31 13:38:48.974396] - [ROI] - [__init__] [log] [['x1 = 723, x2 = 1006, y1 = 133, y2 = 361, manipulatotrX = 0, manipulatorY = 0, absolutePixelValue = [0, 0]']]
[2024-10-31 13:38:48.985979] - [ROI] - [calculateOffset] [log] [['wynik x=0, offset y=0']]
[2024-10-31 13:38:49.143728] - [ROI] - [resolveZeroPoint] [Warning] [['Zero Point was not set']]
[2024-10-31 13:38:49.147533] - [ROI] - [resolveZeroPoint] [Warning] [['Zero Point was not set']]
[2024-10-31 13:38:52.477628] - [Line] - [__init__] [log] [['x1 = 651, x2 = 1389, y1 = 708, y2 = 305, manipulatotrX = 0, manipulatorY = 0, absolutePixelValue = [0, 0]']]
[2024-10-31 13:38:52.483128] - [Line] - [calculateOffset] [log] [['wynik x=0, offset y=0']]
[2024-10-31 13:38:52.628411] - [Line] - [resolveZeroPoint] [Warning] [['Zero Point was not set']]
[2024-10-31 13:38:52.632429] - [Line] - [resolveZeroPoint] [Warning] [['Zero Point was not set']]
[2024-10-31 13:39:11.568545] - [ROI] - [resolveZeroPoint] [Warning] [['Zero Point was not set']]
[2024-10-31 13:39:11.571556] - [ROI] - [resolveZeroPoint] [Warning] [['Zero Point was not set']]
[2024-10-31 13:39:11.574608] - [Line] - [resolveZeroPoint] [Warning] [['Zero Point was not set']]
[2024-10-31 13:39:21.102788] - [SaveRoiList] - [save] [log] [['folder path: C:/Users/Zenbook/Desktop/New.zip']]
[2024-10-31 13:45:56.308502] - [m] - [mainNoTryCahch] [log] [["res PyQt5.QtCore.QSize(1920, 1080) <class 'PyQt5.QtCore.QSize'>"]]
[2024-10-31 13:45:56.519372] - [MainWindow] - [_logImportant] [log] [['####################################################################################################']]
[2024-10-31 13:45:56.522279] - [MainWindow] - [_logImportant] [log] [['######################################### Program Starting ##########################################']]
[2024-10-31 13:45:56.525206] - [MainWindow] - [_logImportant] [log] [['####################################################################################################']]
[2024-10-31 13:45:57.936431] - [AbstractManipulator] - [getCurrentPosition] [Warning] [['Abstract Methode']]
[2024-10-31 13:45:57.941147] - [AbstractManipulator] - [getCurrentPosition] [Warning] [['Abstract Methode']]
[2024-10-31 13:45:57.944776] - [AbstractManipulator] - [getCurrentPosition] [Warning] [['Abstract Methode']]
[2024-10-31 13:45:58.206659] - [MainWindow] - [togle] [log] [[[60.0, 90.0, 60.0, 90.0, 'pole 0']]]
[2024-10-31 13:45:58.211114] - [MainWindow] - [createZoom] [log] [['readed zoom 3']]
[2024-10-31 13:46:04.640565] - [ROI] - [__init__] [log] [['x1 = 238, x2 = 363, y1 = 201, y2 = 370, manipulatotrX = 0, manipulatorY = 0, absolutePixelValue = [0, 0]']]
[2024-10-31 13:46:04.645821] - [ROI] - [calculateOffset] [log] [['wynik x=0, offset y=0']]
[2024-10-31 13:48:27.132240] - [m] - [mainNoTryCahch] [log] [["res PyQt5.QtCore.QSize(1920, 1080) <class 'PyQt5.QtCore.QSize'>"]]
[2024-10-31 13:48:27.353055] - [MainWindow] - [_logImportant] [log] [['####################################################################################################']]
[2024-10-31 13:48:27.356184] - [MainWindow] - [_logImportant] [log] [['######################################### Program Starting ##########################################']]
[2024-10-31 13:48:27.358688] - [MainWindow] - [_logImportant] [log] [['####################################################################################################']]
[2024-10-31 13:48:28.539318] - [AbstractManipulator] - [getCurrentPosition] [Warning] [['Abstract Methode']]
[2024-10-31 13:48:28.543319] - [AbstractManipulator] - [getCurrentPosition] [Warning] [['Abstract Methode']]
[2024-10-31 13:48:28.547320] - [AbstractManipulator] - [getCurrentPosition] [Warning] [['Abstract Methode']]
[2024-10-31 13:48:28.799010] - [MainWindow] - [togle] [log] [[[60.0, 90.0, 60.0, 90.0, 'pole 0']]]
[2024-10-31 13:48:28.803063] - [MainWindow] - [createZoom] [log] [['readed zoom 3']]
[2024-10-31 13:48:29.732372] - [ROI] - [__init__] [log] [['x1 = 542, x2 = 796, y1 = 293, y2 = 497, manipulatotrX = 0, manipulatorY = 0, absolutePixelValue = [0, 0]']]
[2024-10-31 13:48:29.737152] - [ROI] - [calculateOffset] [log] [['wynik x=0, offset y=0']]
[2024-10-31 13:48:29.892880] - [ROI] - [resolveZeroPoint] [Warning] [['Zero Point was not set']]
[2024-10-31 13:48:29.896963] - [ROI] - [resolveZeroPoint] [Warning] [['Zero Point was not set']]
[2024-10-31 13:48:30.385590] - [ROI] - [__init__] [log] [['x1 = 1125, x2 = 1336, y1 = 603, y2 = 687, manipulatotrX = 0, manipulatorY = 0, absolutePixelValue = [0, 0]']]
[2024-10-31 13:48:30.389590] - [ROI] - [calculateOffset] [log] [['wynik x=0, offset y=0']]
[2024-10-31 13:48:30.537156] - [ROI] - [resolveZeroPoint] [Warning] [['Zero Point was not set']]
[2024-10-31 13:48:30.540661] - [ROI] - [resolveZeroPoint] [Warning] [['Zero Point was not set']]
[2024-10-31 13:48:34.290327] - [Line] - [__init__] [log] [['x1 = 250, x2 = 1239, y1 = 427, y2 = 272, manipulatotrX = 0, manipulatorY = 0, absolutePixelValue = [0, 0]']]
[2024-10-31 13:48:34.294328] - [Line] - [calculateOffset] [log] [['wynik x=0, offset y=0']]
[2024-10-31 13:48:34.441463] - [Line] - [resolveZeroPoint] [Warning] [['Zero Point was not set']]
[2024-10-31 13:48:34.445970] - [Line] - [resolveZeroPoint] [Warning] [['Zero Point was not set']]
[2024-10-31 13:48:35.496265] - [Line] - [__init__] [log] [['x1 = 895, x2 = 236, y1 = 660, y2 = 787, manipulatotrX = 0, manipulatorY = 0, absolutePixelValue = [0, 0]']]
[2024-10-31 13:48:35.500266] - [Line] - [calculateOffset] [log] [['wynik x=0, offset y=0']]
[2024-10-31 13:48:35.646388] - [Line] - [resolveZeroPoint] [Warning] [['Zero Point was not set']]
[2024-10-31 13:48:35.650389] - [Line] - [resolveZeroPoint] [Warning] [['Zero Point was not set']]
[2024-10-31 13:48:38.211186] - [Point] - [__init__] [log] [['x1 = 784,  y1 = 156']]
[2024-10-31 13:48:38.222021] - [Point] - [calculateOffset] [log] [['wynik x=0, offset y=0']]
[2024-10-31 13:48:38.369776] - [Point] - [resolveZeroPoint] [Warning] [['Zero Point was not set']]
[2024-10-31 13:48:38.373781] - [Point] - [resolveZeroPoint] [Warning] [['Zero Point was not set']]
[2024-10-31 13:48:38.678434] - [Point] - [__init__] [log] [['x1 = 1071,  y1 = 434']]
[2024-10-31 13:48:38.683323] - [Point] - [calculateOffset] [log] [['wynik x=0, offset y=0']]
[2024-10-31 13:48:38.828141] - [Point] - [resolveZeroPoint] [Warning] [['Zero Point was not set']]
[2024-10-31 13:48:38.832425] - [Point] - [resolveZeroPoint] [Warning] [['Zero Point was not set']]
[2024-10-31 13:48:39.139739] - [Point] - [__init__] [log] [['x1 = 1436,  y1 = 789']]
[2024-10-31 13:48:39.143761] - [Point] - [calculateOffset] [log] [['wynik x=0, offset y=0']]
[2024-10-31 13:48:39.291122] - [Point] - [resolveZeroPoint] [Warning] [['Zero Point was not set']]
[2024-10-31 13:48:39.295141] - [Point] - [resolveZeroPoint] [Warning] [['Zero Point was not set']]
[2024-10-31 13:48:41.179994] - [Point] - [__init__] [log] [['x1 = 1361,  y1 = 458']]
[2024-10-31 13:48:41.183995] - [Point] - [calculateOffset] [log] [['wynik x=0, offset y=0']]
[2024-10-31 13:48:41.331006] - [Point] - [resolveZeroPoint] [Warning] [['Zero Point was not set']]
[2024-10-31 13:48:41.335038] - [Point] - [resolveZeroPoint] [Warning] [['Zero Point was not set']]
[2024-10-31 13:48:45.237862] - [ROI] - [resolveZeroPoint] [Warning] [['Zero Point was not set']]
[2024-10-31 13:48:45.241851] - [ROI] - [resolveZeroPoint] [Warning] [['Zero Point was not set']]
[2024-10-31 13:48:45.245386] - [Line] - [resolveZeroPoint] [Warning] [['Zero Point was not set']]
[2024-10-31 13:48:45.248701] - [Line] - [resolveZeroPoint] [Warning] [['Zero Point was not set']]
[2024-10-31 13:48:45.251732] - [Point] - [resolveZeroPoint] [Warning] [['Zero Point was not set']]
[2024-10-31 13:48:45.255344] - [Point] - [resolveZeroPoint] [Warning] [['Zero Point was not set']]
[2024-10-31 13:48:45.258236] - [Point] - [resolveZeroPoint] [Warning] [['Zero Point was not set']]
[2024-10-31 13:48:45.261228] - [Point] - [resolveZeroPoint] [Warning] [['Zero Point was not set']]
[2024-10-31 13:48:55.743322] - [SaveRoiList] - [save] [log] [['folder path: C:/Users/Zenbook/Desktop/New.zip']]
[2024-10-31 13:51:59.403394] - [m] - [mainNoTryCahch] [log] [["res PyQt5.QtCore.QSize(1920, 1080) <class 'PyQt5.QtCore.QSize'>"]]
[2024-10-31 13:51:59.637972] - [MainWindow] - [_logImportant] [log] [['####################################################################################################']]
[2024-10-31 13:51:59.641695] - [MainWindow] - [_logImportant] [log] [['######################################### Program Starting ##########################################']]
[2024-10-31 13:51:59.644204] - [MainWindow] - [_logImportant] [log] [['####################################################################################################']]
[2024-10-31 13:52:01.037416] - [AbstractManipulator] - [getCurrentPosition] [Warning] [['Abstract Methode']]
[2024-10-31 13:52:01.042502] - [AbstractManipulator] - [getCurrentPosition] [Warning] [['Abstract Methode']]
[2024-10-31 13:52:01.046517] - [AbstractManipulator] - [getCurrentPosition] [Warning] [['Abstract Methode']]
[2024-10-31 13:52:01.318167] - [MainWindow] - [togle] [log] [[[60.0, 90.0, 60.0, 90.0, 'pole 0']]]
[2024-10-31 13:52:01.323167] - [MainWindow] - [createZoom] [log] [['readed zoom 3']]
[2024-10-31 13:52:13.693534] - [LoadRoiList] - [load] [log] [['C:/Users/Zenbook/Desktop/New.zip']]
[2024-10-31 13:52:13.699659] - [LoadRoiList] - [load] [log] [['Dictionary from JSON:', {'1': {'Pixell Values': {'x0': 542, 'x1': 796, 'y0': 293, 'y1': 497}, 'mm Values': {'x0': 0.6452380952380953, 'x1': 0.9476190476190476, 'y0': 0.3488095238095238, 'y1': 0.5916666666666667}, 'sample mm Values': {'x0': 0.6452380952380953, 'x1': 0.9476190476190476, 'y0': 0.3488095238095238, 'y1': 0.5916666666666667}, 'zero Point Present': False, 'zoom': '3', 'scatter': False, 'name': 1, 'Type': 'ROI'}, '2': {'Pixell Values': {'x0': 1125, 'x1': 1336, 'y0': 603, 'y1': 687}, 'mm Values': {'x0': 1.3392857142857142, 'x1': 1.5904761904761904, 'y0': 0.7178571428571429, 'y1': 0.8178571428571428}, 'sample mm Values': {'x0': 1.3392857142857142, 'x1': 1.5904761904761904, 'y0': 0.7178571428571429, 'y1': 0.8178571428571428}, 'zero Point Present': False, 'zoom': '3', 'scatter': False, 'name': 2, 'Type': 'ROI'}, '3': {'Pixell Values': {'x0': 250, 'x1': 1239, 'y0': 427, 'y1': 272}, 'mm Values': {'x0': 0.2976190476190476, 'x1': 1.475, 'y0': 0.5083333333333333, 'y1': 0.3238095238095238}, 'sample mm Values': {'x0': 0.2976190476190476, 'x1': 1.475, 'y0': 0.5083333333333333, 'y1': 0.3238095238095238}, 'zero Point Present': False, 'zoom': '3', 'name': 3, 'Type': 'Line'}, '4': {'Pixell Values': {'x0': 895, 'x1': 236, 'y0': 660, 'y1': 787}, 'mm Values': {'x0': 1.0654761904761905, 'x1': 0.28095238095238095, 'y0': 0.7857142857142857, 'y1': 0.9369047619047619}, 'sample mm Values': {'x0': 1.0654761904761905, 'x1': 0.28095238095238095, 'y0': 0.7857142857142857, 'y1': 0.9369047619047619}, 'zero Point Present': False, 'zoom': '3', 'name': 4, 'Type': 'Line'}, '5': {'Pixell Values': {'x0': 784, 'y0': 156}, 'mm Values': {'x0': 0.9333333333333333, 'y0': 0.18571428571428572}, 'sample mm Values': {'x0': 0.9333333333333333, 'y0': 0.18571428571428572}, 'zero Point Present': False, 'zoom': '3', 'name': 5, 'Type': 'Point'}, '6': {'Pixell Values': {'x0': 1071, 'y0': 434}, 'mm Values': {'x0': 1.275, 'y0': 0.5166666666666667}, 'sample mm Values': {'x0': 1.275, 'y0': 0.5166666666666667}, 'zero Point Present': False, 'zoom': '3', 'name': 6, 'Type': 'Point'}, '7': {'Pixell Values': {'x0': 1436, 'y0': 789}, 'mm Values': {'x0': 1.7095238095238094, 'y0': 0.9392857142857143}, 'sample mm Values': {'x0': 1.7095238095238094, 'y0': 0.9392857142857143}, 'zero Point Present': False, 'zoom': '3', 'name': 7, 'Type': 'Point'}, '8': {'Pixell Values': {'x0': 1361, 'y0': 458}, 'mm Values': {'x0': 1.6202380952380953, 'y0': 0.5452380952380952}, 'sample mm Values': {'x0': 1.6202380952380953, 'y0': 0.5452380952380952}, 'zero Point Present': False, 'zoom': '3', 'name': 8, 'Type': 'Point'}}]]
[2024-10-31 13:52:13.730151] - [ROI] - [__init__] [log] [['x1 = 542, x2 = 796, y1 = 293, y2 = 497, manipulatotrX = 0, manipulatorY = 0, absolutePixelValue = [0, 0]']]
[2024-10-31 13:52:13.735155] - [ROI] - [calculateOffset] [log] [['wynik x=0, offset y=0']]
[2024-10-31 13:52:13.740156] - [ROI] - [resolveZeroPoint] [Warning] [['Zero Point was not set']]
[2024-10-31 13:52:13.744157] - [ROI] - [resolveZeroPoint] [Warning] [['Zero Point was not set']]
[2024-10-31 13:52:13.769166] - [ROI] - [__init__] [log] [['x1 = 1125, x2 = 1336, y1 = 603, y2 = 687, manipulatotrX = 0, manipulatorY = 0, absolutePixelValue = [0, 0]']]
[2024-10-31 13:52:13.773291] - [ROI] - [calculateOffset] [log] [['wynik x=0, offset y=0']]
[2024-10-31 13:52:13.778158] - [ROI] - [resolveZeroPoint] [Warning] [['Zero Point was not set']]
[2024-10-31 13:52:13.782160] - [ROI] - [resolveZeroPoint] [Warning] [['Zero Point was not set']]
[2024-10-31 13:52:13.807941] - [Line] - [__init__] [log] [['x1 = 250, x2 = 1239, y1 = 427, y2 = 272, manipulatotrX = 0, manipulatorY = 0, absolutePixelValue = [0, 0]']]
[2024-10-31 13:52:13.812983] - [Line] - [calculateOffset] [log] [['wynik x=0, offset y=0']]
[2024-10-31 13:52:13.817007] - [Line] - [resolveZeroPoint] [Warning] [['Zero Point was not set']]
[2024-10-31 13:52:13.821026] - [Line] - [resolveZeroPoint] [Warning] [['Zero Point was not set']]
[2024-10-31 13:52:13.847722] - [Line] - [__init__] [log] [['x1 = 895, x2 = 236, y1 = 660, y2 = 787, manipulatotrX = 0, manipulatorY = 0, absolutePixelValue = [0, 0]']]
[2024-10-31 13:52:13.851729] - [Line] - [calculateOffset] [log] [['wynik x=0, offset y=0']]
[2024-10-31 13:52:13.855234] - [Line] - [resolveZeroPoint] [Warning] [['Zero Point was not set']]
[2024-10-31 13:52:13.858883] - [Line] - [resolveZeroPoint] [Warning] [['Zero Point was not set']]
[2024-10-31 13:52:13.883150] - [Point] - [__init__] [log] [['x1 = 784,  y1 = 156']]
[2024-10-31 13:52:13.887219] - [Point] - [calculateOffset] [log] [['wynik x=0, offset y=0']]
[2024-10-31 13:52:13.891413] - [Point] - [resolveZeroPoint] [Warning] [['Zero Point was not set']]
[2024-10-31 13:52:13.894323] - [Point] - [resolveZeroPoint] [Warning] [['Zero Point was not set']]
[2024-10-31 13:52:13.919819] - [Point] - [__init__] [log] [['x1 = 1071,  y1 = 434']]
[2024-10-31 13:52:13.924765] - [Point] - [calculateOffset] [log] [['wynik x=0, offset y=0']]
[2024-10-31 13:52:13.927792] - [Point] - [resolveZeroPoint] [Warning] [['Zero Point was not set']]
[2024-10-31 13:52:13.931819] - [Point] - [resolveZeroPoint] [Warning] [['Zero Point was not set']]
[2024-10-31 13:52:13.957408] - [Point] - [__init__] [log] [['x1 = 1436,  y1 = 789']]
[2024-10-31 13:52:13.962267] - [Point] - [calculateOffset] [log] [['wynik x=0, offset y=0']]
[2024-10-31 13:52:13.965774] - [Point] - [resolveZeroPoint] [Warning] [['Zero Point was not set']]
[2024-10-31 13:52:13.969775] - [Point] - [resolveZeroPoint] [Warning] [['Zero Point was not set']]
[2024-10-31 13:52:13.995124] - [Point] - [__init__] [log] [['x1 = 1361,  y1 = 458']]
[2024-10-31 13:52:13.999637] - [Point] - [calculateOffset] [log] [['wynik x=0, offset y=0']]
[2024-10-31 13:52:14.003641] - [Point] - [resolveZeroPoint] [Warning] [['Zero Point was not set']]
[2024-10-31 13:52:14.006641] - [Point] - [resolveZeroPoint] [Warning] [['Zero Point was not set']]
[2024-10-31 13:52:17.777911] - [ROI] - [resolveZeroPoint] [Warning] [['Zero Point was not set']]
[2024-10-31 13:52:17.782201] - [ROI] - [resolveZeroPoint] [Warning] [['Zero Point was not set']]
[2024-10-31 13:52:50.387243] - [m] - [mainNoTryCahch] [log] [["res PyQt5.QtCore.QSize(1920, 1080) <class 'PyQt5.QtCore.QSize'>"]]
[2024-10-31 13:52:50.624748] - [MainWindow] - [_logImportant] [log] [['####################################################################################################']]
[2024-10-31 13:52:50.628972] - [MainWindow] - [_logImportant] [log] [['######################################### Program Starting ##########################################']]
[2024-10-31 13:52:50.632739] - [MainWindow] - [_logImportant] [log] [['####################################################################################################']]
[2024-10-31 13:52:52.133897] - [AbstractManipulator] - [getCurrentPosition] [Warning] [['Abstract Methode']]
[2024-10-31 13:52:52.138898] - [AbstractManipulator] - [getCurrentPosition] [Warning] [['Abstract Methode']]
[2024-10-31 13:52:52.142899] - [AbstractManipulator] - [getCurrentPosition] [Warning] [['Abstract Methode']]
[2024-10-31 13:52:52.390854] - [MainWindow] - [togle] [log] [[[60.0, 90.0, 60.0, 90.0, 'pole 0']]]
[2024-10-31 13:52:52.395878] - [MainWindow] - [createZoom] [log] [['readed zoom 3']]
[2024-10-31 13:52:59.615639] - [LoadRoiList] - [load] [log] [['C:/Users/Zenbook/Desktop/New.zip']]
[2024-10-31 13:52:59.622641] - [LoadRoiList] - [load] [log] [['Dictionary from JSON:', {'1': {'Pixell Values': {'x0': 542, 'x1': 796, 'y0': 293, 'y1': 497}, 'mm Values': {'x0': 0.6452380952380953, 'x1': 0.9476190476190476, 'y0': 0.3488095238095238, 'y1': 0.5916666666666667}, 'sample mm Values': {'x0': 0.6452380952380953, 'x1': 0.9476190476190476, 'y0': 0.3488095238095238, 'y1': 0.5916666666666667}, 'zero Point Present': False, 'zoom': '3', 'scatter': False, 'name': 1, 'Type': 'ROI'}, '2': {'Pixell Values': {'x0': 1125, 'x1': 1336, 'y0': 603, 'y1': 687}, 'mm Values': {'x0': 1.3392857142857142, 'x1': 1.5904761904761904, 'y0': 0.7178571428571429, 'y1': 0.8178571428571428}, 'sample mm Values': {'x0': 1.3392857142857142, 'x1': 1.5904761904761904, 'y0': 0.7178571428571429, 'y1': 0.8178571428571428}, 'zero Point Present': False, 'zoom': '3', 'scatter': False, 'name': 2, 'Type': 'ROI'}, '3': {'Pixell Values': {'x0': 250, 'x1': 1239, 'y0': 427, 'y1': 272}, 'mm Values': {'x0': 0.2976190476190476, 'x1': 1.475, 'y0': 0.5083333333333333, 'y1': 0.3238095238095238}, 'sample mm Values': {'x0': 0.2976190476190476, 'x1': 1.475, 'y0': 0.5083333333333333, 'y1': 0.3238095238095238}, 'zero Point Present': False, 'zoom': '3', 'name': 3, 'Type': 'Line'}, '4': {'Pixell Values': {'x0': 895, 'x1': 236, 'y0': 660, 'y1': 787}, 'mm Values': {'x0': 1.0654761904761905, 'x1': 0.28095238095238095, 'y0': 0.7857142857142857, 'y1': 0.9369047619047619}, 'sample mm Values': {'x0': 1.0654761904761905, 'x1': 0.28095238095238095, 'y0': 0.7857142857142857, 'y1': 0.9369047619047619}, 'zero Point Present': False, 'zoom': '3', 'name': 4, 'Type': 'Line'}, '5': {'Pixell Values': {'x0': 784, 'y0': 156}, 'mm Values': {'x0': 0.9333333333333333, 'y0': 0.18571428571428572}, 'sample mm Values': {'x0': 0.9333333333333333, 'y0': 0.18571428571428572}, 'zero Point Present': False, 'zoom': '3', 'name': 5, 'Type': 'Point'}, '6': {'Pixell Values': {'x0': 1071, 'y0': 434}, 'mm Values': {'x0': 1.275, 'y0': 0.5166666666666667}, 'sample mm Values': {'x0': 1.275, 'y0': 0.5166666666666667}, 'zero Point Present': False, 'zoom': '3', 'name': 6, 'Type': 'Point'}, '7': {'Pixell Values': {'x0': 1436, 'y0': 789}, 'mm Values': {'x0': 1.7095238095238094, 'y0': 0.9392857142857143}, 'sample mm Values': {'x0': 1.7095238095238094, 'y0': 0.9392857142857143}, 'zero Point Present': False, 'zoom': '3', 'name': 7, 'Type': 'Point'}, '8': {'Pixell Values': {'x0': 1361, 'y0': 458}, 'mm Values': {'x0': 1.6202380952380953, 'y0': 0.5452380952380952}, 'sample mm Values': {'x0': 1.6202380952380953, 'y0': 0.5452380952380952}, 'zero Point Present': False, 'zoom': '3', 'name': 8, 'Type': 'Point'}}]]
[2024-10-31 13:52:59.653724] - [ROI] - [__init__] [log] [['x1 = 542, x2 = 796, y1 = 293, y2 = 497, manipulatotrX = 0, manipulatorY = 0, absolutePixelValue = [0, 0]']]
[2024-10-31 13:52:59.657731] - [ROI] - [calculateOffset] [log] [['wynik x=0, offset y=0']]
[2024-10-31 13:52:59.663069] - [ROI] - [resolveZeroPoint] [Warning] [['Zero Point was not set']]
[2024-10-31 13:52:59.667071] - [ROI] - [resolveZeroPoint] [Warning] [['Zero Point was not set']]
[2024-10-31 13:52:59.692777] - [ROI] - [__init__] [log] [['x1 = 1125, x2 = 1336, y1 = 603, y2 = 687, manipulatotrX = 0, manipulatorY = 0, absolutePixelValue = [0, 0]']]
[2024-10-31 13:52:59.696391] - [ROI] - [calculateOffset] [log] [['wynik x=0, offset y=0']]
[2024-10-31 13:52:59.700417] - [ROI] - [resolveZeroPoint] [Warning] [['Zero Point was not set']]
[2024-10-31 13:52:59.704706] - [ROI] - [resolveZeroPoint] [Warning] [['Zero Point was not set']]
[2024-10-31 13:52:59.732065] - [Line] - [__init__] [log] [['x1 = 250, x2 = 1239, y1 = 427, y2 = 272, manipulatotrX = 0, manipulatorY = 0, absolutePixelValue = [0, 0]']]
[2024-10-31 13:52:59.737143] - [Line] - [calculateOffset] [log] [['wynik x=0, offset y=0']]
[2024-10-31 13:52:59.741143] - [Line] - [resolveZeroPoint] [Warning] [['Zero Point was not set']]
[2024-10-31 13:52:59.745145] - [Line] - [resolveZeroPoint] [Warning] [['Zero Point was not set']]
[2024-10-31 13:52:59.771434] - [Line] - [__init__] [log] [['x1 = 895, x2 = 236, y1 = 660, y2 = 787, manipulatotrX = 0, manipulatorY = 0, absolutePixelValue = [0, 0]']]
[2024-10-31 13:52:59.776191] - [Line] - [calculateOffset] [log] [['wynik x=0, offset y=0']]
[2024-10-31 13:52:59.780192] - [Line] - [resolveZeroPoint] [Warning] [['Zero Point was not set']]
[2024-10-31 13:52:59.783192] - [Line] - [resolveZeroPoint] [Warning] [['Zero Point was not set']]
[2024-10-31 13:52:59.807409] - [Point] - [__init__] [log] [['x1 = 784,  y1 = 156']]
[2024-10-31 13:52:59.811666] - [Point] - [calculateOffset] [log] [['wynik x=0, offset y=0']]
[2024-10-31 13:52:59.815686] - [Point] - [resolveZeroPoint] [Warning] [['Zero Point was not set']]
[2024-10-31 13:52:59.819721] - [Point] - [resolveZeroPoint] [Warning] [['Zero Point was not set']]
[2024-10-31 13:52:59.844082] - [Point] - [__init__] [log] [['x1 = 1071,  y1 = 434']]
[2024-10-31 13:52:59.849088] - [Point] - [calculateOffset] [log] [['wynik x=0, offset y=0']]
[2024-10-31 13:52:59.852088] - [Point] - [resolveZeroPoint] [Warning] [['Zero Point was not set']]
[2024-10-31 13:52:59.856089] - [Point] - [resolveZeroPoint] [Warning] [['Zero Point was not set']]
[2024-10-31 13:52:59.880165] - [Point] - [__init__] [log] [['x1 = 1436,  y1 = 789']]
[2024-10-31 13:52:59.884309] - [Point] - [calculateOffset] [log] [['wynik x=0, offset y=0']]
[2024-10-31 13:52:59.888817] - [Point] - [resolveZeroPoint] [Warning] [['Zero Point was not set']]
[2024-10-31 13:52:59.891965] - [Point] - [resolveZeroPoint] [Warning] [['Zero Point was not set']]
[2024-10-31 13:52:59.915748] - [Point] - [__init__] [log] [['x1 = 1361,  y1 = 458']]
[2024-10-31 13:52:59.920755] - [Point] - [calculateOffset] [log] [['wynik x=0, offset y=0']]
[2024-10-31 13:52:59.924756] - [Point] - [resolveZeroPoint] [Warning] [['Zero Point was not set']]
[2024-10-31 13:52:59.927756] - [Point] - [resolveZeroPoint] [Warning] [['Zero Point was not set']]
[2024-10-31 13:53:02.979044] - [ROI] - [resolveZeroPoint] [Warning] [['Zero Point was not set']]
[2024-10-31 13:53:02.983311] - [ROI] - [resolveZeroPoint] [Warning] [['Zero Point was not set']]
[2024-10-31 13:53:02.987391] - [ROI] - [resolveZeroPoint] [Warning] [['Zero Point was not set']]
[2024-10-31 13:53:02.990404] - [ROI] - [resolveZeroPoint] [Warning] [['Zero Point was not set']]
[2024-10-31 13:53:02.994415] - [Line] - [resolveZeroPoint] [Warning] [['Zero Point was not set']]
[2024-10-31 13:53:02.997424] - [Line] - [resolveZeroPoint] [Warning] [['Zero Point was not set']]
[2024-10-31 13:53:03.001472] - [Line] - [resolveZeroPoint] [Warning] [['Zero Point was not set']]
[2024-10-31 13:53:03.004486] - [Line] - [resolveZeroPoint] [Warning] [['Zero Point was not set']]
[2024-10-31 13:53:03.007500] - [Point] - [resolveZeroPoint] [Warning] [['Zero Point was not set']]
[2024-10-31 13:53:03.010509] - [Point] - [resolveZeroPoint] [Warning] [['Zero Point was not set']]
[2024-10-31 13:53:03.013518] - [Point] - [resolveZeroPoint] [Warning] [['Zero Point was not set']]
[2024-10-31 13:53:03.018051] - [Point] - [resolveZeroPoint] [Warning] [['Zero Point was not set']]
[2024-10-31 13:53:03.021055] - [Point] - [resolveZeroPoint] [Warning] [['Zero Point was not set']]
[2024-10-31 13:53:03.024055] - [Point] - [resolveZeroPoint] [Warning] [['Zero Point was not set']]
[2024-10-31 13:53:03.027056] - [Point] - [resolveZeroPoint] [Warning] [['Zero Point was not set']]
[2024-10-31 13:53:03.031058] - [Point] - [resolveZeroPoint] [Warning] [['Zero Point was not set']]
[2024-10-31 13:53:11.451781] - [SaveRoiList] - [save] [log] [['folder path: C:/Users/Zenbook/Desktop/New.zip']]
[2024-10-31 14:23:18.858865] - [m] - [mainNoTryCahch] [log] [["res PyQt5.QtCore.QSize(1920, 1080) <class 'PyQt5.QtCore.QSize'>"]]
[2024-10-31 14:23:19.072522] - [MainWindow] - [_logImportant] [log] [['####################################################################################################']]
[2024-10-31 14:23:19.075443] - [MainWindow] - [_logImportant] [log] [['######################################### Program Starting ##########################################']]
[2024-10-31 14:23:19.078460] - [MainWindow] - [_logImportant] [log] [['####################################################################################################']]
[2024-10-31 14:23:20.758669] - [AbstractManipulator] - [getCurrentPosition] [Warning] [['Abstract Methode']]
[2024-10-31 14:23:20.766419] - [AbstractManipulator] - [getCurrentPosition] [Warning] [['Abstract Methode']]
[2024-10-31 14:23:20.769425] - [AbstractManipulator] - [getCurrentPosition] [Warning] [['Abstract Methode']]
[2024-10-31 14:23:21.206436] - [MainWindow] - [togle] [log] [[[60.0, 90.0, 60.0, 90.0, 'pole 0']]]
[2024-10-31 14:23:21.212923] - [MainWindow] - [createZoom] [log] [['readed zoom 3']]
[2024-10-31 14:23:27.443530] - [Line] - [__init__] [log] [['x1 = 462, x2 = 930, y1 = 281, y2 = 607, manipulatotrX = 0, manipulatorY = 0, absolutePixelValue = [0, 0]']]
[2024-10-31 14:23:27.452531] - [Line] - [calculateOffset] [log] [['wynik x=0, offset y=0']]
[2024-10-31 14:23:27.618583] - [Line] - [resolveZeroPoint] [Warning] [['Zero Point was not set']]
[2024-10-31 14:23:27.622611] - [Line] - [resolveZeroPoint] [Warning] [['Zero Point was not set']]
[2024-10-31 14:23:39.224796] - [m] - [mainNoTryCahch] [log] [["res PyQt5.QtCore.QSize(1920, 1080) <class 'PyQt5.QtCore.QSize'>"]]
[2024-10-31 14:23:39.379708] - [MainWindow] - [_logImportant] [log] [['####################################################################################################']]
[2024-10-31 14:23:39.380709] - [MainWindow] - [_logImportant] [log] [['######################################### Program Starting ##########################################']]
[2024-10-31 14:23:39.381708] - [MainWindow] - [_logImportant] [log] [['####################################################################################################']]
[2024-10-31 14:23:40.706479] - [AbstractManipulator] - [getCurrentPosition] [Warning] [['Abstract Methode']]
[2024-10-31 14:23:40.709479] - [AbstractManipulator] - [getCurrentPosition] [Warning] [['Abstract Methode']]
[2024-10-31 14:23:40.710479] - [AbstractManipulator] - [getCurrentPosition] [Warning] [['Abstract Methode']]
[2024-10-31 14:23:40.949579] - [MainWindow] - [togle] [log] [[[60.0, 90.0, 60.0, 90.0, 'pole 0']]]
[2024-10-31 14:23:40.952247] - [MainWindow] - [createZoom] [log] [['readed zoom 3']]
[2024-10-31 14:23:44.338558] - [Line] - [__init__] [log] [['x1 = 433, x2 = 807, y1 = 255, y2 = 590, manipulatotrX = 0, manipulatorY = 0, absolutePixelValue = [0, 0]']]
[2024-10-31 14:23:44.341579] - [Line] - [calculateOffset] [log] [['wynik x=0, offset y=0']]
[2024-10-31 14:23:44.485167] - [Line] - [resolveZeroPoint] [Warning] [['Zero Point was not set']]
[2024-10-31 14:23:44.487673] - [Line] - [resolveZeroPoint] [Warning] [['Zero Point was not set']]
[2024-10-31 14:23:48.482977] - [AbstractManipulator] - [close] [Warning] [['Abstract Methode']]
[2024-10-31 14:24:14.021614] - [m] - [mainNoTryCahch] [log] [["res PyQt5.QtCore.QSize(1920, 1080) <class 'PyQt5.QtCore.QSize'>"]]
[2024-10-31 14:24:14.238827] - [MainWindow] - [_logImportant] [log] [['####################################################################################################']]
[2024-10-31 14:24:14.242531] - [MainWindow] - [_logImportant] [log] [['######################################### Program Starting ##########################################']]
[2024-10-31 14:24:14.244531] - [MainWindow] - [_logImportant] [log] [['####################################################################################################']]
[2024-10-31 14:24:15.469773] - [AbstractManipulator] - [getCurrentPosition] [Warning] [['Abstract Methode']]
[2024-10-31 14:24:15.474432] - [AbstractManipulator] - [getCurrentPosition] [Warning] [['Abstract Methode']]
[2024-10-31 14:24:15.478433] - [AbstractManipulator] - [getCurrentPosition] [Warning] [['Abstract Methode']]
[2024-10-31 14:24:15.711056] - [MainWindow] - [togle] [log] [[[60.0, 90.0, 60.0, 90.0, 'pole 0']]]
[2024-10-31 14:24:15.715057] - [MainWindow] - [createZoom] [log] [['readed zoom 3']]
[2024-10-31 14:24:19.437180] - [Line] - [__init__] [log] [['x1 = 407, x2 = 729, y1 = 179, y2 = 497, manipulatotrX = 0, manipulatorY = 0, absolutePixelValue = [0, 0]']]
[2024-10-31 14:24:19.445693] - [Line] - [calculateOffset] [log] [['wynik x=0, offset y=0']]
[2024-10-31 14:24:19.651637] - [Line] - [resolveZeroPoint] [Warning] [['Zero Point was not set']]
[2024-10-31 14:24:19.658115] - [Line] - [resolveZeroPoint] [Warning] [['Zero Point was not set']]
[2024-10-31 14:24:54.621828] - [m] - [mainNoTryCahch] [log] [["res PyQt5.QtCore.QSize(1920, 1080) <class 'PyQt5.QtCore.QSize'>"]]
[2024-10-31 14:24:54.776380] - [MainWindow] - [_logImportant] [log] [['####################################################################################################']]
[2024-10-31 14:24:54.777396] - [MainWindow] - [_logImportant] [log] [['######################################### Program Starting ##########################################']]
[2024-10-31 14:24:54.777396] - [MainWindow] - [_logImportant] [log] [['####################################################################################################']]
[2024-10-31 14:24:56.119666] - [AbstractManipulator] - [getCurrentPosition] [Warning] [['Abstract Methode']]
[2024-10-31 14:24:56.121666] - [AbstractManipulator] - [getCurrentPosition] [Warning] [['Abstract Methode']]
[2024-10-31 14:24:56.123667] - [AbstractManipulator] - [getCurrentPosition] [Warning] [['Abstract Methode']]
[2024-10-31 14:24:56.365791] - [MainWindow] - [togle] [log] [[[60.0, 90.0, 60.0, 90.0, 'pole 0']]]
[2024-10-31 14:24:56.368792] - [MainWindow] - [createZoom] [log] [['readed zoom 3']]
[2024-10-31 14:25:02.886236] - [Line] - [__init__] [log] [['x1 = 380, x2 = 748, y1 = 260, y2 = 535, manipulatotrX = 0, manipulatorY = 0, absolutePixelValue = [0, 0]']]
[2024-10-31 14:25:02.889237] - [Line] - [calculateOffset] [log] [['wynik x=0, offset y=0']]
[2024-10-31 14:25:03.034475] - [Line] - [resolveZeroPoint] [Warning] [['Zero Point was not set']]
[2024-10-31 14:25:03.036110] - [Line] - [resolveZeroPoint] [Warning] [['Zero Point was not set']]
[2024-10-31 14:25:07.149118] - [AbstractManipulator] - [close] [Warning] [['Abstract Methode']]
[2024-10-31 14:25:31.554501] - [m] - [mainNoTryCahch] [log] [["res PyQt5.QtCore.QSize(1920, 1080) <class 'PyQt5.QtCore.QSize'>"]]
[2024-10-31 14:25:31.768699] - [MainWindow] - [_logImportant] [log] [['####################################################################################################']]
[2024-10-31 14:25:31.771620] - [MainWindow] - [_logImportant] [log] [['######################################### Program Starting ##########################################']]
[2024-10-31 14:25:31.774527] - [MainWindow] - [_logImportant] [log] [['####################################################################################################']]
[2024-10-31 14:25:32.967411] - [AbstractManipulator] - [getCurrentPosition] [Warning] [['Abstract Methode']]
[2024-10-31 14:25:32.971414] - [AbstractManipulator] - [getCurrentPosition] [Warning] [['Abstract Methode']]
[2024-10-31 14:25:32.974421] - [AbstractManipulator] - [getCurrentPosition] [Warning] [['Abstract Methode']]
[2024-10-31 14:25:33.218769] - [MainWindow] - [togle] [log] [[[60.0, 90.0, 60.0, 90.0, 'pole 0']]]
[2024-10-31 14:25:33.222435] - [MainWindow] - [createZoom] [log] [['readed zoom 3']]
[2024-10-31 14:25:41.530203] - [Line] - [__init__] [log] [['x1 = 397, x2 = 838, y1 = 236, y2 = 642, manipulatotrX = 0, manipulatorY = 0, absolutePixelValue = [0, 0]']]
[2024-10-31 14:25:41.535419] - [Line] - [calculateOffset] [log] [['wynik x=0, offset y=0']]
[2024-10-31 14:25:41.681524] - [Line] - [resolveZeroPoint] [Warning] [['Zero Point was not set']]
[2024-10-31 14:25:41.685030] - [Line] - [resolveZeroPoint] [Warning] [['Zero Point was not set']]
[2024-10-31 14:25:45.624470] - [AbstractManipulator] - [close] [Warning] [['Abstract Methode']]
[2024-10-31 14:34:42.752933] - [m] - [mainNoTryCahch] [log] [["res PyQt5.QtCore.QSize(1920, 1080) <class 'PyQt5.QtCore.QSize'>"]]
[2024-10-31 14:34:42.967210] - [MainWindow] - [_logImportant] [log] [['####################################################################################################']]
[2024-10-31 14:34:42.970086] - [MainWindow] - [_logImportant] [log] [['######################################### Program Starting ##########################################']]
[2024-10-31 14:34:42.972499] - [MainWindow] - [_logImportant] [log] [['####################################################################################################']]
[2024-10-31 14:34:44.136064] - [AbstractManipulator] - [getCurrentPosition] [Warning] [['Abstract Methode']]
[2024-10-31 14:34:44.141065] - [AbstractManipulator] - [getCurrentPosition] [Warning] [['Abstract Methode']]
[2024-10-31 14:34:44.145066] - [AbstractManipulator] - [getCurrentPosition] [Warning] [['Abstract Methode']]
[2024-10-31 14:34:44.383629] - [MainWindow] - [togle] [log] [[[60.0, 90.0, 60.0, 90.0, 'pole 0']]]
[2024-10-31 14:34:44.387630] - [MainWindow] - [createZoom] [log] [['readed zoom 3']]
[2024-10-31 14:34:49.218882] - [Line] - [__init__] [log] [['x1 = 238, x2 = 627, y1 = 246, y2 = 558, manipulatotrX = 0, manipulatorY = 0, absolutePixelValue = [0, 0]']]
[2024-10-31 14:34:49.224923] - [Line] - [calculateOffset] [log] [['wynik x=0, offset y=0']]
[2024-10-31 14:34:49.370634] - [Line] - [resolveZeroPoint] [Warning] [['Zero Point was not set']]
[2024-10-31 14:34:49.375299] - [Line] - [resolveZeroPoint] [Warning] [['Zero Point was not set']]
[2024-10-31 14:35:12.694300] - [m] - [mainNoTryCahch] [log] [["res PyQt5.QtCore.QSize(1920, 1080) <class 'PyQt5.QtCore.QSize'>"]]
[2024-10-31 14:35:12.919725] - [MainWindow] - [_logImportant] [log] [['####################################################################################################']]
[2024-10-31 14:35:12.922726] - [MainWindow] - [_logImportant] [log] [['######################################### Program Starting ##########################################']]
[2024-10-31 14:35:12.927727] - [MainWindow] - [_logImportant] [log] [['####################################################################################################']]
[2024-10-31 14:35:14.049640] - [AbstractManipulator] - [getCurrentPosition] [Warning] [['Abstract Methode']]
[2024-10-31 14:35:14.053640] - [AbstractManipulator] - [getCurrentPosition] [Warning] [['Abstract Methode']]
[2024-10-31 14:35:14.057641] - [AbstractManipulator] - [getCurrentPosition] [Warning] [['Abstract Methode']]
[2024-10-31 14:35:14.289737] - [MainWindow] - [togle] [log] [[[60.0, 90.0, 60.0, 90.0, 'pole 0']]]
[2024-10-31 14:35:14.293738] - [MainWindow] - [createZoom] [log] [['readed zoom 3']]
[2024-10-31 14:35:19.218201] - [Line] - [__init__] [log] [['x1 = 325, x2 = 657, y1 = 305, y2 = 709, manipulatotrX = 0, manipulatorY = 0, absolutePixelValue = [0, 0]']]
[2024-10-31 14:35:19.223894] - [Line] - [calculateOffset] [log] [['wynik x=0, offset y=0']]
[2024-10-31 14:35:19.372037] - [Line] - [resolveZeroPoint] [Warning] [['Zero Point was not set']]
[2024-10-31 14:35:19.375965] - [Line] - [resolveZeroPoint] [Warning] [['Zero Point was not set']]
[2024-10-31 14:37:00.830901] - [m] - [mainNoTryCahch] [log] [["res PyQt5.QtCore.QSize(1920, 1080) <class 'PyQt5.QtCore.QSize'>"]]
[2024-10-31 14:37:01.057912] - [MainWindow] - [_logImportant] [log] [['####################################################################################################']]
[2024-10-31 14:37:01.060912] - [MainWindow] - [_logImportant] [log] [['######################################### Program Starting ##########################################']]
[2024-10-31 14:37:01.063913] - [MainWindow] - [_logImportant] [log] [['####################################################################################################']]
[2024-10-31 14:37:02.259171] - [AbstractManipulator] - [getCurrentPosition] [Warning] [['Abstract Methode']]
[2024-10-31 14:37:02.264227] - [AbstractManipulator] - [getCurrentPosition] [Warning] [['Abstract Methode']]
[2024-10-31 14:37:02.266813] - [AbstractManipulator] - [getCurrentPosition] [Warning] [['Abstract Methode']]
[2024-10-31 14:37:02.516629] - [MainWindow] - [togle] [log] [[[60.0, 90.0, 60.0, 90.0, 'pole 0']]]
[2024-10-31 14:37:02.520632] - [MainWindow] - [createZoom] [log] [['readed zoom 3']]
[2024-10-31 14:37:06.406573] - [Line] - [__init__] [log] [['x1 = 329, x2 = 662, y1 = 205, y2 = 583, manipulatotrX = 0, manipulatorY = 0, absolutePixelValue = [0, 0]']]
[2024-10-31 14:37:06.412847] - [Line] - [calculateOffset] [log] [['wynik x=0, offset y=0']]
[2024-10-31 14:37:06.561004] - [Line] - [resolveZeroPoint] [Warning] [['Zero Point was not set']]
[2024-10-31 14:37:06.565033] - [Line] - [resolveZeroPoint] [Warning] [['Zero Point was not set']]
[2024-10-31 14:38:06.550447] - [m] - [mainNoTryCahch] [log] [["res PyQt5.QtCore.QSize(1920, 1080) <class 'PyQt5.QtCore.QSize'>"]]
[2024-10-31 14:38:06.762226] - [MainWindow] - [_logImportant] [log] [['####################################################################################################']]
[2024-10-31 14:38:06.764230] - [MainWindow] - [_logImportant] [log] [['######################################### Program Starting ##########################################']]
[2024-10-31 14:38:06.767231] - [MainWindow] - [_logImportant] [log] [['####################################################################################################']]
[2024-10-31 14:38:07.954976] - [AbstractManipulator] - [getCurrentPosition] [Warning] [['Abstract Methode']]
[2024-10-31 14:38:07.959747] - [AbstractManipulator] - [getCurrentPosition] [Warning] [['Abstract Methode']]
[2024-10-31 14:38:07.962461] - [AbstractManipulator] - [getCurrentPosition] [Warning] [['Abstract Methode']]
[2024-10-31 14:38:08.210636] - [MainWindow] - [togle] [log] [[[60.0, 90.0, 60.0, 90.0, 'pole 0']]]
[2024-10-31 14:38:08.214690] - [MainWindow] - [createZoom] [log] [['readed zoom 3']]
[2024-10-31 14:38:13.628776] - [Line] - [__init__] [log] [['x1 = 441, x2 = 744, y1 = 407, y2 = 719, manipulatotrX = 0, manipulatorY = 0, absolutePixelValue = [0, 0]']]
[2024-10-31 14:38:13.633971] - [Line] - [calculateOffset] [log] [['wynik x=0, offset y=0']]
[2024-10-31 14:38:13.784424] - [Line] - [resolveZeroPoint] [Warning] [['Zero Point was not set']]
[2024-10-31 14:38:13.788441] - [Line] - [resolveZeroPoint] [Warning] [['Zero Point was not set']]
[2024-10-31 14:39:19.250208] - [AbstractManipulator] - [close] [Warning] [['Abstract Methode']]
[2024-10-31 14:40:13.621258] - [m] - [mainNoTryCahch] [log] [["res PyQt5.QtCore.QSize(1920, 1080) <class 'PyQt5.QtCore.QSize'>"]]
[2024-10-31 14:40:13.832833] - [MainWindow] - [_logImportant] [log] [['####################################################################################################']]
[2024-10-31 14:40:13.835833] - [MainWindow] - [_logImportant] [log] [['######################################### Program Starting ##########################################']]
[2024-10-31 14:40:13.837835] - [MainWindow] - [_logImportant] [log] [['####################################################################################################']]
[2024-10-31 14:40:15.209536] - [AbstractManipulator] - [getCurrentPosition] [Warning] [['Abstract Methode']]
[2024-10-31 14:40:15.214537] - [AbstractManipulator] - [getCurrentPosition] [Warning] [['Abstract Methode']]
[2024-10-31 14:40:15.218537] - [AbstractManipulator] - [getCurrentPosition] [Warning] [['Abstract Methode']]
[2024-10-31 14:40:15.465358] - [MainWindow] - [togle] [log] [[[60.0, 90.0, 60.0, 90.0, 'pole 0']]]
[2024-10-31 14:40:15.470363] - [MainWindow] - [createZoom] [log] [['readed zoom 3']]
[2024-10-31 14:40:19.498569] - [Line] - [__init__] [log] [['x1 = 375, x2 = 642, y1 = 242, y2 = 505, manipulatotrX = 0, manipulatorY = 0, absolutePixelValue = [0, 0]']]
[2024-10-31 14:40:19.503577] - [Line] - [calculateOffset] [log] [['wynik x=0, offset y=0']]
[2024-10-31 14:40:19.649922] - [Line] - [resolveZeroPoint] [Warning] [['Zero Point was not set']]
[2024-10-31 14:40:19.654484] - [Line] - [resolveZeroPoint] [Warning] [['Zero Point was not set']]
[2024-10-31 14:40:29.351288] - [ROI] - [__init__] [log] [['x1 = 727, x2 = 924, y1 = 288, y2 = 574, manipulatotrX = 0, manipulatorY = 0, absolutePixelValue = [0, 0]']]
[2024-10-31 14:40:29.361877] - [ROI] - [calculateOffset] [log] [['wynik x=0, offset y=0']]
[2024-10-31 14:40:29.510527] - [ROI] - [resolveZeroPoint] [Warning] [['Zero Point was not set']]
[2024-10-31 14:40:29.514529] - [ROI] - [resolveZeroPoint] [Warning] [['Zero Point was not set']]
[2024-10-31 14:40:30.556251] - [ROI] - [__init__] [log] [['x1 = 1346, x2 = 1059, y1 = 532, y2 = 706, manipulatotrX = 0, manipulatorY = 0, absolutePixelValue = [0, 0]']]
[2024-10-31 14:40:30.560280] - [ROI] - [calculateOffset] [log] [['wynik x=0, offset y=0']]
[2024-10-31 14:40:30.709718] - [ROI] - [resolveZeroPoint] [Warning] [['Zero Point was not set']]
[2024-10-31 14:40:30.713788] - [ROI] - [resolveZeroPoint] [Warning] [['Zero Point was not set']]
[2024-10-31 14:40:42.170350] - [m] - [mainNoTryCahch] [log] [["res PyQt5.QtCore.QSize(1920, 1080) <class 'PyQt5.QtCore.QSize'>"]]
[2024-10-31 14:40:42.394552] - [MainWindow] - [_logImportant] [log] [['####################################################################################################']]
[2024-10-31 14:40:42.397553] - [MainWindow] - [_logImportant] [log] [['######################################### Program Starting ##########################################']]
[2024-10-31 14:40:42.399554] - [MainWindow] - [_logImportant] [log] [['####################################################################################################']]
[2024-10-31 14:40:43.731305] - [AbstractManipulator] - [getCurrentPosition] [Warning] [['Abstract Methode']]
[2024-10-31 14:40:43.736305] - [AbstractManipulator] - [getCurrentPosition] [Warning] [['Abstract Methode']]
[2024-10-31 14:40:43.740306] - [AbstractManipulator] - [getCurrentPosition] [Warning] [['Abstract Methode']]
[2024-10-31 14:40:44.007017] - [MainWindow] - [togle] [log] [[[60.0, 90.0, 60.0, 90.0, 'pole 0']]]
[2024-10-31 14:40:44.011018] - [MainWindow] - [createZoom] [log] [['readed zoom 3']]
[2024-10-31 14:40:47.353801] - [ROI] - [__init__] [log] [['x1 = 301, x2 = 563, y1 = 276, y2 = 531, manipulatotrX = 0, manipulatorY = 0, absolutePixelValue = [0, 0]']]
[2024-10-31 14:40:47.358202] - [ROI] - [calculateOffset] [log] [['wynik x=0, offset y=0']]
[2024-10-31 14:40:47.506306] - [ROI] - [resolveZeroPoint] [Warning] [['Zero Point was not set']]
[2024-10-31 14:40:47.511336] - [ROI] - [resolveZeroPoint] [Warning] [['Zero Point was not set']]
[2024-10-31 14:40:47.963268] - [ROI] - [__init__] [log] [['x1 = 678, x2 = 986, y1 = 372, y2 = 558, manipulatotrX = 0, manipulatorY = 0, absolutePixelValue = [0, 0]']]
[2024-10-31 14:40:47.967270] - [ROI] - [calculateOffset] [log] [['wynik x=0, offset y=0']]
[2024-10-31 14:40:48.113713] - [ROI] - [resolveZeroPoint] [Warning] [['Zero Point was not set']]
[2024-10-31 14:40:48.118489] - [ROI] - [resolveZeroPoint] [Warning] [['Zero Point was not set']]
[2024-10-31 14:40:51.661641] - [Line] - [__init__] [log] [['x1 = 554, x2 = 1225, y1 = 179, y2 = 479, manipulatotrX = 0, manipulatorY = 0, absolutePixelValue = [0, 0]']]
[2024-10-31 14:40:51.666803] - [Line] - [calculateOffset] [log] [['wynik x=0, offset y=0']]
[2024-10-31 14:40:51.830574] - [Line] - [resolveZeroPoint] [Warning] [['Zero Point was not set']]
[2024-10-31 14:40:51.835277] - [Line] - [resolveZeroPoint] [Warning] [['Zero Point was not set']]
[2024-10-31 14:40:53.006820] - [Line] - [__init__] [log] [['x1 = 552, x2 = 225, y1 = 657, y2 = 498, manipulatotrX = 0, manipulatorY = 0, absolutePixelValue = [0, 0]']]
[2024-10-31 14:40:53.011822] - [Line] - [calculateOffset] [log] [['wynik x=0, offset y=0']]
[2024-10-31 14:40:53.174473] - [Line] - [resolveZeroPoint] [Warning] [['Zero Point was not set']]
[2024-10-31 14:40:53.178964] - [Line] - [resolveZeroPoint] [Warning] [['Zero Point was not set']]
[2024-10-31 14:41:01.149369] - [Line] - [__init__] [log] [['x1 = 1296, x2 = 1490, y1 = 158, y2 = 297, manipulatotrX = 0, manipulatorY = 0, absolutePixelValue = [0, 0]']]
[2024-10-31 14:41:01.153667] - [Line] - [calculateOffset] [log] [['wynik x=0, offset y=0']]
[2024-10-31 14:41:01.301755] - [Line] - [resolveZeroPoint] [Warning] [['Zero Point was not set']]
[2024-10-31 14:41:01.306040] - [Line] - [resolveZeroPoint] [Warning] [['Zero Point was not set']]
[2024-10-31 14:41:12.599717] - [AbstractManipulator] - [close] [Warning] [['Abstract Methode']]
[2024-10-31 14:49:46.129887] - [m] - [mainNoTryCahch] [log] [["res PyQt5.QtCore.QSize(1920, 1080) <class 'PyQt5.QtCore.QSize'>"]]
[2024-10-31 14:49:46.339518] - [MainWindow] - [_logImportant] [log] [['####################################################################################################']]
[2024-10-31 14:49:46.342519] - [MainWindow] - [_logImportant] [log] [['######################################### Program Starting ##########################################']]
[2024-10-31 14:49:46.345519] - [MainWindow] - [_logImportant] [log] [['####################################################################################################']]
[2024-10-31 14:49:47.509630] - [AbstractManipulator] - [getCurrentPosition] [Warning] [['Abstract Methode']]
[2024-10-31 14:49:47.515194] - [AbstractManipulator] - [getCurrentPosition] [Warning] [['Abstract Methode']]
[2024-10-31 14:49:47.518921] - [AbstractManipulator] - [getCurrentPosition] [Warning] [['Abstract Methode']]
[2024-10-31 14:49:47.755197] - [MainWindow] - [togle] [log] [[[60.0, 90.0, 60.0, 90.0, 'pole 0']]]
[2024-10-31 14:49:47.758197] - [MainWindow] - [createZoom] [log] [['readed zoom 3']]
[2024-10-31 14:49:56.817959] - [Line] - [__init__] [log] [['x1 = 419, x2 = 793, y1 = 270, y2 = 534, manipulatotrX = 0, manipulatorY = 0, absolutePixelValue = [0, 0]']]
[2024-10-31 14:49:56.824003] - [Line] - [calculateOffset] [log] [['wynik x=0, offset y=0']]
[2024-10-31 14:49:56.971261] - [Line] - [resolveZeroPoint] [Warning] [['Zero Point was not set']]
[2024-10-31 14:49:56.975084] - [Line] - [resolveZeroPoint] [Warning] [['Zero Point was not set']]
[2024-10-31 14:50:00.508809] - [AbstractManipulator] - [close] [Warning] [['Abstract Methode']]
[2024-10-31 14:50:59.550698] - [m] - [mainNoTryCahch] [log] [["res PyQt5.QtCore.QSize(1920, 1080) <class 'PyQt5.QtCore.QSize'>"]]
[2024-10-31 14:50:59.765946] - [MainWindow] - [_logImportant] [log] [['####################################################################################################']]
[2024-10-31 14:50:59.767946] - [MainWindow] - [_logImportant] [log] [['######################################### Program Starting ##########################################']]
[2024-10-31 14:50:59.770947] - [MainWindow] - [_logImportant] [log] [['####################################################################################################']]
[2024-10-31 14:51:01.190465] - [AbstractManipulator] - [getCurrentPosition] [Warning] [['Abstract Methode']]
[2024-10-31 14:51:01.195514] - [AbstractManipulator] - [getCurrentPosition] [Warning] [['Abstract Methode']]
[2024-10-31 14:51:01.198528] - [AbstractManipulator] - [getCurrentPosition] [Warning] [['Abstract Methode']]
[2024-10-31 14:51:01.441113] - [MainWindow] - [togle] [log] [[[60.0, 90.0, 60.0, 90.0, 'pole 0']]]
[2024-10-31 14:51:01.445832] - [MainWindow] - [createZoom] [log] [['readed zoom 3']]
[2024-10-31 14:51:09.084892] - [Line] - [__init__] [log] [['x1 = 440, x2 = 841, y1 = 249, y2 = 657, manipulatotrX = 0, manipulatorY = 0, absolutePixelValue = [0, 0]']]
[2024-10-31 14:51:09.091600] - [Line] - [calculateOffset] [log] [['wynik x=0, offset y=0']]
[2024-10-31 14:51:09.254258] - [Line] - [resolveZeroPoint] [Warning] [['Zero Point was not set']]
[2024-10-31 14:51:09.258654] - [Line] - [resolveZeroPoint] [Warning] [['Zero Point was not set']]
[2024-10-31 14:51:12.895744] - [AbstractManipulator] - [close] [Warning] [['Abstract Methode']]
[2024-10-31 15:01:21.204700] - [m] - [mainNoTryCahch] [log] [["res PyQt5.QtCore.QSize(1920, 1080) <class 'PyQt5.QtCore.QSize'>"]]
[2024-10-31 15:01:21.420149] - [MainWindow] - [_logImportant] [log] [['####################################################################################################']]
[2024-10-31 15:01:21.422149] - [MainWindow] - [_logImportant] [log] [['######################################### Program Starting ##########################################']]
[2024-10-31 15:01:21.425150] - [MainWindow] - [_logImportant] [log] [['####################################################################################################']]
[2024-10-31 15:01:22.781424] - [AbstractManipulator] - [getCurrentPosition] [Warning] [['Abstract Methode']]
[2024-10-31 15:01:22.786498] - [AbstractManipulator] - [getCurrentPosition] [Warning] [['Abstract Methode']]
[2024-10-31 15:01:22.789621] - [AbstractManipulator] - [getCurrentPosition] [Warning] [['Abstract Methode']]
[2024-10-31 15:01:23.016377] - [MainWindow] - [togle] [log] [[[60.0, 90.0, 60.0, 90.0, 'pole 0']]]
[2024-10-31 15:01:23.020576] - [MainWindow] - [createZoom] [log] [['readed zoom 3']]
[2024-10-31 15:01:27.353979] - [Line] - [__init__] [log] [['x1 = 490, x2 = 874, y1 = 268, y2 = 660, manipulatotrX = 0, manipulatorY = 0, absolutePixelValue = [0, 0]']]
[2024-10-31 15:01:27.359982] - [Line] - [calculateOffset] [log] [['wynik x=0, offset y=0']]
[2024-10-31 15:01:27.363998] - [Line] - [calculateOffset] [log] [['wynik x=411600, offset y=225120']]
[2024-10-31 15:01:27.368026] - [Line] - [calculateOffset] [log] [['wynik x=734160, offset y=554400']]
[2024-10-31 15:01:27.510305] - [Line] - [resolveZeroPoint] [Warning] [['Zero Point was not set']]
[2024-10-31 15:01:27.514310] - [Line] - [resolveZeroPoint] [Warning] [['Zero Point was not set']]
[2024-10-31 15:01:35.132205] - [AbstractManipulator] - [close] [Warning] [['Abstract Methode']]
[2024-10-31 15:03:28.130908] - [m] - [mainNoTryCahch] [log] [["res PyQt5.QtCore.QSize(1920, 1080) <class 'PyQt5.QtCore.QSize'>"]]
[2024-10-31 15:03:28.339902] - [MainWindow] - [_logImportant] [log] [['####################################################################################################']]
[2024-10-31 15:03:28.342608] - [MainWindow] - [_logImportant] [log] [['######################################### Program Starting ##########################################']]
[2024-10-31 15:03:28.345609] - [MainWindow] - [_logImportant] [log] [['####################################################################################################']]
[2024-10-31 15:03:29.697194] - [AbstractManipulator] - [getCurrentPosition] [Warning] [['Abstract Methode']]
[2024-10-31 15:03:29.701913] - [AbstractManipulator] - [getCurrentPosition] [Warning] [['Abstract Methode']]
[2024-10-31 15:03:29.705281] - [AbstractManipulator] - [getCurrentPosition] [Warning] [['Abstract Methode']]
[2024-10-31 15:03:29.927604] - [MainWindow] - [togle] [log] [[[60.0, 90.0, 60.0, 90.0, 'pole 0']]]
[2024-10-31 15:03:29.931605] - [MainWindow] - [createZoom] [log] [['readed zoom 3']]
[2024-10-31 15:03:33.064788] - [Line] - [__init__] [log] [['x1 = 451, x2 = 766, y1 = 227, y2 = 542, manipulatotrX = 0, manipulatorY = 0, absolutePixelValue = [0, 0]']]
[2024-10-31 15:03:33.070788] - [Line] - [calculateOffset] [log] [['wynik x=0, offset y=0']]
[2024-10-31 15:03:33.074788] - [Line] - [calculateOffset] [log] [['wynik x=378840, offset y=190680']]
[2024-10-31 15:03:33.077789] - [Line] - [calculateOffset] [log] [['wynik x=643440, offset y=455280']]
[2024-10-31 15:03:33.262865] - [Line] - [resolveZeroPoint] [Warning] [['Zero Point was not set']]
[2024-10-31 15:03:33.266372] - [Line] - [resolveZeroPoint] [Warning] [['Zero Point was not set']]
[2024-10-31 15:03:38.263254] - [AbstractManipulator] - [close] [Warning] [['Abstract Methode']]
[2024-10-31 15:05:09.871795] - [m] - [mainNoTryCahch] [log] [["res PyQt5.QtCore.QSize(1920, 1080) <class 'PyQt5.QtCore.QSize'>"]]
[2024-10-31 15:05:10.084926] - [MainWindow] - [_logImportant] [log] [['####################################################################################################']]
[2024-10-31 15:05:10.087927] - [MainWindow] - [_logImportant] [log] [['######################################### Program Starting ##########################################']]
[2024-10-31 15:05:10.090928] - [MainWindow] - [_logImportant] [log] [['####################################################################################################']]
[2024-10-31 15:05:11.273776] - [AbstractManipulator] - [getCurrentPosition] [Warning] [['Abstract Methode']]
[2024-10-31 15:05:11.277778] - [AbstractManipulator] - [getCurrentPosition] [Warning] [['Abstract Methode']]
[2024-10-31 15:05:11.280944] - [AbstractManipulator] - [getCurrentPosition] [Warning] [['Abstract Methode']]
[2024-10-31 15:05:11.520477] - [MainWindow] - [togle] [log] [[[60.0, 90.0, 60.0, 90.0, 'pole 0']]]
[2024-10-31 15:05:11.524478] - [MainWindow] - [createZoom] [log] [['readed zoom 3']]
[2024-10-31 15:05:22.456743] - [Line] - [__init__] [log] [['x1 = 439, x2 = 704, y1 = 329, y2 = 558, manipulatotrX = 0, manipulatorY = 0, absolutePixelValue = [0, 0]']]
[2024-10-31 15:05:22.461765] - [Line] - [calculateOffset] [log] [['wynik x=0, offset y=0']]
[2024-10-31 15:05:22.465795] - [Line] - [calculateOffset] [log] [['wynik x=368760, offset y=276360']]
[2024-10-31 15:05:22.469805] - [Line] - [calculateOffset] [log] [['wynik x=591360, offset y=468720']]
[2024-10-31 15:05:22.612431] - [Line] - [resolveZeroPoint] [Warning] [['Zero Point was not set']]
[2024-10-31 15:05:22.617201] - [Line] - [resolveZeroPoint] [Warning] [['Zero Point was not set']]
[2024-10-31 15:05:24.832922] - [Line] - [__init__] [log] [['x1 = 1303, x2 = 932, y1 = 611, y2 = 323, manipulatotrX = 0, manipulatorY = 0, absolutePixelValue = [0, 0]']]
[2024-10-31 15:05:24.837309] - [Line] - [calculateOffset] [log] [['wynik x=0, offset y=0']]
[2024-10-31 15:05:24.841713] - [Line] - [calculateOffset] [log] [['wynik x=1094520, offset y=513240']]
[2024-10-31 15:05:24.844218] - [Line] - [calculateOffset] [log] [['wynik x=782880, offset y=271320']]
[2024-10-31 15:05:24.988610] - [Line] - [resolveZeroPoint] [Warning] [['Zero Point was not set']]
[2024-10-31 15:05:24.992605] - [Line] - [resolveZeroPoint] [Warning] [['Zero Point was not set']]
[2024-10-31 15:05:28.566482] - [AbstractManipulator] - [close] [Warning] [['Abstract Methode']]
[2024-10-31 15:06:47.487326] - [m] - [mainNoTryCahch] [log] [["res PyQt5.QtCore.QSize(1920, 1080) <class 'PyQt5.QtCore.QSize'>"]]
[2024-10-31 15:06:47.704554] - [MainWindow] - [_logImportant] [log] [['####################################################################################################']]
[2024-10-31 15:06:47.708064] - [MainWindow] - [_logImportant] [log] [['######################################### Program Starting ##########################################']]
[2024-10-31 15:06:47.710252] - [MainWindow] - [_logImportant] [log] [['####################################################################################################']]
[2024-10-31 15:06:48.893077] - [AbstractManipulator] - [getCurrentPosition] [Warning] [['Abstract Methode']]
[2024-10-31 15:06:48.898078] - [AbstractManipulator] - [getCurrentPosition] [Warning] [['Abstract Methode']]
[2024-10-31 15:06:48.901078] - [AbstractManipulator] - [getCurrentPosition] [Warning] [['Abstract Methode']]
[2024-10-31 15:06:49.129175] - [MainWindow] - [togle] [log] [[[60.0, 90.0, 60.0, 90.0, 'pole 0']]]
[2024-10-31 15:06:49.133176] - [MainWindow] - [createZoom] [log] [['readed zoom 3']]
[2024-10-31 15:06:55.953579] - [Line] - [__init__] [log] [['x1 = 336, x2 = 547, y1 = 342, y2 = 542, manipulatotrX = 0, manipulatorY = 0, absolutePixelValue = [0, 0]']]
[2024-10-31 15:06:55.959951] - [Line] - [calculateOffset] [log] [['wynik x=0, offset y=0']]
[2024-10-31 15:06:55.964016] - [Line] - [calculateOffset] [log] [['wynik x=282240, offset y=287280']]
[2024-10-31 15:06:55.968043] - [Line] - [calculateOffset] [log] [['wynik x=459480, offset y=455280']]
[2024-10-31 15:06:56.126740] - [Line] - [resolveZeroPoint] [Warning] [['Zero Point was not set']]
[2024-10-31 15:06:56.130741] - [Line] - [resolveZeroPoint] [Warning] [['Zero Point was not set']]
[2024-10-31 15:06:57.766633] - [Line] - [__init__] [log] [['x1 = 838, x2 = 1056, y1 = 314, y2 = 526, manipulatotrX = 0, manipulatorY = 0, absolutePixelValue = [0, 0]']]
[2024-10-31 15:06:57.788266] - [Line] - [calculateOffset] [log] [['wynik x=0, offset y=0']]
[2024-10-31 15:06:57.794270] - [Line] - [calculateOffset] [log] [['wynik x=703920, offset y=263760']]
[2024-10-31 15:06:57.799577] - [Line] - [calculateOffset] [log] [['wynik x=887040, offset y=441840']]
[2024-10-31 15:06:57.986011] - [Line] - [resolveZeroPoint] [Warning] [['Zero Point was not set']]
[2024-10-31 15:06:57.990014] - [Line] - [resolveZeroPoint] [Warning] [['Zero Point was not set']]
[2024-10-31 15:07:13.091044] - [AbstractManipulator] - [close] [Warning] [['Abstract Methode']]
[2024-10-31 15:07:53.898488] - [m] - [mainNoTryCahch] [log] [["res PyQt5.QtCore.QSize(1920, 1080) <class 'PyQt5.QtCore.QSize'>"]]
[2024-10-31 15:07:54.102530] - [MainWindow] - [_logImportant] [log] [['####################################################################################################']]
[2024-10-31 15:07:54.107530] - [MainWindow] - [_logImportant] [log] [['######################################### Program Starting ##########################################']]
[2024-10-31 15:07:54.110035] - [MainWindow] - [_logImportant] [log] [['####################################################################################################']]
[2024-10-31 15:07:55.251785] - [AbstractManipulator] - [getCurrentPosition] [Warning] [['Abstract Methode']]
[2024-10-31 15:07:55.257215] - [AbstractManipulator] - [getCurrentPosition] [Warning] [['Abstract Methode']]
[2024-10-31 15:07:55.260496] - [AbstractManipulator] - [getCurrentPosition] [Warning] [['Abstract Methode']]
[2024-10-31 15:07:55.488008] - [MainWindow] - [togle] [log] [[[60.0, 90.0, 60.0, 90.0, 'pole 0']]]
[2024-10-31 15:07:55.492887] - [MainWindow] - [createZoom] [log] [['readed zoom 3']]
[2024-10-31 15:08:01.937341] - [Line] - [__init__] [log] [['x1 = 398, x2 = 815, y1 = 287, y2 = 599, manipulatotrX = 0, manipulatorY = 0, absolutePixelValue = [0, 0]']]
[2024-10-31 15:08:01.943343] - [Line] - [calculateOffset] [log] [['wynik x=0, offset y=0']]
[2024-10-31 15:08:01.947344] - [Line] - [calculateOffset] [log] [['wynik x=334320, offset y=241080']]
[2024-10-31 15:08:01.951344] - [Line] - [calculateOffset] [log] [['wynik x=684600, offset y=503160']]
[2024-10-31 15:08:02.095825] - [Line] - [resolveZeroPoint] [Warning] [['Zero Point was not set']]
[2024-10-31 15:08:02.099837] - [Line] - [resolveZeroPoint] [Warning] [['Zero Point was not set']]
[2024-10-31 15:08:06.633602] - [Line] - [__init__] [log] [['x1 = 1249, x2 = 820, y1 = 603, y2 = 306, manipulatotrX = 0, manipulatorY = 0, absolutePixelValue = [0, 0]']]
[2024-10-31 15:08:06.638603] - [Line] - [calculateOffset] [log] [['wynik x=0, offset y=0']]
[2024-10-31 15:08:06.642604] - [Line] - [calculateOffset] [log] [['wynik x=1049160, offset y=506520']]
[2024-10-31 15:08:06.645257] - [Line] - [calculateOffset] [log] [['wynik x=688800, offset y=257040']]
[2024-10-31 15:08:06.800164] - [Line] - [resolveZeroPoint] [Warning] [['Zero Point was not set']]
[2024-10-31 15:08:06.805486] - [Line] - [resolveZeroPoint] [Warning] [['Zero Point was not set']]
[2024-10-31 15:08:38.207157] - [AbstractManipulator] - [close] [Warning] [['Abstract Methode']]
[2024-10-31 15:09:44.206550] - [m] - [mainNoTryCahch] [log] [["res PyQt5.QtCore.QSize(1920, 1080) <class 'PyQt5.QtCore.QSize'>"]]
[2024-10-31 15:09:44.350167] - [MainWindow] - [_logImportant] [log] [['####################################################################################################']]
[2024-10-31 15:09:44.351692] - [MainWindow] - [_logImportant] [log] [['######################################### Program Starting ##########################################']]
[2024-10-31 15:09:44.353216] - [MainWindow] - [_logImportant] [log] [['####################################################################################################']]
[2024-10-31 15:09:45.690242] - [AbstractManipulator] - [getCurrentPosition] [Warning] [['Abstract Methode']]
[2024-10-31 15:09:45.693241] - [AbstractManipulator] - [getCurrentPosition] [Warning] [['Abstract Methode']]
[2024-10-31 15:09:45.694241] - [AbstractManipulator] - [getCurrentPosition] [Warning] [['Abstract Methode']]
[2024-10-31 15:09:45.928240] - [MainWindow] - [togle] [log] [[[60.0, 90.0, 60.0, 90.0, 'pole 0']]]
[2024-10-31 15:09:45.933240] - [MainWindow] - [createZoom] [log] [['readed zoom 3']]
[2024-10-31 15:09:47.059142] - [ROI] - [__init__] [log] [['x1 = 459, x2 = 702, y1 = 346, y2 = 521, manipulatotrX = 0, manipulatorY = 0, absolutePixelValue = [0, 0]']]
[2024-10-31 15:09:47.062800] - [ROI] - [calculateOffset] [log] [['wynik x=0, offset y=0']]
[2024-10-31 15:09:47.246614] - [ROI] - [resolveZeroPoint] [Warning] [['Zero Point was not set']]
[2024-10-31 15:09:47.248621] - [ROI] - [resolveZeroPoint] [Warning] [['Zero Point was not set']]
[2024-10-31 15:09:59.053823] - [AbstractManipulator] - [close] [Warning] [['Abstract Methode']]
[2024-10-31 15:10:33.306770] - [m] - [mainNoTryCahch] [log] [["res PyQt5.QtCore.QSize(1920, 1080) <class 'PyQt5.QtCore.QSize'>"]]
[2024-10-31 15:10:33.542231] - [MainWindow] - [_logImportant] [log] [['####################################################################################################']]
[2024-10-31 15:10:33.545232] - [MainWindow] - [_logImportant] [log] [['######################################### Program Starting ##########################################']]
[2024-10-31 15:10:33.548232] - [MainWindow] - [_logImportant] [log] [['####################################################################################################']]
[2024-10-31 15:10:34.914471] - [AbstractManipulator] - [getCurrentPosition] [Warning] [['Abstract Methode']]
[2024-10-31 15:10:34.920089] - [AbstractManipulator] - [getCurrentPosition] [Warning] [['Abstract Methode']]
[2024-10-31 15:10:34.925091] - [AbstractManipulator] - [getCurrentPosition] [Warning] [['Abstract Methode']]
[2024-10-31 15:10:35.148335] - [MainWindow] - [togle] [log] [[[60.0, 90.0, 60.0, 90.0, 'pole 0']]]
[2024-10-31 15:10:35.152342] - [MainWindow] - [createZoom] [log] [['readed zoom 3']]
[2024-10-31 15:10:39.367820] - [Line] - [__init__] [log] [['x1 = 317, x2 = 833, y1 = 206, y2 = 547, manipulatotrX = 0, manipulatorY = 0, absolutePixelValue = [0, 0]']]
[2024-10-31 15:10:39.372824] - [Line] - [calculateOffset] [log] [['wynik x=0, offset y=0']]
[2024-10-31 15:10:39.376824] - [Line] - [calculateOffset] [log] [['wynik x=266280, offset y=173040']]
[2024-10-31 15:10:39.380869] - [Line] - [calculateOffset] [log] [['wynik x=699720, offset y=459480']]
[2024-10-31 15:11:05.308602] - [m] - [mainNoTryCahch] [log] [["res PyQt5.QtCore.QSize(1920, 1080) <class 'PyQt5.QtCore.QSize'>"]]
[2024-10-31 15:11:05.587188] - [MainWindow] - [_logImportant] [log] [['####################################################################################################']]
[2024-10-31 15:11:05.589188] - [MainWindow] - [_logImportant] [log] [['######################################### Program Starting ##########################################']]
[2024-10-31 15:11:05.592189] - [MainWindow] - [_logImportant] [log] [['####################################################################################################']]
[2024-10-31 15:11:07.124277] - [AbstractManipulator] - [getCurrentPosition] [Warning] [['Abstract Methode']]
[2024-10-31 15:11:07.130797] - [AbstractManipulator] - [getCurrentPosition] [Warning] [['Abstract Methode']]
[2024-10-31 15:11:07.134542] - [AbstractManipulator] - [getCurrentPosition] [Warning] [['Abstract Methode']]
[2024-10-31 15:11:07.398967] - [MainWindow] - [togle] [log] [[[60.0, 90.0, 60.0, 90.0, 'pole 0']]]
[2024-10-31 15:11:07.403473] - [MainWindow] - [createZoom] [log] [['readed zoom 3']]
[2024-10-31 15:11:29.742558] - [Line] - [__init__] [log] [['x1 = 624, x2 = 1034, y1 = 480, y2 = 678, manipulatotrX = 0, manipulatorY = 0, absolutePixelValue = [0, 0]']]
[2024-10-31 15:11:29.750563] - [Line] - [calculateOffset] [log] [['wynik x=0, offset y=0']]
[2024-10-31 15:11:29.754561] - [Line] - [calculateOffset] [log] [['wynik x=524160, offset y=403200']]
[2024-10-31 15:11:29.758179] - [Line] - [calculateOffset] [log] [['wynik x=868560, offset y=569520']]
[2024-10-31 15:11:29.902769] - [Line] - [resolveZeroPoint] [Warning] [['Zero Point was not set']]
[2024-10-31 15:11:29.905770] - [Line] - [resolveZeroPoint] [Warning] [['Zero Point was not set']]
[2024-10-31 15:11:35.219769] - [AbstractManipulator] - [close] [Warning] [['Abstract Methode']]
[2024-10-31 15:18:29.871904] - [m] - [mainNoTryCahch] [log] [["res PyQt5.QtCore.QSize(1920, 1080) <class 'PyQt5.QtCore.QSize'>"]]
[2024-10-31 15:18:30.085480] - [MainWindow] - [_logImportant] [log] [['####################################################################################################']]
[2024-10-31 15:18:30.088492] - [MainWindow] - [_logImportant] [log] [['######################################### Program Starting ##########################################']]
[2024-10-31 15:18:30.090502] - [MainWindow] - [_logImportant] [log] [['####################################################################################################']]
[2024-10-31 15:18:31.299901] - [AbstractManipulator] - [getCurrentPosition] [Warning] [['Abstract Methode']]
[2024-10-31 15:18:31.304902] - [AbstractManipulator] - [getCurrentPosition] [Warning] [['Abstract Methode']]
[2024-10-31 15:18:31.307902] - [AbstractManipulator] - [getCurrentPosition] [Warning] [['Abstract Methode']]
[2024-10-31 15:18:31.550233] - [MainWindow] - [togle] [log] [[[60.0, 90.0, 60.0, 90.0, 'pole 0']]]
[2024-10-31 15:18:31.553235] - [MainWindow] - [createZoom] [log] [['readed zoom 3']]
[2024-10-31 15:18:36.378071] - [AbstractManipulator] - [close] [Warning] [['Abstract Methode']]
[2024-10-31 15:19:49.541679] - [m] - [mainNoTryCahch] [log] [["res PyQt5.QtCore.QSize(1920, 1080) <class 'PyQt5.QtCore.QSize'>"]]
[2024-10-31 15:19:49.751266] - [MainWindow] - [_logImportant] [log] [['####################################################################################################']]
[2024-10-31 15:19:49.754266] - [MainWindow] - [_logImportant] [log] [['######################################### Program Starting ##########################################']]
[2024-10-31 15:19:49.756266] - [MainWindow] - [_logImportant] [log] [['####################################################################################################']]
[2024-10-31 15:19:51.234063] - [AbstractManipulator] - [getCurrentPosition] [Warning] [['Abstract Methode']]
[2024-10-31 15:19:51.240064] - [AbstractManipulator] - [getCurrentPosition] [Warning] [['Abstract Methode']]
[2024-10-31 15:19:51.243065] - [AbstractManipulator] - [getCurrentPosition] [Warning] [['Abstract Methode']]
[2024-10-31 15:19:51.562095] - [MainWindow] - [togle] [log] [[[60.0, 90.0, 60.0, 90.0, 'pole 0']]]
[2024-10-31 15:19:51.566603] - [MainWindow] - [createZoom] [log] [['readed zoom 3']]
[2024-10-31 15:19:54.686043] - [AbstractManipulator] - [close] [Warning] [['Abstract Methode']]
[2024-10-31 15:19:54.690253] - [AbstractManipulator] - [close] [Warning] [['Abstract Methode']]
[2024-10-31 15:19:54.695084] - [AbstractManipulator] - [close] [Warning] [['Abstract Methode']]
[2024-10-31 16:05:52.475853] - [m] - [mainNoTryCahch] [log] [["res PyQt5.QtCore.QSize(3440, 1440) <class 'PyQt5.QtCore.QSize'>"]]
[2024-10-31 16:05:52.714852] - [MainWindow] - [_logImportant] [log] [['####################################################################################################']]
[2024-10-31 16:05:52.716854] - [MainWindow] - [_logImportant] [log] [['######################################### Program Starting ##########################################']]
[2024-10-31 16:05:52.718854] - [MainWindow] - [_logImportant] [log] [['####################################################################################################']]
[2024-10-31 16:05:55.106560] - [AbstractManipulator] - [getCurrentPosition] [Warning] [['Abstract Methode']]
[2024-10-31 16:05:55.115727] - [AbstractManipulator] - [getCurrentPosition] [Warning] [['Abstract Methode']]
[2024-10-31 16:05:55.119248] - [AbstractManipulator] - [getCurrentPosition] [Warning] [['Abstract Methode']]
[2024-10-31 16:05:55.785659] - [MainWindow] - [togle] [log] [[[60.0, 90.0, 60.0, 90.0, 'pole 0']]]
[2024-10-31 16:05:55.792660] - [MainWindow] - [createZoom] [log] [['readed zoom 3']]
[2024-10-31 16:06:03.180982] - [ROI] - [__init__] [log] [['x1 = 824, x2 = 1063, y1 = 255, y2 = 509, manipulatotrX = 0, manipulatorY = 0, absolutePixelValue = [0, 0]']]
[2024-10-31 16:06:03.192352] - [ROI] - [calculateOffset] [log] [['wynik x=0, offset y=0']]
[2024-10-31 16:06:03.929096] - [ROI] - [resolveZeroPoint] [Warning] [['Zero Point was not set']]
[2024-10-31 16:06:03.934307] - [ROI] - [resolveZeroPoint] [Warning] [['Zero Point was not set']]
[2024-10-31 16:06:17.668938] - [ROI] - [__init__] [log] [['x1 = 1449, x2 = 1634, y1 = 431, y2 = 614, manipulatotrX = 0, manipulatorY = 0, absolutePixelValue = [0, 0]']]
[2024-10-31 16:06:17.675522] - [ROI] - [calculateOffset] [log] [['wynik x=0, offset y=0']]
[2024-10-31 16:06:18.549424] - [ROI] - [resolveZeroPoint] [Warning] [['Zero Point was not set']]
[2024-10-31 16:06:18.554675] - [ROI] - [resolveZeroPoint] [Warning] [['Zero Point was not set']]
[2024-10-31 16:06:39.545420] - [Line] - [__init__] [log] [['x1 = 433, x2 = 1206, y1 = 782, y2 = 824, manipulatotrX = 0, manipulatorY = 0, absolutePixelValue = [0, 0]']]
[2024-10-31 16:06:39.552571] - [Line] - [calculateOffset] [log] [['wynik x=0, offset y=0']]
[2024-10-31 16:06:39.556570] - [Line] - [calculateOffset] [log] [['wynik x=363720, offset y=656880']]
[2024-10-31 16:06:39.559573] - [Line] - [calculateOffset] [log] [['wynik x=1013040, offset y=692160']]
[2024-10-31 16:06:40.113727] - [Line] - [resolveZeroPoint] [Warning] [['Zero Point was not set']]
[2024-10-31 16:06:40.117753] - [Line] - [resolveZeroPoint] [Warning] [['Zero Point was not set']]
[2024-10-31 16:09:26.638889] - [AbstractManipulator] - [close] [Warning] [['Abstract Methode']]
[2024-10-31 16:09:26.641927] - [AbstractManipulator] - [close] [Warning] [['Abstract Methode']]
[2024-10-31 16:09:26.644990] - [AbstractManipulator] - [close] [Warning] [['Abstract Methode']]
