[2024-11-07 12:18:12.620757] - [function] - [AutoFokus02] [log] [Optimization started]
[2024-11-07 12:18:12.787120] - [function] - [AutoFokus02] [log] [Optimization ended]
[2024-11-07 12:18:12.815769] - [function] - [AutoFokus02] [log] [Optimization started]
[2024-11-07 12:18:12.843586] - [function] - [AutoFokus02] [log] [Optimization ended]
[2024-11-07 12:18:12.959423] - [m] - [mainNoTryCahch] [log] [["res PyQt5.QtCore.QSize(1920, 1080) <class 'PyQt5.QtCore.QSize'>"]]
[2024-11-07 12:18:12.960530] - [MainWindow] - [_logImportant] [log] [['####################################################################################################']]
[2024-11-07 12:18:12.961531] - [MainWindow] - [_logImportant] [log] [['######################################### Program Starting ##########################################']]
[2024-11-07 12:18:12.962770] - [MainWindow] - [_logImportant] [log] [['####################################################################################################']]
[2024-11-07 12:18:14.439883] - [AbstractManipulator] - [getCurrentPosition] [Warning] [['Abstract Methode']]
[2024-11-07 12:18:14.450772] - [AbstractManipulator] - [getCurrentPosition] [Warning] [['Abstract Methode']]
[2024-11-07 12:18:14.452790] - [AbstractManipulator] - [getCurrentPosition] [Warning] [['Abstract Methode']]
[2024-11-07 12:18:14.891636] - [MainWindow] - [togle] [log] [[[60.0, 90.0, 60.0, 90.0, 'pole 0']]]
[2024-11-07 12:18:14.895637] - [MainWindow] - [createZoom] [log] [['readed zoom 3']]
[2024-11-07 12:18:24.600797] - [AbstractManipulator] - [close] [Warning] [['Abstract Methode']]
[2024-11-07 12:18:24.601801] - [AbstractManipulator] - [close] [Warning] [['Abstract Methode']]
[2024-11-07 12:18:24.603523] - [AbstractManipulator] - [close] [Warning] [['Abstract Methode']]
[2024-11-07 12:18:42.413571] - [m] - [mainNoTryCahch] [log] [["res PyQt5.QtCore.QSize(1920, 1080) <class 'PyQt5.QtCore.QSize'>"]]
[2024-11-07 12:18:42.555001] - [MainWindow] - [_logImportant] [log] [['####################################################################################################']]
[2024-11-07 12:18:42.556002] - [MainWindow] - [_logImportant] [log] [['######################################### Program Starting ##########################################']]
[2024-11-07 12:18:42.557002] - [MainWindow] - [_logImportant] [log] [['####################################################################################################']]
[2024-11-07 12:18:43.618069] - [AbstractManipulator] - [getCurrentPosition] [Warning] [['Abstract Methode']]
[2024-11-07 12:18:43.620075] - [AbstractManipulator] - [getCurrentPosition] [Warning] [['Abstract Methode']]
[2024-11-07 12:18:43.621075] - [AbstractManipulator] - [getCurrentPosition] [Warning] [['Abstract Methode']]
[2024-11-07 12:18:43.844733] - [MainWindow] - [togle] [log] [[[60.0, 90.0, 60.0, 90.0, 'pole 0']]]
[2024-11-07 12:18:43.847779] - [MainWindow] - [createZoom] [log] [['readed zoom 3']]
[2024-11-07 12:18:53.500174] - [FunWorker] - [run] [log] [['[THREAD FUN]  START wrapper']]
[2024-11-07 12:19:08.542629] - [m] - [mainNoTryCahch] [log] [["res PyQt5.QtCore.QSize(1920, 1080) <class 'PyQt5.QtCore.QSize'>"]]
[2024-11-07 12:19:08.761610] - [MainWindow] - [_logImportant] [log] [['####################################################################################################']]
[2024-11-07 12:19:08.764610] - [MainWindow] - [_logImportant] [log] [['######################################### Program Starting ##########################################']]
[2024-11-07 12:19:08.766610] - [MainWindow] - [_logImportant] [log] [['####################################################################################################']]
[2024-11-07 12:19:09.882611] - [AbstractManipulator] - [getCurrentPosition] [Warning] [['Abstract Methode']]
[2024-11-07 12:19:09.887555] - [AbstractManipulator] - [getCurrentPosition] [Warning] [['Abstract Methode']]
[2024-11-07 12:19:09.890563] - [AbstractManipulator] - [getCurrentPosition] [Warning] [['Abstract Methode']]
[2024-11-07 12:19:10.117467] - [MainWindow] - [togle] [log] [[[60.0, 90.0, 60.0, 90.0, 'pole 0']]]
[2024-11-07 12:19:10.121528] - [MainWindow] - [createZoom] [log] [['readed zoom 3']]
[2024-11-07 12:19:13.091671] - [FunWorker] - [run] [log] [['[THREAD FUN]  START wrapper']]
[2024-11-07 12:19:57.818606] - [m] - [mainNoTryCahch] [log] [["res PyQt5.QtCore.QSize(1920, 1080) <class 'PyQt5.QtCore.QSize'>"]]
[2024-11-07 12:19:58.020823] - [MainWindow] - [_logImportant] [log] [['####################################################################################################']]
[2024-11-07 12:19:58.023974] - [MainWindow] - [_logImportant] [log] [['######################################### Program Starting ##########################################']]
[2024-11-07 12:19:58.026588] - [MainWindow] - [_logImportant] [log] [['####################################################################################################']]
[2024-11-07 12:19:59.191350] - [AbstractManipulator] - [getCurrentPosition] [Warning] [['Abstract Methode']]
[2024-11-07 12:19:59.195431] - [AbstractManipulator] - [getCurrentPosition] [Warning] [['Abstract Methode']]
[2024-11-07 12:19:59.199874] - [AbstractManipulator] - [getCurrentPosition] [Warning] [['Abstract Methode']]
[2024-11-07 12:19:59.440144] - [MainWindow] - [togle] [log] [[[60.0, 90.0, 60.0, 90.0, 'pole 0']]]
[2024-11-07 12:19:59.443668] - [MainWindow] - [createZoom] [log] [['readed zoom 3']]
[2024-11-07 12:20:02.151400] - [FunWorker] - [run] [log] [['[THREAD FUN]  START wrapper']]
[2024-11-07 12:23:36.171532] - [m] - [mainNoTryCahch] [log] [["res PyQt5.QtCore.QSize(1920, 1080) <class 'PyQt5.QtCore.QSize'>"]]
[2024-11-07 12:23:36.385901] - [MainWindow] - [_logImportant] [log] [['####################################################################################################']]
[2024-11-07 12:23:36.389402] - [MainWindow] - [_logImportant] [log] [['######################################### Program Starting ##########################################']]
[2024-11-07 12:23:36.392457] - [MainWindow] - [_logImportant] [log] [['####################################################################################################']]
[2024-11-07 12:23:37.687405] - [AbstractManipulator] - [getCurrentPosition] [Warning] [['Abstract Methode']]
[2024-11-07 12:23:37.691628] - [AbstractManipulator] - [getCurrentPosition] [Warning] [['Abstract Methode']]
[2024-11-07 12:23:37.696117] - [AbstractManipulator] - [getCurrentPosition] [Warning] [['Abstract Methode']]
[2024-11-07 12:23:37.951011] - [MainWindow] - [togle] [log] [[[60.0, 90.0, 60.0, 90.0, 'pole 0']]]
[2024-11-07 12:23:37.954841] - [MainWindow] - [createZoom] [log] [['readed zoom 3']]
[2024-11-07 12:23:41.733717] - [FunWorker] - [run] [log] [['[THREAD FUN]  START wrapper']]
[2024-11-07 12:23:41.735076] - [function] - [run] [log] [Optimization started]
[2024-11-07 12:23:41.738032] - [AbstractManipulator] - [waitForTarget] [Warning] [['Abstract Methode']]
[2024-11-07 12:23:41.849873] - [AbstractManipulator] - [waitForTarget] [Warning] [['Abstract Methode']]
[2024-11-07 12:23:41.854007] - [AbstractManipulator] - [waitForTarget] [Warning] [['Abstract Methode']]
[2024-11-07 12:23:42.104225] - [AutoFokus02] - [calcFokus] [log] [['Data 767037.7460937499']]
[2024-11-07 12:23:42.108775] - [AbstractManipulator] - [waitForTarget] [Warning] [['Abstract Methode']]
[2024-11-07 12:23:42.347267] - [AutoFokus02] - [calcFokus] [log] [['Data 767037.7460937499']]
[2024-11-07 12:23:42.358625] - [AbstractManipulator] - [waitForTarget] [Warning] [['Abstract Methode']]
[2024-11-07 12:23:42.608076] - [AutoFokus02] - [calcFokus] [log] [['Data 767037.7460937499']]
[2024-11-07 12:23:42.613406] - [AbstractManipulator] - [waitForTarget] [Warning] [['Abstract Methode']]
[2024-11-07 12:23:42.852384] - [AutoFokus02] - [calcFokus] [log] [['Data 767037.7460937499']]
[2024-11-07 12:23:42.857340] - [AbstractManipulator] - [waitForTarget] [Warning] [['Abstract Methode']]
[2024-11-07 12:23:43.090443] - [AutoFokus02] - [calcFokus] [log] [['Data 767037.7460937499']]
[2024-11-07 12:23:43.095865] - [AbstractManipulator] - [waitForTarget] [Warning] [['Abstract Methode']]
[2024-11-07 12:23:43.377794] - [AutoFokus02] - [calcFokus] [log] [['Data 767037.7460937499']]
[2024-11-07 12:23:43.382828] - [AbstractManipulator] - [waitForTarget] [Warning] [['Abstract Methode']]
[2024-11-07 12:23:43.628485] - [AutoFokus02] - [calcFokus] [log] [['Data 767037.7460937499']]
[2024-11-07 12:23:43.649439] - [AutoFokus02] - [guess] [log] [['calculated Fokus rez =  message: Optimization terminated successfully.\n success: True\n  status: 1\n     fun: -767037.7460937499\n       x: [ 2.000e+03]\n    nfev: 7\n   maxcv: -0.0']]
[2024-11-07 12:23:43.651972] - [AutoFokus02] - [guess] [log] [['calculated Fokus min = 2000.0 low = [2000.]']]
[2024-11-07 12:23:43.653962] - [AbstractManipulator] - [waitForTarget] [Warning] [['Abstract Methode']]
[2024-11-07 12:23:43.682252] - [function] - [run] [log] [Optimization ended]
[2024-11-07 12:23:43.685250] - [FunWorker] - [run] [log] [['[THREAD FUN] END wrapper']]
[2024-11-07 12:33:49.954519] - [AbstractManipulator] - [close] [Warning] [['Abstract Methode']]
[2024-11-07 12:33:49.959893] - [AbstractManipulator] - [close] [Warning] [['Abstract Methode']]
[2024-11-07 12:33:49.962752] - [AbstractManipulator] - [close] [Warning] [['Abstract Methode']]
[2024-11-07 13:09:06.712257] - [m] - [mainNoTryCahch] [log] [["res PyQt5.QtCore.QSize(1920, 1080) <class 'PyQt5.QtCore.QSize'>"]]
[2024-11-07 13:09:06.858129] - [MainWindow] - [_logImportant] [log] [['####################################################################################################']]
[2024-11-07 13:09:06.859130] - [MainWindow] - [_logImportant] [log] [['######################################### Program Starting ##########################################']]
[2024-11-07 13:09:06.860130] - [MainWindow] - [_logImportant] [log] [['####################################################################################################']]
[2024-11-07 13:09:08.052460] - [AbstractManipulator] - [getCurrentPosition] [Warning] [['Abstract Methode']]
[2024-11-07 13:09:08.055460] - [AbstractManipulator] - [getCurrentPosition] [Warning] [['Abstract Methode']]
[2024-11-07 13:09:08.056461] - [AbstractManipulator] - [getCurrentPosition] [Warning] [['Abstract Methode']]
[2024-11-07 13:09:08.292604] - [MainWindow] - [togle] [log] [[[60.0, 90.0, 60.0, 90.0, 'pole 0']]]
[2024-11-07 13:09:08.295140] - [MainWindow] - [createZoom] [log] [['readed zoom 3']]
[2024-11-07 13:09:11.033576] - [FunWorker] - [run] [log] [['[THREAD FUN]  START wrapper']]
[2024-11-07 13:09:11.034582] - [function] - [run] [log] [Optimization started]
[2024-11-07 13:09:11.035589] - [AbstractManipulator] - [waitForTarget] [Warning] [['Abstract Methode']]
[2024-11-07 13:09:11.036599] - [AbstractManipulator] - [waitForTarget] [Warning] [['Abstract Methode']]
[2024-11-07 13:09:11.037611] - [AbstractManipulator] - [waitForTarget] [Warning] [['Abstract Methode']]
[2024-11-07 13:09:11.300281] - [AutoFokus02] - [calcFokus] [log] [['Data 767037.7460937499']]
[2024-11-07 13:09:11.304636] - [AbstractManipulator] - [waitForTarget] [Warning] [['Abstract Methode']]
[2024-11-07 13:09:11.551986] - [AutoFokus02] - [calcFokus] [log] [['Data 767037.7460937499']]
[2024-11-07 13:09:11.556045] - [AbstractManipulator] - [waitForTarget] [Warning] [['Abstract Methode']]
[2024-11-07 13:09:11.799758] - [AutoFokus02] - [calcFokus] [log] [['Data 767037.7460937499']]
[2024-11-07 13:09:11.803627] - [AbstractManipulator] - [waitForTarget] [Warning] [['Abstract Methode']]
[2024-11-07 13:09:12.037897] - [AutoFokus02] - [calcFokus] [log] [['Data 767037.7460937499']]
[2024-11-07 13:09:12.041917] - [AbstractManipulator] - [waitForTarget] [Warning] [['Abstract Methode']]
[2024-11-07 13:09:12.290867] - [AutoFokus02] - [calcFokus] [log] [['Data 767037.7460937499']]
[2024-11-07 13:09:12.295377] - [AbstractManipulator] - [waitForTarget] [Warning] [['Abstract Methode']]
[2024-11-07 13:09:12.550326] - [AutoFokus02] - [calcFokus] [log] [['Data 767037.7460937499']]
[2024-11-07 13:09:12.555166] - [AbstractManipulator] - [waitForTarget] [Warning] [['Abstract Methode']]
[2024-11-07 13:09:12.823373] - [AutoFokus02] - [calcFokus] [log] [['Data 767037.7460937499']]
[2024-11-07 13:09:12.828377] - [AutoFokus02] - [guess] [log] [['calculated Fokus rez =  message: Optimization terminated successfully.\n success: True\n  status: 1\n     fun: -767037.7460937499\n       x: [ 2.000e+03]\n    nfev: 7\n   maxcv: -0.0']]
[2024-11-07 13:09:12.829377] - [AutoFokus02] - [guess] [log] [['calculated Fokus min = 2000.0 low = [2000.]']]
[2024-11-07 13:09:12.830377] - [AbstractManipulator] - [waitForTarget] [Warning] [['Abstract Methode']]
[2024-11-07 13:10:12.948844] - [m] - [mainNoTryCahch] [log] [["res PyQt5.QtCore.QSize(1920, 1080) <class 'PyQt5.QtCore.QSize'>"]]
[2024-11-07 13:10:13.099604] - [MainWindow] - [_logImportant] [log] [['####################################################################################################']]
[2024-11-07 13:10:13.100664] - [MainWindow] - [_logImportant] [log] [['######################################### Program Starting ##########################################']]
[2024-11-07 13:10:13.101686] - [MainWindow] - [_logImportant] [log] [['####################################################################################################']]
[2024-11-07 13:10:14.263178] - [AbstractManipulator] - [getCurrentPosition] [Warning] [['Abstract Methode']]
[2024-11-07 13:10:14.266192] - [AbstractManipulator] - [getCurrentPosition] [Warning] [['Abstract Methode']]
[2024-11-07 13:10:14.268198] - [AbstractManipulator] - [getCurrentPosition] [Warning] [['Abstract Methode']]
[2024-11-07 13:10:14.493472] - [MainWindow] - [togle] [log] [[[60.0, 90.0, 60.0, 90.0, 'pole 0']]]
[2024-11-07 13:10:14.494977] - [MainWindow] - [createZoom] [log] [['readed zoom 3']]
[2024-11-07 13:10:18.978745] - [FunWorker] - [run] [log] [['[THREAD FUN]  START wrapper']]
[2024-11-07 13:10:18.979748] - [function] - [run] [log] [Optimization started]
[2024-11-07 13:10:18.980758] - [AbstractManipulator] - [waitForTarget] [Warning] [['Abstract Methode']]
[2024-11-07 13:10:18.981769] - [AbstractManipulator] - [waitForTarget] [Warning] [['Abstract Methode']]
[2024-11-07 13:10:18.982775] - [AbstractManipulator] - [waitForTarget] [Warning] [['Abstract Methode']]
[2024-11-07 13:10:19.238689] - [AutoFokus02] - [calcFokus] [log] [['Data 767037.7460937499']]
[2024-11-07 13:10:19.243200] - [AbstractManipulator] - [waitForTarget] [Warning] [['Abstract Methode']]
[2024-11-07 13:10:19.488633] - [AutoFokus02] - [calcFokus] [log] [['Data 767037.7460937499']]
[2024-11-07 13:10:19.493600] - [AbstractManipulator] - [waitForTarget] [Warning] [['Abstract Methode']]
[2024-11-07 13:10:19.735444] - [AutoFokus02] - [calcFokus] [log] [['Data 767037.7460937499']]
[2024-11-07 13:10:19.740006] - [AbstractManipulator] - [waitForTarget] [Warning] [['Abstract Methode']]
[2024-11-07 13:10:19.985950] - [AutoFokus02] - [calcFokus] [log] [['Data 767037.7460937499']]
[2024-11-07 13:10:19.989955] - [AbstractManipulator] - [waitForTarget] [Warning] [['Abstract Methode']]
[2024-11-07 13:10:20.231331] - [AutoFokus02] - [calcFokus] [log] [['Data 767037.7460937499']]
[2024-11-07 13:10:20.235095] - [AbstractManipulator] - [waitForTarget] [Warning] [['Abstract Methode']]
[2024-11-07 13:10:20.473661] - [AutoFokus02] - [calcFokus] [log] [['Data 767037.7460937499']]
[2024-11-07 13:10:20.476872] - [AbstractManipulator] - [waitForTarget] [Warning] [['Abstract Methode']]
[2024-11-07 13:10:20.712846] - [AutoFokus02] - [calcFokus] [log] [['Data 767037.7460937499']]
[2024-11-07 13:10:20.715298] - [AutoFokus02] - [guess] [log] [['calculated Fokus rez =  message: Optimization terminated successfully.\n success: True\n  status: 1\n     fun: -767037.7460937499\n       x: [ 2.000e+03]\n    nfev: 7\n   maxcv: -0.0']]
[2024-11-07 13:10:20.716304] - [AutoFokus02] - [guess] [log] [['calculated Fokus min = 2000.0 low = [2000.]']]
[2024-11-07 13:10:20.717310] - [AbstractManipulator] - [waitForTarget] [Warning] [['Abstract Methode']]
[2024-11-07 13:10:30.647259] - [m] - [mainNoTryCahch] [log] [["res PyQt5.QtCore.QSize(1920, 1080) <class 'PyQt5.QtCore.QSize'>"]]
[2024-11-07 13:10:30.854197] - [MainWindow] - [_logImportant] [log] [['####################################################################################################']]
[2024-11-07 13:10:30.856968] - [MainWindow] - [_logImportant] [log] [['######################################### Program Starting ##########################################']]
[2024-11-07 13:10:30.858560] - [MainWindow] - [_logImportant] [log] [['####################################################################################################']]
[2024-11-07 13:10:32.174519] - [AbstractManipulator] - [getCurrentPosition] [Warning] [['Abstract Methode']]
[2024-11-07 13:10:32.179533] - [AbstractManipulator] - [getCurrentPosition] [Warning] [['Abstract Methode']]
[2024-11-07 13:10:32.184093] - [AbstractManipulator] - [getCurrentPosition] [Warning] [['Abstract Methode']]
[2024-11-07 13:10:32.457435] - [MainWindow] - [togle] [log] [[[60.0, 90.0, 60.0, 90.0, 'pole 0']]]
[2024-11-07 13:10:32.461462] - [MainWindow] - [createZoom] [log] [['readed zoom 3']]
[2024-11-07 13:10:37.708930] - [FunWorker] - [run] [log] [['[THREAD FUN]  START wrapper']]
[2024-11-07 13:10:37.711327] - [function] - [run] [log] [Optimization started]
[2024-11-07 13:10:37.711327] - [AbstractManipulator] - [waitForTarget] [Warning] [['Abstract Methode']]
[2024-11-07 13:10:37.713999] - [AbstractManipulator] - [waitForTarget] [Warning] [['Abstract Methode']]
[2024-11-07 13:10:37.717682] - [AbstractManipulator] - [waitForTarget] [Warning] [['Abstract Methode']]
[2024-11-07 13:10:37.974430] - [AutoFokus02] - [calcFokus] [log] [['Data 767037.7460937499']]
[2024-11-07 13:10:37.981288] - [AbstractManipulator] - [waitForTarget] [Warning] [['Abstract Methode']]
[2024-11-07 13:10:38.224689] - [AutoFokus02] - [calcFokus] [log] [['Data 767037.7460937499']]
[2024-11-07 13:10:38.231051] - [AbstractManipulator] - [waitForTarget] [Warning] [['Abstract Methode']]
[2024-11-07 13:10:38.479229] - [AutoFokus02] - [calcFokus] [log] [['Data 767037.7460937499']]
[2024-11-07 13:10:38.484519] - [AbstractManipulator] - [waitForTarget] [Warning] [['Abstract Methode']]
[2024-11-07 13:10:38.730777] - [AutoFokus02] - [calcFokus] [log] [['Data 767037.7460937499']]
[2024-11-07 13:10:38.736639] - [AbstractManipulator] - [waitForTarget] [Warning] [['Abstract Methode']]
[2024-11-07 13:10:38.977912] - [AutoFokus02] - [calcFokus] [log] [['Data 767037.7460937499']]
[2024-11-07 13:10:38.982761] - [AbstractManipulator] - [waitForTarget] [Warning] [['Abstract Methode']]
[2024-11-07 13:10:39.228724] - [AutoFokus02] - [calcFokus] [log] [['Data 767037.7460937499']]
[2024-11-07 13:10:39.233727] - [AbstractManipulator] - [waitForTarget] [Warning] [['Abstract Methode']]
[2024-11-07 13:10:39.490330] - [AutoFokus02] - [calcFokus] [log] [['Data 767037.7460937499']]
[2024-11-07 13:10:39.496902] - [AutoFokus02] - [guess] [log] [['calculated Fokus rez =  message: Optimization terminated successfully.\n success: True\n  status: 1\n     fun: -767037.7460937499\n       x: [ 2.000e+03]\n    nfev: 7\n   maxcv: -0.0']]
[2024-11-07 13:10:39.498905] - [AutoFokus02] - [guess] [log] [['calculated Fokus min = 2000.0 low = [2000.]']]
[2024-11-07 13:10:39.500720] - [AbstractManipulator] - [waitForTarget] [Warning] [['Abstract Methode']]
[2024-11-07 13:10:57.424170] - [m] - [mainNoTryCahch] [log] [["res PyQt5.QtCore.QSize(1920, 1080) <class 'PyQt5.QtCore.QSize'>"]]
[2024-11-07 13:10:57.639932] - [MainWindow] - [_logImportant] [log] [['####################################################################################################']]
[2024-11-07 13:10:57.642932] - [MainWindow] - [_logImportant] [log] [['######################################### Program Starting ##########################################']]
[2024-11-07 13:10:57.644933] - [MainWindow] - [_logImportant] [log] [['####################################################################################################']]
[2024-11-07 13:10:58.769040] - [AbstractManipulator] - [getCurrentPosition] [Warning] [['Abstract Methode']]
[2024-11-07 13:10:58.773545] - [AbstractManipulator] - [getCurrentPosition] [Warning] [['Abstract Methode']]
[2024-11-07 13:10:58.776546] - [AbstractManipulator] - [getCurrentPosition] [Warning] [['Abstract Methode']]
[2024-11-07 13:10:59.019239] - [MainWindow] - [togle] [log] [[[60.0, 90.0, 60.0, 90.0, 'pole 0']]]
[2024-11-07 13:10:59.023458] - [MainWindow] - [createZoom] [log] [['readed zoom 3']]
[2024-11-07 13:11:01.807875] - [FunWorker] - [run] [log] [['[THREAD FUN]  START wrapper']]
[2024-11-07 13:11:01.809904] - [function] - [run] [log] [Optimization started]
[2024-11-07 13:11:01.810908] - [AbstractManipulator] - [waitForTarget] [Warning] [['Abstract Methode']]
[2024-11-07 13:11:01.813391] - [AbstractManipulator] - [waitForTarget] [Warning] [['Abstract Methode']]
[2024-11-07 13:11:01.817417] - [AbstractManipulator] - [waitForTarget] [Warning] [['Abstract Methode']]
[2024-11-07 13:11:02.079833] - [AutoFokus02] - [calcFokus] [log] [['Data 767037.7460937499']]
[2024-11-07 13:11:02.085077] - [AbstractManipulator] - [waitForTarget] [Warning] [['Abstract Methode']]
[2024-11-07 13:11:02.331902] - [AutoFokus02] - [calcFokus] [log] [['Data 767037.7460937499']]
[2024-11-07 13:11:02.337079] - [AbstractManipulator] - [waitForTarget] [Warning] [['Abstract Methode']]
[2024-11-07 13:11:02.581026] - [AutoFokus02] - [calcFokus] [log] [['Data 767037.7460937499']]
[2024-11-07 13:11:02.586031] - [AbstractManipulator] - [waitForTarget] [Warning] [['Abstract Methode']]
[2024-11-07 13:11:02.834737] - [AutoFokus02] - [calcFokus] [log] [['Data 767037.7460937499']]
[2024-11-07 13:11:02.840011] - [AbstractManipulator] - [waitForTarget] [Warning] [['Abstract Methode']]
[2024-11-07 13:11:03.103993] - [AutoFokus02] - [calcFokus] [log] [['Data 767037.7460937499']]
[2024-11-07 13:11:03.109042] - [AbstractManipulator] - [waitForTarget] [Warning] [['Abstract Methode']]
[2024-11-07 13:11:03.366479] - [AutoFokus02] - [calcFokus] [log] [['Data 767037.7460937499']]
[2024-11-07 13:11:03.372026] - [AbstractManipulator] - [waitForTarget] [Warning] [['Abstract Methode']]
[2024-11-07 13:11:03.638061] - [AutoFokus02] - [calcFokus] [log] [['Data 767037.7460937499']]
[2024-11-07 13:11:03.645898] - [AutoFokus02] - [guess] [log] [['calculated Fokus rez =  message: Optimization terminated successfully.\n success: True\n  status: 1\n     fun: -767037.7460937499\n       x: [ 2.000e+03]\n    nfev: 7\n   maxcv: -0.0']]
[2024-11-07 13:11:03.647901] - [AutoFokus02] - [guess] [log] [['calculated Fokus min = 2000.0 low = [2000.]']]
[2024-11-07 13:11:03.649905] - [AbstractManipulator] - [waitForTarget] [Warning] [['Abstract Methode']]
[2024-11-07 13:23:56.861077] - [AbstractManipulator] - [close] [Warning] [['Abstract Methode']]
[2024-11-07 13:23:56.871815] - [AbstractManipulator] - [close] [Warning] [['Abstract Methode']]
[2024-11-07 13:23:56.875342] - [AbstractManipulator] - [close] [Warning] [['Abstract Methode']]
[2024-11-07 13:24:00.871421] - [m] - [mainNoTryCahch] [log] [["res PyQt5.QtCore.QSize(1920, 1080) <class 'PyQt5.QtCore.QSize'>"]]
[2024-11-07 13:24:01.077020] - [MainWindow] - [_logImportant] [log] [['####################################################################################################']]
[2024-11-07 13:24:01.079226] - [MainWindow] - [_logImportant] [log] [['######################################### Program Starting ##########################################']]
[2024-11-07 13:24:01.082829] - [MainWindow] - [_logImportant] [log] [['####################################################################################################']]
[2024-11-07 13:24:02.445809] - [AbstractManipulator] - [getCurrentPosition] [Warning] [['Abstract Methode']]
[2024-11-07 13:24:02.452836] - [AbstractManipulator] - [getCurrentPosition] [Warning] [['Abstract Methode']]
[2024-11-07 13:24:02.456863] - [AbstractManipulator] - [getCurrentPosition] [Warning] [['Abstract Methode']]
[2024-11-07 13:24:02.833726] - [MainWindow] - [togle] [log] [[[60.0, 90.0, 60.0, 90.0, 'pole 0']]]
[2024-11-07 13:24:02.837735] - [MainWindow] - [createZoom] [log] [['readed zoom 3']]
[2024-11-07 13:24:15.106601] - [FunWorker] - [run] [log] [['[THREAD FUN]  START wrapper']]
[2024-11-07 13:24:15.118650] - [function] - [run] [log] [Optimization started]
[2024-11-07 13:24:15.120811] - [AbstractManipulator] - [waitForTarget] [Warning] [['Abstract Methode']]
[2024-11-07 13:24:15.124260] - [AbstractManipulator] - [waitForTarget] [Warning] [['Abstract Methode']]
[2024-11-07 13:24:15.128752] - [AbstractManipulator] - [waitForTarget] [Warning] [['Abstract Methode']]
[2024-11-07 13:24:15.387645] - [AutoFokus02] - [calcFokus] [log] [['Data 767037.7460937499']]
[2024-11-07 13:24:15.393085] - [AbstractManipulator] - [waitForTarget] [Warning] [['Abstract Methode']]
[2024-11-07 13:24:15.640218] - [AutoFokus02] - [calcFokus] [log] [['Data 767037.7460937499']]
[2024-11-07 13:24:15.646711] - [AbstractManipulator] - [waitForTarget] [Warning] [['Abstract Methode']]
[2024-11-07 13:24:15.881183] - [AutoFokus02] - [calcFokus] [log] [['Data 767037.7460937499']]
[2024-11-07 13:24:15.885199] - [AbstractManipulator] - [waitForTarget] [Warning] [['Abstract Methode']]
[2024-11-07 13:24:16.135206] - [AutoFokus02] - [calcFokus] [log] [['Data 767037.7460937499']]
[2024-11-07 13:24:16.139297] - [AbstractManipulator] - [waitForTarget] [Warning] [['Abstract Methode']]
[2024-11-07 13:24:16.379310] - [AutoFokus02] - [calcFokus] [log] [['Data 767037.7460937499']]
[2024-11-07 13:24:16.384317] - [AbstractManipulator] - [waitForTarget] [Warning] [['Abstract Methode']]
[2024-11-07 13:24:16.637171] - [AutoFokus02] - [calcFokus] [log] [['Data 767037.7460937499']]
[2024-11-07 13:24:16.641605] - [AbstractManipulator] - [waitForTarget] [Warning] [['Abstract Methode']]
[2024-11-07 13:24:16.880120] - [AutoFokus02] - [calcFokus] [log] [['Data 767037.7460937499']]
[2024-11-07 13:24:16.888122] - [AutoFokus02] - [guess] [log] [['calculated Fokus rez =  message: Optimization terminated successfully.\n success: True\n  status: 1\n     fun: -767037.7460937499\n       x: [ 2.000e+03]\n    nfev: 7\n   maxcv: -0.0']]
[2024-11-07 13:24:16.891351] - [AutoFokus02] - [guess] [log] [['calculated Fokus min = 2000.0 low = [2000.]']]
[2024-11-07 13:24:16.893350] - [AbstractManipulator] - [waitForTarget] [Warning] [['Abstract Methode']]
[2024-11-07 13:24:16.898166] - [AutoFokus02] - [calculateFocusGoodness] [log] [['line: [-2.49610712e-11  1.00000005e+00]']]
[2024-11-07 13:24:16.908348] - [AutoFokus02] - [calculateFocusGoodness] [log] [['Parabola: [ 2.46528789e-12 -1.01108008e-08  1.00001036e+00]']]
[2024-11-07 13:24:16.910352] - [function] - [run] [log] [Optimization ended]
[2024-11-07 13:24:16.911351] - [FunWorker] - [run] [log] [['[THREAD FUN] END wrapper']]
[2024-11-07 13:28:44.826978] - [m] - [mainNoTryCahch] [log] [["res PyQt5.QtCore.QSize(1920, 1080) <class 'PyQt5.QtCore.QSize'>"]]
[2024-11-07 13:28:45.031554] - [MainWindow] - [_logImportant] [log] [['####################################################################################################']]
[2024-11-07 13:28:45.033936] - [MainWindow] - [_logImportant] [log] [['######################################### Program Starting ##########################################']]
[2024-11-07 13:28:45.036456] - [MainWindow] - [_logImportant] [log] [['####################################################################################################']]
[2024-11-07 13:28:46.431572] - [AbstractManipulator] - [getCurrentPosition] [Warning] [['Abstract Methode']]
[2024-11-07 13:28:46.437076] - [AbstractManipulator] - [getCurrentPosition] [Warning] [['Abstract Methode']]
[2024-11-07 13:28:46.442077] - [AbstractManipulator] - [getCurrentPosition] [Warning] [['Abstract Methode']]
[2024-11-07 13:28:46.758815] - [MainWindow] - [togle] [log] [[[60.0, 90.0, 60.0, 90.0, 'pole 0']]]
[2024-11-07 13:28:46.764817] - [MainWindow] - [createZoom] [log] [['readed zoom 3']]
[2024-11-07 13:29:22.583870] - [FunWorker] - [run] [log] [['[THREAD FUN]  START wrapper']]
[2024-11-07 13:29:22.586044] - [function] - [run] [log] [Optimization started]
[2024-11-07 13:29:22.588060] - [AbstractManipulator] - [waitForTarget] [Warning] [['Abstract Methode']]
[2024-11-07 13:29:22.590131] - [AbstractManipulator] - [waitForTarget] [Warning] [['Abstract Methode']]
[2024-11-07 13:29:22.594150] - [AbstractManipulator] - [waitForTarget] [Warning] [['Abstract Methode']]
[2024-11-07 13:29:22.915979] - [AutoFokus02] - [calcFokus] [log] [['Data 767037.7460937499']]
[2024-11-07 13:29:22.924295] - [AbstractManipulator] - [waitForTarget] [Warning] [['Abstract Methode']]
[2024-11-07 13:29:23.201608] - [AutoFokus02] - [calcFokus] [log] [['Data 767037.7460937499']]
[2024-11-07 13:29:23.209190] - [AbstractManipulator] - [waitForTarget] [Warning] [['Abstract Methode']]
[2024-11-07 13:29:23.468702] - [AutoFokus02] - [calcFokus] [log] [['Data 767037.7460937499']]
[2024-11-07 13:29:23.478985] - [AbstractManipulator] - [waitForTarget] [Warning] [['Abstract Methode']]
[2024-11-07 13:29:23.741591] - [AutoFokus02] - [calcFokus] [log] [['Data 767037.7460937499']]
[2024-11-07 13:29:23.748595] - [AbstractManipulator] - [waitForTarget] [Warning] [['Abstract Methode']]
[2024-11-07 13:29:24.008313] - [AutoFokus02] - [calcFokus] [log] [['Data 767037.7460937499']]
[2024-11-07 13:29:24.013644] - [AbstractManipulator] - [waitForTarget] [Warning] [['Abstract Methode']]
[2024-11-07 13:29:24.279006] - [AutoFokus02] - [calcFokus] [log] [['Data 767037.7460937499']]
[2024-11-07 13:29:24.285018] - [AbstractManipulator] - [waitForTarget] [Warning] [['Abstract Methode']]
[2024-11-07 13:29:24.553914] - [AutoFokus02] - [calcFokus] [log] [['Data 767037.7460937499']]
[2024-11-07 13:29:24.560780] - [AutoFokus02] - [guess] [log] [['calculated Fokus rez =  message: Optimization terminated successfully.\n success: True\n  status: 1\n     fun: -767037.7460937499\n       x: [ 2.000e+03]\n    nfev: 7\n   maxcv: -0.0']]
[2024-11-07 13:29:24.563875] - [AutoFokus02] - [guess] [log] [['calculated Fokus min = 2000.0 low = [2000.]']]
[2024-11-07 13:29:24.567835] - [AbstractManipulator] - [waitForTarget] [Warning] [['Abstract Methode']]
[2024-11-07 13:29:24.571252] - [AutoFokus02] - [calculateFocusGoodness] [log] [['line: [-2.49610712e-11  1.00000005e+00]']]
[2024-11-07 13:29:24.575284] - [AutoFokus02] - [calculateFocusGoodness] [log] [['line: [[ 2.15443935e-24 -4.66258465e-21]\n [-4.66258465e-21  1.02399210e-17]]']]
[2024-11-07 13:29:24.578298] - [AutoFokus02] - [calculateFocusGoodness] [log] [['Parabola: [ 2.46528789e-12 -1.01108008e-08  1.00001036e+00]']]
[2024-11-07 13:29:24.580303] - [AutoFokus02] - [calculateFocusGoodness] [log] [['Parabola: [[ 3.12531001e-26 -1.28883151e-22  1.32766820e-19]\n [-1.28883151e-22  5.31674672e-19 -5.47872933e-16]\n [ 1.32766820e-19 -5.47872933e-16  5.64739564e-13]]']]
[2024-11-07 13:29:24.583664] - [function] - [run] [log] [Optimization ended]
[2024-11-07 13:29:24.584669] - [FunWorker] - [run] [log] [['[THREAD FUN] END wrapper']]
[2024-11-07 13:31:18.047689] - [AbstractManipulator] - [close] [Warning] [['Abstract Methode']]
[2024-11-07 13:31:18.052100] - [AbstractManipulator] - [close] [Warning] [['Abstract Methode']]
[2024-11-07 13:31:18.055618] - [AbstractManipulator] - [close] [Warning] [['Abstract Methode']]
[2024-11-07 13:36:47.665323] - [m] - [mainNoTryCahch] [log] [["res PyQt5.QtCore.QSize(1920, 1080) <class 'PyQt5.QtCore.QSize'>"]]
[2024-11-07 13:36:48.308799] - [MainWindow] - [_logImportant] [log] [['####################################################################################################']]
[2024-11-07 13:36:48.318802] - [MainWindow] - [_logImportant] [log] [['######################################### Program Starting ##########################################']]
[2024-11-07 13:36:48.327803] - [MainWindow] - [_logImportant] [log] [['####################################################################################################']]
[2024-11-07 13:36:50.954362] - [AbstractManipulator] - [getCurrentPosition] [Warning] [['Abstract Methode']]
[2024-11-07 13:36:50.965872] - [AbstractManipulator] - [getCurrentPosition] [Warning] [['Abstract Methode']]
[2024-11-07 13:36:50.975874] - [AbstractManipulator] - [getCurrentPosition] [Warning] [['Abstract Methode']]
[2024-11-07 13:36:51.741591] - [MainWindow] - [togle] [log] [[[60.0, 90.0, 60.0, 90.0, 'pole 0']]]
[2024-11-07 13:36:51.749998] - [MainWindow] - [createZoom] [log] [['readed zoom 3']]
[2024-11-07 13:36:52.934761] - [ROI] - [__init__] [log] [['x1 = 987, x2 = 2935, y1 = 340, y2 = 367, manipulatotrX = 0, manipulatorY = 0, absolutePixelValue = [0, 0]']]
[2024-11-07 13:36:52.947764] - [ROI] - [calculateOffset] [log] [['wynik x=0, offset y=0']]
[2024-11-07 13:36:53.262384] - [ROI] - [resolveZeroPoint] [Warning] [['Zero Point was not set']]
[2024-11-07 13:36:53.270897] - [ROI] - [resolveZeroPoint] [Warning] [['Zero Point was not set']]
[2024-11-07 13:36:57.913812] - [FunWorker] - [run] [log] [['[THREAD FUN]  START wrapper']]
[2024-11-07 13:36:57.931816] - [function] - [run] [log] [Optimization started]
[2024-11-07 13:36:57.934815] - [AbstractManipulator] - [waitForTarget] [Warning] [['Abstract Methode']]
[2024-11-07 13:36:57.940818] - [AbstractManipulator] - [waitForTarget] [Warning] [['Abstract Methode']]
[2024-11-07 13:36:57.947818] - [AbstractManipulator] - [waitForTarget] [Warning] [['Abstract Methode']]
[2024-11-07 13:36:58.453358] - [AutoFokus02] - [calcFokus] [log] [['Data 767037.7460937499']]
[2024-11-07 13:36:58.465367] - [AbstractManipulator] - [waitForTarget] [Warning] [['Abstract Methode']]
[2024-11-07 13:36:58.986652] - [AutoFokus02] - [calcFokus] [log] [['Data 767037.7460937499']]
[2024-11-07 13:36:58.999655] - [AbstractManipulator] - [waitForTarget] [Warning] [['Abstract Methode']]
[2024-11-07 13:36:59.449819] - [AutoFokus02] - [calcFokus] [log] [['Data 767037.7460937499']]
[2024-11-07 13:36:59.460826] - [AbstractManipulator] - [waitForTarget] [Warning] [['Abstract Methode']]
[2024-11-07 13:36:59.933524] - [AutoFokus02] - [calcFokus] [log] [['Data 767037.7460937499']]
[2024-11-07 13:36:59.946526] - [AbstractManipulator] - [waitForTarget] [Warning] [['Abstract Methode']]
[2024-11-07 13:37:00.413696] - [AutoFokus02] - [calcFokus] [log] [['Data 767037.7460937499']]
[2024-11-07 13:37:00.427700] - [AbstractManipulator] - [waitForTarget] [Warning] [['Abstract Methode']]
[2024-11-07 13:37:01.058236] - [AutoFokus02] - [calcFokus] [log] [['Data 767037.7460937499']]
[2024-11-07 13:37:01.070754] - [AbstractManipulator] - [waitForTarget] [Warning] [['Abstract Methode']]
[2024-11-07 13:37:01.542311] - [AutoFokus02] - [calcFokus] [log] [['Data 767037.7460937499']]
[2024-11-07 13:37:01.559319] - [AutoFokus02] - [guess] [log] [['calculated Fokus rez =  message: Optimization terminated successfully.\n success: True\n  status: 1\n     fun: -767037.7460937499\n       x: [ 2.000e+03]\n    nfev: 7\n   maxcv: -0.0']]
[2024-11-07 13:37:01.565320] - [AutoFokus02] - [guess] [log] [['calculated Fokus min = 2000.0 low = [2000.]']]
[2024-11-07 13:37:01.579835] - [AbstractManipulator] - [waitForTarget] [Warning] [['Abstract Methode']]
[2024-11-07 13:37:01.589837] - [AutoFokus02] - [calculateFocusGoodness] [log] [['line: [-2.49610712e-11  1.00000005e+00]']]
[2024-11-07 13:37:01.595839] - [AutoFokus02] - [calculateFocusGoodness] [log] [['line: [[ 2.15443935e-24 -4.66258465e-21]\n [-4.66258465e-21  1.02399210e-17]]']]
[2024-11-07 13:37:01.600840] - [AutoFokus02] - [calculateFocusGoodness] [log] [['line: The relative error between two consecutive iterates is at most 0.000000']]
[2024-11-07 13:37:01.605841] - [AutoFokus02] - [calculateFocusGoodness] [log] [['line: 2']]
[2024-11-07 13:37:01.614843] - [AutoFokus02] - [calculateFocusGoodness] [log] [['Parabola: [ 2.46528789e-12 -1.01108008e-08  1.00001036e+00]']]
[2024-11-07 13:37:01.620845] - [AutoFokus02] - [calculateFocusGoodness] [log] [['Parabola: [[ 3.12531001e-26 -1.28883151e-22  1.32766820e-19]\n [-1.28883151e-22  5.31674672e-19 -5.47872933e-16]\n [ 1.32766820e-19 -5.47872933e-16  5.64739564e-13]]']]
[2024-11-07 13:37:01.627846] - [AutoFokus02] - [calculateFocusGoodness] [log] [['Parabola: The relative error between two consecutive iterates is at most 0.000000']]
[2024-11-07 13:37:01.632846] - [AutoFokus02] - [calculateFocusGoodness] [log] [['Parabola: 2']]
[2024-11-07 13:37:01.638848] - [function] - [run] [log] [Optimization ended]
[2024-11-07 13:37:01.641849] - [FunWorker] - [run] [log] [['[THREAD FUN] END wrapper']]
[2024-11-07 13:37:29.237073] - [AbstractManipulator] - [close] [Warning] [['Abstract Methode']]
[2024-11-07 13:37:29.245776] - [AbstractManipulator] - [close] [Warning] [['Abstract Methode']]
[2024-11-07 13:37:29.252212] - [AbstractManipulator] - [close] [Warning] [['Abstract Methode']]
[2024-11-07 13:38:25.036678] - [m] - [mainNoTryCahch] [log] [["res PyQt5.QtCore.QSize(1920, 1080) <class 'PyQt5.QtCore.QSize'>"]]
[2024-11-07 13:38:25.186243] - [MainWindow] - [_logImportant] [log] [['####################################################################################################']]
[2024-11-07 13:38:25.187244] - [MainWindow] - [_logImportant] [log] [['######################################### Program Starting ##########################################']]
[2024-11-07 13:38:25.189324] - [MainWindow] - [_logImportant] [log] [['####################################################################################################']]
[2024-11-07 13:38:26.592255] - [AbstractManipulator] - [getCurrentPosition] [Warning] [['Abstract Methode']]
[2024-11-07 13:38:26.594512] - [AbstractManipulator] - [getCurrentPosition] [Warning] [['Abstract Methode']]
[2024-11-07 13:38:26.596519] - [AbstractManipulator] - [getCurrentPosition] [Warning] [['Abstract Methode']]
[2024-11-07 13:38:26.788260] - [MainWindow] - [togle] [log] [[[60.0, 90.0, 60.0, 90.0, 'pole 0']]]
[2024-11-07 13:38:26.791175] - [MainWindow] - [createZoom] [log] [['readed zoom 3']]
[2024-11-07 13:38:31.119607] - [FunWorker] - [run] [log] [['[THREAD FUN]  START wrapper']]
[2024-11-07 13:38:31.119607] - [function] - [run] [log] [Optimization started]
[2024-11-07 13:38:31.121082] - [AbstractManipulator] - [waitForTarget] [Warning] [['Abstract Methode']]
[2024-11-07 13:38:31.122087] - [AbstractManipulator] - [waitForTarget] [Warning] [['Abstract Methode']]
[2024-11-07 13:38:31.123089] - [AbstractManipulator] - [waitForTarget] [Warning] [['Abstract Methode']]
[2024-11-07 13:38:31.363205] - [AutoFokus02] - [calcFokus] [log] [['Data 767037.7460937499']]
[2024-11-07 13:38:31.371254] - [AbstractManipulator] - [waitForTarget] [Warning] [['Abstract Methode']]
[2024-11-07 13:38:31.622890] - [AutoFokus02] - [calcFokus] [log] [['Data 767037.7460937499']]
[2024-11-07 13:38:31.626890] - [AbstractManipulator] - [waitForTarget] [Warning] [['Abstract Methode']]
[2024-11-07 13:38:31.866411] - [AutoFokus02] - [calcFokus] [log] [['Data 767037.7460937499']]
[2024-11-07 13:38:31.869411] - [AbstractManipulator] - [waitForTarget] [Warning] [['Abstract Methode']]
[2024-11-07 13:38:32.104363] - [AutoFokus02] - [calcFokus] [log] [['Data 767037.7460937499']]
[2024-11-07 13:38:32.109365] - [AbstractManipulator] - [waitForTarget] [Warning] [['Abstract Methode']]
[2024-11-07 13:38:32.351965] - [AutoFokus02] - [calcFokus] [log] [['Data 767037.7460937499']]
[2024-11-07 13:38:32.355969] - [AbstractManipulator] - [waitForTarget] [Warning] [['Abstract Methode']]
[2024-11-07 13:38:32.606061] - [AutoFokus02] - [calcFokus] [log] [['Data 767037.7460937499']]
[2024-11-07 13:38:32.611063] - [AbstractManipulator] - [waitForTarget] [Warning] [['Abstract Methode']]
[2024-11-07 13:38:32.858601] - [AutoFokus02] - [calcFokus] [log] [['Data 767037.7460937499']]
[2024-11-07 13:38:32.861597] - [AutoFokus02] - [guess] [log] [['calculated Fokus rez =  message: Optimization terminated successfully.\n success: True\n  status: 1\n     fun: -767037.7460937499\n       x: [ 2.000e+03]\n    nfev: 7\n   maxcv: -0.0']]
[2024-11-07 13:38:32.863598] - [AutoFokus02] - [guess] [log] [['calculated Fokus min = 2000.0 low = [2000.]']]
[2024-11-07 13:38:32.864599] - [AbstractManipulator] - [waitForTarget] [Warning] [['Abstract Methode']]
[2024-11-07 13:38:32.866599] - [AutoFokus02] - [calculateFocusGoodness] [log] [['line: [-2.49610712e-11  1.00000005e+00]']]
[2024-11-07 13:38:32.869293] - [AutoFokus02] - [calculateFocusGoodness] [log] [['line: [[ 2.15443935e-24 -4.66258465e-21]\n [-4.66258465e-21  1.02399210e-17]]']]
[2024-11-07 13:38:32.870293] - [AutoFokus02] - [calculateFocusGoodness] [log] [["line: {'fvec': array([ 3.16865867e-10, -2.17924134e-09,  4.85234075e-12,  2.77864176e-10,\n        3.11990656e-10,  3.16256354e-10,  3.16803472e-10]), 'nfev': 10, 'fjac': array([[-5.76806558e+03,  4.04061018e-01,  3.03045763e-01,\n         4.04061018e-01,  3.03045763e-01,  4.04061018e-01,\n         4.04061018e-01],\n       [-2.62639663e+00,  3.19438284e-01, -6.80244177e-01,\n         1.36506154e-01, -6.80244177e-01,  1.36506154e-01,\n         1.36506154e-01]]), 'ipvt': array([1, 2], dtype=int32), 'qtf': array([-8.34558640e-09,  1.44521689e-09])}"]]
[2024-11-07 13:38:32.872294] - [AutoFokus02] - [calculateFocusGoodness] [log] [['line: The relative error between two consecutive iterates is at most 0.000000']]
[2024-11-07 13:38:32.873294] - [AutoFokus02] - [calculateFocusGoodness] [log] [['line: 2']]
[2024-11-07 13:38:32.875294] - [AutoFokus02] - [calculateFocusGoodness] [log] [['Parabola: [ 2.46528789e-12 -1.01108008e-08  1.00001036e+00]']]
[2024-11-07 13:38:32.877295] - [AutoFokus02] - [calculateFocusGoodness] [log] [['Parabola: [[ 3.12531001e-26 -1.28883151e-22  1.32766820e-19]\n [-1.28883151e-22  5.31674672e-19 -5.47872933e-16]\n [ 1.32766820e-19 -5.47872933e-16  5.64739564e-13]]']]
[2024-11-07 13:38:32.879295] - [AutoFokus02] - [calculateFocusGoodness] [log] [["Parabola: {'fvec': array([ 4.95017360e-10,  1.82973192e-10, -2.24039687e-09,  1.10959242e-10,\n        4.46351844e-10,  4.88923790e-10,  4.94393193e-10]), 'nfev': 39, 'fjac': array([[-1.07657477e+07, -5.33440635e+03, -2.64412893e+00,\n         3.71677491e-01,  3.71116044e-01,  3.71677491e-01,\n         3.71677491e-01],\n       [-5.33441180e+03,  9.53977459e+01,  9.22631668e-02,\n        -1.47254491e-01, -1.63274358e-01, -1.31805630e-01,\n        -1.31805630e-01],\n       [-2.64413163e+00,  9.25485767e-02, -1.62878915e-03,\n        -6.63695903e-01, -6.59407276e-01,  2.15294950e-01,\n         2.15294950e-01]]), 'ipvt': array([1, 2, 3], dtype=int32), 'qtf': array([1.20513040e-11, 1.17051683e-10, 4.58005875e-10])}"]]
[2024-11-07 13:38:32.880295] - [AutoFokus02] - [calculateFocusGoodness] [log] [['Parabola: The relative error between two consecutive iterates is at most 0.000000']]
[2024-11-07 13:38:32.881295] - [AutoFokus02] - [calculateFocusGoodness] [log] [['Parabola: 2']]
[2024-11-07 13:38:32.882296] - [function] - [run] [log] [Optimization ended]
[2024-11-07 13:38:32.883296] - [FunWorker] - [run] [log] [['[THREAD FUN] END wrapper']]
[2024-11-07 13:53:33.609643] - [m] - [mainNoTryCahch] [log] [["res PyQt5.QtCore.QSize(1920, 1080) <class 'PyQt5.QtCore.QSize'>"]]
[2024-11-07 13:53:33.761368] - [MainWindow] - [_logImportant] [log] [['####################################################################################################']]
[2024-11-07 13:53:33.762539] - [MainWindow] - [_logImportant] [log] [['######################################### Program Starting ##########################################']]
[2024-11-07 13:53:33.763541] - [MainWindow] - [_logImportant] [log] [['####################################################################################################']]
[2024-11-07 13:53:35.077962] - [AbstractManipulator] - [getCurrentPosition] [Warning] [['Abstract Methode']]
[2024-11-07 13:53:35.080963] - [AbstractManipulator] - [getCurrentPosition] [Warning] [['Abstract Methode']]
[2024-11-07 13:53:35.081963] - [AbstractManipulator] - [getCurrentPosition] [Warning] [['Abstract Methode']]
[2024-11-07 13:53:35.261896] - [MainWindow] - [togle] [log] [[[60.0, 90.0, 60.0, 90.0, 'pole 0']]]
[2024-11-07 13:53:35.264897] - [MainWindow] - [createZoom] [log] [['readed zoom 3']]
[2024-11-07 13:53:40.295781] - [FunWorker] - [run] [log] [['[THREAD FUN]  START wrapper']]
[2024-11-07 13:53:40.295781] - [function] - [run] [log] [Optimization started]
[2024-11-07 13:53:40.297281] - [AbstractManipulator] - [waitForTarget] [Warning] [['Abstract Methode']]
[2024-11-07 13:53:40.298283] - [AbstractManipulator] - [waitForTarget] [Warning] [['Abstract Methode']]
[2024-11-07 13:53:40.299469] - [AbstractManipulator] - [waitForTarget] [Warning] [['Abstract Methode']]
[2024-11-07 13:53:40.624347] - [AutoFokus02] - [calcFokus] [log] [['Data 767037.7460937499']]
[2024-11-07 13:53:40.628844] - [AbstractManipulator] - [waitForTarget] [Warning] [['Abstract Methode']]
[2024-11-07 13:53:40.927172] - [AutoFokus02] - [calcFokus] [log] [['Data 767037.7460937499']]
[2024-11-07 13:53:40.931337] - [AbstractManipulator] - [waitForTarget] [Warning] [['Abstract Methode']]
[2024-11-07 13:53:41.164117] - [AutoFokus02] - [calcFokus] [log] [['Data 767037.7460937499']]
[2024-11-07 13:53:41.169118] - [AbstractManipulator] - [waitForTarget] [Warning] [['Abstract Methode']]
[2024-11-07 13:53:41.409685] - [AutoFokus02] - [calcFokus] [log] [['Data 767037.7460937499']]
[2024-11-07 13:53:41.412056] - [AbstractManipulator] - [waitForTarget] [Warning] [['Abstract Methode']]
[2024-11-07 13:53:41.672743] - [AutoFokus02] - [calcFokus] [log] [['Data 767037.7460937499']]
[2024-11-07 13:53:41.675762] - [AbstractManipulator] - [waitForTarget] [Warning] [['Abstract Methode']]
[2024-11-07 13:53:41.918861] - [AutoFokus02] - [calcFokus] [log] [['Data 767037.7460937499']]
[2024-11-07 13:53:41.920856] - [AbstractManipulator] - [waitForTarget] [Warning] [['Abstract Methode']]
[2024-11-07 13:53:42.153725] - [AutoFokus02] - [calcFokus] [log] [['Data 767037.7460937499']]
[2024-11-07 13:53:42.164263] - [AutoFokus02] - [guess] [log] [['calculated Fokus rez =  message: Optimization terminated successfully.\n success: True\n  status: 1\n     fun: -767037.7460937499\n       x: [ 2.000e+03]\n    nfev: 7\n   maxcv: -0.0']]
[2024-11-07 13:53:42.165714] - [AutoFokus02] - [guess] [log] [['calculated Fokus min = 2000.0 low = [2000.]']]
[2024-11-07 13:53:42.166717] - [AbstractManipulator] - [waitForTarget] [Warning] [['Abstract Methode']]
[2024-11-07 13:55:07.220660] - [m] - [mainNoTryCahch] [log] [["res PyQt5.QtCore.QSize(1920, 1080) <class 'PyQt5.QtCore.QSize'>"]]
[2024-11-07 13:55:07.445542] - [MainWindow] - [_logImportant] [log] [['####################################################################################################']]
[2024-11-07 13:55:07.448543] - [MainWindow] - [_logImportant] [log] [['######################################### Program Starting ##########################################']]
[2024-11-07 13:55:07.450543] - [MainWindow] - [_logImportant] [log] [['####################################################################################################']]
[2024-11-07 13:55:08.827305] - [AbstractManipulator] - [getCurrentPosition] [Warning] [['Abstract Methode']]
[2024-11-07 13:55:08.832056] - [AbstractManipulator] - [getCurrentPosition] [Warning] [['Abstract Methode']]
[2024-11-07 13:55:08.835453] - [AbstractManipulator] - [getCurrentPosition] [Warning] [['Abstract Methode']]
[2024-11-07 13:55:09.021413] - [MainWindow] - [togle] [log] [[[60.0, 90.0, 60.0, 90.0, 'pole 0']]]
[2024-11-07 13:55:09.024416] - [MainWindow] - [createZoom] [log] [['readed zoom 3']]
[2024-11-07 13:55:16.090451] - [FunWorker] - [run] [log] [['[THREAD FUN]  START wrapper']]
[2024-11-07 13:55:16.093355] - [function] - [run] [log] [Optimization started]
[2024-11-07 13:55:16.094362] - [AbstractManipulator] - [waitForTarget] [Warning] [['Abstract Methode']]
[2024-11-07 13:55:16.096369] - [AbstractManipulator] - [waitForTarget] [Warning] [['Abstract Methode']]
[2024-11-07 13:55:16.101267] - [AbstractManipulator] - [waitForTarget] [Warning] [['Abstract Methode']]
[2024-11-07 13:55:16.422932] - [AutoFokus02] - [calcFokus] [log] [['Data 767037.7460937499']]
[2024-11-07 13:55:16.426935] - [AbstractManipulator] - [waitForTarget] [Warning] [['Abstract Methode']]
[2024-11-07 13:55:16.732162] - [AutoFokus02] - [calcFokus] [log] [['Data 767037.7460937499']]
[2024-11-07 13:55:16.738182] - [AbstractManipulator] - [waitForTarget] [Warning] [['Abstract Methode']]
[2024-11-07 13:55:17.029163] - [AutoFokus02] - [calcFokus] [log] [['Data 767037.7460937499']]
[2024-11-07 13:55:17.034164] - [AbstractManipulator] - [waitForTarget] [Warning] [['Abstract Methode']]
[2024-11-07 13:55:17.276642] - [AutoFokus02] - [calcFokus] [log] [['Data 767037.7460937499']]
[2024-11-07 13:55:17.282168] - [AbstractManipulator] - [waitForTarget] [Warning] [['Abstract Methode']]
[2024-11-07 13:55:17.534023] - [AutoFokus02] - [calcFokus] [log] [['Data 767037.7460937499']]
[2024-11-07 13:55:17.539020] - [AbstractManipulator] - [waitForTarget] [Warning] [['Abstract Methode']]
[2024-11-07 13:55:17.783728] - [AutoFokus02] - [calcFokus] [log] [['Data 767037.7460937499']]
[2024-11-07 13:55:17.790722] - [AbstractManipulator] - [waitForTarget] [Warning] [['Abstract Methode']]
[2024-11-07 13:55:18.056103] - [AutoFokus02] - [calcFokus] [log] [['Data 767037.7460937499']]
[2024-11-07 13:55:18.062097] - [AutoFokus02] - [guess] [log] [['calculated Fokus rez =  message: Optimization terminated successfully.\n success: True\n  status: 1\n     fun: -767037.7460937499\n       x: [ 2.000e+03]\n    nfev: 7\n   maxcv: -0.0']]
[2024-11-07 13:55:18.065097] - [AutoFokus02] - [guess] [log] [['calculated Fokus min = 2000.0 low = [2000.]']]
[2024-11-07 13:55:18.067099] - [AbstractManipulator] - [waitForTarget] [Warning] [['Abstract Methode']]
[2024-11-07 13:56:35.187622] - [m] - [mainNoTryCahch] [log] [["res PyQt5.QtCore.QSize(1920, 1080) <class 'PyQt5.QtCore.QSize'>"]]
[2024-11-07 13:56:35.334257] - [MainWindow] - [_logImportant] [log] [['####################################################################################################']]
[2024-11-07 13:56:35.335396] - [MainWindow] - [_logImportant] [log] [['######################################### Program Starting ##########################################']]
[2024-11-07 13:56:35.336417] - [MainWindow] - [_logImportant] [log] [['####################################################################################################']]
[2024-11-07 13:56:36.599512] - [AbstractManipulator] - [getCurrentPosition] [Warning] [['Abstract Methode']]
[2024-11-07 13:56:36.602513] - [AbstractManipulator] - [getCurrentPosition] [Warning] [['Abstract Methode']]
[2024-11-07 13:56:36.604513] - [AbstractManipulator] - [getCurrentPosition] [Warning] [['Abstract Methode']]
[2024-11-07 13:56:36.854373] - [MainWindow] - [togle] [log] [[[60.0, 90.0, 60.0, 90.0, 'pole 0']]]
[2024-11-07 13:56:36.856373] - [MainWindow] - [createZoom] [log] [['readed zoom 3']]
[2024-11-07 13:56:39.319764] - [FunWorker] - [run] [log] [['[THREAD FUN]  START wrapper']]
[2024-11-07 13:56:39.320773] - [function] - [run] [log] [Optimization started]
[2024-11-07 13:56:39.320773] - [AbstractManipulator] - [waitForTarget] [Warning] [['Abstract Methode']]
[2024-11-07 13:56:39.321781] - [AbstractManipulator] - [waitForTarget] [Warning] [['Abstract Methode']]
[2024-11-07 13:56:39.323795] - [AbstractManipulator] - [waitForTarget] [Warning] [['Abstract Methode']]
[2024-11-07 13:56:39.575234] - [AutoFokus02] - [calcFokus] [log] [['Data 767037.7460937499']]
[2024-11-07 13:56:39.579304] - [AbstractManipulator] - [waitForTarget] [Warning] [['Abstract Methode']]
[2024-11-07 13:56:39.850719] - [AutoFokus02] - [calcFokus] [log] [['Data 767037.7460937499']]
[2024-11-07 13:56:39.854242] - [AbstractManipulator] - [waitForTarget] [Warning] [['Abstract Methode']]
[2024-11-07 13:56:40.103650] - [AutoFokus02] - [calcFokus] [log] [['Data 767037.7460937499']]
[2024-11-07 13:56:40.106161] - [AbstractManipulator] - [waitForTarget] [Warning] [['Abstract Methode']]
[2024-11-07 13:56:40.342047] - [AutoFokus02] - [calcFokus] [log] [['Data 767037.7460937499']]
[2024-11-07 13:56:40.344048] - [AbstractManipulator] - [waitForTarget] [Warning] [['Abstract Methode']]
[2024-11-07 13:56:40.588342] - [AutoFokus02] - [calcFokus] [log] [['Data 767037.7460937499']]
[2024-11-07 13:56:40.591414] - [AbstractManipulator] - [waitForTarget] [Warning] [['Abstract Methode']]
[2024-11-07 13:56:40.830591] - [AutoFokus02] - [calcFokus] [log] [['Data 767037.7460937499']]
[2024-11-07 13:56:40.834590] - [AbstractManipulator] - [waitForTarget] [Warning] [['Abstract Methode']]
[2024-11-07 13:56:41.075159] - [AutoFokus02] - [calcFokus] [log] [['Data 767037.7460937499']]
[2024-11-07 13:56:41.078150] - [AutoFokus02] - [guess] [log] [['calculated Fokus rez =  message: Optimization terminated successfully.\n success: True\n  status: 1\n     fun: -767037.7460937499\n       x: [ 2.000e+03]\n    nfev: 7\n   maxcv: -0.0']]
[2024-11-07 13:56:41.079150] - [AutoFokus02] - [guess] [log] [['calculated Fokus min = 2000.0 low = [2000.]']]
[2024-11-07 13:56:41.080151] - [AbstractManipulator] - [waitForTarget] [Warning] [['Abstract Methode']]
[2024-11-07 13:56:41.082150] - [AutoFokus02] - [calculateFocusGoodness] [log] [['Line -inf']]
[2024-11-07 13:56:41.083151] - [AutoFokus02] - [calculateFocusGoodness] [log] [['Parabola -inf']]
[2024-11-07 13:56:41.476079] - [function] - [run] [log] [Optimization ended]
[2024-11-07 13:56:41.477087] - [FunWorker] - [run] [log] [['[THREAD FUN] END wrapper']]
[2024-11-07 13:59:02.623657] - [m] - [mainNoTryCahch] [log] [["res PyQt5.QtCore.QSize(1920, 1080) <class 'PyQt5.QtCore.QSize'>"]]
[2024-11-07 13:59:02.771135] - [MainWindow] - [_logImportant] [log] [['####################################################################################################']]
[2024-11-07 13:59:02.771638] - [MainWindow] - [_logImportant] [log] [['######################################### Program Starting ##########################################']]
[2024-11-07 13:59:02.772929] - [MainWindow] - [_logImportant] [log] [['####################################################################################################']]
[2024-11-07 13:59:03.947635] - [AbstractManipulator] - [getCurrentPosition] [Warning] [['Abstract Methode']]
[2024-11-07 13:59:03.950826] - [AbstractManipulator] - [getCurrentPosition] [Warning] [['Abstract Methode']]
[2024-11-07 13:59:03.951826] - [AbstractManipulator] - [getCurrentPosition] [Warning] [['Abstract Methode']]
[2024-11-07 13:59:04.140263] - [MainWindow] - [togle] [log] [[[60.0, 90.0, 60.0, 90.0, 'pole 0']]]
[2024-11-07 13:59:04.142190] - [MainWindow] - [createZoom] [log] [['readed zoom 3']]
[2024-11-07 13:59:10.116524] - [FunWorker] - [run] [log] [['[THREAD FUN]  START wrapper']]
[2024-11-07 13:59:10.117527] - [function] - [run] [log] [Optimization started]
[2024-11-07 13:59:10.118029] - [AbstractManipulator] - [waitForTarget] [Warning] [['Abstract Methode']]
[2024-11-07 13:59:10.119533] - [AbstractManipulator] - [waitForTarget] [Warning] [['Abstract Methode']]
[2024-11-07 13:59:10.121038] - [AbstractManipulator] - [waitForTarget] [Warning] [['Abstract Methode']]
[2024-11-07 13:59:10.384737] - [AutoFokus02] - [calcFokus] [log] [['Data 767037.7460937499']]
[2024-11-07 13:59:10.387768] - [AbstractManipulator] - [waitForTarget] [Warning] [['Abstract Methode']]
[2024-11-07 13:59:10.658393] - [AutoFokus02] - [calcFokus] [log] [['Data 767037.7460937499']]
[2024-11-07 13:59:10.661394] - [AbstractManipulator] - [waitForTarget] [Warning] [['Abstract Methode']]
[2024-11-07 13:59:10.933142] - [AutoFokus02] - [calcFokus] [log] [['Data 767037.7460937499']]
[2024-11-07 13:59:10.935897] - [AbstractManipulator] - [waitForTarget] [Warning] [['Abstract Methode']]
[2024-11-07 13:59:11.202518] - [AutoFokus02] - [calcFokus] [log] [['Data 767037.7460937499']]
[2024-11-07 13:59:11.205049] - [AbstractManipulator] - [waitForTarget] [Warning] [['Abstract Methode']]
[2024-11-07 13:59:11.455782] - [AutoFokus02] - [calcFokus] [log] [['Data 767037.7460937499']]
[2024-11-07 13:59:11.459783] - [AbstractManipulator] - [waitForTarget] [Warning] [['Abstract Methode']]
[2024-11-07 13:59:11.725195] - [AutoFokus02] - [calcFokus] [log] [['Data 767037.7460937499']]
[2024-11-07 13:59:11.728197] - [AbstractManipulator] - [waitForTarget] [Warning] [['Abstract Methode']]
[2024-11-07 13:59:11.987888] - [AutoFokus02] - [calcFokus] [log] [['Data 767037.7460937499']]
[2024-11-07 13:59:11.992490] - [AutoFokus02] - [guess] [log] [['calculated Fokus rez =  message: Optimization terminated successfully.\n success: True\n  status: 1\n     fun: -767037.7460937499\n       x: [ 2.000e+03]\n    nfev: 7\n   maxcv: -0.0']]
[2024-11-07 13:59:11.992993] - [AutoFokus02] - [guess] [log] [['calculated Fokus min = 2000.0 low = [2000.]']]
[2024-11-07 13:59:11.994569] - [AbstractManipulator] - [waitForTarget] [Warning] [['Abstract Methode']]
[2024-11-07 13:59:11.997107] - [AutoFokus02] - [calculateFocusGoodness] [log] [[5.224449544886042e-18, 5.992912526850661e-18]]
[2024-11-07 13:59:11.997610] - [AutoFokus02] - [calculateFocusGoodness] [log] [['Line -inf']]
[2024-11-07 13:59:11.998611] - [AutoFokus02] - [calculateFocusGoodness] [log] [['Parabola -inf']]
[2024-11-07 13:59:12.000612] - [function] - [run] [log] [Optimization ended]
[2024-11-07 13:59:12.001612] - [FunWorker] - [run] [log] [['[THREAD FUN] END wrapper']]
[2024-11-07 14:00:25.805391] - [m] - [mainNoTryCahch] [log] [["res PyQt5.QtCore.QSize(1920, 1080) <class 'PyQt5.QtCore.QSize'>"]]
[2024-11-07 14:00:25.954404] - [MainWindow] - [_logImportant] [log] [['####################################################################################################']]
[2024-11-07 14:00:25.955720] - [MainWindow] - [_logImportant] [log] [['######################################### Program Starting ##########################################']]
[2024-11-07 14:00:25.956824] - [MainWindow] - [_logImportant] [log] [['####################################################################################################']]
[2024-11-07 14:00:27.168604] - [AbstractManipulator] - [getCurrentPosition] [Warning] [['Abstract Methode']]
[2024-11-07 14:00:27.170923] - [AbstractManipulator] - [getCurrentPosition] [Warning] [['Abstract Methode']]
[2024-11-07 14:00:27.172610] - [AbstractManipulator] - [getCurrentPosition] [Warning] [['Abstract Methode']]
[2024-11-07 14:00:27.383563] - [MainWindow] - [togle] [log] [[[60.0, 90.0, 60.0, 90.0, 'pole 0']]]
[2024-11-07 14:00:27.388045] - [MainWindow] - [createZoom] [log] [['readed zoom 3']]
[2024-11-07 14:00:31.793459] - [FunWorker] - [run] [log] [['[THREAD FUN]  START wrapper']]
[2024-11-07 14:00:31.794508] - [function] - [run] [log] [Optimization started]
[2024-11-07 14:00:31.799917] - [AbstractManipulator] - [waitForTarget] [Warning] [['Abstract Methode']]
[2024-11-07 14:00:31.885422] - [AbstractManipulator] - [waitForTarget] [Warning] [['Abstract Methode']]
[2024-11-07 14:00:31.887423] - [AbstractManipulator] - [waitForTarget] [Warning] [['Abstract Methode']]
[2024-11-07 14:00:32.220361] - [AutoFokus02] - [calcFokus] [log] [['Data 767037.7460937499']]
[2024-11-07 14:00:32.224960] - [AbstractManipulator] - [waitForTarget] [Warning] [['Abstract Methode']]
[2024-11-07 14:00:32.556509] - [AutoFokus02] - [calcFokus] [log] [['Data 767037.7460937499']]
[2024-11-07 14:00:32.561510] - [AbstractManipulator] - [waitForTarget] [Warning] [['Abstract Methode']]
[2024-11-07 14:00:32.862950] - [AutoFokus02] - [calcFokus] [log] [['Data 767037.7460937499']]
[2024-11-07 14:00:32.867951] - [AbstractManipulator] - [waitForTarget] [Warning] [['Abstract Methode']]
[2024-11-07 14:00:33.180120] - [AutoFokus02] - [calcFokus] [log] [['Data 767037.7460937499']]
[2024-11-07 14:00:33.185629] - [AbstractManipulator] - [waitForTarget] [Warning] [['Abstract Methode']]
[2024-11-07 14:00:33.508604] - [AutoFokus02] - [calcFokus] [log] [['Data 767037.7460937499']]
[2024-11-07 14:00:33.513606] - [AbstractManipulator] - [waitForTarget] [Warning] [['Abstract Methode']]
[2024-11-07 14:00:33.884681] - [AutoFokus02] - [calcFokus] [log] [['Data 767037.7460937499']]
[2024-11-07 14:00:33.887782] - [AbstractManipulator] - [waitForTarget] [Warning] [['Abstract Methode']]
[2024-11-07 14:00:34.236464] - [AutoFokus02] - [calcFokus] [log] [['Data 767037.7460937499']]
[2024-11-07 14:00:34.239732] - [AutoFokus02] - [guess] [log] [['calculated Fokus rez =  message: Optimization terminated successfully.\n success: True\n  status: 1\n     fun: -767037.7460937499\n       x: [ 2.000e+03]\n    nfev: 7\n   maxcv: -0.0']]
[2024-11-07 14:00:34.241745] - [AutoFokus02] - [guess] [log] [['calculated Fokus min = 2000.0 low = [2000.]']]
[2024-11-07 14:00:34.241745] - [AbstractManipulator] - [waitForTarget] [Warning] [['Abstract Methode']]
[2024-11-07 14:00:34.245364] - [AutoFokus02] - [calculateFocusGoodness] [log] [[5.224449544886042e-18, 5.992912526850661e-18]]
[2024-11-07 14:00:34.246373] - [AutoFokus02] - [calculateFocusGoodness] [log] [['Line -inf']]
[2024-11-07 14:00:34.248388] - [AutoFokus02] - [calculateFocusGoodness] [log] [['Parabola -inf']]
[2024-11-07 14:00:34.471837] - [function] - [run] [log] [Optimization ended]
[2024-11-07 14:00:34.473152] - [FunWorker] - [run] [log] [['[THREAD FUN] END wrapper']]
[2024-11-07 14:00:56.077882] - [AbstractManipulator] - [close] [Warning] [['Abstract Methode']]
[2024-11-07 14:00:56.080076] - [AbstractManipulator] - [close] [Warning] [['Abstract Methode']]
[2024-11-07 14:00:56.081574] - [AbstractManipulator] - [close] [Warning] [['Abstract Methode']]
[2024-11-07 14:13:17.270288] - [m] - [mainNoTryCahch] [log] [["res PyQt5.QtCore.QSize(1920, 1080) <class 'PyQt5.QtCore.QSize'>"]]
[2024-11-07 14:13:17.482194] - [MainWindow] - [_logImportant] [log] [['####################################################################################################']]
[2024-11-07 14:13:17.484194] - [MainWindow] - [_logImportant] [log] [['######################################### Program Starting ##########################################']]
[2024-11-07 14:13:17.487195] - [MainWindow] - [_logImportant] [log] [['####################################################################################################']]
[2024-11-07 14:13:18.839576] - [AbstractManipulator] - [getCurrentPosition] [Warning] [['Abstract Methode']]
[2024-11-07 14:13:18.844077] - [AbstractManipulator] - [getCurrentPosition] [Warning] [['Abstract Methode']]
[2024-11-07 14:13:18.847777] - [AbstractManipulator] - [getCurrentPosition] [Warning] [['Abstract Methode']]
[2024-11-07 14:13:19.029905] - [MainWindow] - [togle] [log] [[[60.0, 90.0, 60.0, 90.0, 'pole 0']]]
[2024-11-07 14:13:19.033417] - [MainWindow] - [createZoom] [log] [['readed zoom 3']]
[2024-11-07 14:13:21.983373] - [FunWorker] - [run] [log] [['[THREAD FUN]  START wrapper']]
[2024-11-07 14:13:21.985814] - [function] - [run] [log] [Optimization started]
[2024-11-07 14:13:21.986817] - [AbstractManipulator] - [waitForTarget] [Warning] [['Abstract Methode']]
[2024-11-07 14:13:22.085355] - [AbstractManipulator] - [waitForTarget] [Warning] [['Abstract Methode']]
[2024-11-07 14:13:22.089356] - [AbstractManipulator] - [waitForTarget] [Warning] [['Abstract Methode']]
[2024-11-07 14:13:22.337099] - [AutoFokus02] - [calcFokus] [log] [['Data 767037.7460937499']]
[2024-11-07 14:13:22.342104] - [AbstractManipulator] - [waitForTarget] [Warning] [['Abstract Methode']]
[2024-11-07 14:13:22.575047] - [AutoFokus02] - [calcFokus] [log] [['Data 767037.7460937499']]
[2024-11-07 14:13:22.581053] - [AbstractManipulator] - [waitForTarget] [Warning] [['Abstract Methode']]
[2024-11-07 14:13:22.814676] - [AutoFokus02] - [calcFokus] [log] [['Data 767037.7460937499']]
[2024-11-07 14:13:22.820676] - [AbstractManipulator] - [waitForTarget] [Warning] [['Abstract Methode']]
[2024-11-07 14:13:23.064964] - [AutoFokus02] - [calcFokus] [log] [['Data 767037.7460937499']]
[2024-11-07 14:13:23.069962] - [AbstractManipulator] - [waitForTarget] [Warning] [['Abstract Methode']]
[2024-11-07 14:13:23.314554] - [AutoFokus02] - [calcFokus] [log] [['Data 767037.7460937499']]
[2024-11-07 14:13:23.319569] - [AbstractManipulator] - [waitForTarget] [Warning] [['Abstract Methode']]
[2024-11-07 14:13:23.559314] - [AutoFokus02] - [calcFokus] [log] [['Data 767037.7460937499']]
[2024-11-07 14:13:23.565062] - [AbstractManipulator] - [waitForTarget] [Warning] [['Abstract Methode']]
[2024-11-07 14:13:23.802569] - [AutoFokus02] - [calcFokus] [log] [['Data 767037.7460937499']]
[2024-11-07 14:13:23.810658] - [AutoFokus02] - [guess] [log] [['calculated Fokus rez =  message: Optimization terminated successfully.\n success: True\n  status: 1\n     fun: -767037.7460937499\n       x: [ 2.000e+03]\n    nfev: 7\n   maxcv: -0.0']]
[2024-11-07 14:13:23.813665] - [AutoFokus02] - [guess] [log] [['calculated Fokus min = 2000.0 low = [2000.]']]
[2024-11-07 14:13:23.815665] - [AbstractManipulator] - [waitForTarget] [Warning] [['Abstract Methode']]
[2024-11-07 14:13:23.820669] - [AutoFokus02] - [calculateFocusGoodness] [log] [['Line -inf']]
[2024-11-07 14:13:23.822670] - [AutoFokus02] - [calculateFocusGoodness] [log] [['Parabola -inf']]
[2024-11-07 14:13:24.179605] - [function] - [run] [log] [Optimization ended]
[2024-11-07 14:13:24.181953] - [FunWorker] - [run] [log] [['[THREAD FUN] END wrapper']]
[2024-11-07 14:32:33.755792] - [m] - [mainNoTryCahch] [log] [["res PyQt5.QtCore.QSize(1920, 1080) <class 'PyQt5.QtCore.QSize'>"]]
[2024-11-07 14:32:33.915001] - [MainWindow] - [_logImportant] [log] [['####################################################################################################']]
[2024-11-07 14:32:33.915504] - [MainWindow] - [_logImportant] [log] [['######################################### Program Starting ##########################################']]
[2024-11-07 14:32:33.917285] - [MainWindow] - [_logImportant] [log] [['####################################################################################################']]
[2024-11-07 14:32:35.380338] - [AbstractManipulator] - [getCurrentPosition] [Warning] [['Abstract Methode']]
[2024-11-07 14:32:35.382980] - [AbstractManipulator] - [getCurrentPosition] [Warning] [['Abstract Methode']]
[2024-11-07 14:32:35.385289] - [AbstractManipulator] - [getCurrentPosition] [Warning] [['Abstract Methode']]
[2024-11-07 14:32:35.616359] - [MainWindow] - [togle] [log] [[[60.0, 90.0, 60.0, 90.0, 'pole 0']]]
[2024-11-07 14:32:35.619986] - [MainWindow] - [createZoom] [log] [['readed zoom 3']]
[2024-11-07 14:32:38.912457] - [FunWorker] - [run] [log] [['[THREAD FUN]  START wrapper']]
[2024-11-07 14:32:38.913459] - [function] - [run] [log] [Optimization started]
[2024-11-07 14:32:38.914958] - [AbstractManipulator] - [waitForTarget] [Warning] [['Abstract Methode']]
[2024-11-07 14:32:39.005061] - [AbstractManipulator] - [waitForTarget] [Warning] [['Abstract Methode']]
[2024-11-07 14:32:39.007062] - [AbstractManipulator] - [waitForTarget] [Warning] [['Abstract Methode']]
[2024-11-07 14:32:39.277304] - [AutoFokus02] - [calcFokus] [log] [['Data 767037.7460937499']]
[2024-11-07 14:32:39.280300] - [AbstractManipulator] - [waitForTarget] [Warning] [['Abstract Methode']]
[2024-11-07 14:32:39.523362] - [AutoFokus02] - [calcFokus] [log] [['Data 767037.7460937499']]
[2024-11-07 14:32:39.526430] - [AbstractManipulator] - [waitForTarget] [Warning] [['Abstract Methode']]
[2024-11-07 14:32:39.759965] - [AutoFokus02] - [calcFokus] [log] [['Data 767037.7460937499']]
[2024-11-07 14:32:39.764965] - [AbstractManipulator] - [waitForTarget] [Warning] [['Abstract Methode']]
[2024-11-07 14:32:40.022420] - [AutoFokus02] - [calcFokus] [log] [['Data 767037.7460937499']]
[2024-11-07 14:32:40.026419] - [AbstractManipulator] - [waitForTarget] [Warning] [['Abstract Methode']]
[2024-11-07 14:32:40.264038] - [AutoFokus02] - [calcFokus] [log] [['Data 767037.7460937499']]
[2024-11-07 14:32:40.267037] - [AbstractManipulator] - [waitForTarget] [Warning] [['Abstract Methode']]
[2024-11-07 14:32:40.509953] - [AutoFokus02] - [calcFokus] [log] [['Data 767037.7460937499']]
[2024-11-07 14:32:40.513464] - [AbstractManipulator] - [waitForTarget] [Warning] [['Abstract Methode']]
[2024-11-07 14:32:40.764809] - [AutoFokus02] - [calcFokus] [log] [['Data 767037.7460937499']]
[2024-11-07 14:32:40.775461] - [AutoFokus02] - [guess] [log] [['calculated Fokus rez =  message: Optimization terminated successfully.\n success: True\n  status: 1\n     fun: -767037.7460937499\n       x: [ 2.000e+03]\n    nfev: 7\n   maxcv: -0.0']]
[2024-11-07 14:32:40.776462] - [AutoFokus02] - [guess] [log] [['calculated Fokus min = 2000.0 low = [2000.]']]
[2024-11-07 14:32:40.777461] - [AbstractManipulator] - [waitForTarget] [Warning] [['Abstract Methode']]
[2024-11-07 14:32:40.786178] - [AutoFokus02] - [calculateFocusGoodness] [log] [['Line -inf']]
[2024-11-07 14:32:40.787180] - [AutoFokus02] - [calculateFocusGoodness] [log] [['Parabola -inf']]
[2024-11-07 14:32:41.131793] - [function] - [run] [log] [Optimization ended]
[2024-11-07 14:32:41.132796] - [FunWorker] - [run] [log] [['[THREAD FUN] END wrapper']]
[2024-11-07 14:44:04.588877] - [m] - [mainNoTryCahch] [log] [["res PyQt5.QtCore.QSize(1920, 1080) <class 'PyQt5.QtCore.QSize'>"]]
[2024-11-07 14:44:04.746263] - [MainWindow] - [_logImportant] [log] [['####################################################################################################']]
[2024-11-07 14:44:04.747263] - [MainWindow] - [_logImportant] [log] [['######################################### Program Starting ##########################################']]
[2024-11-07 14:44:04.748263] - [MainWindow] - [_logImportant] [log] [['####################################################################################################']]
[2024-11-07 14:44:05.964509] - [AbstractManipulator] - [getCurrentPosition] [Warning] [['Abstract Methode']]
[2024-11-07 14:44:05.967509] - [AbstractManipulator] - [getCurrentPosition] [Warning] [['Abstract Methode']]
[2024-11-07 14:44:05.968509] - [AbstractManipulator] - [getCurrentPosition] [Warning] [['Abstract Methode']]
[2024-11-07 14:44:06.281331] - [MainWindow] - [togle] [log] [[[60.0, 90.0, 60.0, 90.0, 'pole 0']]]
[2024-11-07 14:44:06.307502] - [MainWindow] - [createZoom] [log] [['readed zoom 3']]
[2024-11-07 14:44:08.366949] - [ROI] - [__init__] [log] [['x1 = 798, x2 = 1226, y1 = 346, y2 = 590, manipulatotrX = 0, manipulatorY = 0, absolutePixelValue = [0, 0]']]
[2024-11-07 14:44:08.369547] - [ROI] - [calculateOffset] [log] [['wynik x=0, offset y=0']]
[2024-11-07 14:44:08.515131] - [ROI] - [resolveZeroPoint] [Warning] [['Zero Point was not set']]
[2024-11-07 14:44:08.516480] - [ROI] - [resolveZeroPoint] [Warning] [['Zero Point was not set']]
[2024-11-07 14:44:11.107226] - [AbstractManipulator] - [close] [Warning] [['Abstract Methode']]
[2024-11-07 14:44:11.109402] - [AbstractManipulator] - [close] [Warning] [['Abstract Methode']]
[2024-11-07 14:44:11.111604] - [AbstractManipulator] - [close] [Warning] [['Abstract Methode']]
