[2024-11-08 09:48:26.458505] - [m] - [mainNoTryCahch] [log] [["res PyQt5.QtCore.QSize(1920, 1080) <class 'PyQt5.QtCore.QSize'>"]]
[2024-11-08 09:48:26.602381] - [MainWindow] - [_logImportant] [log] [['####################################################################################################']]
[2024-11-08 09:48:26.604406] - [MainWindow] - [_logImportant] [log] [['######################################### Program Starting ##########################################']]
[2024-11-08 09:48:26.605442] - [MainWindow] - [_logImportant] [log] [['####################################################################################################']]
[2024-11-08 09:48:27.861336] - [AbstractManipulator] - [getCurrentPosition] [Warning] [['Abstract Methode']]
[2024-11-08 09:48:27.865314] - [AbstractManipulator] - [getCurrentPosition] [Warning] [['Abstract Methode']]
[2024-11-08 09:48:27.866550] - [AbstractManipulator] - [getCurrentPosition] [Warning] [['Abstract Methode']]
[2024-11-08 09:48:28.133419] - [MainWindow] - [togle] [log] [[[60.0, 90.0, 60.0, 90.0, 'pole 0']]]
[2024-11-08 09:48:28.172974] - [MainWindow] - [createZoom] [log] [['readed zoom 3']]
[2024-11-08 09:48:31.592231] - [ROI] - [__init__] [log] [['x1 = 560, x2 = 829, y1 = 234, y2 = 399, manipulatotrX = 0, manipulatorY = 0, absolutePixelValue = [0, 0]']]
[2024-11-08 09:48:31.595232] - [ROI] - [calculateOffset] [log] [['wynik x=0, offset y=0']]
[2024-11-08 09:48:31.768722] - [ROI] - [resolveZeroPoint] [Warning] [['Zero Point was not set']]
[2024-11-08 09:48:31.770724] - [ROI] - [resolveZeroPoint] [Warning] [['Zero Point was not set']]
[2024-11-08 09:49:25.107862] - [AbstractManipulator] - [close] [Warning] [['Abstract Methode']]
[2024-11-08 09:49:25.109346] - [AbstractManipulator] - [close] [Warning] [['Abstract Methode']]
[2024-11-08 09:49:25.110627] - [AbstractManipulator] - [close] [Warning] [['Abstract Methode']]
[2024-11-08 10:00:52.055947] - [m] - [mainNoTryCahch] [log] [["res PyQt5.QtCore.QSize(1920, 1080) <class 'PyQt5.QtCore.QSize'>"]]
[2024-11-08 10:00:52.226094] - [MainWindow] - [_logImportant] [log] [['####################################################################################################']]
[2024-11-08 10:00:52.228096] - [MainWindow] - [_logImportant] [log] [['######################################### Program Starting ##########################################']]
[2024-11-08 10:00:52.229096] - [MainWindow] - [_logImportant] [log] [['####################################################################################################']]
[2024-11-08 10:00:53.596610] - [AbstractManipulator] - [getCurrentPosition] [Warning] [['Abstract Methode']]
[2024-11-08 10:00:53.600102] - [AbstractManipulator] - [getCurrentPosition] [Warning] [['Abstract Methode']]
[2024-11-08 10:00:53.601109] - [AbstractManipulator] - [getCurrentPosition] [Warning] [['Abstract Methode']]
[2024-11-08 10:00:53.848885] - [MainWindow] - [togle] [log] [[[60.0, 90.0, 60.0, 90.0, 'pole 0']]]
[2024-11-08 10:00:53.880064] - [MainWindow] - [createZoom] [log] [['readed zoom 3']]
[2024-11-08 10:01:18.626333] - [ROI] - [__init__] [log] [['x1 = 433, x2 = 709, y1 = 339, y2 = 489, manipulatotrX = 0, manipulatorY = 0, absolutePixelValue = [0, 0]']]
[2024-11-08 10:01:18.629223] - [ROI] - [calculateOffset] [log] [['wynik x=0, offset y=0']]
[2024-11-08 10:01:18.776116] - [ROI] - [resolveZeroPoint] [Warning] [['Zero Point was not set']]
[2024-11-08 10:01:18.778488] - [ROI] - [resolveZeroPoint] [Warning] [['Zero Point was not set']]
[2024-11-08 10:02:11.803702] - [ROI] - [centerOnMe] [log] [[-0.4630952380952381, -0.15]]
[2024-11-08 10:02:11.950763] - [ROI] - [calculateOffset] [log] [['wynik x=-389, offset y=-126']]
[2024-11-08 10:02:15.851629] - [AbstractManipulator] - [close] [Warning] [['Abstract Methode']]
[2024-11-08 10:02:15.853082] - [AbstractManipulator] - [close] [Warning] [['Abstract Methode']]
[2024-11-08 10:02:15.855523] - [AbstractManipulator] - [close] [Warning] [['Abstract Methode']]
[2024-11-08 10:37:32.058957] - [m] - [mainNoTryCahch] [log] [["res PyQt5.QtCore.QSize(1920, 1080) <class 'PyQt5.QtCore.QSize'>"]]
[2024-11-08 10:37:32.216824] - [MainWindow] - [_logImportant] [log] [['####################################################################################################']]
[2024-11-08 10:37:32.218829] - [MainWindow] - [_logImportant] [log] [['######################################### Program Starting ##########################################']]
[2024-11-08 10:37:32.219835] - [MainWindow] - [_logImportant] [log] [['####################################################################################################']]
[2024-11-08 10:37:33.887254] - [AbstractManipulator] - [getCurrentPosition] [Warning] [['Abstract Methode']]
[2024-11-08 10:37:33.890714] - [AbstractManipulator] - [getCurrentPosition] [Warning] [['Abstract Methode']]
[2024-11-08 10:37:33.892891] - [AbstractManipulator] - [getCurrentPosition] [Warning] [['Abstract Methode']]
[2024-11-08 10:37:34.252350] - [MainWindow] - [togle] [log] [[[60.0, 90.0, 60.0, 90.0, 'pole 0']]]
[2024-11-08 10:37:34.284937] - [MainWindow] - [createZoom] [log] [['readed zoom 3']]
[2024-11-08 10:37:35.953703] - [Point] - [__init__] [log] [['x1 = 512,  y1 = 297']]
[2024-11-08 10:37:35.960890] - [Point] - [calculateOffset] [log] [['wynik x=0, offset y=0']]
[2024-11-08 10:37:36.166567] - [Point] - [resolveZeroPoint] [Warning] [['Zero Point was not set']]
[2024-11-08 10:37:36.168568] - [Point] - [resolveZeroPoint] [Warning] [['Zero Point was not set']]
[2024-11-08 10:37:37.667936] - [Point] - [__init__] [log] [['x1 = 753,  y1 = 242']]
[2024-11-08 10:37:37.669936] - [Point] - [calculateOffset] [log] [['wynik x=0, offset y=0']]
[2024-11-08 10:37:37.875954] - [Point] - [resolveZeroPoint] [Warning] [['Zero Point was not set']]
[2024-11-08 10:37:37.878459] - [Point] - [resolveZeroPoint] [Warning] [['Zero Point was not set']]
[2024-11-08 10:37:39.558876] - [ROI] - [__init__] [log] [['x1 = 656, x2 = 832, y1 = 438, y2 = 547, manipulatotrX = 0, manipulatorY = 0, absolutePixelValue = [0, 0]']]
[2024-11-08 10:37:39.561876] - [ROI] - [calculateOffset] [log] [['wynik x=0, offset y=0']]
[2024-11-08 10:37:39.771021] - [ROI] - [resolveZeroPoint] [Warning] [['Zero Point was not set']]
[2024-11-08 10:37:39.773022] - [ROI] - [resolveZeroPoint] [Warning] [['Zero Point was not set']]
[2024-11-08 10:37:44.962930] - [Point] - [__init__] [log] [['x1 = 1084,  y1 = 465']]
[2024-11-08 10:37:44.964950] - [Point] - [calculateOffset] [log] [['wynik x=0, offset y=0']]
[2024-11-08 10:37:45.164630] - [Point] - [resolveZeroPoint] [Warning] [['Zero Point was not set']]
[2024-11-08 10:37:45.166640] - [Point] - [resolveZeroPoint] [Warning] [['Zero Point was not set']]
[2024-11-08 10:37:47.469003] - [ROI] - [__init__] [log] [['x1 = 850, x2 = 966, y1 = 411, y2 = 604, manipulatotrX = 0, manipulatorY = 0, absolutePixelValue = [0, 0]']]
[2024-11-08 10:37:47.471003] - [ROI] - [calculateOffset] [log] [['wynik x=0, offset y=0']]
[2024-11-08 10:37:47.679167] - [ROI] - [resolveZeroPoint] [Warning] [['Zero Point was not set']]
[2024-11-08 10:37:47.681167] - [ROI] - [resolveZeroPoint] [Warning] [['Zero Point was not set']]
[2024-11-08 10:37:48.943235] - [Point] - [__init__] [log] [['x1 = 794,  y1 = 718']]
[2024-11-08 10:37:48.945251] - [Point] - [calculateOffset] [log] [['wynik x=0, offset y=0']]
[2024-11-08 10:37:49.151452] - [Point] - [resolveZeroPoint] [Warning] [['Zero Point was not set']]
[2024-11-08 10:37:49.152682] - [Point] - [resolveZeroPoint] [Warning] [['Zero Point was not set']]
[2024-11-08 10:37:50.544432] - [Point] - [__init__] [log] [['x1 = 992,  y1 = 789']]
[2024-11-08 10:37:50.546432] - [Point] - [calculateOffset] [log] [['wynik x=0, offset y=0']]
[2024-11-08 10:37:50.757439] - [Point] - [resolveZeroPoint] [Warning] [['Zero Point was not set']]
[2024-11-08 10:37:50.759403] - [Point] - [resolveZeroPoint] [Warning] [['Zero Point was not set']]
[2024-11-08 10:37:56.949896] - [AbstractManipulator] - [close] [Warning] [['Abstract Methode']]
[2024-11-08 10:37:56.950900] - [AbstractManipulator] - [close] [Warning] [['Abstract Methode']]
[2024-11-08 10:37:56.952907] - [AbstractManipulator] - [close] [Warning] [['Abstract Methode']]
[2024-11-08 10:44:07.247334] - [m] - [mainNoTryCahch] [log] [["res PyQt5.QtCore.QSize(1920, 1080) <class 'PyQt5.QtCore.QSize'>"]]
[2024-11-08 10:44:07.487556] - [MainWindow] - [_logImportant] [log] [['####################################################################################################']]
[2024-11-08 10:44:07.490785] - [MainWindow] - [_logImportant] [log] [['######################################### Program Starting ##########################################']]
[2024-11-08 10:44:07.493541] - [MainWindow] - [_logImportant] [log] [['####################################################################################################']]
[2024-11-08 10:44:08.916658] - [AbstractManipulator] - [getCurrentPosition] [Warning] [['Abstract Methode']]
[2024-11-08 10:44:08.921167] - [AbstractManipulator] - [getCurrentPosition] [Warning] [['Abstract Methode']]
[2024-11-08 10:44:08.924543] - [AbstractManipulator] - [getCurrentPosition] [Warning] [['Abstract Methode']]
[2024-11-08 10:44:09.185747] - [MainWindow] - [togle] [log] [[[60.0, 90.0, 60.0, 90.0, 'pole 0']]]
[2024-11-08 10:44:09.190155] - [MainWindow] - [createZoom] [log] [['readed zoom 3']]
[2024-11-08 10:44:11.059829] - [Point] - [__init__] [log] [['x1 = 650,  y1 = 353']]
[2024-11-08 10:44:11.065830] - [Point] - [calculateOffset] [log] [['wynik x=0, offset y=0']]
[2024-11-08 10:44:11.278579] - [Point] - [resolveZeroPoint] [Warning] [['Zero Point was not set']]
[2024-11-08 10:44:11.281486] - [Point] - [resolveZeroPoint] [Warning] [['Zero Point was not set']]
[2024-11-08 10:44:11.287020] - [Point] - [__init__] [log] [['x1 = 726,  y1 = 407']]
[2024-11-08 10:44:11.292923] - [Point] - [calculateOffset] [log] [['wynik x=0, offset y=0']]
[2024-11-08 10:44:11.501072] - [Point] - [resolveZeroPoint] [Warning] [['Zero Point was not set']]
[2024-11-08 10:44:11.505267] - [Point] - [resolveZeroPoint] [Warning] [['Zero Point was not set']]
[2024-11-08 10:44:11.731390] - [ROI] - [__init__] [log] [['x1 = 764, x2 = 775, y1 = 440, y2 = 447, manipulatotrX = 0, manipulatorY = 0, absolutePixelValue = [0, 0]']]
[2024-11-08 10:44:11.735418] - [ROI] - [calculateOffset] [log] [['wynik x=0, offset y=0']]
[2024-11-08 10:44:11.951382] - [ROI] - [resolveZeroPoint] [Warning] [['Zero Point was not set']]
[2024-11-08 10:44:11.955418] - [ROI] - [resolveZeroPoint] [Warning] [['Zero Point was not set']]
[2024-11-08 10:44:12.173184] - [Point] - [__init__] [log] [['x1 = 838,  y1 = 461']]
[2024-11-08 10:44:12.177187] - [Point] - [calculateOffset] [log] [['wynik x=0, offset y=0']]
[2024-11-08 10:44:12.382113] - [Point] - [resolveZeroPoint] [Warning] [['Zero Point was not set']]
[2024-11-08 10:44:12.386168] - [Point] - [resolveZeroPoint] [Warning] [['Zero Point was not set']]
[2024-11-08 10:44:12.390190] - [ROI] - [__init__] [log] [['x1 = 914, x2 = 930, y1 = 426, y2 = 412, manipulatotrX = 0, manipulatorY = 0, absolutePixelValue = [0, 0]']]
[2024-11-08 10:44:12.394203] - [ROI] - [calculateOffset] [log] [['wynik x=0, offset y=0']]
[2024-11-08 10:44:12.601591] - [ROI] - [resolveZeroPoint] [Warning] [['Zero Point was not set']]
[2024-11-08 10:44:12.605913] - [ROI] - [resolveZeroPoint] [Warning] [['Zero Point was not set']]
[2024-11-08 10:44:12.822548] - [Point] - [__init__] [log] [['x1 = 976,  y1 = 363']]
[2024-11-08 10:44:12.826988] - [Point] - [calculateOffset] [log] [['wynik x=0, offset y=0']]
[2024-11-08 10:44:13.035496] - [Point] - [resolveZeroPoint] [Warning] [['Zero Point was not set']]
[2024-11-08 10:44:13.039517] - [Point] - [resolveZeroPoint] [Warning] [['Zero Point was not set']]
[2024-11-08 10:44:19.457629] - [AbstractManipulator] - [close] [Warning] [['Abstract Methode']]
[2024-11-08 10:44:19.461338] - [AbstractManipulator] - [close] [Warning] [['Abstract Methode']]
[2024-11-08 10:44:19.464654] - [AbstractManipulator] - [close] [Warning] [['Abstract Methode']]
[2024-11-08 10:48:21.040372] - [m] - [mainNoTryCahch] [log] [["res PyQt5.QtCore.QSize(1920, 1080) <class 'PyQt5.QtCore.QSize'>"]]
[2024-11-08 10:48:21.188179] - [MainWindow] - [_logImportant] [log] [['####################################################################################################']]
[2024-11-08 10:48:21.189700] - [MainWindow] - [_logImportant] [log] [['######################################### Program Starting ##########################################']]
[2024-11-08 10:48:21.190702] - [MainWindow] - [_logImportant] [log] [['####################################################################################################']]
[2024-11-08 10:48:22.511637] - [AbstractManipulator] - [getCurrentPosition] [Warning] [['Abstract Methode']]
[2024-11-08 10:48:22.514174] - [AbstractManipulator] - [getCurrentPosition] [Warning] [['Abstract Methode']]
[2024-11-08 10:48:22.515181] - [AbstractManipulator] - [getCurrentPosition] [Warning] [['Abstract Methode']]
[2024-11-08 10:48:22.771779] - [MainWindow] - [togle] [log] [[[60.0, 90.0, 60.0, 90.0, 'pole 0']]]
[2024-11-08 10:48:22.773576] - [MainWindow] - [createZoom] [log] [['readed zoom 3']]
[2024-11-08 10:48:33.010673] - [ROI] - [__init__] [log] [['x1 = 442, x2 = 600, y1 = 310, y2 = 482, manipulatotrX = 0, manipulatorY = 0, absolutePixelValue = [0, 0]']]
[2024-11-08 10:48:33.012674] - [ROI] - [calculateOffset] [log] [['wynik x=0, offset y=0']]
[2024-11-08 10:48:33.220056] - [ROI] - [resolveZeroPoint] [Warning] [['Zero Point was not set']]
[2024-11-08 10:48:33.222026] - [ROI] - [resolveZeroPoint] [Warning] [['Zero Point was not set']]
[2024-11-08 10:48:40.748120] - [AbstractManipulator] - [close] [Warning] [['Abstract Methode']]
[2024-11-08 10:48:40.749589] - [AbstractManipulator] - [close] [Warning] [['Abstract Methode']]
[2024-11-08 10:48:40.750621] - [AbstractManipulator] - [close] [Warning] [['Abstract Methode']]
